ERROR - 2017-06-27 08:44:38 - ErrorException: Undefined property: App\Models\UserModel::$id in C:\xampp\htdocs\TicketSystem\App\Models\UserModel.php:63
Stack trace:
#0 C:\xampp\htdocs\TicketSystem\App\Models\UserModel.php(63): Yee\Yee::handleErrors(8, 'Undefined prope...', 'C:\\xampp\\htdocs...', 63, Array)
#1 C:\xampp\htdocs\TicketSystem\App\Controllers\UsersController.php(45): App\Models\UserModel->validateLogin()
#2 [internal function]: App\Controllers\UsersController->loginPost()
#3 C:\xampp\htdocs\TicketSystem\vendor\yeephp\yeephp\Yee\Managers\Controller\Controller.php(23): call_user_func_array(Array, Array)
#4 [internal function]: Yee\Managers\Controller\Controller::__callStatic('loginPost', Array)
#5 C:\xampp\htdocs\TicketSystem\vendor\yeephp\yeephp\Yee\Route.php(468): call_user_func_array('\\App\\Controller...', Array)
#6 C:\xampp\htdocs\TicketSystem\vendor\yeephp\yeephp\Yee\Yee.php(1374): Yee\Route->dispatch()
#7 C:\xampp\htdocs\TicketSystem\vendor\yeephp\yeephp\Yee\Middleware\Flash.php(85): Yee\Yee->call()
#8 C:\xampp\htdocs\TicketSystem\vendor\yeephp\yeephp\Yee\Middleware\MethodOverride.php(92): Yee\Middleware\Flash->call()
#9 C:\xampp\htdocs\TicketSystem\vendor\yeephp\yeephp\Yee\Middleware\PrettyExceptions.php(67): Yee\Middleware\MethodOverride->call()
#10 C:\xampp\htdocs\TicketSystem\vendor\yeephp\yeephp\Yee\Yee.php(1282): Yee\Middleware\PrettyExceptions->call()
#11 C:\xampp\htdocs\TicketSystem\public\index.php(26): Yee\Yee->execute()
#12 {main}
ERROR - 2017-06-27 10:03:16 - ErrorException: Undefined variable: app in C:\xampp\htdocs\TicketSystem\App\Models\UserModel.php:89
Stack trace:
#0 C:\xampp\htdocs\TicketSystem\App\Models\UserModel.php(89): Yee\Yee::handleErrors(8, 'Undefined varia...', 'C:\\xampp\\htdocs...', 89, Array)
#1 C:\xampp\htdocs\TicketSystem\App\Controllers\UsersController.php(45): App\Models\UserModel->validateLogin()
#2 [internal function]: App\Controllers\UsersController->loginPost()
#3 C:\xampp\htdocs\TicketSystem\vendor\yeephp\yeephp\Yee\Managers\Controller\Controller.php(23): call_user_func_array(Array, Array)
#4 [internal function]: Yee\Managers\Controller\Controller::__callStatic('loginPost', Array)
#5 C:\xampp\htdocs\TicketSystem\vendor\yeephp\yeephp\Yee\Route.php(468): call_user_func_array('\\App\\Controller...', Array)
#6 C:\xampp\htdocs\TicketSystem\vendor\yeephp\yeephp\Yee\Yee.php(1374): Yee\Route->dispatch()
#7 C:\xampp\htdocs\TicketSystem\vendor\yeephp\yeephp\Yee\Middleware\Flash.php(85): Yee\Yee->call()
#8 C:\xampp\htdocs\TicketSystem\vendor\yeephp\yeephp\Yee\Middleware\MethodOverride.php(92): Yee\Middleware\Flash->call()
#9 C:\xampp\htdocs\TicketSystem\vendor\yeephp\yeephp\Yee\Middleware\PrettyExceptions.php(67): Yee\Middleware\MethodOverride->call()
#10 C:\xampp\htdocs\TicketSystem\vendor\yeephp\yeephp\Yee\Yee.php(1282): Yee\Middleware\PrettyExceptions->call()
#11 C:\xampp\htdocs\TicketSystem\public\index.php(26): Yee\Yee->execute()
#12 {main}
ERROR - 2017-06-27 10:18:19 - Twig_Error_Loader: Unable to find template "documents.twig" (looked into: C:\xampp\htdocs\TicketSystem/templates). in C:\xampp\htdocs\TicketSystem\vendor\twig\twig\lib\Twig\Loader\Filesystem.php:232
Stack trace:
#0 C:\xampp\htdocs\TicketSystem\vendor\twig\twig\lib\Twig\Loader\Filesystem.php(150): Twig_Loader_Filesystem->findTemplate('documents.twig')
#1 C:\xampp\htdocs\TicketSystem\vendor\twig\twig\lib\Twig\Environment.php(329): Twig_Loader_Filesystem->getCacheKey('documents.twig')
#2 C:\xampp\htdocs\TicketSystem\vendor\twig\twig\lib\Twig\Environment.php(419): Twig_Environment->getTemplateClass('documents.twig')
#3 C:\xampp\htdocs\TicketSystem\vendor\yeephp\yeephp\Yee\Views\Twig.php(87): Twig_Environment->loadTemplate('documents.twig')
#4 C:\xampp\htdocs\TicketSystem\vendor\yeephp\yeephp\Yee\View.php(255): Yee\Views\Twig->render('documents.twig', NULL)
#5 C:\xampp\htdocs\TicketSystem\vendor\yeephp\yeephp\Yee\View.php(243): Yee\View->fetch('documents.twig', NULL)
#6 C:\xampp\htdocs\TicketSystem\vendor\yeephp\yeephp\Yee\Yee.php(766): Yee\View->display('documents.twig')
#7 C:\xampp\htdocs\TicketSystem\App\Controllers\DocumentsController.php(23): Yee\Yee->render('documents.twig', Array)
#8 [internal function]: App\Controllers\DocumentsController->index()
#9 C:\xampp\htdocs\TicketSystem\vendor\yeephp\yeephp\Yee\Managers\Controller\Controller.php(23): call_user_func_array(Array, Array)
#10 [internal function]: Yee\Managers\Controller\Controller::__callStatic('index', Array)
#11 C:\xampp\htdocs\TicketSystem\vendor\yeephp\yeephp\Yee\Route.php(468): call_user_func_array('\\App\\Controller...', Array)
#12 C:\xampp\htdocs\TicketSystem\vendor\yeephp\yeephp\Yee\Yee.php(1374): Yee\Route->dispatch()
#13 C:\xampp\htdocs\TicketSystem\vendor\yeephp\yeephp\Yee\Middleware\Flash.php(85): Yee\Yee->call()
#14 C:\xampp\htdocs\TicketSystem\vendor\yeephp\yeephp\Yee\Middleware\MethodOverride.php(92): Yee\Middleware\Flash->call()
#15 C:\xampp\htdocs\TicketSystem\vendor\yeephp\yeephp\Yee\Middleware\PrettyExceptions.php(67): Yee\Middleware\MethodOverride->call()
#16 C:\xampp\htdocs\TicketSystem\vendor\yeephp\yeephp\Yee\Yee.php(1282): Yee\Middleware\PrettyExceptions->call()
#17 C:\xampp\htdocs\TicketSystem\public\index.php(26): Yee\Yee->execute()
#18 {main}
ERROR - 2017-06-27 12:27:19 - ErrorException: Undefined variable: status in C:\xampp\htdocs\TicketSystem\App\Models\ProjectModel.php:26
Stack trace:
#0 C:\xampp\htdocs\TicketSystem\App\Models\ProjectModel.php(26): Yee\Yee::handleErrors(8, 'Undefined varia...', 'C:\\xampp\\htdocs...', 26, Array)
#1 C:\xampp\htdocs\TicketSystem\App\Controllers\ProjectsController.php(23): App\Models\ProjectModel->__construct()
#2 [internal function]: App\Controllers\ProjectsController->index()
#3 C:\xampp\htdocs\TicketSystem\vendor\yeephp\yeephp\Yee\Managers\Controller\Controller.php(23): call_user_func_array(Array, Array)
#4 [internal function]: Yee\Managers\Controller\Controller::__callStatic('index', Array)
#5 C:\xampp\htdocs\TicketSystem\vendor\yeephp\yeephp\Yee\Route.php(468): call_user_func_array('\\App\\Controller...', Array)
#6 C:\xampp\htdocs\TicketSystem\vendor\yeephp\yeephp\Yee\Yee.php(1374): Yee\Route->dispatch()
#7 C:\xampp\htdocs\TicketSystem\vendor\yeephp\yeephp\Yee\Middleware\Flash.php(85): Yee\Yee->call()
#8 C:\xampp\htdocs\TicketSystem\vendor\yeephp\yeephp\Yee\Middleware\MethodOverride.php(92): Yee\Middleware\Flash->call()
#9 C:\xampp\htdocs\TicketSystem\vendor\yeephp\yeephp\Yee\Middleware\PrettyExceptions.php(67): Yee\Middleware\MethodOverride->call()
#10 C:\xampp\htdocs\TicketSystem\vendor\yeephp\yeephp\Yee\Yee.php(1282): Yee\Middleware\PrettyExceptions->call()
#11 C:\xampp\htdocs\TicketSystem\public\index.php(26): Yee\Yee->execute()
#12 {main}
ERROR - 2017-06-27 12:27:21 - ErrorException: Undefined variable: status in C:\xampp\htdocs\TicketSystem\App\Models\ProjectModel.php:26
Stack trace:
#0 C:\xampp\htdocs\TicketSystem\App\Models\ProjectModel.php(26): Yee\Yee::handleErrors(8, 'Undefined varia...', 'C:\\xampp\\htdocs...', 26, Array)
#1 C:\xampp\htdocs\TicketSystem\App\Controllers\ProjectsController.php(23): App\Models\ProjectModel->__construct()
#2 [internal function]: App\Controllers\ProjectsController->index()
#3 C:\xampp\htdocs\TicketSystem\vendor\yeephp\yeephp\Yee\Managers\Controller\Controller.php(23): call_user_func_array(Array, Array)
#4 [internal function]: Yee\Managers\Controller\Controller::__callStatic('index', Array)
#5 C:\xampp\htdocs\TicketSystem\vendor\yeephp\yeephp\Yee\Route.php(468): call_user_func_array('\\App\\Controller...', Array)
#6 C:\xampp\htdocs\TicketSystem\vendor\yeephp\yeephp\Yee\Yee.php(1374): Yee\Route->dispatch()
#7 C:\xampp\htdocs\TicketSystem\vendor\yeephp\yeephp\Yee\Middleware\Flash.php(85): Yee\Yee->call()
#8 C:\xampp\htdocs\TicketSystem\vendor\yeephp\yeephp\Yee\Middleware\MethodOverride.php(92): Yee\Middleware\Flash->call()
#9 C:\xampp\htdocs\TicketSystem\vendor\yeephp\yeephp\Yee\Middleware\PrettyExceptions.php(67): Yee\Middleware\MethodOverride->call()
#10 C:\xampp\htdocs\TicketSystem\vendor\yeephp\yeephp\Yee\Yee.php(1282): Yee\Middleware\PrettyExceptions->call()
#11 C:\xampp\htdocs\TicketSystem\public\index.php(26): Yee\Yee->execute()
#12 {main}
ERROR - 2017-06-27 12:35:14 - Twig_Error_Loader: Unable to find template "./templates/layouts/layout.twig" (looked into: C:\xampp\htdocs\TicketSystem/templates) in "projects/view.twig" at line 1. in C:\xampp\htdocs\TicketSystem\vendor\twig\twig\lib\Twig\Loader\Filesystem.php:232
Stack trace:
#0 C:\xampp\htdocs\TicketSystem\vendor\twig\twig\lib\Twig\Loader\Filesystem.php(150): Twig_Loader_Filesystem->findTemplate('./templates/lay...')
#1 C:\xampp\htdocs\TicketSystem\vendor\twig\twig\lib\Twig\Environment.php(329): Twig_Loader_Filesystem->getCacheKey('./templates/lay...')
#2 C:\xampp\htdocs\TicketSystem\vendor\twig\twig\lib\Twig\Environment.php(419): Twig_Environment->getTemplateClass('./templates/lay...')
#3 C:\xampp\htdocs\TicketSystem\vendor\twig\twig\lib\Twig\Template.php(366): Twig_Environment->loadTemplate('./templates/lay...', NULL)
#4 C:\xampp\htdocs\TicketSystem\vendor\twig\twig\lib\Twig\Environment.php(462) : eval()'d code(11): Twig_Template->loadTemplate('./templates/lay...', 'projects/view.t...', 1)
#5 C:\xampp\htdocs\TicketSystem\vendor\twig\twig\lib\Twig\Environment.php(475): __TwigTemplate_c7784dfe545e48257b19359f875131150ec630feb35cd6aac22d538ba73b8b4b->__construct(Object(Twig_Environment))
#6 C:\xampp\htdocs\TicketSystem\vendor\yeephp\yeephp\Yee\Views\Twig.php(87): Twig_Environment->loadTemplate('projects/view.t...')
#7 C:\xampp\htdocs\TicketSystem\vendor\yeephp\yeephp\Yee\View.php(255): Yee\Views\Twig->render('projects/view.t...', NULL)
#8 C:\xampp\htdocs\TicketSystem\vendor\yeephp\yeephp\Yee\View.php(243): Yee\View->fetch('projects/view.t...', NULL)
#9 C:\xampp\htdocs\TicketSystem\vendor\yeephp\yeephp\Yee\Yee.php(766): Yee\View->display('projects/view.t...')
#10 C:\xampp\htdocs\TicketSystem\App\Controllers\ProjectsController.php(51): Yee\Yee->render('projects/view.t...', Array)
#11 [internal function]: App\Controllers\ProjectsController->view('1')
#12 C:\xampp\htdocs\TicketSystem\vendor\yeephp\yeephp\Yee\Managers\Controller\Controller.php(23): call_user_func_array(Array, Array)
#13 [internal function]: Yee\Managers\Controller\Controller::__callStatic('view', Array)
#14 C:\xampp\htdocs\TicketSystem\vendor\yeephp\yeephp\Yee\Route.php(468): call_user_func_array('\\App\\Controller...', Array)
#15 C:\xampp\htdocs\TicketSystem\vendor\yeephp\yeephp\Yee\Yee.php(1374): Yee\Route->dispatch()
#16 C:\xampp\htdocs\TicketSystem\vendor\yeephp\yeephp\Yee\Middleware\Flash.php(85): Yee\Yee->call()
#17 C:\xampp\htdocs\TicketSystem\vendor\yeephp\yeephp\Yee\Middleware\MethodOverride.php(92): Yee\Middleware\Flash->call()
#18 C:\xampp\htdocs\TicketSystem\vendor\yeephp\yeephp\Yee\Middleware\PrettyExceptions.php(67): Yee\Middleware\MethodOverride->call()
#19 C:\xampp\htdocs\TicketSystem\vendor\yeephp\yeephp\Yee\Yee.php(1282): Yee\Middleware\PrettyExceptions->call()
#20 C:\xampp\htdocs\TicketSystem\public\index.php(26): Yee\Yee->execute()
#21 {main}
ERROR - 2017-06-27 12:35:15 - Twig_Error_Loader: Unable to find template "./templates/layouts/layout.twig" (looked into: C:\xampp\htdocs\TicketSystem/templates) in "projects/view.twig" at line 1. in C:\xampp\htdocs\TicketSystem\vendor\twig\twig\lib\Twig\Loader\Filesystem.php:232
Stack trace:
#0 C:\xampp\htdocs\TicketSystem\vendor\twig\twig\lib\Twig\Loader\Filesystem.php(150): Twig_Loader_Filesystem->findTemplate('./templates/lay...')
#1 C:\xampp\htdocs\TicketSystem\vendor\twig\twig\lib\Twig\Environment.php(329): Twig_Loader_Filesystem->getCacheKey('./templates/lay...')
#2 C:\xampp\htdocs\TicketSystem\vendor\twig\twig\lib\Twig\Environment.php(419): Twig_Environment->getTemplateClass('./templates/lay...')
#3 C:\xampp\htdocs\TicketSystem\vendor\twig\twig\lib\Twig\Template.php(366): Twig_Environment->loadTemplate('./templates/lay...', NULL)
#4 C:\xampp\htdocs\TicketSystem\vendor\twig\twig\lib\Twig\Environment.php(462) : eval()'d code(11): Twig_Template->loadTemplate('./templates/lay...', 'projects/view.t...', 1)
#5 C:\xampp\htdocs\TicketSystem\vendor\twig\twig\lib\Twig\Environment.php(475): __TwigTemplate_c7784dfe545e48257b19359f875131150ec630feb35cd6aac22d538ba73b8b4b->__construct(Object(Twig_Environment))
#6 C:\xampp\htdocs\TicketSystem\vendor\yeephp\yeephp\Yee\Views\Twig.php(87): Twig_Environment->loadTemplate('projects/view.t...')
#7 C:\xampp\htdocs\TicketSystem\vendor\yeephp\yeephp\Yee\View.php(255): Yee\Views\Twig->render('projects/view.t...', NULL)
#8 C:\xampp\htdocs\TicketSystem\vendor\yeephp\yeephp\Yee\View.php(243): Yee\View->fetch('projects/view.t...', NULL)
#9 C:\xampp\htdocs\TicketSystem\vendor\yeephp\yeephp\Yee\Yee.php(766): Yee\View->display('projects/view.t...')
#10 C:\xampp\htdocs\TicketSystem\App\Controllers\ProjectsController.php(51): Yee\Yee->render('projects/view.t...', Array)
#11 [internal function]: App\Controllers\ProjectsController->view('1')
#12 C:\xampp\htdocs\TicketSystem\vendor\yeephp\yeephp\Yee\Managers\Controller\Controller.php(23): call_user_func_array(Array, Array)
#13 [internal function]: Yee\Managers\Controller\Controller::__callStatic('view', Array)
#14 C:\xampp\htdocs\TicketSystem\vendor\yeephp\yeephp\Yee\Route.php(468): call_user_func_array('\\App\\Controller...', Array)
#15 C:\xampp\htdocs\TicketSystem\vendor\yeephp\yeephp\Yee\Yee.php(1374): Yee\Route->dispatch()
#16 C:\xampp\htdocs\TicketSystem\vendor\yeephp\yeephp\Yee\Middleware\Flash.php(85): Yee\Yee->call()
#17 C:\xampp\htdocs\TicketSystem\vendor\yeephp\yeephp\Yee\Middleware\MethodOverride.php(92): Yee\Middleware\Flash->call()
#18 C:\xampp\htdocs\TicketSystem\vendor\yeephp\yeephp\Yee\Middleware\PrettyExceptions.php(67): Yee\Middleware\MethodOverride->call()
#19 C:\xampp\htdocs\TicketSystem\vendor\yeephp\yeephp\Yee\Yee.php(1282): Yee\Middleware\PrettyExceptions->call()
#20 C:\xampp\htdocs\TicketSystem\public\index.php(26): Yee\Yee->execute()
#21 {main}
ERROR - 2017-06-27 12:37:55 - Twig_Error_Syntax: The block 'username' has already been defined line 16. in C:\xampp\htdocs\TicketSystem\templates\Projects\view.twig:54
Stack trace:
#0 C:\xampp\htdocs\TicketSystem\vendor\twig\twig\lib\Twig\Parser.php(190): Twig_TokenParser_Block->parse(Object(Twig_Token))
#1 C:\xampp\htdocs\TicketSystem\vendor\twig\twig\lib\Twig\Parser.php(103): Twig_Parser->subparse(NULL, false)
#2 C:\xampp\htdocs\TicketSystem\vendor\twig\twig\lib\Twig\Environment.php(692): Twig_Parser->parse(Object(Twig_TokenStream))
#3 C:\xampp\htdocs\TicketSystem\vendor\twig\twig\lib\Twig\Environment.php(750): Twig_Environment->parse(Object(Twig_TokenStream))
#4 C:\xampp\htdocs\TicketSystem\vendor\twig\twig\lib\Twig\Environment.php(447): Twig_Environment->compileSource(Object(Twig_Source))
#5 C:\xampp\htdocs\TicketSystem\vendor\yeephp\yeephp\Yee\Views\Twig.php(87): Twig_Environment->loadTemplate('projects/view.t...')
#6 C:\xampp\htdocs\TicketSystem\vendor\yeephp\yeephp\Yee\View.php(255): Yee\Views\Twig->render('projects/view.t...', NULL)
#7 C:\xampp\htdocs\TicketSystem\vendor\yeephp\yeephp\Yee\View.php(243): Yee\View->fetch('projects/view.t...', NULL)
#8 C:\xampp\htdocs\TicketSystem\vendor\yeephp\yeephp\Yee\Yee.php(766): Yee\View->display('projects/view.t...')
#9 C:\xampp\htdocs\TicketSystem\App\Controllers\ProjectsController.php(51): Yee\Yee->render('projects/view.t...', Array)
#10 [internal function]: App\Controllers\ProjectsController->view('1')
#11 C:\xampp\htdocs\TicketSystem\vendor\yeephp\yeephp\Yee\Managers\Controller\Controller.php(23): call_user_func_array(Array, Array)
#12 [internal function]: Yee\Managers\Controller\Controller::__callStatic('view', Array)
#13 C:\xampp\htdocs\TicketSystem\vendor\yeephp\yeephp\Yee\Route.php(468): call_user_func_array('\\App\\Controller...', Array)
#14 C:\xampp\htdocs\TicketSystem\vendor\yeephp\yeephp\Yee\Yee.php(1374): Yee\Route->dispatch()
#15 C:\xampp\htdocs\TicketSystem\vendor\yeephp\yeephp\Yee\Middleware\Flash.php(85): Yee\Yee->call()
#16 C:\xampp\htdocs\TicketSystem\vendor\yeephp\yeephp\Yee\Middleware\MethodOverride.php(92): Yee\Middleware\Flash->call()
#17 C:\xampp\htdocs\TicketSystem\vendor\yeephp\yeephp\Yee\Middleware\PrettyExceptions.php(67): Yee\Middleware\MethodOverride->call()
#18 C:\xampp\htdocs\TicketSystem\vendor\yeephp\yeephp\Yee\Yee.php(1282): Yee\Middleware\PrettyExceptions->call()
#19 C:\xampp\htdocs\TicketSystem\public\index.php(26): Yee\Yee->execute()
#20 {main}
ERROR - 2017-06-27 12:37:56 - Twig_Error_Syntax: The block 'username' has already been defined line 16. in C:\xampp\htdocs\TicketSystem\templates\Projects\view.twig:54
Stack trace:
#0 C:\xampp\htdocs\TicketSystem\vendor\twig\twig\lib\Twig\Parser.php(190): Twig_TokenParser_Block->parse(Object(Twig_Token))
#1 C:\xampp\htdocs\TicketSystem\vendor\twig\twig\lib\Twig\Parser.php(103): Twig_Parser->subparse(NULL, false)
#2 C:\xampp\htdocs\TicketSystem\vendor\twig\twig\lib\Twig\Environment.php(692): Twig_Parser->parse(Object(Twig_TokenStream))
#3 C:\xampp\htdocs\TicketSystem\vendor\twig\twig\lib\Twig\Environment.php(750): Twig_Environment->parse(Object(Twig_TokenStream))
#4 C:\xampp\htdocs\TicketSystem\vendor\twig\twig\lib\Twig\Environment.php(447): Twig_Environment->compileSource(Object(Twig_Source))
#5 C:\xampp\htdocs\TicketSystem\vendor\yeephp\yeephp\Yee\Views\Twig.php(87): Twig_Environment->loadTemplate('projects/view.t...')
#6 C:\xampp\htdocs\TicketSystem\vendor\yeephp\yeephp\Yee\View.php(255): Yee\Views\Twig->render('projects/view.t...', NULL)
#7 C:\xampp\htdocs\TicketSystem\vendor\yeephp\yeephp\Yee\View.php(243): Yee\View->fetch('projects/view.t...', NULL)
#8 C:\xampp\htdocs\TicketSystem\vendor\yeephp\yeephp\Yee\Yee.php(766): Yee\View->display('projects/view.t...')
#9 C:\xampp\htdocs\TicketSystem\App\Controllers\ProjectsController.php(51): Yee\Yee->render('projects/view.t...', Array)
#10 [internal function]: App\Controllers\ProjectsController->view('1')
#11 C:\xampp\htdocs\TicketSystem\vendor\yeephp\yeephp\Yee\Managers\Controller\Controller.php(23): call_user_func_array(Array, Array)
#12 [internal function]: Yee\Managers\Controller\Controller::__callStatic('view', Array)
#13 C:\xampp\htdocs\TicketSystem\vendor\yeephp\yeephp\Yee\Route.php(468): call_user_func_array('\\App\\Controller...', Array)
#14 C:\xampp\htdocs\TicketSystem\vendor\yeephp\yeephp\Yee\Yee.php(1374): Yee\Route->dispatch()
#15 C:\xampp\htdocs\TicketSystem\vendor\yeephp\yeephp\Yee\Middleware\Flash.php(85): Yee\Yee->call()
#16 C:\xampp\htdocs\TicketSystem\vendor\yeephp\yeephp\Yee\Middleware\MethodOverride.php(92): Yee\Middleware\Flash->call()
#17 C:\xampp\htdocs\TicketSystem\vendor\yeephp\yeephp\Yee\Middleware\PrettyExceptions.php(67): Yee\Middleware\MethodOverride->call()
#18 C:\xampp\htdocs\TicketSystem\vendor\yeephp\yeephp\Yee\Yee.php(1282): Yee\Middleware\PrettyExceptions->call()
#19 C:\xampp\htdocs\TicketSystem\public\index.php(26): Yee\Yee->execute()
#20 {main}
ERROR - 2017-06-27 13:06:51 - Twig_Error_Loader: Unable to find template "projects/SD.twig" (looked into: C:\xampp\htdocs\TicketSystem/templates). in C:\xampp\htdocs\TicketSystem\vendor\twig\twig\lib\Twig\Loader\Filesystem.php:232
Stack trace:
#0 C:\xampp\htdocs\TicketSystem\vendor\twig\twig\lib\Twig\Loader\Filesystem.php(150): Twig_Loader_Filesystem->findTemplate('projects/SD.twi...')
#1 C:\xampp\htdocs\TicketSystem\vendor\twig\twig\lib\Twig\Environment.php(329): Twig_Loader_Filesystem->getCacheKey('projects/SD.twi...')
#2 C:\xampp\htdocs\TicketSystem\vendor\twig\twig\lib\Twig\Environment.php(419): Twig_Environment->getTemplateClass('projects/SD.twi...')
#3 C:\xampp\htdocs\TicketSystem\vendor\yeephp\yeephp\Yee\Views\Twig.php(87): Twig_Environment->loadTemplate('projects/SD.twi...')
#4 C:\xampp\htdocs\TicketSystem\vendor\yeephp\yeephp\Yee\View.php(255): Yee\Views\Twig->render('projects/SD.twi...', NULL)
#5 C:\xampp\htdocs\TicketSystem\vendor\yeephp\yeephp\Yee\View.php(243): Yee\View->fetch('projects/SD.twi...', NULL)
#6 C:\xampp\htdocs\TicketSystem\vendor\yeephp\yeephp\Yee\Yee.php(766): Yee\View->display('projects/SD.twi...')
#7 C:\xampp\htdocs\TicketSystem\App\Controllers\ProjectsController.php(52): Yee\Yee->render('projects/SD.twi...', Array)
#8 [internal function]: App\Controllers\ProjectsController->view('2')
#9 C:\xampp\htdocs\TicketSystem\vendor\yeephp\yeephp\Yee\Managers\Controller\Controller.php(23): call_user_func_array(Array, Array)
#10 [internal function]: Yee\Managers\Controller\Controller::__callStatic('view', Array)
#11 C:\xampp\htdocs\TicketSystem\vendor\yeephp\yeephp\Yee\Route.php(468): call_user_func_array('\\App\\Controller...', Array)
#12 C:\xampp\htdocs\TicketSystem\vendor\yeephp\yeephp\Yee\Yee.php(1374): Yee\Route->dispatch()
#13 C:\xampp\htdocs\TicketSystem\vendor\yeephp\yeephp\Yee\Middleware\Flash.php(85): Yee\Yee->call()
#14 C:\xampp\htdocs\TicketSystem\vendor\yeephp\yeephp\Yee\Middleware\MethodOverride.php(92): Yee\Middleware\Flash->call()
#15 C:\xampp\htdocs\TicketSystem\vendor\yeephp\yeephp\Yee\Middleware\PrettyExceptions.php(67): Yee\Middleware\MethodOverride->call()
#16 C:\xampp\htdocs\TicketSystem\vendor\yeephp\yeephp\Yee\Yee.php(1282): Yee\Middleware\PrettyExceptions->call()
#17 C:\xampp\htdocs\TicketSystem\public\index.php(26): Yee\Yee->execute()
#18 {main}
ERROR - 2017-06-27 11:31:21 - ErrorException: Problem preparing query (SELECT * FROM projects) Table 'ticket_system.projects' doesn't exist in C:\wamp64\www\TicketSystem\vendor\yeephp\yeephp\Yee\Libraries\Database\MysqliDB.php:909
Stack trace:
#0 [internal function]: Yee\Yee::handleErrors(256, 'Problem prepari...', 'C:\\wamp64\\www\\T...', 909, Array)
#1 C:\wamp64\www\TicketSystem\vendor\yeephp\yeephp\Yee\Libraries\Database\MysqliDB.php(909): trigger_error('Problem prepari...', 256)
#2 C:\wamp64\www\TicketSystem\vendor\yeephp\yeephp\Yee\Libraries\Database\MysqliDB.php(648): Yee\Libraries\Database\MysqliDB->_prepareQuery()
#3 C:\wamp64\www\TicketSystem\vendor\yeephp\yeephp\Yee\Libraries\Database\MysqliDB.php(273): Yee\Libraries\Database\MysqliDB->_buildQuery(NULL)
#4 C:\wamp64\www\TicketSystem\App\Models\ProjectModel.php(35): Yee\Libraries\Database\MysqliDB->get('projects')
#5 C:\wamp64\www\TicketSystem\App\Controllers\ProjectsController.php(24): App\Models\ProjectModel->GetAllProjects()
#6 [internal function]: App\Controllers\ProjectsController->index()
#7 C:\wamp64\www\TicketSystem\vendor\yeephp\yeephp\Yee\Managers\Controller\Controller.php(23): call_user_func_array(Array, Array)
#8 [internal function]: Yee\Managers\Controller\Controller::__callStatic('index', Array)
#9 C:\wamp64\www\TicketSystem\vendor\yeephp\yeephp\Yee\Route.php(468): call_user_func_array('\\App\\Controller...', Array)
#10 C:\wamp64\www\TicketSystem\vendor\yeephp\yeephp\Yee\Yee.php(1374): Yee\Route->dispatch()
#11 C:\wamp64\www\TicketSystem\vendor\yeephp\yeephp\Yee\Middleware\Flash.php(85): Yee\Yee->call()
#12 C:\wamp64\www\TicketSystem\vendor\yeephp\yeephp\Yee\Middleware\MethodOverride.php(92): Yee\Middleware\Flash->call()
#13 C:\wamp64\www\TicketSystem\vendor\yeephp\yeephp\Yee\Middleware\PrettyExceptions.php(67): Yee\Middleware\MethodOverride->call()
#14 C:\wamp64\www\TicketSystem\vendor\yeephp\yeephp\Yee\Yee.php(1282): Yee\Middleware\PrettyExceptions->call()
#15 C:\wamp64\www\TicketSystem\public\index.php(26): Yee\Yee->execute()
#16 {main}
