ERROR - 2017-06-19 09:48:27 - Twig_Error_Syntax: Unexpected character "$". in C:\xampp\htdocs\TicketSystem\templates\dashboard.twig:4
Stack trace:
#0 C:\xampp\htdocs\TicketSystem\vendor\twig\twig\lib\Twig\Lexer.php(216): Twig_Lexer->lexExpression()
#1 C:\xampp\htdocs\TicketSystem\vendor\twig\twig\lib\Twig\Lexer.php(122): Twig_Lexer->lexBlock()
#2 C:\xampp\htdocs\TicketSystem\vendor\twig\twig\lib\Twig\Environment.php(653): Twig_Lexer->tokenize(Object(Twig_Source))
#3 C:\xampp\htdocs\TicketSystem\vendor\twig\twig\lib\Twig\Environment.php(750): Twig_Environment->tokenize(Object(Twig_Source))
#4 C:\xampp\htdocs\TicketSystem\vendor\twig\twig\lib\Twig\Environment.php(447): Twig_Environment->compileSource(Object(Twig_Source))
#5 C:\xampp\htdocs\TicketSystem\vendor\yeephp\yeephp\Yee\Views\Twig.php(87): Twig_Environment->loadTemplate('dashboard.twig')
#6 C:\xampp\htdocs\TicketSystem\vendor\yeephp\yeephp\Yee\View.php(255): Yee\Views\Twig->render('dashboard.twig', NULL)
#7 C:\xampp\htdocs\TicketSystem\vendor\yeephp\yeephp\Yee\View.php(243): Yee\View->fetch('dashboard.twig', NULL)
#8 C:\xampp\htdocs\TicketSystem\vendor\yeephp\yeephp\Yee\Yee.php(766): Yee\View->display('dashboard.twig')
#9 C:\xampp\htdocs\TicketSystem\App\Controllers\LoginController.php(37): Yee\Yee->render('dashboard.twig')
#10 [internal function]: App\Controllers\LoginController->loginPost()
#11 C:\xampp\htdocs\TicketSystem\vendor\yeephp\yeephp\Yee\Managers\Controller\Controller.php(23): call_user_func_array(Array, Array)
#12 [internal function]: Yee\Managers\Controller\Controller::__callStatic('loginPost', Array)
#13 C:\xampp\htdocs\TicketSystem\vendor\yeephp\yeephp\Yee\Route.php(468): call_user_func_array('\\App\\Controller...', Array)
#14 C:\xampp\htdocs\TicketSystem\vendor\yeephp\yeephp\Yee\Yee.php(1374): Yee\Route->dispatch()
#15 C:\xampp\htdocs\TicketSystem\vendor\yeephp\yeephp\Yee\Middleware\Flash.php(85): Yee\Yee->call()
#16 C:\xampp\htdocs\TicketSystem\vendor\yeephp\yeephp\Yee\Middleware\MethodOverride.php(92): Yee\Middleware\Flash->call()
#17 C:\xampp\htdocs\TicketSystem\vendor\yeephp\yeephp\Yee\Middleware\PrettyExceptions.php(67): Yee\Middleware\MethodOverride->call()
#18 C:\xampp\htdocs\TicketSystem\vendor\yeephp\yeephp\Yee\Yee.php(1282): Yee\Middleware\PrettyExceptions->call()
#19 C:\xampp\htdocs\TicketSystem\public\index.php(26): Yee\Yee->execute()
#20 {main}
ERROR - 2017-06-19 09:52:21 - Twig_Error_Syntax: Unexpected character "$". in C:\xampp\htdocs\TicketSystem\templates\dashboard.twig:4
Stack trace:
#0 C:\xampp\htdocs\TicketSystem\vendor\twig\twig\lib\Twig\Lexer.php(216): Twig_Lexer->lexExpression()
#1 C:\xampp\htdocs\TicketSystem\vendor\twig\twig\lib\Twig\Lexer.php(122): Twig_Lexer->lexBlock()
#2 C:\xampp\htdocs\TicketSystem\vendor\twig\twig\lib\Twig\Environment.php(653): Twig_Lexer->tokenize(Object(Twig_Source))
#3 C:\xampp\htdocs\TicketSystem\vendor\twig\twig\lib\Twig\Environment.php(750): Twig_Environment->tokenize(Object(Twig_Source))
#4 C:\xampp\htdocs\TicketSystem\vendor\twig\twig\lib\Twig\Environment.php(447): Twig_Environment->compileSource(Object(Twig_Source))
#5 C:\xampp\htdocs\TicketSystem\vendor\yeephp\yeephp\Yee\Views\Twig.php(87): Twig_Environment->loadTemplate('dashboard.twig')
#6 C:\xampp\htdocs\TicketSystem\vendor\yeephp\yeephp\Yee\View.php(255): Yee\Views\Twig->render('dashboard.twig', NULL)
#7 C:\xampp\htdocs\TicketSystem\vendor\yeephp\yeephp\Yee\View.php(243): Yee\View->fetch('dashboard.twig', NULL)
#8 C:\xampp\htdocs\TicketSystem\vendor\yeephp\yeephp\Yee\Yee.php(766): Yee\View->display('dashboard.twig')
#9 C:\xampp\htdocs\TicketSystem\App\Controllers\LoginController.php(37): Yee\Yee->render('dashboard.twig')
#10 [internal function]: App\Controllers\LoginController->loginPost()
#11 C:\xampp\htdocs\TicketSystem\vendor\yeephp\yeephp\Yee\Managers\Controller\Controller.php(23): call_user_func_array(Array, Array)
#12 [internal function]: Yee\Managers\Controller\Controller::__callStatic('loginPost', Array)
#13 C:\xampp\htdocs\TicketSystem\vendor\yeephp\yeephp\Yee\Route.php(468): call_user_func_array('\\App\\Controller...', Array)
#14 C:\xampp\htdocs\TicketSystem\vendor\yeephp\yeephp\Yee\Yee.php(1374): Yee\Route->dispatch()
#15 C:\xampp\htdocs\TicketSystem\vendor\yeephp\yeephp\Yee\Middleware\Flash.php(85): Yee\Yee->call()
#16 C:\xampp\htdocs\TicketSystem\vendor\yeephp\yeephp\Yee\Middleware\MethodOverride.php(92): Yee\Middleware\Flash->call()
#17 C:\xampp\htdocs\TicketSystem\vendor\yeephp\yeephp\Yee\Middleware\PrettyExceptions.php(67): Yee\Middleware\MethodOverride->call()
#18 C:\xampp\htdocs\TicketSystem\vendor\yeephp\yeephp\Yee\Yee.php(1282): Yee\Middleware\PrettyExceptions->call()
#19 C:\xampp\htdocs\TicketSystem\public\index.php(26): Yee\Yee->execute()
#20 {main}
ERROR - 2017-06-19 09:52:32 - Twig_Error_Syntax: Unexpected character "$". in C:\xampp\htdocs\TicketSystem\templates\dashboard.twig:4
Stack trace:
#0 C:\xampp\htdocs\TicketSystem\vendor\twig\twig\lib\Twig\Lexer.php(216): Twig_Lexer->lexExpression()
#1 C:\xampp\htdocs\TicketSystem\vendor\twig\twig\lib\Twig\Lexer.php(122): Twig_Lexer->lexBlock()
#2 C:\xampp\htdocs\TicketSystem\vendor\twig\twig\lib\Twig\Environment.php(653): Twig_Lexer->tokenize(Object(Twig_Source))
#3 C:\xampp\htdocs\TicketSystem\vendor\twig\twig\lib\Twig\Environment.php(750): Twig_Environment->tokenize(Object(Twig_Source))
#4 C:\xampp\htdocs\TicketSystem\vendor\twig\twig\lib\Twig\Environment.php(447): Twig_Environment->compileSource(Object(Twig_Source))
#5 C:\xampp\htdocs\TicketSystem\vendor\yeephp\yeephp\Yee\Views\Twig.php(87): Twig_Environment->loadTemplate('dashboard.twig')
#6 C:\xampp\htdocs\TicketSystem\vendor\yeephp\yeephp\Yee\View.php(255): Yee\Views\Twig->render('dashboard.twig', NULL)
#7 C:\xampp\htdocs\TicketSystem\vendor\yeephp\yeephp\Yee\View.php(243): Yee\View->fetch('dashboard.twig', NULL)
#8 C:\xampp\htdocs\TicketSystem\vendor\yeephp\yeephp\Yee\Yee.php(766): Yee\View->display('dashboard.twig')
#9 C:\xampp\htdocs\TicketSystem\App\Controllers\LoginController.php(37): Yee\Yee->render('dashboard.twig')
#10 [internal function]: App\Controllers\LoginController->loginPost()
#11 C:\xampp\htdocs\TicketSystem\vendor\yeephp\yeephp\Yee\Managers\Controller\Controller.php(23): call_user_func_array(Array, Array)
#12 [internal function]: Yee\Managers\Controller\Controller::__callStatic('loginPost', Array)
#13 C:\xampp\htdocs\TicketSystem\vendor\yeephp\yeephp\Yee\Route.php(468): call_user_func_array('\\App\\Controller...', Array)
#14 C:\xampp\htdocs\TicketSystem\vendor\yeephp\yeephp\Yee\Yee.php(1374): Yee\Route->dispatch()
#15 C:\xampp\htdocs\TicketSystem\vendor\yeephp\yeephp\Yee\Middleware\Flash.php(85): Yee\Yee->call()
#16 C:\xampp\htdocs\TicketSystem\vendor\yeephp\yeephp\Yee\Middleware\MethodOverride.php(92): Yee\Middleware\Flash->call()
#17 C:\xampp\htdocs\TicketSystem\vendor\yeephp\yeephp\Yee\Middleware\PrettyExceptions.php(67): Yee\Middleware\MethodOverride->call()
#18 C:\xampp\htdocs\TicketSystem\vendor\yeephp\yeephp\Yee\Yee.php(1282): Yee\Middleware\PrettyExceptions->call()
#19 C:\xampp\htdocs\TicketSystem\public\index.php(26): Yee\Yee->execute()
#20 {main}
ERROR - 2017-06-19 10:01:39 - Twig_Error_Syntax: Unexpected character ";". in C:\xampp\htdocs\TicketSystem\templates\dashboard.twig:4
Stack trace:
#0 C:\xampp\htdocs\TicketSystem\vendor\twig\twig\lib\Twig\Lexer.php(216): Twig_Lexer->lexExpression()
#1 C:\xampp\htdocs\TicketSystem\vendor\twig\twig\lib\Twig\Lexer.php(122): Twig_Lexer->lexBlock()
#2 C:\xampp\htdocs\TicketSystem\vendor\twig\twig\lib\Twig\Environment.php(653): Twig_Lexer->tokenize(Object(Twig_Source))
#3 C:\xampp\htdocs\TicketSystem\vendor\twig\twig\lib\Twig\Environment.php(750): Twig_Environment->tokenize(Object(Twig_Source))
#4 C:\xampp\htdocs\TicketSystem\vendor\twig\twig\lib\Twig\Environment.php(447): Twig_Environment->compileSource(Object(Twig_Source))
#5 C:\xampp\htdocs\TicketSystem\vendor\yeephp\yeephp\Yee\Views\Twig.php(87): Twig_Environment->loadTemplate('dashboard.twig')
#6 C:\xampp\htdocs\TicketSystem\vendor\yeephp\yeephp\Yee\View.php(255): Yee\Views\Twig->render('dashboard.twig', NULL)
#7 C:\xampp\htdocs\TicketSystem\vendor\yeephp\yeephp\Yee\View.php(243): Yee\View->fetch('dashboard.twig', NULL)
#8 C:\xampp\htdocs\TicketSystem\vendor\yeephp\yeephp\Yee\Yee.php(766): Yee\View->display('dashboard.twig')
#9 C:\xampp\htdocs\TicketSystem\App\Controllers\LoginController.php(37): Yee\Yee->render('dashboard.twig')
#10 [internal function]: App\Controllers\LoginController->loginPost()
#11 C:\xampp\htdocs\TicketSystem\vendor\yeephp\yeephp\Yee\Managers\Controller\Controller.php(23): call_user_func_array(Array, Array)
#12 [internal function]: Yee\Managers\Controller\Controller::__callStatic('loginPost', Array)
#13 C:\xampp\htdocs\TicketSystem\vendor\yeephp\yeephp\Yee\Route.php(468): call_user_func_array('\\App\\Controller...', Array)
#14 C:\xampp\htdocs\TicketSystem\vendor\yeephp\yeephp\Yee\Yee.php(1374): Yee\Route->dispatch()
#15 C:\xampp\htdocs\TicketSystem\vendor\yeephp\yeephp\Yee\Middleware\Flash.php(85): Yee\Yee->call()
#16 C:\xampp\htdocs\TicketSystem\vendor\yeephp\yeephp\Yee\Middleware\MethodOverride.php(92): Yee\Middleware\Flash->call()
#17 C:\xampp\htdocs\TicketSystem\vendor\yeephp\yeephp\Yee\Middleware\PrettyExceptions.php(67): Yee\Middleware\MethodOverride->call()
#18 C:\xampp\htdocs\TicketSystem\vendor\yeephp\yeephp\Yee\Yee.php(1282): Yee\Middleware\PrettyExceptions->call()
#19 C:\xampp\htdocs\TicketSystem\public\index.php(26): Yee\Yee->execute()
#20 {main}
ERROR - 2017-06-19 10:01:56 - Twig_Error_Syntax: Unexpected character ";". in C:\xampp\htdocs\TicketSystem\templates\dashboard.twig:4
Stack trace:
#0 C:\xampp\htdocs\TicketSystem\vendor\twig\twig\lib\Twig\Lexer.php(216): Twig_Lexer->lexExpression()
#1 C:\xampp\htdocs\TicketSystem\vendor\twig\twig\lib\Twig\Lexer.php(122): Twig_Lexer->lexBlock()
#2 C:\xampp\htdocs\TicketSystem\vendor\twig\twig\lib\Twig\Environment.php(653): Twig_Lexer->tokenize(Object(Twig_Source))
#3 C:\xampp\htdocs\TicketSystem\vendor\twig\twig\lib\Twig\Environment.php(750): Twig_Environment->tokenize(Object(Twig_Source))
#4 C:\xampp\htdocs\TicketSystem\vendor\twig\twig\lib\Twig\Environment.php(447): Twig_Environment->compileSource(Object(Twig_Source))
#5 C:\xampp\htdocs\TicketSystem\vendor\yeephp\yeephp\Yee\Views\Twig.php(87): Twig_Environment->loadTemplate('dashboard.twig')
#6 C:\xampp\htdocs\TicketSystem\vendor\yeephp\yeephp\Yee\View.php(255): Yee\Views\Twig->render('dashboard.twig', NULL)
#7 C:\xampp\htdocs\TicketSystem\vendor\yeephp\yeephp\Yee\View.php(243): Yee\View->fetch('dashboard.twig', NULL)
#8 C:\xampp\htdocs\TicketSystem\vendor\yeephp\yeephp\Yee\Yee.php(766): Yee\View->display('dashboard.twig')
#9 C:\xampp\htdocs\TicketSystem\App\Controllers\LoginController.php(37): Yee\Yee->render('dashboard.twig')
#10 [internal function]: App\Controllers\LoginController->loginPost()
#11 C:\xampp\htdocs\TicketSystem\vendor\yeephp\yeephp\Yee\Managers\Controller\Controller.php(23): call_user_func_array(Array, Array)
#12 [internal function]: Yee\Managers\Controller\Controller::__callStatic('loginPost', Array)
#13 C:\xampp\htdocs\TicketSystem\vendor\yeephp\yeephp\Yee\Route.php(468): call_user_func_array('\\App\\Controller...', Array)
#14 C:\xampp\htdocs\TicketSystem\vendor\yeephp\yeephp\Yee\Yee.php(1374): Yee\Route->dispatch()
#15 C:\xampp\htdocs\TicketSystem\vendor\yeephp\yeephp\Yee\Middleware\Flash.php(85): Yee\Yee->call()
#16 C:\xampp\htdocs\TicketSystem\vendor\yeephp\yeephp\Yee\Middleware\MethodOverride.php(92): Yee\Middleware\Flash->call()
#17 C:\xampp\htdocs\TicketSystem\vendor\yeephp\yeephp\Yee\Middleware\PrettyExceptions.php(67): Yee\Middleware\MethodOverride->call()
#18 C:\xampp\htdocs\TicketSystem\vendor\yeephp\yeephp\Yee\Yee.php(1282): Yee\Middleware\PrettyExceptions->call()
#19 C:\xampp\htdocs\TicketSystem\public\index.php(26): Yee\Yee->execute()
#20 {main}
ERROR - 2017-06-19 10:11:21 - ErrorException: Undefined index: username in C:\xampp\htdocs\TicketSystem\App\Controllers\LoginController.php:38
Stack trace:
#0 C:\xampp\htdocs\TicketSystem\App\Controllers\LoginController.php(38): Yee\Yee::handleErrors(8, 'Undefined index...', 'C:\\xampp\\htdocs...', 38, Array)
#1 [internal function]: App\Controllers\LoginController->loginPost()
#2 C:\xampp\htdocs\TicketSystem\vendor\yeephp\yeephp\Yee\Managers\Controller\Controller.php(23): call_user_func_array(Array, Array)
#3 [internal function]: Yee\Managers\Controller\Controller::__callStatic('loginPost', Array)
#4 C:\xampp\htdocs\TicketSystem\vendor\yeephp\yeephp\Yee\Route.php(468): call_user_func_array('\\App\\Controller...', Array)
#5 C:\xampp\htdocs\TicketSystem\vendor\yeephp\yeephp\Yee\Yee.php(1374): Yee\Route->dispatch()
#6 C:\xampp\htdocs\TicketSystem\vendor\yeephp\yeephp\Yee\Middleware\Flash.php(85): Yee\Yee->call()
#7 C:\xampp\htdocs\TicketSystem\vendor\yeephp\yeephp\Yee\Middleware\MethodOverride.php(92): Yee\Middleware\Flash->call()
#8 C:\xampp\htdocs\TicketSystem\vendor\yeephp\yeephp\Yee\Middleware\PrettyExceptions.php(67): Yee\Middleware\MethodOverride->call()
#9 C:\xampp\htdocs\TicketSystem\vendor\yeephp\yeephp\Yee\Yee.php(1282): Yee\Middleware\PrettyExceptions->call()
#10 C:\xampp\htdocs\TicketSystem\public\index.php(26): Yee\Yee->execute()
#11 {main}
ERROR - 2017-06-19 10:11:31 - ErrorException: Undefined index: username in C:\xampp\htdocs\TicketSystem\App\Controllers\LoginController.php:38
Stack trace:
#0 C:\xampp\htdocs\TicketSystem\App\Controllers\LoginController.php(38): Yee\Yee::handleErrors(8, 'Undefined index...', 'C:\\xampp\\htdocs...', 38, Array)
#1 [internal function]: App\Controllers\LoginController->loginPost()
#2 C:\xampp\htdocs\TicketSystem\vendor\yeephp\yeephp\Yee\Managers\Controller\Controller.php(23): call_user_func_array(Array, Array)
#3 [internal function]: Yee\Managers\Controller\Controller::__callStatic('loginPost', Array)
#4 C:\xampp\htdocs\TicketSystem\vendor\yeephp\yeephp\Yee\Route.php(468): call_user_func_array('\\App\\Controller...', Array)
#5 C:\xampp\htdocs\TicketSystem\vendor\yeephp\yeephp\Yee\Yee.php(1374): Yee\Route->dispatch()
#6 C:\xampp\htdocs\TicketSystem\vendor\yeephp\yeephp\Yee\Middleware\Flash.php(85): Yee\Yee->call()
#7 C:\xampp\htdocs\TicketSystem\vendor\yeephp\yeephp\Yee\Middleware\MethodOverride.php(92): Yee\Middleware\Flash->call()
#8 C:\xampp\htdocs\TicketSystem\vendor\yeephp\yeephp\Yee\Middleware\PrettyExceptions.php(67): Yee\Middleware\MethodOverride->call()
#9 C:\xampp\htdocs\TicketSystem\vendor\yeephp\yeephp\Yee\Yee.php(1282): Yee\Middleware\PrettyExceptions->call()
#10 C:\xampp\htdocs\TicketSystem\public\index.php(26): Yee\Yee->execute()
#11 {main}
ERROR - 2017-06-19 10:12:07 - ErrorException: Undefined index: username in C:\xampp\htdocs\TicketSystem\App\Controllers\LoginController.php:38
Stack trace:
#0 C:\xampp\htdocs\TicketSystem\App\Controllers\LoginController.php(38): Yee\Yee::handleErrors(8, 'Undefined index...', 'C:\\xampp\\htdocs...', 38, Array)
#1 [internal function]: App\Controllers\LoginController->loginPost()
#2 C:\xampp\htdocs\TicketSystem\vendor\yeephp\yeephp\Yee\Managers\Controller\Controller.php(23): call_user_func_array(Array, Array)
#3 [internal function]: Yee\Managers\Controller\Controller::__callStatic('loginPost', Array)
#4 C:\xampp\htdocs\TicketSystem\vendor\yeephp\yeephp\Yee\Route.php(468): call_user_func_array('\\App\\Controller...', Array)
#5 C:\xampp\htdocs\TicketSystem\vendor\yeephp\yeephp\Yee\Yee.php(1374): Yee\Route->dispatch()
#6 C:\xampp\htdocs\TicketSystem\vendor\yeephp\yeephp\Yee\Middleware\Flash.php(85): Yee\Yee->call()
#7 C:\xampp\htdocs\TicketSystem\vendor\yeephp\yeephp\Yee\Middleware\MethodOverride.php(92): Yee\Middleware\Flash->call()
#8 C:\xampp\htdocs\TicketSystem\vendor\yeephp\yeephp\Yee\Middleware\PrettyExceptions.php(67): Yee\Middleware\MethodOverride->call()
#9 C:\xampp\htdocs\TicketSystem\vendor\yeephp\yeephp\Yee\Yee.php(1282): Yee\Middleware\PrettyExceptions->call()
#10 C:\xampp\htdocs\TicketSystem\public\index.php(26): Yee\Yee->execute()
#11 {main}
ERROR - 2017-06-19 10:12:15 - ErrorException: Undefined index: username in C:\xampp\htdocs\TicketSystem\App\Controllers\LoginController.php:38
Stack trace:
#0 C:\xampp\htdocs\TicketSystem\App\Controllers\LoginController.php(38): Yee\Yee::handleErrors(8, 'Undefined index...', 'C:\\xampp\\htdocs...', 38, Array)
#1 [internal function]: App\Controllers\LoginController->loginPost()
#2 C:\xampp\htdocs\TicketSystem\vendor\yeephp\yeephp\Yee\Managers\Controller\Controller.php(23): call_user_func_array(Array, Array)
#3 [internal function]: Yee\Managers\Controller\Controller::__callStatic('loginPost', Array)
#4 C:\xampp\htdocs\TicketSystem\vendor\yeephp\yeephp\Yee\Route.php(468): call_user_func_array('\\App\\Controller...', Array)
#5 C:\xampp\htdocs\TicketSystem\vendor\yeephp\yeephp\Yee\Yee.php(1374): Yee\Route->dispatch()
#6 C:\xampp\htdocs\TicketSystem\vendor\yeephp\yeephp\Yee\Middleware\Flash.php(85): Yee\Yee->call()
#7 C:\xampp\htdocs\TicketSystem\vendor\yeephp\yeephp\Yee\Middleware\MethodOverride.php(92): Yee\Middleware\Flash->call()
#8 C:\xampp\htdocs\TicketSystem\vendor\yeephp\yeephp\Yee\Middleware\PrettyExceptions.php(67): Yee\Middleware\MethodOverride->call()
#9 C:\xampp\htdocs\TicketSystem\vendor\yeephp\yeephp\Yee\Yee.php(1282): Yee\Middleware\PrettyExceptions->call()
#10 C:\xampp\htdocs\TicketSystem\public\index.php(26): Yee\Yee->execute()
#11 {main}
ERROR - 2017-06-19 10:15:30 - ErrorException: Undefined index: username in C:\xampp\htdocs\TicketSystem\App\Controllers\LoginController.php:36
Stack trace:
#0 C:\xampp\htdocs\TicketSystem\App\Controllers\LoginController.php(36): Yee\Yee::handleErrors(8, 'Undefined index...', 'C:\\xampp\\htdocs...', 36, Array)
#1 [internal function]: App\Controllers\LoginController->loginPost()
#2 C:\xampp\htdocs\TicketSystem\vendor\yeephp\yeephp\Yee\Managers\Controller\Controller.php(23): call_user_func_array(Array, Array)
#3 [internal function]: Yee\Managers\Controller\Controller::__callStatic('loginPost', Array)
#4 C:\xampp\htdocs\TicketSystem\vendor\yeephp\yeephp\Yee\Route.php(468): call_user_func_array('\\App\\Controller...', Array)
#5 C:\xampp\htdocs\TicketSystem\vendor\yeephp\yeephp\Yee\Yee.php(1374): Yee\Route->dispatch()
#6 C:\xampp\htdocs\TicketSystem\vendor\yeephp\yeephp\Yee\Middleware\Flash.php(85): Yee\Yee->call()
#7 C:\xampp\htdocs\TicketSystem\vendor\yeephp\yeephp\Yee\Middleware\MethodOverride.php(92): Yee\Middleware\Flash->call()
#8 C:\xampp\htdocs\TicketSystem\vendor\yeephp\yeephp\Yee\Middleware\PrettyExceptions.php(67): Yee\Middleware\MethodOverride->call()
#9 C:\xampp\htdocs\TicketSystem\vendor\yeephp\yeephp\Yee\Yee.php(1282): Yee\Middleware\PrettyExceptions->call()
#10 C:\xampp\htdocs\TicketSystem\public\index.php(26): Yee\Yee->execute()
#11 {main}
ERROR - 2017-06-19 10:15:48 - ErrorException: Undefined index: username in C:\xampp\htdocs\TicketSystem\App\Controllers\LoginController.php:36
Stack trace:
#0 C:\xampp\htdocs\TicketSystem\App\Controllers\LoginController.php(36): Yee\Yee::handleErrors(8, 'Undefined index...', 'C:\\xampp\\htdocs...', 36, Array)
#1 [internal function]: App\Controllers\LoginController->loginPost()
#2 C:\xampp\htdocs\TicketSystem\vendor\yeephp\yeephp\Yee\Managers\Controller\Controller.php(23): call_user_func_array(Array, Array)
#3 [internal function]: Yee\Managers\Controller\Controller::__callStatic('loginPost', Array)
#4 C:\xampp\htdocs\TicketSystem\vendor\yeephp\yeephp\Yee\Route.php(468): call_user_func_array('\\App\\Controller...', Array)
#5 C:\xampp\htdocs\TicketSystem\vendor\yeephp\yeephp\Yee\Yee.php(1374): Yee\Route->dispatch()
#6 C:\xampp\htdocs\TicketSystem\vendor\yeephp\yeephp\Yee\Middleware\Flash.php(85): Yee\Yee->call()
#7 C:\xampp\htdocs\TicketSystem\vendor\yeephp\yeephp\Yee\Middleware\MethodOverride.php(92): Yee\Middleware\Flash->call()
#8 C:\xampp\htdocs\TicketSystem\vendor\yeephp\yeephp\Yee\Middleware\PrettyExceptions.php(67): Yee\Middleware\MethodOverride->call()
#9 C:\xampp\htdocs\TicketSystem\vendor\yeephp\yeephp\Yee\Yee.php(1282): Yee\Middleware\PrettyExceptions->call()
#10 C:\xampp\htdocs\TicketSystem\public\index.php(26): Yee\Yee->execute()
#11 {main}
ERROR - 2017-06-19 10:17:33 - ErrorException: Undefined index: username in C:\xampp\htdocs\TicketSystem\App\Controllers\LoginController.php:36
Stack trace:
#0 C:\xampp\htdocs\TicketSystem\App\Controllers\LoginController.php(36): Yee\Yee::handleErrors(8, 'Undefined index...', 'C:\\xampp\\htdocs...', 36, Array)
#1 [internal function]: App\Controllers\LoginController->loginPost()
#2 C:\xampp\htdocs\TicketSystem\vendor\yeephp\yeephp\Yee\Managers\Controller\Controller.php(23): call_user_func_array(Array, Array)
#3 [internal function]: Yee\Managers\Controller\Controller::__callStatic('loginPost', Array)
#4 C:\xampp\htdocs\TicketSystem\vendor\yeephp\yeephp\Yee\Route.php(468): call_user_func_array('\\App\\Controller...', Array)
#5 C:\xampp\htdocs\TicketSystem\vendor\yeephp\yeephp\Yee\Yee.php(1374): Yee\Route->dispatch()
#6 C:\xampp\htdocs\TicketSystem\vendor\yeephp\yeephp\Yee\Middleware\Flash.php(85): Yee\Yee->call()
#7 C:\xampp\htdocs\TicketSystem\vendor\yeephp\yeephp\Yee\Middleware\MethodOverride.php(92): Yee\Middleware\Flash->call()
#8 C:\xampp\htdocs\TicketSystem\vendor\yeephp\yeephp\Yee\Middleware\PrettyExceptions.php(67): Yee\Middleware\MethodOverride->call()
#9 C:\xampp\htdocs\TicketSystem\vendor\yeephp\yeephp\Yee\Yee.php(1282): Yee\Middleware\PrettyExceptions->call()
#10 C:\xampp\htdocs\TicketSystem\public\index.php(26): Yee\Yee->execute()
#11 {main}
ERROR - 2017-06-19 10:17:42 - ErrorException: Undefined index: username in C:\xampp\htdocs\TicketSystem\App\Controllers\LoginController.php:36
Stack trace:
#0 C:\xampp\htdocs\TicketSystem\App\Controllers\LoginController.php(36): Yee\Yee::handleErrors(8, 'Undefined index...', 'C:\\xampp\\htdocs...', 36, Array)
#1 [internal function]: App\Controllers\LoginController->loginPost()
#2 C:\xampp\htdocs\TicketSystem\vendor\yeephp\yeephp\Yee\Managers\Controller\Controller.php(23): call_user_func_array(Array, Array)
#3 [internal function]: Yee\Managers\Controller\Controller::__callStatic('loginPost', Array)
#4 C:\xampp\htdocs\TicketSystem\vendor\yeephp\yeephp\Yee\Route.php(468): call_user_func_array('\\App\\Controller...', Array)
#5 C:\xampp\htdocs\TicketSystem\vendor\yeephp\yeephp\Yee\Yee.php(1374): Yee\Route->dispatch()
#6 C:\xampp\htdocs\TicketSystem\vendor\yeephp\yeephp\Yee\Middleware\Flash.php(85): Yee\Yee->call()
#7 C:\xampp\htdocs\TicketSystem\vendor\yeephp\yeephp\Yee\Middleware\MethodOverride.php(92): Yee\Middleware\Flash->call()
#8 C:\xampp\htdocs\TicketSystem\vendor\yeephp\yeephp\Yee\Middleware\PrettyExceptions.php(67): Yee\Middleware\MethodOverride->call()
#9 C:\xampp\htdocs\TicketSystem\vendor\yeephp\yeephp\Yee\Yee.php(1282): Yee\Middleware\PrettyExceptions->call()
#10 C:\xampp\htdocs\TicketSystem\public\index.php(26): Yee\Yee->execute()
#11 {main}
ERROR - 2017-06-19 10:30:46 - ErrorException: Undefined index: username in C:\xampp\htdocs\TicketSystem\App\Controllers\LoginController.php:38
Stack trace:
#0 C:\xampp\htdocs\TicketSystem\App\Controllers\LoginController.php(38): Yee\Yee::handleErrors(8, 'Undefined index...', 'C:\\xampp\\htdocs...', 38, Array)
#1 [internal function]: App\Controllers\LoginController->loginPost()
#2 C:\xampp\htdocs\TicketSystem\vendor\yeephp\yeephp\Yee\Managers\Controller\Controller.php(23): call_user_func_array(Array, Array)
#3 [internal function]: Yee\Managers\Controller\Controller::__callStatic('loginPost', Array)
#4 C:\xampp\htdocs\TicketSystem\vendor\yeephp\yeephp\Yee\Route.php(468): call_user_func_array('\\App\\Controller...', Array)
#5 C:\xampp\htdocs\TicketSystem\vendor\yeephp\yeephp\Yee\Yee.php(1374): Yee\Route->dispatch()
#6 C:\xampp\htdocs\TicketSystem\vendor\yeephp\yeephp\Yee\Middleware\Flash.php(85): Yee\Yee->call()
#7 C:\xampp\htdocs\TicketSystem\vendor\yeephp\yeephp\Yee\Middleware\MethodOverride.php(92): Yee\Middleware\Flash->call()
#8 C:\xampp\htdocs\TicketSystem\vendor\yeephp\yeephp\Yee\Middleware\PrettyExceptions.php(67): Yee\Middleware\MethodOverride->call()
#9 C:\xampp\htdocs\TicketSystem\vendor\yeephp\yeephp\Yee\Yee.php(1282): Yee\Middleware\PrettyExceptions->call()
#10 C:\xampp\htdocs\TicketSystem\public\index.php(26): Yee\Yee->execute()
#11 {main}
ERROR - 2017-06-19 10:31:18 - ErrorException: Undefined index: username in C:\xampp\htdocs\TicketSystem\App\Controllers\LoginController.php:36
Stack trace:
#0 C:\xampp\htdocs\TicketSystem\App\Controllers\LoginController.php(36): Yee\Yee::handleErrors(8, 'Undefined index...', 'C:\\xampp\\htdocs...', 36, Array)
#1 [internal function]: App\Controllers\LoginController->loginPost()
#2 C:\xampp\htdocs\TicketSystem\vendor\yeephp\yeephp\Yee\Managers\Controller\Controller.php(23): call_user_func_array(Array, Array)
#3 [internal function]: Yee\Managers\Controller\Controller::__callStatic('loginPost', Array)
#4 C:\xampp\htdocs\TicketSystem\vendor\yeephp\yeephp\Yee\Route.php(468): call_user_func_array('\\App\\Controller...', Array)
#5 C:\xampp\htdocs\TicketSystem\vendor\yeephp\yeephp\Yee\Yee.php(1374): Yee\Route->dispatch()
#6 C:\xampp\htdocs\TicketSystem\vendor\yeephp\yeephp\Yee\Middleware\Flash.php(85): Yee\Yee->call()
#7 C:\xampp\htdocs\TicketSystem\vendor\yeephp\yeephp\Yee\Middleware\MethodOverride.php(92): Yee\Middleware\Flash->call()
#8 C:\xampp\htdocs\TicketSystem\vendor\yeephp\yeephp\Yee\Middleware\PrettyExceptions.php(67): Yee\Middleware\MethodOverride->call()
#9 C:\xampp\htdocs\TicketSystem\vendor\yeephp\yeephp\Yee\Yee.php(1282): Yee\Middleware\PrettyExceptions->call()
#10 C:\xampp\htdocs\TicketSystem\public\index.php(26): Yee\Yee->execute()
#11 {main}
ERROR - 2017-06-19 10:32:25 - ErrorException: Undefined index: username in C:\xampp\htdocs\TicketSystem\App\Controllers\LoginController.php:36
Stack trace:
#0 C:\xampp\htdocs\TicketSystem\App\Controllers\LoginController.php(36): Yee\Yee::handleErrors(8, 'Undefined index...', 'C:\\xampp\\htdocs...', 36, Array)
#1 [internal function]: App\Controllers\LoginController->loginPost()
#2 C:\xampp\htdocs\TicketSystem\vendor\yeephp\yeephp\Yee\Managers\Controller\Controller.php(23): call_user_func_array(Array, Array)
#3 [internal function]: Yee\Managers\Controller\Controller::__callStatic('loginPost', Array)
#4 C:\xampp\htdocs\TicketSystem\vendor\yeephp\yeephp\Yee\Route.php(468): call_user_func_array('\\App\\Controller...', Array)
#5 C:\xampp\htdocs\TicketSystem\vendor\yeephp\yeephp\Yee\Yee.php(1374): Yee\Route->dispatch()
#6 C:\xampp\htdocs\TicketSystem\vendor\yeephp\yeephp\Yee\Middleware\Flash.php(85): Yee\Yee->call()
#7 C:\xampp\htdocs\TicketSystem\vendor\yeephp\yeephp\Yee\Middleware\MethodOverride.php(92): Yee\Middleware\Flash->call()
#8 C:\xampp\htdocs\TicketSystem\vendor\yeephp\yeephp\Yee\Middleware\PrettyExceptions.php(67): Yee\Middleware\MethodOverride->call()
#9 C:\xampp\htdocs\TicketSystem\vendor\yeephp\yeephp\Yee\Yee.php(1282): Yee\Middleware\PrettyExceptions->call()
#10 C:\xampp\htdocs\TicketSystem\public\index.php(26): Yee\Yee->execute()
#11 {main}
ERROR - 2017-06-19 10:33:28 - ErrorException: A session had already been started - ignoring session_start() in C:\xampp\htdocs\TicketSystem\App\Controllers\LoginController.php:34
Stack trace:
#0 [internal function]: Yee\Yee::handleErrors(8, 'A session had a...', 'C:\\xampp\\htdocs...', 34, Array)
#1 C:\xampp\htdocs\TicketSystem\App\Controllers\LoginController.php(34): session_start()
#2 [internal function]: App\Controllers\LoginController->loginPost()
#3 C:\xampp\htdocs\TicketSystem\vendor\yeephp\yeephp\Yee\Managers\Controller\Controller.php(23): call_user_func_array(Array, Array)
#4 [internal function]: Yee\Managers\Controller\Controller::__callStatic('loginPost', Array)
#5 C:\xampp\htdocs\TicketSystem\vendor\yeephp\yeephp\Yee\Route.php(468): call_user_func_array('\\App\\Controller...', Array)
#6 C:\xampp\htdocs\TicketSystem\vendor\yeephp\yeephp\Yee\Yee.php(1374): Yee\Route->dispatch()
#7 C:\xampp\htdocs\TicketSystem\vendor\yeephp\yeephp\Yee\Middleware\Flash.php(85): Yee\Yee->call()
#8 C:\xampp\htdocs\TicketSystem\vendor\yeephp\yeephp\Yee\Middleware\MethodOverride.php(92): Yee\Middleware\Flash->call()
#9 C:\xampp\htdocs\TicketSystem\vendor\yeephp\yeephp\Yee\Middleware\PrettyExceptions.php(67): Yee\Middleware\MethodOverride->call()
#10 C:\xampp\htdocs\TicketSystem\vendor\yeephp\yeephp\Yee\Yee.php(1282): Yee\Middleware\PrettyExceptions->call()
#11 C:\xampp\htdocs\TicketSystem\public\index.php(26): Yee\Yee->execute()
#12 {main}
ERROR - 2017-06-19 10:33:40 - ErrorException: Undefined index: username in C:\xampp\htdocs\TicketSystem\App\Controllers\LoginController.php:36
Stack trace:
#0 C:\xampp\htdocs\TicketSystem\App\Controllers\LoginController.php(36): Yee\Yee::handleErrors(8, 'Undefined index...', 'C:\\xampp\\htdocs...', 36, Array)
#1 [internal function]: App\Controllers\LoginController->loginPost()
#2 C:\xampp\htdocs\TicketSystem\vendor\yeephp\yeephp\Yee\Managers\Controller\Controller.php(23): call_user_func_array(Array, Array)
#3 [internal function]: Yee\Managers\Controller\Controller::__callStatic('loginPost', Array)
#4 C:\xampp\htdocs\TicketSystem\vendor\yeephp\yeephp\Yee\Route.php(468): call_user_func_array('\\App\\Controller...', Array)
#5 C:\xampp\htdocs\TicketSystem\vendor\yeephp\yeephp\Yee\Yee.php(1374): Yee\Route->dispatch()
#6 C:\xampp\htdocs\TicketSystem\vendor\yeephp\yeephp\Yee\Middleware\Flash.php(85): Yee\Yee->call()
#7 C:\xampp\htdocs\TicketSystem\vendor\yeephp\yeephp\Yee\Middleware\MethodOverride.php(92): Yee\Middleware\Flash->call()
#8 C:\xampp\htdocs\TicketSystem\vendor\yeephp\yeephp\Yee\Middleware\PrettyExceptions.php(67): Yee\Middleware\MethodOverride->call()
#9 C:\xampp\htdocs\TicketSystem\vendor\yeephp\yeephp\Yee\Yee.php(1282): Yee\Middleware\PrettyExceptions->call()
#10 C:\xampp\htdocs\TicketSystem\public\index.php(26): Yee\Yee->execute()
#11 {main}
ERROR - 2017-06-19 10:33:53 - ErrorException: Undefined index: username in C:\xampp\htdocs\TicketSystem\App\Controllers\LoginController.php:36
Stack trace:
#0 C:\xampp\htdocs\TicketSystem\App\Controllers\LoginController.php(36): Yee\Yee::handleErrors(8, 'Undefined index...', 'C:\\xampp\\htdocs...', 36, Array)
#1 [internal function]: App\Controllers\LoginController->loginPost()
#2 C:\xampp\htdocs\TicketSystem\vendor\yeephp\yeephp\Yee\Managers\Controller\Controller.php(23): call_user_func_array(Array, Array)
#3 [internal function]: Yee\Managers\Controller\Controller::__callStatic('loginPost', Array)
#4 C:\xampp\htdocs\TicketSystem\vendor\yeephp\yeephp\Yee\Route.php(468): call_user_func_array('\\App\\Controller...', Array)
#5 C:\xampp\htdocs\TicketSystem\vendor\yeephp\yeephp\Yee\Yee.php(1374): Yee\Route->dispatch()
#6 C:\xampp\htdocs\TicketSystem\vendor\yeephp\yeephp\Yee\Middleware\Flash.php(85): Yee\Yee->call()
#7 C:\xampp\htdocs\TicketSystem\vendor\yeephp\yeephp\Yee\Middleware\MethodOverride.php(92): Yee\Middleware\Flash->call()
#8 C:\xampp\htdocs\TicketSystem\vendor\yeephp\yeephp\Yee\Middleware\PrettyExceptions.php(67): Yee\Middleware\MethodOverride->call()
#9 C:\xampp\htdocs\TicketSystem\vendor\yeephp\yeephp\Yee\Yee.php(1282): Yee\Middleware\PrettyExceptions->call()
#10 C:\xampp\htdocs\TicketSystem\public\index.php(26): Yee\Yee->execute()
#11 {main}
ERROR - 2017-06-19 10:33:56 - ErrorException: Undefined index: username in C:\xampp\htdocs\TicketSystem\App\Controllers\LoginController.php:36
Stack trace:
#0 C:\xampp\htdocs\TicketSystem\App\Controllers\LoginController.php(36): Yee\Yee::handleErrors(8, 'Undefined index...', 'C:\\xampp\\htdocs...', 36, Array)
#1 [internal function]: App\Controllers\LoginController->loginPost()
#2 C:\xampp\htdocs\TicketSystem\vendor\yeephp\yeephp\Yee\Managers\Controller\Controller.php(23): call_user_func_array(Array, Array)
#3 [internal function]: Yee\Managers\Controller\Controller::__callStatic('loginPost', Array)
#4 C:\xampp\htdocs\TicketSystem\vendor\yeephp\yeephp\Yee\Route.php(468): call_user_func_array('\\App\\Controller...', Array)
#5 C:\xampp\htdocs\TicketSystem\vendor\yeephp\yeephp\Yee\Yee.php(1374): Yee\Route->dispatch()
#6 C:\xampp\htdocs\TicketSystem\vendor\yeephp\yeephp\Yee\Middleware\Flash.php(85): Yee\Yee->call()
#7 C:\xampp\htdocs\TicketSystem\vendor\yeephp\yeephp\Yee\Middleware\MethodOverride.php(92): Yee\Middleware\Flash->call()
#8 C:\xampp\htdocs\TicketSystem\vendor\yeephp\yeephp\Yee\Middleware\PrettyExceptions.php(67): Yee\Middleware\MethodOverride->call()
#9 C:\xampp\htdocs\TicketSystem\vendor\yeephp\yeephp\Yee\Yee.php(1282): Yee\Middleware\PrettyExceptions->call()
#10 C:\xampp\htdocs\TicketSystem\public\index.php(26): Yee\Yee->execute()
#11 {main}
ERROR - 2017-06-19 12:42:41 - ErrorException: Undefined variable: app in C:\xampp\htdocs\TicketSystem\App\Models\UserModel.php:52
Stack trace:
#0 C:\xampp\htdocs\TicketSystem\App\Models\UserModel.php(52): Yee\Yee::handleErrors(8, 'Undefined varia...', 'C:\\xampp\\htdocs...', 52, Array)
#1 C:\xampp\htdocs\TicketSystem\App\Controllers\RegisterController.php(38): App\Models\UserModel->insertUsers()
#2 [internal function]: App\Controllers\RegisterController->registerPost()
#3 C:\xampp\htdocs\TicketSystem\vendor\yeephp\yeephp\Yee\Managers\Controller\Controller.php(23): call_user_func_array(Array, Array)
#4 [internal function]: Yee\Managers\Controller\Controller::__callStatic('registerPost', Array)
#5 C:\xampp\htdocs\TicketSystem\vendor\yeephp\yeephp\Yee\Route.php(468): call_user_func_array('\\App\\Controller...', Array)
#6 C:\xampp\htdocs\TicketSystem\vendor\yeephp\yeephp\Yee\Yee.php(1374): Yee\Route->dispatch()
#7 C:\xampp\htdocs\TicketSystem\vendor\yeephp\yeephp\Yee\Middleware\Flash.php(85): Yee\Yee->call()
#8 C:\xampp\htdocs\TicketSystem\vendor\yeephp\yeephp\Yee\Middleware\MethodOverride.php(92): Yee\Middleware\Flash->call()
#9 C:\xampp\htdocs\TicketSystem\vendor\yeephp\yeephp\Yee\Middleware\PrettyExceptions.php(67): Yee\Middleware\MethodOverride->call()
#10 C:\xampp\htdocs\TicketSystem\vendor\yeephp\yeephp\Yee\Yee.php(1282): Yee\Middleware\PrettyExceptions->call()
#11 C:\xampp\htdocs\TicketSystem\public\index.php(26): Yee\Yee->execute()
#12 {main}
ERROR - 2017-06-19 13:12:08 - ErrorException: Undefined variable: app in C:\xampp\htdocs\TicketSystem\App\Models\UserModel.php:51
Stack trace:
#0 C:\xampp\htdocs\TicketSystem\App\Models\UserModel.php(51): Yee\Yee::handleErrors(8, 'Undefined varia...', 'C:\\xampp\\htdocs...', 51, Array)
#1 C:\xampp\htdocs\TicketSystem\App\Controllers\RegisterController.php(38): App\Models\UserModel->insertUsers()
#2 [internal function]: App\Controllers\RegisterController->registerPost()
#3 C:\xampp\htdocs\TicketSystem\vendor\yeephp\yeephp\Yee\Managers\Controller\Controller.php(23): call_user_func_array(Array, Array)
#4 [internal function]: Yee\Managers\Controller\Controller::__callStatic('registerPost', Array)
#5 C:\xampp\htdocs\TicketSystem\vendor\yeephp\yeephp\Yee\Route.php(468): call_user_func_array('\\App\\Controller...', Array)
#6 C:\xampp\htdocs\TicketSystem\vendor\yeephp\yeephp\Yee\Yee.php(1374): Yee\Route->dispatch()
#7 C:\xampp\htdocs\TicketSystem\vendor\yeephp\yeephp\Yee\Middleware\Flash.php(85): Yee\Yee->call()
#8 C:\xampp\htdocs\TicketSystem\vendor\yeephp\yeephp\Yee\Middleware\MethodOverride.php(92): Yee\Middleware\Flash->call()
#9 C:\xampp\htdocs\TicketSystem\vendor\yeephp\yeephp\Yee\Middleware\PrettyExceptions.php(67): Yee\Middleware\MethodOverride->call()
#10 C:\xampp\htdocs\TicketSystem\vendor\yeephp\yeephp\Yee\Yee.php(1282): Yee\Middleware\PrettyExceptions->call()
#11 C:\xampp\htdocs\TicketSystem\public\index.php(26): Yee\Yee->execute()
#12 {main}
ERROR - 2017-06-19 13:30:12 - Twig_Error_Syntax: Unknown "flash" function. in C:\xampp\htdocs\TicketSystem\templates\register.twig:2
Stack trace:
#0 C:\xampp\htdocs\TicketSystem\vendor\twig\twig\lib\Twig\ExpressionParser.php(374): Twig_ExpressionParser->getFunctionNodeClass('flash', 2)
#1 C:\xampp\htdocs\TicketSystem\vendor\twig\twig\lib\Twig\ExpressionParser.php(162): Twig_ExpressionParser->getFunctionNode('flash', 2)
#2 C:\xampp\htdocs\TicketSystem\vendor\twig\twig\lib\Twig\ExpressionParser.php(102): Twig_ExpressionParser->parsePrimaryExpression()
#3 C:\xampp\htdocs\TicketSystem\vendor\twig\twig\lib\Twig\ExpressionParser.php(55): Twig_ExpressionParser->getPrimary()
#4 C:\xampp\htdocs\TicketSystem\vendor\twig\twig\lib\Twig\Parser.php(147): Twig_ExpressionParser->parseExpression()
#5 C:\xampp\htdocs\TicketSystem\vendor\twig\twig\lib\Twig\Parser.php(103): Twig_Parser->subparse(NULL, false)
#6 C:\xampp\htdocs\TicketSystem\vendor\twig\twig\lib\Twig\Environment.php(692): Twig_Parser->parse(Object(Twig_TokenStream))
#7 C:\xampp\htdocs\TicketSystem\vendor\twig\twig\lib\Twig\Environment.php(750): Twig_Environment->parse(Object(Twig_TokenStream))
#8 C:\xampp\htdocs\TicketSystem\vendor\twig\twig\lib\Twig\Environment.php(447): Twig_Environment->compileSource(Object(Twig_Source))
#9 C:\xampp\htdocs\TicketSystem\vendor\yeephp\yeephp\Yee\Views\Twig.php(87): Twig_Environment->loadTemplate('register.twig')
#10 C:\xampp\htdocs\TicketSystem\vendor\yeephp\yeephp\Yee\View.php(255): Yee\Views\Twig->render('register.twig', NULL)
#11 C:\xampp\htdocs\TicketSystem\vendor\yeephp\yeephp\Yee\View.php(243): Yee\View->fetch('register.twig', NULL)
#12 C:\xampp\htdocs\TicketSystem\vendor\yeephp\yeephp\Yee\Yee.php(766): Yee\View->display('register.twig')
#13 C:\xampp\htdocs\TicketSystem\App\Controllers\RegisterController.php(18): Yee\Yee->render('register.twig')
#14 [internal function]: App\Controllers\RegisterController->index()
#15 C:\xampp\htdocs\TicketSystem\vendor\yeephp\yeephp\Yee\Managers\Controller\Controller.php(23): call_user_func_array(Array, Array)
#16 [internal function]: Yee\Managers\Controller\Controller::__callStatic('index', Array)
#17 C:\xampp\htdocs\TicketSystem\vendor\yeephp\yeephp\Yee\Route.php(468): call_user_func_array('\\App\\Controller...', Array)
#18 C:\xampp\htdocs\TicketSystem\vendor\yeephp\yeephp\Yee\Yee.php(1374): Yee\Route->dispatch()
#19 C:\xampp\htdocs\TicketSystem\vendor\yeephp\yeephp\Yee\Middleware\Flash.php(85): Yee\Yee->call()
#20 C:\xampp\htdocs\TicketSystem\vendor\yeephp\yeephp\Yee\Middleware\MethodOverride.php(92): Yee\Middleware\Flash->call()
#21 C:\xampp\htdocs\TicketSystem\vendor\yeephp\yeephp\Yee\Middleware\PrettyExceptions.php(67): Yee\Middleware\MethodOverride->call()
#22 C:\xampp\htdocs\TicketSystem\vendor\yeephp\yeephp\Yee\Yee.php(1282): Yee\Middleware\PrettyExceptions->call()
#23 C:\xampp\htdocs\TicketSystem\public\index.php(26): Yee\Yee->execute()
#24 {main}
ERROR - 2017-06-19 13:30:13 - Twig_Error_Syntax: Unknown "flash" function. in C:\xampp\htdocs\TicketSystem\templates\register.twig:2
Stack trace:
#0 C:\xampp\htdocs\TicketSystem\vendor\twig\twig\lib\Twig\ExpressionParser.php(374): Twig_ExpressionParser->getFunctionNodeClass('flash', 2)
#1 C:\xampp\htdocs\TicketSystem\vendor\twig\twig\lib\Twig\ExpressionParser.php(162): Twig_ExpressionParser->getFunctionNode('flash', 2)
#2 C:\xampp\htdocs\TicketSystem\vendor\twig\twig\lib\Twig\ExpressionParser.php(102): Twig_ExpressionParser->parsePrimaryExpression()
#3 C:\xampp\htdocs\TicketSystem\vendor\twig\twig\lib\Twig\ExpressionParser.php(55): Twig_ExpressionParser->getPrimary()
#4 C:\xampp\htdocs\TicketSystem\vendor\twig\twig\lib\Twig\Parser.php(147): Twig_ExpressionParser->parseExpression()
#5 C:\xampp\htdocs\TicketSystem\vendor\twig\twig\lib\Twig\Parser.php(103): Twig_Parser->subparse(NULL, false)
#6 C:\xampp\htdocs\TicketSystem\vendor\twig\twig\lib\Twig\Environment.php(692): Twig_Parser->parse(Object(Twig_TokenStream))
#7 C:\xampp\htdocs\TicketSystem\vendor\twig\twig\lib\Twig\Environment.php(750): Twig_Environment->parse(Object(Twig_TokenStream))
#8 C:\xampp\htdocs\TicketSystem\vendor\twig\twig\lib\Twig\Environment.php(447): Twig_Environment->compileSource(Object(Twig_Source))
#9 C:\xampp\htdocs\TicketSystem\vendor\yeephp\yeephp\Yee\Views\Twig.php(87): Twig_Environment->loadTemplate('register.twig')
#10 C:\xampp\htdocs\TicketSystem\vendor\yeephp\yeephp\Yee\View.php(255): Yee\Views\Twig->render('register.twig', NULL)
#11 C:\xampp\htdocs\TicketSystem\vendor\yeephp\yeephp\Yee\View.php(243): Yee\View->fetch('register.twig', NULL)
#12 C:\xampp\htdocs\TicketSystem\vendor\yeephp\yeephp\Yee\Yee.php(766): Yee\View->display('register.twig')
#13 C:\xampp\htdocs\TicketSystem\App\Controllers\RegisterController.php(18): Yee\Yee->render('register.twig')
#14 [internal function]: App\Controllers\RegisterController->index()
#15 C:\xampp\htdocs\TicketSystem\vendor\yeephp\yeephp\Yee\Managers\Controller\Controller.php(23): call_user_func_array(Array, Array)
#16 [internal function]: Yee\Managers\Controller\Controller::__callStatic('index', Array)
#17 C:\xampp\htdocs\TicketSystem\vendor\yeephp\yeephp\Yee\Route.php(468): call_user_func_array('\\App\\Controller...', Array)
#18 C:\xampp\htdocs\TicketSystem\vendor\yeephp\yeephp\Yee\Yee.php(1374): Yee\Route->dispatch()
#19 C:\xampp\htdocs\TicketSystem\vendor\yeephp\yeephp\Yee\Middleware\Flash.php(85): Yee\Yee->call()
#20 C:\xampp\htdocs\TicketSystem\vendor\yeephp\yeephp\Yee\Middleware\MethodOverride.php(92): Yee\Middleware\Flash->call()
#21 C:\xampp\htdocs\TicketSystem\vendor\yeephp\yeephp\Yee\Middleware\PrettyExceptions.php(67): Yee\Middleware\MethodOverride->call()
#22 C:\xampp\htdocs\TicketSystem\vendor\yeephp\yeephp\Yee\Yee.php(1282): Yee\Middleware\PrettyExceptions->call()
#23 C:\xampp\htdocs\TicketSystem\public\index.php(26): Yee\Yee->execute()
#24 {main}
ERROR - 2017-06-19 13:30:14 - Twig_Error_Syntax: Unknown "flash" function. in C:\xampp\htdocs\TicketSystem\templates\register.twig:2
Stack trace:
#0 C:\xampp\htdocs\TicketSystem\vendor\twig\twig\lib\Twig\ExpressionParser.php(374): Twig_ExpressionParser->getFunctionNodeClass('flash', 2)
#1 C:\xampp\htdocs\TicketSystem\vendor\twig\twig\lib\Twig\ExpressionParser.php(162): Twig_ExpressionParser->getFunctionNode('flash', 2)
#2 C:\xampp\htdocs\TicketSystem\vendor\twig\twig\lib\Twig\ExpressionParser.php(102): Twig_ExpressionParser->parsePrimaryExpression()
#3 C:\xampp\htdocs\TicketSystem\vendor\twig\twig\lib\Twig\ExpressionParser.php(55): Twig_ExpressionParser->getPrimary()
#4 C:\xampp\htdocs\TicketSystem\vendor\twig\twig\lib\Twig\Parser.php(147): Twig_ExpressionParser->parseExpression()
#5 C:\xampp\htdocs\TicketSystem\vendor\twig\twig\lib\Twig\Parser.php(103): Twig_Parser->subparse(NULL, false)
#6 C:\xampp\htdocs\TicketSystem\vendor\twig\twig\lib\Twig\Environment.php(692): Twig_Parser->parse(Object(Twig_TokenStream))
#7 C:\xampp\htdocs\TicketSystem\vendor\twig\twig\lib\Twig\Environment.php(750): Twig_Environment->parse(Object(Twig_TokenStream))
#8 C:\xampp\htdocs\TicketSystem\vendor\twig\twig\lib\Twig\Environment.php(447): Twig_Environment->compileSource(Object(Twig_Source))
#9 C:\xampp\htdocs\TicketSystem\vendor\yeephp\yeephp\Yee\Views\Twig.php(87): Twig_Environment->loadTemplate('register.twig')
#10 C:\xampp\htdocs\TicketSystem\vendor\yeephp\yeephp\Yee\View.php(255): Yee\Views\Twig->render('register.twig', NULL)
#11 C:\xampp\htdocs\TicketSystem\vendor\yeephp\yeephp\Yee\View.php(243): Yee\View->fetch('register.twig', NULL)
#12 C:\xampp\htdocs\TicketSystem\vendor\yeephp\yeephp\Yee\Yee.php(766): Yee\View->display('register.twig')
#13 C:\xampp\htdocs\TicketSystem\App\Controllers\RegisterController.php(18): Yee\Yee->render('register.twig')
#14 [internal function]: App\Controllers\RegisterController->index()
#15 C:\xampp\htdocs\TicketSystem\vendor\yeephp\yeephp\Yee\Managers\Controller\Controller.php(23): call_user_func_array(Array, Array)
#16 [internal function]: Yee\Managers\Controller\Controller::__callStatic('index', Array)
#17 C:\xampp\htdocs\TicketSystem\vendor\yeephp\yeephp\Yee\Route.php(468): call_user_func_array('\\App\\Controller...', Array)
#18 C:\xampp\htdocs\TicketSystem\vendor\yeephp\yeephp\Yee\Yee.php(1374): Yee\Route->dispatch()
#19 C:\xampp\htdocs\TicketSystem\vendor\yeephp\yeephp\Yee\Middleware\Flash.php(85): Yee\Yee->call()
#20 C:\xampp\htdocs\TicketSystem\vendor\yeephp\yeephp\Yee\Middleware\MethodOverride.php(92): Yee\Middleware\Flash->call()
#21 C:\xampp\htdocs\TicketSystem\vendor\yeephp\yeephp\Yee\Middleware\PrettyExceptions.php(67): Yee\Middleware\MethodOverride->call()
#22 C:\xampp\htdocs\TicketSystem\vendor\yeephp\yeephp\Yee\Yee.php(1282): Yee\Middleware\PrettyExceptions->call()
#23 C:\xampp\htdocs\TicketSystem\public\index.php(26): Yee\Yee->execute()
#24 {main}
ERROR - 2017-06-19 13:30:15 - Twig_Error_Syntax: Unknown "flash" function. in C:\xampp\htdocs\TicketSystem\templates\register.twig:2
Stack trace:
#0 C:\xampp\htdocs\TicketSystem\vendor\twig\twig\lib\Twig\ExpressionParser.php(374): Twig_ExpressionParser->getFunctionNodeClass('flash', 2)
#1 C:\xampp\htdocs\TicketSystem\vendor\twig\twig\lib\Twig\ExpressionParser.php(162): Twig_ExpressionParser->getFunctionNode('flash', 2)
#2 C:\xampp\htdocs\TicketSystem\vendor\twig\twig\lib\Twig\ExpressionParser.php(102): Twig_ExpressionParser->parsePrimaryExpression()
#3 C:\xampp\htdocs\TicketSystem\vendor\twig\twig\lib\Twig\ExpressionParser.php(55): Twig_ExpressionParser->getPrimary()
#4 C:\xampp\htdocs\TicketSystem\vendor\twig\twig\lib\Twig\Parser.php(147): Twig_ExpressionParser->parseExpression()
#5 C:\xampp\htdocs\TicketSystem\vendor\twig\twig\lib\Twig\Parser.php(103): Twig_Parser->subparse(NULL, false)
#6 C:\xampp\htdocs\TicketSystem\vendor\twig\twig\lib\Twig\Environment.php(692): Twig_Parser->parse(Object(Twig_TokenStream))
#7 C:\xampp\htdocs\TicketSystem\vendor\twig\twig\lib\Twig\Environment.php(750): Twig_Environment->parse(Object(Twig_TokenStream))
#8 C:\xampp\htdocs\TicketSystem\vendor\twig\twig\lib\Twig\Environment.php(447): Twig_Environment->compileSource(Object(Twig_Source))
#9 C:\xampp\htdocs\TicketSystem\vendor\yeephp\yeephp\Yee\Views\Twig.php(87): Twig_Environment->loadTemplate('register.twig')
#10 C:\xampp\htdocs\TicketSystem\vendor\yeephp\yeephp\Yee\View.php(255): Yee\Views\Twig->render('register.twig', NULL)
#11 C:\xampp\htdocs\TicketSystem\vendor\yeephp\yeephp\Yee\View.php(243): Yee\View->fetch('register.twig', NULL)
#12 C:\xampp\htdocs\TicketSystem\vendor\yeephp\yeephp\Yee\Yee.php(766): Yee\View->display('register.twig')
#13 C:\xampp\htdocs\TicketSystem\App\Controllers\RegisterController.php(18): Yee\Yee->render('register.twig')
#14 [internal function]: App\Controllers\RegisterController->index()
#15 C:\xampp\htdocs\TicketSystem\vendor\yeephp\yeephp\Yee\Managers\Controller\Controller.php(23): call_user_func_array(Array, Array)
#16 [internal function]: Yee\Managers\Controller\Controller::__callStatic('index', Array)
#17 C:\xampp\htdocs\TicketSystem\vendor\yeephp\yeephp\Yee\Route.php(468): call_user_func_array('\\App\\Controller...', Array)
#18 C:\xampp\htdocs\TicketSystem\vendor\yeephp\yeephp\Yee\Yee.php(1374): Yee\Route->dispatch()
#19 C:\xampp\htdocs\TicketSystem\vendor\yeephp\yeephp\Yee\Middleware\Flash.php(85): Yee\Yee->call()
#20 C:\xampp\htdocs\TicketSystem\vendor\yeephp\yeephp\Yee\Middleware\MethodOverride.php(92): Yee\Middleware\Flash->call()
#21 C:\xampp\htdocs\TicketSystem\vendor\yeephp\yeephp\Yee\Middleware\PrettyExceptions.php(67): Yee\Middleware\MethodOverride->call()
#22 C:\xampp\htdocs\TicketSystem\vendor\yeephp\yeephp\Yee\Yee.php(1282): Yee\Middleware\PrettyExceptions->call()
#23 C:\xampp\htdocs\TicketSystem\public\index.php(26): Yee\Yee->execute()
#24 {main}
ERROR - 2017-06-19 13:30:15 - Twig_Error_Syntax: Unknown "flash" function. in C:\xampp\htdocs\TicketSystem\templates\register.twig:2
Stack trace:
#0 C:\xampp\htdocs\TicketSystem\vendor\twig\twig\lib\Twig\ExpressionParser.php(374): Twig_ExpressionParser->getFunctionNodeClass('flash', 2)
#1 C:\xampp\htdocs\TicketSystem\vendor\twig\twig\lib\Twig\ExpressionParser.php(162): Twig_ExpressionParser->getFunctionNode('flash', 2)
#2 C:\xampp\htdocs\TicketSystem\vendor\twig\twig\lib\Twig\ExpressionParser.php(102): Twig_ExpressionParser->parsePrimaryExpression()
#3 C:\xampp\htdocs\TicketSystem\vendor\twig\twig\lib\Twig\ExpressionParser.php(55): Twig_ExpressionParser->getPrimary()
#4 C:\xampp\htdocs\TicketSystem\vendor\twig\twig\lib\Twig\Parser.php(147): Twig_ExpressionParser->parseExpression()
#5 C:\xampp\htdocs\TicketSystem\vendor\twig\twig\lib\Twig\Parser.php(103): Twig_Parser->subparse(NULL, false)
#6 C:\xampp\htdocs\TicketSystem\vendor\twig\twig\lib\Twig\Environment.php(692): Twig_Parser->parse(Object(Twig_TokenStream))
#7 C:\xampp\htdocs\TicketSystem\vendor\twig\twig\lib\Twig\Environment.php(750): Twig_Environment->parse(Object(Twig_TokenStream))
#8 C:\xampp\htdocs\TicketSystem\vendor\twig\twig\lib\Twig\Environment.php(447): Twig_Environment->compileSource(Object(Twig_Source))
#9 C:\xampp\htdocs\TicketSystem\vendor\yeephp\yeephp\Yee\Views\Twig.php(87): Twig_Environment->loadTemplate('register.twig')
#10 C:\xampp\htdocs\TicketSystem\vendor\yeephp\yeephp\Yee\View.php(255): Yee\Views\Twig->render('register.twig', NULL)
#11 C:\xampp\htdocs\TicketSystem\vendor\yeephp\yeephp\Yee\View.php(243): Yee\View->fetch('register.twig', NULL)
#12 C:\xampp\htdocs\TicketSystem\vendor\yeephp\yeephp\Yee\Yee.php(766): Yee\View->display('register.twig')
#13 C:\xampp\htdocs\TicketSystem\App\Controllers\RegisterController.php(18): Yee\Yee->render('register.twig')
#14 [internal function]: App\Controllers\RegisterController->index()
#15 C:\xampp\htdocs\TicketSystem\vendor\yeephp\yeephp\Yee\Managers\Controller\Controller.php(23): call_user_func_array(Array, Array)
#16 [internal function]: Yee\Managers\Controller\Controller::__callStatic('index', Array)
#17 C:\xampp\htdocs\TicketSystem\vendor\yeephp\yeephp\Yee\Route.php(468): call_user_func_array('\\App\\Controller...', Array)
#18 C:\xampp\htdocs\TicketSystem\vendor\yeephp\yeephp\Yee\Yee.php(1374): Yee\Route->dispatch()
#19 C:\xampp\htdocs\TicketSystem\vendor\yeephp\yeephp\Yee\Middleware\Flash.php(85): Yee\Yee->call()
#20 C:\xampp\htdocs\TicketSystem\vendor\yeephp\yeephp\Yee\Middleware\MethodOverride.php(92): Yee\Middleware\Flash->call()
#21 C:\xampp\htdocs\TicketSystem\vendor\yeephp\yeephp\Yee\Middleware\PrettyExceptions.php(67): Yee\Middleware\MethodOverride->call()
#22 C:\xampp\htdocs\TicketSystem\vendor\yeephp\yeephp\Yee\Yee.php(1282): Yee\Middleware\PrettyExceptions->call()
#23 C:\xampp\htdocs\TicketSystem\public\index.php(26): Yee\Yee->execute()
#24 {main}
ERROR - 2017-06-19 13:30:15 - Twig_Error_Syntax: Unknown "flash" function. in C:\xampp\htdocs\TicketSystem\templates\register.twig:2
Stack trace:
#0 C:\xampp\htdocs\TicketSystem\vendor\twig\twig\lib\Twig\ExpressionParser.php(374): Twig_ExpressionParser->getFunctionNodeClass('flash', 2)
#1 C:\xampp\htdocs\TicketSystem\vendor\twig\twig\lib\Twig\ExpressionParser.php(162): Twig_ExpressionParser->getFunctionNode('flash', 2)
#2 C:\xampp\htdocs\TicketSystem\vendor\twig\twig\lib\Twig\ExpressionParser.php(102): Twig_ExpressionParser->parsePrimaryExpression()
#3 C:\xampp\htdocs\TicketSystem\vendor\twig\twig\lib\Twig\ExpressionParser.php(55): Twig_ExpressionParser->getPrimary()
#4 C:\xampp\htdocs\TicketSystem\vendor\twig\twig\lib\Twig\Parser.php(147): Twig_ExpressionParser->parseExpression()
#5 C:\xampp\htdocs\TicketSystem\vendor\twig\twig\lib\Twig\Parser.php(103): Twig_Parser->subparse(NULL, false)
#6 C:\xampp\htdocs\TicketSystem\vendor\twig\twig\lib\Twig\Environment.php(692): Twig_Parser->parse(Object(Twig_TokenStream))
#7 C:\xampp\htdocs\TicketSystem\vendor\twig\twig\lib\Twig\Environment.php(750): Twig_Environment->parse(Object(Twig_TokenStream))
#8 C:\xampp\htdocs\TicketSystem\vendor\twig\twig\lib\Twig\Environment.php(447): Twig_Environment->compileSource(Object(Twig_Source))
#9 C:\xampp\htdocs\TicketSystem\vendor\yeephp\yeephp\Yee\Views\Twig.php(87): Twig_Environment->loadTemplate('register.twig')
#10 C:\xampp\htdocs\TicketSystem\vendor\yeephp\yeephp\Yee\View.php(255): Yee\Views\Twig->render('register.twig', NULL)
#11 C:\xampp\htdocs\TicketSystem\vendor\yeephp\yeephp\Yee\View.php(243): Yee\View->fetch('register.twig', NULL)
#12 C:\xampp\htdocs\TicketSystem\vendor\yeephp\yeephp\Yee\Yee.php(766): Yee\View->display('register.twig')
#13 C:\xampp\htdocs\TicketSystem\App\Controllers\RegisterController.php(18): Yee\Yee->render('register.twig')
#14 [internal function]: App\Controllers\RegisterController->index()
#15 C:\xampp\htdocs\TicketSystem\vendor\yeephp\yeephp\Yee\Managers\Controller\Controller.php(23): call_user_func_array(Array, Array)
#16 [internal function]: Yee\Managers\Controller\Controller::__callStatic('index', Array)
#17 C:\xampp\htdocs\TicketSystem\vendor\yeephp\yeephp\Yee\Route.php(468): call_user_func_array('\\App\\Controller...', Array)
#18 C:\xampp\htdocs\TicketSystem\vendor\yeephp\yeephp\Yee\Yee.php(1374): Yee\Route->dispatch()
#19 C:\xampp\htdocs\TicketSystem\vendor\yeephp\yeephp\Yee\Middleware\Flash.php(85): Yee\Yee->call()
#20 C:\xampp\htdocs\TicketSystem\vendor\yeephp\yeephp\Yee\Middleware\MethodOverride.php(92): Yee\Middleware\Flash->call()
#21 C:\xampp\htdocs\TicketSystem\vendor\yeephp\yeephp\Yee\Middleware\PrettyExceptions.php(67): Yee\Middleware\MethodOverride->call()
#22 C:\xampp\htdocs\TicketSystem\vendor\yeephp\yeephp\Yee\Yee.php(1282): Yee\Middleware\PrettyExceptions->call()
#23 C:\xampp\htdocs\TicketSystem\public\index.php(26): Yee\Yee->execute()
#24 {main}
ERROR - 2017-06-19 13:30:16 - Twig_Error_Syntax: Unknown "flash" function. in C:\xampp\htdocs\TicketSystem\templates\register.twig:2
Stack trace:
#0 C:\xampp\htdocs\TicketSystem\vendor\twig\twig\lib\Twig\ExpressionParser.php(374): Twig_ExpressionParser->getFunctionNodeClass('flash', 2)
#1 C:\xampp\htdocs\TicketSystem\vendor\twig\twig\lib\Twig\ExpressionParser.php(162): Twig_ExpressionParser->getFunctionNode('flash', 2)
#2 C:\xampp\htdocs\TicketSystem\vendor\twig\twig\lib\Twig\ExpressionParser.php(102): Twig_ExpressionParser->parsePrimaryExpression()
#3 C:\xampp\htdocs\TicketSystem\vendor\twig\twig\lib\Twig\ExpressionParser.php(55): Twig_ExpressionParser->getPrimary()
#4 C:\xampp\htdocs\TicketSystem\vendor\twig\twig\lib\Twig\Parser.php(147): Twig_ExpressionParser->parseExpression()
#5 C:\xampp\htdocs\TicketSystem\vendor\twig\twig\lib\Twig\Parser.php(103): Twig_Parser->subparse(NULL, false)
#6 C:\xampp\htdocs\TicketSystem\vendor\twig\twig\lib\Twig\Environment.php(692): Twig_Parser->parse(Object(Twig_TokenStream))
#7 C:\xampp\htdocs\TicketSystem\vendor\twig\twig\lib\Twig\Environment.php(750): Twig_Environment->parse(Object(Twig_TokenStream))
#8 C:\xampp\htdocs\TicketSystem\vendor\twig\twig\lib\Twig\Environment.php(447): Twig_Environment->compileSource(Object(Twig_Source))
#9 C:\xampp\htdocs\TicketSystem\vendor\yeephp\yeephp\Yee\Views\Twig.php(87): Twig_Environment->loadTemplate('register.twig')
#10 C:\xampp\htdocs\TicketSystem\vendor\yeephp\yeephp\Yee\View.php(255): Yee\Views\Twig->render('register.twig', NULL)
#11 C:\xampp\htdocs\TicketSystem\vendor\yeephp\yeephp\Yee\View.php(243): Yee\View->fetch('register.twig', NULL)
#12 C:\xampp\htdocs\TicketSystem\vendor\yeephp\yeephp\Yee\Yee.php(766): Yee\View->display('register.twig')
#13 C:\xampp\htdocs\TicketSystem\App\Controllers\RegisterController.php(18): Yee\Yee->render('register.twig')
#14 [internal function]: App\Controllers\RegisterController->index()
#15 C:\xampp\htdocs\TicketSystem\vendor\yeephp\yeephp\Yee\Managers\Controller\Controller.php(23): call_user_func_array(Array, Array)
#16 [internal function]: Yee\Managers\Controller\Controller::__callStatic('index', Array)
#17 C:\xampp\htdocs\TicketSystem\vendor\yeephp\yeephp\Yee\Route.php(468): call_user_func_array('\\App\\Controller...', Array)
#18 C:\xampp\htdocs\TicketSystem\vendor\yeephp\yeephp\Yee\Yee.php(1374): Yee\Route->dispatch()
#19 C:\xampp\htdocs\TicketSystem\vendor\yeephp\yeephp\Yee\Middleware\Flash.php(85): Yee\Yee->call()
#20 C:\xampp\htdocs\TicketSystem\vendor\yeephp\yeephp\Yee\Middleware\MethodOverride.php(92): Yee\Middleware\Flash->call()
#21 C:\xampp\htdocs\TicketSystem\vendor\yeephp\yeephp\Yee\Middleware\PrettyExceptions.php(67): Yee\Middleware\MethodOverride->call()
#22 C:\xampp\htdocs\TicketSystem\vendor\yeephp\yeephp\Yee\Yee.php(1282): Yee\Middleware\PrettyExceptions->call()
#23 C:\xampp\htdocs\TicketSystem\public\index.php(26): Yee\Yee->execute()
#24 {main}
ERROR - 2017-06-19 13:30:16 - Twig_Error_Syntax: Unknown "flash" function. in C:\xampp\htdocs\TicketSystem\templates\register.twig:2
Stack trace:
#0 C:\xampp\htdocs\TicketSystem\vendor\twig\twig\lib\Twig\ExpressionParser.php(374): Twig_ExpressionParser->getFunctionNodeClass('flash', 2)
#1 C:\xampp\htdocs\TicketSystem\vendor\twig\twig\lib\Twig\ExpressionParser.php(162): Twig_ExpressionParser->getFunctionNode('flash', 2)
#2 C:\xampp\htdocs\TicketSystem\vendor\twig\twig\lib\Twig\ExpressionParser.php(102): Twig_ExpressionParser->parsePrimaryExpression()
#3 C:\xampp\htdocs\TicketSystem\vendor\twig\twig\lib\Twig\ExpressionParser.php(55): Twig_ExpressionParser->getPrimary()
#4 C:\xampp\htdocs\TicketSystem\vendor\twig\twig\lib\Twig\Parser.php(147): Twig_ExpressionParser->parseExpression()
#5 C:\xampp\htdocs\TicketSystem\vendor\twig\twig\lib\Twig\Parser.php(103): Twig_Parser->subparse(NULL, false)
#6 C:\xampp\htdocs\TicketSystem\vendor\twig\twig\lib\Twig\Environment.php(692): Twig_Parser->parse(Object(Twig_TokenStream))
#7 C:\xampp\htdocs\TicketSystem\vendor\twig\twig\lib\Twig\Environment.php(750): Twig_Environment->parse(Object(Twig_TokenStream))
#8 C:\xampp\htdocs\TicketSystem\vendor\twig\twig\lib\Twig\Environment.php(447): Twig_Environment->compileSource(Object(Twig_Source))
#9 C:\xampp\htdocs\TicketSystem\vendor\yeephp\yeephp\Yee\Views\Twig.php(87): Twig_Environment->loadTemplate('register.twig')
#10 C:\xampp\htdocs\TicketSystem\vendor\yeephp\yeephp\Yee\View.php(255): Yee\Views\Twig->render('register.twig', NULL)
#11 C:\xampp\htdocs\TicketSystem\vendor\yeephp\yeephp\Yee\View.php(243): Yee\View->fetch('register.twig', NULL)
#12 C:\xampp\htdocs\TicketSystem\vendor\yeephp\yeephp\Yee\Yee.php(766): Yee\View->display('register.twig')
#13 C:\xampp\htdocs\TicketSystem\App\Controllers\RegisterController.php(18): Yee\Yee->render('register.twig')
#14 [internal function]: App\Controllers\RegisterController->index()
#15 C:\xampp\htdocs\TicketSystem\vendor\yeephp\yeephp\Yee\Managers\Controller\Controller.php(23): call_user_func_array(Array, Array)
#16 [internal function]: Yee\Managers\Controller\Controller::__callStatic('index', Array)
#17 C:\xampp\htdocs\TicketSystem\vendor\yeephp\yeephp\Yee\Route.php(468): call_user_func_array('\\App\\Controller...', Array)
#18 C:\xampp\htdocs\TicketSystem\vendor\yeephp\yeephp\Yee\Yee.php(1374): Yee\Route->dispatch()
#19 C:\xampp\htdocs\TicketSystem\vendor\yeephp\yeephp\Yee\Middleware\Flash.php(85): Yee\Yee->call()
#20 C:\xampp\htdocs\TicketSystem\vendor\yeephp\yeephp\Yee\Middleware\MethodOverride.php(92): Yee\Middleware\Flash->call()
#21 C:\xampp\htdocs\TicketSystem\vendor\yeephp\yeephp\Yee\Middleware\PrettyExceptions.php(67): Yee\Middleware\MethodOverride->call()
#22 C:\xampp\htdocs\TicketSystem\vendor\yeephp\yeephp\Yee\Yee.php(1282): Yee\Middleware\PrettyExceptions->call()
#23 C:\xampp\htdocs\TicketSystem\public\index.php(26): Yee\Yee->execute()
#24 {main}
ERROR - 2017-06-19 13:46:44 - ErrorException: Undefined index: username in C:\xampp\htdocs\TicketSystem\App\Controllers\LoginController.php:38
Stack trace:
#0 C:\xampp\htdocs\TicketSystem\App\Controllers\LoginController.php(38): Yee\Yee::handleErrors(8, 'Undefined index...', 'C:\\xampp\\htdocs...', 38, Array)
#1 [internal function]: App\Controllers\LoginController->loginPost()
#2 C:\xampp\htdocs\TicketSystem\vendor\yeephp\yeephp\Yee\Managers\Controller\Controller.php(23): call_user_func_array(Array, Array)
#3 [internal function]: Yee\Managers\Controller\Controller::__callStatic('loginPost', Array)
#4 C:\xampp\htdocs\TicketSystem\vendor\yeephp\yeephp\Yee\Route.php(468): call_user_func_array('\\App\\Controller...', Array)
#5 C:\xampp\htdocs\TicketSystem\vendor\yeephp\yeephp\Yee\Yee.php(1374): Yee\Route->dispatch()
#6 C:\xampp\htdocs\TicketSystem\vendor\yeephp\yeephp\Yee\Middleware\Flash.php(85): Yee\Yee->call()
#7 C:\xampp\htdocs\TicketSystem\vendor\yeephp\yeephp\Yee\Middleware\MethodOverride.php(92): Yee\Middleware\Flash->call()
#8 C:\xampp\htdocs\TicketSystem\vendor\yeephp\yeephp\Yee\Middleware\PrettyExceptions.php(67): Yee\Middleware\MethodOverride->call()
#9 C:\xampp\htdocs\TicketSystem\vendor\yeephp\yeephp\Yee\Yee.php(1282): Yee\Middleware\PrettyExceptions->call()
#10 C:\xampp\htdocs\TicketSystem\public\index.php(26): Yee\Yee->execute()
#11 {main}
ERROR - 2017-06-19 13:50:21 - Twig_Error_Syntax: Unexpected character "!". in C:\xampp\htdocs\TicketSystem\templates\login.twig:4
Stack trace:
#0 C:\xampp\htdocs\TicketSystem\vendor\twig\twig\lib\Twig\Lexer.php(227): Twig_Lexer->lexExpression()
#1 C:\xampp\htdocs\TicketSystem\vendor\twig\twig\lib\Twig\Lexer.php(126): Twig_Lexer->lexVar()
#2 C:\xampp\htdocs\TicketSystem\vendor\twig\twig\lib\Twig\Environment.php(653): Twig_Lexer->tokenize(Object(Twig_Source))
#3 C:\xampp\htdocs\TicketSystem\vendor\twig\twig\lib\Twig\Environment.php(750): Twig_Environment->tokenize(Object(Twig_Source))
#4 C:\xampp\htdocs\TicketSystem\vendor\twig\twig\lib\Twig\Environment.php(447): Twig_Environment->compileSource(Object(Twig_Source))
#5 C:\xampp\htdocs\TicketSystem\vendor\yeephp\yeephp\Yee\Views\Twig.php(87): Twig_Environment->loadTemplate('login.twig')
#6 C:\xampp\htdocs\TicketSystem\vendor\yeephp\yeephp\Yee\View.php(255): Yee\Views\Twig->render('login.twig', NULL)
#7 C:\xampp\htdocs\TicketSystem\vendor\yeephp\yeephp\Yee\View.php(243): Yee\View->fetch('login.twig', NULL)
#8 C:\xampp\htdocs\TicketSystem\vendor\yeephp\yeephp\Yee\Yee.php(766): Yee\View->display('login.twig')
#9 C:\xampp\htdocs\TicketSystem\App\Controllers\LoginController.php(18): Yee\Yee->render('login.twig')
#10 [internal function]: App\Controllers\LoginController->index()
#11 C:\xampp\htdocs\TicketSystem\vendor\yeephp\yeephp\Yee\Managers\Controller\Controller.php(23): call_user_func_array(Array, Array)
#12 [internal function]: Yee\Managers\Controller\Controller::__callStatic('index', Array)
#13 C:\xampp\htdocs\TicketSystem\vendor\yeephp\yeephp\Yee\Route.php(468): call_user_func_array('\\App\\Controller...', Array)
#14 C:\xampp\htdocs\TicketSystem\vendor\yeephp\yeephp\Yee\Yee.php(1374): Yee\Route->dispatch()
#15 C:\xampp\htdocs\TicketSystem\vendor\yeephp\yeephp\Yee\Middleware\Flash.php(85): Yee\Yee->call()
#16 C:\xampp\htdocs\TicketSystem\vendor\yeephp\yeephp\Yee\Middleware\MethodOverride.php(92): Yee\Middleware\Flash->call()
#17 C:\xampp\htdocs\TicketSystem\vendor\yeephp\yeephp\Yee\Middleware\PrettyExceptions.php(67): Yee\Middleware\MethodOverride->call()
#18 C:\xampp\htdocs\TicketSystem\vendor\yeephp\yeephp\Yee\Yee.php(1282): Yee\Middleware\PrettyExceptions->call()
#19 C:\xampp\htdocs\TicketSystem\public\index.php(26): Yee\Yee->execute()
#20 {main}
ERROR - 2017-06-19 13:55:08 - Twig_Error_Syntax: Unexpected character "!". in C:\xampp\htdocs\TicketSystem\templates\login.twig:5
Stack trace:
#0 C:\xampp\htdocs\TicketSystem\vendor\twig\twig\lib\Twig\Lexer.php(227): Twig_Lexer->lexExpression()
#1 C:\xampp\htdocs\TicketSystem\vendor\twig\twig\lib\Twig\Lexer.php(126): Twig_Lexer->lexVar()
#2 C:\xampp\htdocs\TicketSystem\vendor\twig\twig\lib\Twig\Environment.php(653): Twig_Lexer->tokenize(Object(Twig_Source))
#3 C:\xampp\htdocs\TicketSystem\vendor\twig\twig\lib\Twig\Environment.php(750): Twig_Environment->tokenize(Object(Twig_Source))
#4 C:\xampp\htdocs\TicketSystem\vendor\twig\twig\lib\Twig\Environment.php(447): Twig_Environment->compileSource(Object(Twig_Source))
#5 C:\xampp\htdocs\TicketSystem\vendor\yeephp\yeephp\Yee\Views\Twig.php(87): Twig_Environment->loadTemplate('login.twig')
#6 C:\xampp\htdocs\TicketSystem\vendor\yeephp\yeephp\Yee\View.php(255): Yee\Views\Twig->render('login.twig', NULL)
#7 C:\xampp\htdocs\TicketSystem\vendor\yeephp\yeephp\Yee\View.php(243): Yee\View->fetch('login.twig', NULL)
#8 C:\xampp\htdocs\TicketSystem\vendor\yeephp\yeephp\Yee\Yee.php(766): Yee\View->display('login.twig')
#9 C:\xampp\htdocs\TicketSystem\App\Controllers\LoginController.php(18): Yee\Yee->render('login.twig')
#10 [internal function]: App\Controllers\LoginController->index()
#11 C:\xampp\htdocs\TicketSystem\vendor\yeephp\yeephp\Yee\Managers\Controller\Controller.php(23): call_user_func_array(Array, Array)
#12 [internal function]: Yee\Managers\Controller\Controller::__callStatic('index', Array)
#13 C:\xampp\htdocs\TicketSystem\vendor\yeephp\yeephp\Yee\Route.php(468): call_user_func_array('\\App\\Controller...', Array)
#14 C:\xampp\htdocs\TicketSystem\vendor\yeephp\yeephp\Yee\Yee.php(1374): Yee\Route->dispatch()
#15 C:\xampp\htdocs\TicketSystem\vendor\yeephp\yeephp\Yee\Middleware\Flash.php(85): Yee\Yee->call()
#16 C:\xampp\htdocs\TicketSystem\vendor\yeephp\yeephp\Yee\Middleware\MethodOverride.php(92): Yee\Middleware\Flash->call()
#17 C:\xampp\htdocs\TicketSystem\vendor\yeephp\yeephp\Yee\Middleware\PrettyExceptions.php(67): Yee\Middleware\MethodOverride->call()
#18 C:\xampp\htdocs\TicketSystem\vendor\yeephp\yeephp\Yee\Yee.php(1282): Yee\Middleware\PrettyExceptions->call()
#19 C:\xampp\htdocs\TicketSystem\public\index.php(26): Yee\Yee->execute()
#20 {main}
ERROR - 2017-06-19 13:55:09 - Twig_Error_Syntax: Unexpected character "!". in C:\xampp\htdocs\TicketSystem\templates\login.twig:5
Stack trace:
#0 C:\xampp\htdocs\TicketSystem\vendor\twig\twig\lib\Twig\Lexer.php(227): Twig_Lexer->lexExpression()
#1 C:\xampp\htdocs\TicketSystem\vendor\twig\twig\lib\Twig\Lexer.php(126): Twig_Lexer->lexVar()
#2 C:\xampp\htdocs\TicketSystem\vendor\twig\twig\lib\Twig\Environment.php(653): Twig_Lexer->tokenize(Object(Twig_Source))
#3 C:\xampp\htdocs\TicketSystem\vendor\twig\twig\lib\Twig\Environment.php(750): Twig_Environment->tokenize(Object(Twig_Source))
#4 C:\xampp\htdocs\TicketSystem\vendor\twig\twig\lib\Twig\Environment.php(447): Twig_Environment->compileSource(Object(Twig_Source))
#5 C:\xampp\htdocs\TicketSystem\vendor\yeephp\yeephp\Yee\Views\Twig.php(87): Twig_Environment->loadTemplate('login.twig')
#6 C:\xampp\htdocs\TicketSystem\vendor\yeephp\yeephp\Yee\View.php(255): Yee\Views\Twig->render('login.twig', NULL)
#7 C:\xampp\htdocs\TicketSystem\vendor\yeephp\yeephp\Yee\View.php(243): Yee\View->fetch('login.twig', NULL)
#8 C:\xampp\htdocs\TicketSystem\vendor\yeephp\yeephp\Yee\Yee.php(766): Yee\View->display('login.twig')
#9 C:\xampp\htdocs\TicketSystem\App\Controllers\LoginController.php(18): Yee\Yee->render('login.twig')
#10 [internal function]: App\Controllers\LoginController->index()
#11 C:\xampp\htdocs\TicketSystem\vendor\yeephp\yeephp\Yee\Managers\Controller\Controller.php(23): call_user_func_array(Array, Array)
#12 [internal function]: Yee\Managers\Controller\Controller::__callStatic('index', Array)
#13 C:\xampp\htdocs\TicketSystem\vendor\yeephp\yeephp\Yee\Route.php(468): call_user_func_array('\\App\\Controller...', Array)
#14 C:\xampp\htdocs\TicketSystem\vendor\yeephp\yeephp\Yee\Yee.php(1374): Yee\Route->dispatch()
#15 C:\xampp\htdocs\TicketSystem\vendor\yeephp\yeephp\Yee\Middleware\Flash.php(85): Yee\Yee->call()
#16 C:\xampp\htdocs\TicketSystem\vendor\yeephp\yeephp\Yee\Middleware\MethodOverride.php(92): Yee\Middleware\Flash->call()
#17 C:\xampp\htdocs\TicketSystem\vendor\yeephp\yeephp\Yee\Middleware\PrettyExceptions.php(67): Yee\Middleware\MethodOverride->call()
#18 C:\xampp\htdocs\TicketSystem\vendor\yeephp\yeephp\Yee\Yee.php(1282): Yee\Middleware\PrettyExceptions->call()
#19 C:\xampp\htdocs\TicketSystem\public\index.php(26): Yee\Yee->execute()
#20 {main}
