ERROR - 2017-06-22 09:35:09 - Twig_Error_Syntax: Unknown "path" function. in C:\xampp\htdocs\TicketSystem\templates\layouts\layout.twig:37
Stack trace:
#0 C:\xampp\htdocs\TicketSystem\vendor\twig\twig\lib\Twig\ExpressionParser.php(374): Twig_ExpressionParser->getFunctionNodeClass('path', 37)
#1 C:\xampp\htdocs\TicketSystem\vendor\twig\twig\lib\Twig\ExpressionParser.php(162): Twig_ExpressionParser->getFunctionNode('path', 37)
#2 C:\xampp\htdocs\TicketSystem\vendor\twig\twig\lib\Twig\ExpressionParser.php(102): Twig_ExpressionParser->parsePrimaryExpression()
#3 C:\xampp\htdocs\TicketSystem\vendor\twig\twig\lib\Twig\ExpressionParser.php(55): Twig_ExpressionParser->getPrimary()
#4 C:\xampp\htdocs\TicketSystem\vendor\twig\twig\lib\Twig\Parser.php(147): Twig_ExpressionParser->parseExpression()
#5 C:\xampp\htdocs\TicketSystem\vendor\twig\twig\lib\Twig\Parser.php(103): Twig_Parser->subparse(NULL, false)
#6 C:\xampp\htdocs\TicketSystem\vendor\twig\twig\lib\Twig\Environment.php(692): Twig_Parser->parse(Object(Twig_TokenStream))
#7 C:\xampp\htdocs\TicketSystem\vendor\twig\twig\lib\Twig\Environment.php(750): Twig_Environment->parse(Object(Twig_TokenStream))
#8 C:\xampp\htdocs\TicketSystem\vendor\twig\twig\lib\Twig\Environment.php(447): Twig_Environment->compileSource(Object(Twig_Source))
#9 C:\xampp\htdocs\TicketSystem\vendor\twig\twig\lib\Twig\Template.php(366): Twig_Environment->loadTemplate('layouts/layout....', NULL)
#10 C:\xampp\htdocs\TicketSystem\vendor\twig\twig\lib\Twig\Environment.php(462) : eval()'d code(11): Twig_Template->loadTemplate('layouts/layout....', 'tickets/doing.t...', 1)
#11 C:\xampp\htdocs\TicketSystem\vendor\twig\twig\lib\Twig\Environment.php(475): __TwigTemplate_cd53691b42316ba49fbf5b55b191b941707150521b67e2c6b43008b60f56c479->__construct(Object(Twig_Environment))
#12 C:\xampp\htdocs\TicketSystem\vendor\yeephp\yeephp\Yee\Views\Twig.php(87): Twig_Environment->loadTemplate('tickets/doing.t...')
#13 C:\xampp\htdocs\TicketSystem\vendor\yeephp\yeephp\Yee\View.php(255): Yee\Views\Twig->render('tickets/doing.t...', NULL)
#14 C:\xampp\htdocs\TicketSystem\vendor\yeephp\yeephp\Yee\View.php(243): Yee\View->fetch('tickets/doing.t...', NULL)
#15 C:\xampp\htdocs\TicketSystem\vendor\yeephp\yeephp\Yee\Yee.php(766): Yee\View->display('tickets/doing.t...')
#16 C:\xampp\htdocs\TicketSystem\App\Controllers\TicketsController.php(51): Yee\Yee->render('tickets/doing.t...', Array)
#17 [internal function]: App\Controllers\TicketsController->doingIndex()
#18 C:\xampp\htdocs\TicketSystem\vendor\yeephp\yeephp\Yee\Managers\Controller\Controller.php(23): call_user_func_array(Array, Array)
#19 [internal function]: Yee\Managers\Controller\Controller::__callStatic('doingIndex', Array)
#20 C:\xampp\htdocs\TicketSystem\vendor\yeephp\yeephp\Yee\Route.php(468): call_user_func_array('\\App\\Controller...', Array)
#21 C:\xampp\htdocs\TicketSystem\vendor\yeephp\yeephp\Yee\Yee.php(1374): Yee\Route->dispatch()
#22 C:\xampp\htdocs\TicketSystem\vendor\yeephp\yeephp\Yee\Middleware\Flash.php(85): Yee\Yee->call()
#23 C:\xampp\htdocs\TicketSystem\vendor\yeephp\yeephp\Yee\Middleware\MethodOverride.php(92): Yee\Middleware\Flash->call()
#24 C:\xampp\htdocs\TicketSystem\vendor\yeephp\yeephp\Yee\Middleware\PrettyExceptions.php(67): Yee\Middleware\MethodOverride->call()
#25 C:\xampp\htdocs\TicketSystem\vendor\yeephp\yeephp\Yee\Yee.php(1282): Yee\Middleware\PrettyExceptions->call()
#26 C:\xampp\htdocs\TicketSystem\public\index.php(26): Yee\Yee->execute()
#27 {main}
ERROR - 2017-06-22 09:35:10 - Twig_Error_Syntax: Unknown "path" function. in C:\xampp\htdocs\TicketSystem\templates\layouts\layout.twig:37
Stack trace:
#0 C:\xampp\htdocs\TicketSystem\vendor\twig\twig\lib\Twig\ExpressionParser.php(374): Twig_ExpressionParser->getFunctionNodeClass('path', 37)
#1 C:\xampp\htdocs\TicketSystem\vendor\twig\twig\lib\Twig\ExpressionParser.php(162): Twig_ExpressionParser->getFunctionNode('path', 37)
#2 C:\xampp\htdocs\TicketSystem\vendor\twig\twig\lib\Twig\ExpressionParser.php(102): Twig_ExpressionParser->parsePrimaryExpression()
#3 C:\xampp\htdocs\TicketSystem\vendor\twig\twig\lib\Twig\ExpressionParser.php(55): Twig_ExpressionParser->getPrimary()
#4 C:\xampp\htdocs\TicketSystem\vendor\twig\twig\lib\Twig\Parser.php(147): Twig_ExpressionParser->parseExpression()
#5 C:\xampp\htdocs\TicketSystem\vendor\twig\twig\lib\Twig\Parser.php(103): Twig_Parser->subparse(NULL, false)
#6 C:\xampp\htdocs\TicketSystem\vendor\twig\twig\lib\Twig\Environment.php(692): Twig_Parser->parse(Object(Twig_TokenStream))
#7 C:\xampp\htdocs\TicketSystem\vendor\twig\twig\lib\Twig\Environment.php(750): Twig_Environment->parse(Object(Twig_TokenStream))
#8 C:\xampp\htdocs\TicketSystem\vendor\twig\twig\lib\Twig\Environment.php(447): Twig_Environment->compileSource(Object(Twig_Source))
#9 C:\xampp\htdocs\TicketSystem\vendor\twig\twig\lib\Twig\Template.php(366): Twig_Environment->loadTemplate('layouts/layout....', NULL)
#10 C:\xampp\htdocs\TicketSystem\vendor\twig\twig\lib\Twig\Environment.php(462) : eval()'d code(11): Twig_Template->loadTemplate('layouts/layout....', 'tickets/doing.t...', 1)
#11 C:\xampp\htdocs\TicketSystem\vendor\twig\twig\lib\Twig\Environment.php(475): __TwigTemplate_cd53691b42316ba49fbf5b55b191b941707150521b67e2c6b43008b60f56c479->__construct(Object(Twig_Environment))
#12 C:\xampp\htdocs\TicketSystem\vendor\yeephp\yeephp\Yee\Views\Twig.php(87): Twig_Environment->loadTemplate('tickets/doing.t...')
#13 C:\xampp\htdocs\TicketSystem\vendor\yeephp\yeephp\Yee\View.php(255): Yee\Views\Twig->render('tickets/doing.t...', NULL)
#14 C:\xampp\htdocs\TicketSystem\vendor\yeephp\yeephp\Yee\View.php(243): Yee\View->fetch('tickets/doing.t...', NULL)
#15 C:\xampp\htdocs\TicketSystem\vendor\yeephp\yeephp\Yee\Yee.php(766): Yee\View->display('tickets/doing.t...')
#16 C:\xampp\htdocs\TicketSystem\App\Controllers\TicketsController.php(51): Yee\Yee->render('tickets/doing.t...', Array)
#17 [internal function]: App\Controllers\TicketsController->doingIndex()
#18 C:\xampp\htdocs\TicketSystem\vendor\yeephp\yeephp\Yee\Managers\Controller\Controller.php(23): call_user_func_array(Array, Array)
#19 [internal function]: Yee\Managers\Controller\Controller::__callStatic('doingIndex', Array)
#20 C:\xampp\htdocs\TicketSystem\vendor\yeephp\yeephp\Yee\Route.php(468): call_user_func_array('\\App\\Controller...', Array)
#21 C:\xampp\htdocs\TicketSystem\vendor\yeephp\yeephp\Yee\Yee.php(1374): Yee\Route->dispatch()
#22 C:\xampp\htdocs\TicketSystem\vendor\yeephp\yeephp\Yee\Middleware\Flash.php(85): Yee\Yee->call()
#23 C:\xampp\htdocs\TicketSystem\vendor\yeephp\yeephp\Yee\Middleware\MethodOverride.php(92): Yee\Middleware\Flash->call()
#24 C:\xampp\htdocs\TicketSystem\vendor\yeephp\yeephp\Yee\Middleware\PrettyExceptions.php(67): Yee\Middleware\MethodOverride->call()
#25 C:\xampp\htdocs\TicketSystem\vendor\yeephp\yeephp\Yee\Yee.php(1282): Yee\Middleware\PrettyExceptions->call()
#26 C:\xampp\htdocs\TicketSystem\public\index.php(26): Yee\Yee->execute()
#27 {main}
ERROR - 2017-06-22 09:36:08 - Twig_Error_Syntax: Unknown "link" function. in C:\xampp\htdocs\TicketSystem\templates\layouts\layout.twig:37
Stack trace:
#0 C:\xampp\htdocs\TicketSystem\vendor\twig\twig\lib\Twig\ExpressionParser.php(374): Twig_ExpressionParser->getFunctionNodeClass('link', 37)
#1 C:\xampp\htdocs\TicketSystem\vendor\twig\twig\lib\Twig\ExpressionParser.php(162): Twig_ExpressionParser->getFunctionNode('link', 37)
#2 C:\xampp\htdocs\TicketSystem\vendor\twig\twig\lib\Twig\ExpressionParser.php(102): Twig_ExpressionParser->parsePrimaryExpression()
#3 C:\xampp\htdocs\TicketSystem\vendor\twig\twig\lib\Twig\ExpressionParser.php(55): Twig_ExpressionParser->getPrimary()
#4 C:\xampp\htdocs\TicketSystem\vendor\twig\twig\lib\Twig\Parser.php(147): Twig_ExpressionParser->parseExpression()
#5 C:\xampp\htdocs\TicketSystem\vendor\twig\twig\lib\Twig\Parser.php(103): Twig_Parser->subparse(NULL, false)
#6 C:\xampp\htdocs\TicketSystem\vendor\twig\twig\lib\Twig\Environment.php(692): Twig_Parser->parse(Object(Twig_TokenStream))
#7 C:\xampp\htdocs\TicketSystem\vendor\twig\twig\lib\Twig\Environment.php(750): Twig_Environment->parse(Object(Twig_TokenStream))
#8 C:\xampp\htdocs\TicketSystem\vendor\twig\twig\lib\Twig\Environment.php(447): Twig_Environment->compileSource(Object(Twig_Source))
#9 C:\xampp\htdocs\TicketSystem\vendor\twig\twig\lib\Twig\Template.php(366): Twig_Environment->loadTemplate('layouts/layout....', NULL)
#10 C:\xampp\htdocs\TicketSystem\vendor\twig\twig\lib\Twig\Environment.php(462) : eval()'d code(11): Twig_Template->loadTemplate('layouts/layout....', 'tickets/doing.t...', 1)
#11 C:\xampp\htdocs\TicketSystem\vendor\twig\twig\lib\Twig\Environment.php(475): __TwigTemplate_cd53691b42316ba49fbf5b55b191b941707150521b67e2c6b43008b60f56c479->__construct(Object(Twig_Environment))
#12 C:\xampp\htdocs\TicketSystem\vendor\yeephp\yeephp\Yee\Views\Twig.php(87): Twig_Environment->loadTemplate('tickets/doing.t...')
#13 C:\xampp\htdocs\TicketSystem\vendor\yeephp\yeephp\Yee\View.php(255): Yee\Views\Twig->render('tickets/doing.t...', NULL)
#14 C:\xampp\htdocs\TicketSystem\vendor\yeephp\yeephp\Yee\View.php(243): Yee\View->fetch('tickets/doing.t...', NULL)
#15 C:\xampp\htdocs\TicketSystem\vendor\yeephp\yeephp\Yee\Yee.php(766): Yee\View->display('tickets/doing.t...')
#16 C:\xampp\htdocs\TicketSystem\App\Controllers\TicketsController.php(51): Yee\Yee->render('tickets/doing.t...', Array)
#17 [internal function]: App\Controllers\TicketsController->doingIndex()
#18 C:\xampp\htdocs\TicketSystem\vendor\yeephp\yeephp\Yee\Managers\Controller\Controller.php(23): call_user_func_array(Array, Array)
#19 [internal function]: Yee\Managers\Controller\Controller::__callStatic('doingIndex', Array)
#20 C:\xampp\htdocs\TicketSystem\vendor\yeephp\yeephp\Yee\Route.php(468): call_user_func_array('\\App\\Controller...', Array)
#21 C:\xampp\htdocs\TicketSystem\vendor\yeephp\yeephp\Yee\Yee.php(1374): Yee\Route->dispatch()
#22 C:\xampp\htdocs\TicketSystem\vendor\yeephp\yeephp\Yee\Middleware\Flash.php(85): Yee\Yee->call()
#23 C:\xampp\htdocs\TicketSystem\vendor\yeephp\yeephp\Yee\Middleware\MethodOverride.php(92): Yee\Middleware\Flash->call()
#24 C:\xampp\htdocs\TicketSystem\vendor\yeephp\yeephp\Yee\Middleware\PrettyExceptions.php(67): Yee\Middleware\MethodOverride->call()
#25 C:\xampp\htdocs\TicketSystem\vendor\yeephp\yeephp\Yee\Yee.php(1282): Yee\Middleware\PrettyExceptions->call()
#26 C:\xampp\htdocs\TicketSystem\public\index.php(26): Yee\Yee->execute()
#27 {main}
ERROR - 2017-06-22 09:36:09 - Twig_Error_Syntax: Unknown "link" function. in C:\xampp\htdocs\TicketSystem\templates\layouts\layout.twig:37
Stack trace:
#0 C:\xampp\htdocs\TicketSystem\vendor\twig\twig\lib\Twig\ExpressionParser.php(374): Twig_ExpressionParser->getFunctionNodeClass('link', 37)
#1 C:\xampp\htdocs\TicketSystem\vendor\twig\twig\lib\Twig\ExpressionParser.php(162): Twig_ExpressionParser->getFunctionNode('link', 37)
#2 C:\xampp\htdocs\TicketSystem\vendor\twig\twig\lib\Twig\ExpressionParser.php(102): Twig_ExpressionParser->parsePrimaryExpression()
#3 C:\xampp\htdocs\TicketSystem\vendor\twig\twig\lib\Twig\ExpressionParser.php(55): Twig_ExpressionParser->getPrimary()
#4 C:\xampp\htdocs\TicketSystem\vendor\twig\twig\lib\Twig\Parser.php(147): Twig_ExpressionParser->parseExpression()
#5 C:\xampp\htdocs\TicketSystem\vendor\twig\twig\lib\Twig\Parser.php(103): Twig_Parser->subparse(NULL, false)
#6 C:\xampp\htdocs\TicketSystem\vendor\twig\twig\lib\Twig\Environment.php(692): Twig_Parser->parse(Object(Twig_TokenStream))
#7 C:\xampp\htdocs\TicketSystem\vendor\twig\twig\lib\Twig\Environment.php(750): Twig_Environment->parse(Object(Twig_TokenStream))
#8 C:\xampp\htdocs\TicketSystem\vendor\twig\twig\lib\Twig\Environment.php(447): Twig_Environment->compileSource(Object(Twig_Source))
#9 C:\xampp\htdocs\TicketSystem\vendor\twig\twig\lib\Twig\Template.php(366): Twig_Environment->loadTemplate('layouts/layout....', NULL)
#10 C:\xampp\htdocs\TicketSystem\vendor\twig\twig\lib\Twig\Environment.php(462) : eval()'d code(11): Twig_Template->loadTemplate('layouts/layout....', 'tickets/doing.t...', 1)
#11 C:\xampp\htdocs\TicketSystem\vendor\twig\twig\lib\Twig\Environment.php(475): __TwigTemplate_cd53691b42316ba49fbf5b55b191b941707150521b67e2c6b43008b60f56c479->__construct(Object(Twig_Environment))
#12 C:\xampp\htdocs\TicketSystem\vendor\yeephp\yeephp\Yee\Views\Twig.php(87): Twig_Environment->loadTemplate('tickets/doing.t...')
#13 C:\xampp\htdocs\TicketSystem\vendor\yeephp\yeephp\Yee\View.php(255): Yee\Views\Twig->render('tickets/doing.t...', NULL)
#14 C:\xampp\htdocs\TicketSystem\vendor\yeephp\yeephp\Yee\View.php(243): Yee\View->fetch('tickets/doing.t...', NULL)
#15 C:\xampp\htdocs\TicketSystem\vendor\yeephp\yeephp\Yee\Yee.php(766): Yee\View->display('tickets/doing.t...')
#16 C:\xampp\htdocs\TicketSystem\App\Controllers\TicketsController.php(51): Yee\Yee->render('tickets/doing.t...', Array)
#17 [internal function]: App\Controllers\TicketsController->doingIndex()
#18 C:\xampp\htdocs\TicketSystem\vendor\yeephp\yeephp\Yee\Managers\Controller\Controller.php(23): call_user_func_array(Array, Array)
#19 [internal function]: Yee\Managers\Controller\Controller::__callStatic('doingIndex', Array)
#20 C:\xampp\htdocs\TicketSystem\vendor\yeephp\yeephp\Yee\Route.php(468): call_user_func_array('\\App\\Controller...', Array)
#21 C:\xampp\htdocs\TicketSystem\vendor\yeephp\yeephp\Yee\Yee.php(1374): Yee\Route->dispatch()
#22 C:\xampp\htdocs\TicketSystem\vendor\yeephp\yeephp\Yee\Middleware\Flash.php(85): Yee\Yee->call()
#23 C:\xampp\htdocs\TicketSystem\vendor\yeephp\yeephp\Yee\Middleware\MethodOverride.php(92): Yee\Middleware\Flash->call()
#24 C:\xampp\htdocs\TicketSystem\vendor\yeephp\yeephp\Yee\Middleware\PrettyExceptions.php(67): Yee\Middleware\MethodOverride->call()
#25 C:\xampp\htdocs\TicketSystem\vendor\yeephp\yeephp\Yee\Yee.php(1282): Yee\Middleware\PrettyExceptions->call()
#26 C:\xampp\htdocs\TicketSystem\public\index.php(26): Yee\Yee->execute()
#27 {main}
ERROR - 2017-06-22 09:36:09 - Twig_Error_Syntax: Unknown "link" function. in C:\xampp\htdocs\TicketSystem\templates\layouts\layout.twig:37
Stack trace:
#0 C:\xampp\htdocs\TicketSystem\vendor\twig\twig\lib\Twig\ExpressionParser.php(374): Twig_ExpressionParser->getFunctionNodeClass('link', 37)
#1 C:\xampp\htdocs\TicketSystem\vendor\twig\twig\lib\Twig\ExpressionParser.php(162): Twig_ExpressionParser->getFunctionNode('link', 37)
#2 C:\xampp\htdocs\TicketSystem\vendor\twig\twig\lib\Twig\ExpressionParser.php(102): Twig_ExpressionParser->parsePrimaryExpression()
#3 C:\xampp\htdocs\TicketSystem\vendor\twig\twig\lib\Twig\ExpressionParser.php(55): Twig_ExpressionParser->getPrimary()
#4 C:\xampp\htdocs\TicketSystem\vendor\twig\twig\lib\Twig\Parser.php(147): Twig_ExpressionParser->parseExpression()
#5 C:\xampp\htdocs\TicketSystem\vendor\twig\twig\lib\Twig\Parser.php(103): Twig_Parser->subparse(NULL, false)
#6 C:\xampp\htdocs\TicketSystem\vendor\twig\twig\lib\Twig\Environment.php(692): Twig_Parser->parse(Object(Twig_TokenStream))
#7 C:\xampp\htdocs\TicketSystem\vendor\twig\twig\lib\Twig\Environment.php(750): Twig_Environment->parse(Object(Twig_TokenStream))
#8 C:\xampp\htdocs\TicketSystem\vendor\twig\twig\lib\Twig\Environment.php(447): Twig_Environment->compileSource(Object(Twig_Source))
#9 C:\xampp\htdocs\TicketSystem\vendor\twig\twig\lib\Twig\Template.php(366): Twig_Environment->loadTemplate('layouts/layout....', NULL)
#10 C:\xampp\htdocs\TicketSystem\vendor\twig\twig\lib\Twig\Environment.php(462) : eval()'d code(11): Twig_Template->loadTemplate('layouts/layout....', 'tickets/doing.t...', 1)
#11 C:\xampp\htdocs\TicketSystem\vendor\twig\twig\lib\Twig\Environment.php(475): __TwigTemplate_cd53691b42316ba49fbf5b55b191b941707150521b67e2c6b43008b60f56c479->__construct(Object(Twig_Environment))
#12 C:\xampp\htdocs\TicketSystem\vendor\yeephp\yeephp\Yee\Views\Twig.php(87): Twig_Environment->loadTemplate('tickets/doing.t...')
#13 C:\xampp\htdocs\TicketSystem\vendor\yeephp\yeephp\Yee\View.php(255): Yee\Views\Twig->render('tickets/doing.t...', NULL)
#14 C:\xampp\htdocs\TicketSystem\vendor\yeephp\yeephp\Yee\View.php(243): Yee\View->fetch('tickets/doing.t...', NULL)
#15 C:\xampp\htdocs\TicketSystem\vendor\yeephp\yeephp\Yee\Yee.php(766): Yee\View->display('tickets/doing.t...')
#16 C:\xampp\htdocs\TicketSystem\App\Controllers\TicketsController.php(51): Yee\Yee->render('tickets/doing.t...', Array)
#17 [internal function]: App\Controllers\TicketsController->doingIndex()
#18 C:\xampp\htdocs\TicketSystem\vendor\yeephp\yeephp\Yee\Managers\Controller\Controller.php(23): call_user_func_array(Array, Array)
#19 [internal function]: Yee\Managers\Controller\Controller::__callStatic('doingIndex', Array)
#20 C:\xampp\htdocs\TicketSystem\vendor\yeephp\yeephp\Yee\Route.php(468): call_user_func_array('\\App\\Controller...', Array)
#21 C:\xampp\htdocs\TicketSystem\vendor\yeephp\yeephp\Yee\Yee.php(1374): Yee\Route->dispatch()
#22 C:\xampp\htdocs\TicketSystem\vendor\yeephp\yeephp\Yee\Middleware\Flash.php(85): Yee\Yee->call()
#23 C:\xampp\htdocs\TicketSystem\vendor\yeephp\yeephp\Yee\Middleware\MethodOverride.php(92): Yee\Middleware\Flash->call()
#24 C:\xampp\htdocs\TicketSystem\vendor\yeephp\yeephp\Yee\Middleware\PrettyExceptions.php(67): Yee\Middleware\MethodOverride->call()
#25 C:\xampp\htdocs\TicketSystem\vendor\yeephp\yeephp\Yee\Yee.php(1282): Yee\Middleware\PrettyExceptions->call()
#26 C:\xampp\htdocs\TicketSystem\public\index.php(26): Yee\Yee->execute()
#27 {main}
ERROR - 2017-06-22 09:43:02 - Twig_Error_Syntax: Unexpected token "end of print statement" of value "". in C:\xampp\htdocs\TicketSystem\templates\layouts\layout.twig:38
Stack trace:
#0 C:\xampp\htdocs\TicketSystem\vendor\twig\twig\lib\Twig\ExpressionParser.php(102): Twig_ExpressionParser->parsePrimaryExpression()
#1 C:\xampp\htdocs\TicketSystem\vendor\twig\twig\lib\Twig\ExpressionParser.php(55): Twig_ExpressionParser->getPrimary()
#2 C:\xampp\htdocs\TicketSystem\vendor\twig\twig\lib\Twig\Parser.php(147): Twig_ExpressionParser->parseExpression()
#3 C:\xampp\htdocs\TicketSystem\vendor\twig\twig\lib\Twig\Parser.php(103): Twig_Parser->subparse(NULL, false)
#4 C:\xampp\htdocs\TicketSystem\vendor\twig\twig\lib\Twig\Environment.php(692): Twig_Parser->parse(Object(Twig_TokenStream))
#5 C:\xampp\htdocs\TicketSystem\vendor\twig\twig\lib\Twig\Environment.php(750): Twig_Environment->parse(Object(Twig_TokenStream))
#6 C:\xampp\htdocs\TicketSystem\vendor\twig\twig\lib\Twig\Environment.php(447): Twig_Environment->compileSource(Object(Twig_Source))
#7 C:\xampp\htdocs\TicketSystem\vendor\twig\twig\lib\Twig\Template.php(366): Twig_Environment->loadTemplate('layouts/layout....', NULL)
#8 C:\xampp\htdocs\TicketSystem\vendor\twig\twig\lib\Twig\Environment.php(462) : eval()'d code(11): Twig_Template->loadTemplate('layouts/layout....', 'tickets/doing.t...', 1)
#9 C:\xampp\htdocs\TicketSystem\vendor\twig\twig\lib\Twig\Environment.php(475): __TwigTemplate_cd53691b42316ba49fbf5b55b191b941707150521b67e2c6b43008b60f56c479->__construct(Object(Twig_Environment))
#10 C:\xampp\htdocs\TicketSystem\vendor\yeephp\yeephp\Yee\Views\Twig.php(87): Twig_Environment->loadTemplate('tickets/doing.t...')
#11 C:\xampp\htdocs\TicketSystem\vendor\yeephp\yeephp\Yee\View.php(255): Yee\Views\Twig->render('tickets/doing.t...', NULL)
#12 C:\xampp\htdocs\TicketSystem\vendor\yeephp\yeephp\Yee\View.php(243): Yee\View->fetch('tickets/doing.t...', NULL)
#13 C:\xampp\htdocs\TicketSystem\vendor\yeephp\yeephp\Yee\Yee.php(766): Yee\View->display('tickets/doing.t...')
#14 C:\xampp\htdocs\TicketSystem\App\Controllers\TicketsController.php(51): Yee\Yee->render('tickets/doing.t...', Array)
#15 [internal function]: App\Controllers\TicketsController->doingIndex()
#16 C:\xampp\htdocs\TicketSystem\vendor\yeephp\yeephp\Yee\Managers\Controller\Controller.php(23): call_user_func_array(Array, Array)
#17 [internal function]: Yee\Managers\Controller\Controller::__callStatic('doingIndex', Array)
#18 C:\xampp\htdocs\TicketSystem\vendor\yeephp\yeephp\Yee\Route.php(468): call_user_func_array('\\App\\Controller...', Array)
#19 C:\xampp\htdocs\TicketSystem\vendor\yeephp\yeephp\Yee\Yee.php(1374): Yee\Route->dispatch()
#20 C:\xampp\htdocs\TicketSystem\vendor\yeephp\yeephp\Yee\Middleware\Flash.php(85): Yee\Yee->call()
#21 C:\xampp\htdocs\TicketSystem\vendor\yeephp\yeephp\Yee\Middleware\MethodOverride.php(92): Yee\Middleware\Flash->call()
#22 C:\xampp\htdocs\TicketSystem\vendor\yeephp\yeephp\Yee\Middleware\PrettyExceptions.php(67): Yee\Middleware\MethodOverride->call()
#23 C:\xampp\htdocs\TicketSystem\vendor\yeephp\yeephp\Yee\Yee.php(1282): Yee\Middleware\PrettyExceptions->call()
#24 C:\xampp\htdocs\TicketSystem\public\index.php(26): Yee\Yee->execute()
#25 {main}
ERROR - 2017-06-22 09:43:03 - Twig_Error_Syntax: Unexpected token "end of print statement" of value "". in C:\xampp\htdocs\TicketSystem\templates\layouts\layout.twig:38
Stack trace:
#0 C:\xampp\htdocs\TicketSystem\vendor\twig\twig\lib\Twig\ExpressionParser.php(102): Twig_ExpressionParser->parsePrimaryExpression()
#1 C:\xampp\htdocs\TicketSystem\vendor\twig\twig\lib\Twig\ExpressionParser.php(55): Twig_ExpressionParser->getPrimary()
#2 C:\xampp\htdocs\TicketSystem\vendor\twig\twig\lib\Twig\Parser.php(147): Twig_ExpressionParser->parseExpression()
#3 C:\xampp\htdocs\TicketSystem\vendor\twig\twig\lib\Twig\Parser.php(103): Twig_Parser->subparse(NULL, false)
#4 C:\xampp\htdocs\TicketSystem\vendor\twig\twig\lib\Twig\Environment.php(692): Twig_Parser->parse(Object(Twig_TokenStream))
#5 C:\xampp\htdocs\TicketSystem\vendor\twig\twig\lib\Twig\Environment.php(750): Twig_Environment->parse(Object(Twig_TokenStream))
#6 C:\xampp\htdocs\TicketSystem\vendor\twig\twig\lib\Twig\Environment.php(447): Twig_Environment->compileSource(Object(Twig_Source))
#7 C:\xampp\htdocs\TicketSystem\vendor\twig\twig\lib\Twig\Template.php(366): Twig_Environment->loadTemplate('layouts/layout....', NULL)
#8 C:\xampp\htdocs\TicketSystem\vendor\twig\twig\lib\Twig\Environment.php(462) : eval()'d code(11): Twig_Template->loadTemplate('layouts/layout....', 'tickets/doing.t...', 1)
#9 C:\xampp\htdocs\TicketSystem\vendor\twig\twig\lib\Twig\Environment.php(475): __TwigTemplate_cd53691b42316ba49fbf5b55b191b941707150521b67e2c6b43008b60f56c479->__construct(Object(Twig_Environment))
#10 C:\xampp\htdocs\TicketSystem\vendor\yeephp\yeephp\Yee\Views\Twig.php(87): Twig_Environment->loadTemplate('tickets/doing.t...')
#11 C:\xampp\htdocs\TicketSystem\vendor\yeephp\yeephp\Yee\View.php(255): Yee\Views\Twig->render('tickets/doing.t...', NULL)
#12 C:\xampp\htdocs\TicketSystem\vendor\yeephp\yeephp\Yee\View.php(243): Yee\View->fetch('tickets/doing.t...', NULL)
#13 C:\xampp\htdocs\TicketSystem\vendor\yeephp\yeephp\Yee\Yee.php(766): Yee\View->display('tickets/doing.t...')
#14 C:\xampp\htdocs\TicketSystem\App\Controllers\TicketsController.php(51): Yee\Yee->render('tickets/doing.t...', Array)
#15 [internal function]: App\Controllers\TicketsController->doingIndex()
#16 C:\xampp\htdocs\TicketSystem\vendor\yeephp\yeephp\Yee\Managers\Controller\Controller.php(23): call_user_func_array(Array, Array)
#17 [internal function]: Yee\Managers\Controller\Controller::__callStatic('doingIndex', Array)
#18 C:\xampp\htdocs\TicketSystem\vendor\yeephp\yeephp\Yee\Route.php(468): call_user_func_array('\\App\\Controller...', Array)
#19 C:\xampp\htdocs\TicketSystem\vendor\yeephp\yeephp\Yee\Yee.php(1374): Yee\Route->dispatch()
#20 C:\xampp\htdocs\TicketSystem\vendor\yeephp\yeephp\Yee\Middleware\Flash.php(85): Yee\Yee->call()
#21 C:\xampp\htdocs\TicketSystem\vendor\yeephp\yeephp\Yee\Middleware\MethodOverride.php(92): Yee\Middleware\Flash->call()
#22 C:\xampp\htdocs\TicketSystem\vendor\yeephp\yeephp\Yee\Middleware\PrettyExceptions.php(67): Yee\Middleware\MethodOverride->call()
#23 C:\xampp\htdocs\TicketSystem\vendor\yeephp\yeephp\Yee\Yee.php(1282): Yee\Middleware\PrettyExceptions->call()
#24 C:\xampp\htdocs\TicketSystem\public\index.php(26): Yee\Yee->execute()
#25 {main}
ERROR - 2017-06-22 09:43:04 - Twig_Error_Syntax: Unexpected token "end of print statement" of value "". in C:\xampp\htdocs\TicketSystem\templates\layouts\layout.twig:38
Stack trace:
#0 C:\xampp\htdocs\TicketSystem\vendor\twig\twig\lib\Twig\ExpressionParser.php(102): Twig_ExpressionParser->parsePrimaryExpression()
#1 C:\xampp\htdocs\TicketSystem\vendor\twig\twig\lib\Twig\ExpressionParser.php(55): Twig_ExpressionParser->getPrimary()
#2 C:\xampp\htdocs\TicketSystem\vendor\twig\twig\lib\Twig\Parser.php(147): Twig_ExpressionParser->parseExpression()
#3 C:\xampp\htdocs\TicketSystem\vendor\twig\twig\lib\Twig\Parser.php(103): Twig_Parser->subparse(NULL, false)
#4 C:\xampp\htdocs\TicketSystem\vendor\twig\twig\lib\Twig\Environment.php(692): Twig_Parser->parse(Object(Twig_TokenStream))
#5 C:\xampp\htdocs\TicketSystem\vendor\twig\twig\lib\Twig\Environment.php(750): Twig_Environment->parse(Object(Twig_TokenStream))
#6 C:\xampp\htdocs\TicketSystem\vendor\twig\twig\lib\Twig\Environment.php(447): Twig_Environment->compileSource(Object(Twig_Source))
#7 C:\xampp\htdocs\TicketSystem\vendor\twig\twig\lib\Twig\Template.php(366): Twig_Environment->loadTemplate('layouts/layout....', NULL)
#8 C:\xampp\htdocs\TicketSystem\vendor\twig\twig\lib\Twig\Environment.php(462) : eval()'d code(11): Twig_Template->loadTemplate('layouts/layout....', 'tickets/doing.t...', 1)
#9 C:\xampp\htdocs\TicketSystem\vendor\twig\twig\lib\Twig\Environment.php(475): __TwigTemplate_cd53691b42316ba49fbf5b55b191b941707150521b67e2c6b43008b60f56c479->__construct(Object(Twig_Environment))
#10 C:\xampp\htdocs\TicketSystem\vendor\yeephp\yeephp\Yee\Views\Twig.php(87): Twig_Environment->loadTemplate('tickets/doing.t...')
#11 C:\xampp\htdocs\TicketSystem\vendor\yeephp\yeephp\Yee\View.php(255): Yee\Views\Twig->render('tickets/doing.t...', NULL)
#12 C:\xampp\htdocs\TicketSystem\vendor\yeephp\yeephp\Yee\View.php(243): Yee\View->fetch('tickets/doing.t...', NULL)
#13 C:\xampp\htdocs\TicketSystem\vendor\yeephp\yeephp\Yee\Yee.php(766): Yee\View->display('tickets/doing.t...')
#14 C:\xampp\htdocs\TicketSystem\App\Controllers\TicketsController.php(51): Yee\Yee->render('tickets/doing.t...', Array)
#15 [internal function]: App\Controllers\TicketsController->doingIndex()
#16 C:\xampp\htdocs\TicketSystem\vendor\yeephp\yeephp\Yee\Managers\Controller\Controller.php(23): call_user_func_array(Array, Array)
#17 [internal function]: Yee\Managers\Controller\Controller::__callStatic('doingIndex', Array)
#18 C:\xampp\htdocs\TicketSystem\vendor\yeephp\yeephp\Yee\Route.php(468): call_user_func_array('\\App\\Controller...', Array)
#19 C:\xampp\htdocs\TicketSystem\vendor\yeephp\yeephp\Yee\Yee.php(1374): Yee\Route->dispatch()
#20 C:\xampp\htdocs\TicketSystem\vendor\yeephp\yeephp\Yee\Middleware\Flash.php(85): Yee\Yee->call()
#21 C:\xampp\htdocs\TicketSystem\vendor\yeephp\yeephp\Yee\Middleware\MethodOverride.php(92): Yee\Middleware\Flash->call()
#22 C:\xampp\htdocs\TicketSystem\vendor\yeephp\yeephp\Yee\Middleware\PrettyExceptions.php(67): Yee\Middleware\MethodOverride->call()
#23 C:\xampp\htdocs\TicketSystem\vendor\yeephp\yeephp\Yee\Yee.php(1282): Yee\Middleware\PrettyExceptions->call()
#24 C:\xampp\htdocs\TicketSystem\public\index.php(26): Yee\Yee->execute()
#25 {main}
ERROR - 2017-06-22 09:43:04 - Twig_Error_Syntax: Unexpected token "end of print statement" of value "". in C:\xampp\htdocs\TicketSystem\templates\layouts\layout.twig:38
Stack trace:
#0 C:\xampp\htdocs\TicketSystem\vendor\twig\twig\lib\Twig\ExpressionParser.php(102): Twig_ExpressionParser->parsePrimaryExpression()
#1 C:\xampp\htdocs\TicketSystem\vendor\twig\twig\lib\Twig\ExpressionParser.php(55): Twig_ExpressionParser->getPrimary()
#2 C:\xampp\htdocs\TicketSystem\vendor\twig\twig\lib\Twig\Parser.php(147): Twig_ExpressionParser->parseExpression()
#3 C:\xampp\htdocs\TicketSystem\vendor\twig\twig\lib\Twig\Parser.php(103): Twig_Parser->subparse(NULL, false)
#4 C:\xampp\htdocs\TicketSystem\vendor\twig\twig\lib\Twig\Environment.php(692): Twig_Parser->parse(Object(Twig_TokenStream))
#5 C:\xampp\htdocs\TicketSystem\vendor\twig\twig\lib\Twig\Environment.php(750): Twig_Environment->parse(Object(Twig_TokenStream))
#6 C:\xampp\htdocs\TicketSystem\vendor\twig\twig\lib\Twig\Environment.php(447): Twig_Environment->compileSource(Object(Twig_Source))
#7 C:\xampp\htdocs\TicketSystem\vendor\twig\twig\lib\Twig\Template.php(366): Twig_Environment->loadTemplate('layouts/layout....', NULL)
#8 C:\xampp\htdocs\TicketSystem\vendor\twig\twig\lib\Twig\Environment.php(462) : eval()'d code(11): Twig_Template->loadTemplate('layouts/layout....', 'tickets/doing.t...', 1)
#9 C:\xampp\htdocs\TicketSystem\vendor\twig\twig\lib\Twig\Environment.php(475): __TwigTemplate_cd53691b42316ba49fbf5b55b191b941707150521b67e2c6b43008b60f56c479->__construct(Object(Twig_Environment))
#10 C:\xampp\htdocs\TicketSystem\vendor\yeephp\yeephp\Yee\Views\Twig.php(87): Twig_Environment->loadTemplate('tickets/doing.t...')
#11 C:\xampp\htdocs\TicketSystem\vendor\yeephp\yeephp\Yee\View.php(255): Yee\Views\Twig->render('tickets/doing.t...', NULL)
#12 C:\xampp\htdocs\TicketSystem\vendor\yeephp\yeephp\Yee\View.php(243): Yee\View->fetch('tickets/doing.t...', NULL)
#13 C:\xampp\htdocs\TicketSystem\vendor\yeephp\yeephp\Yee\Yee.php(766): Yee\View->display('tickets/doing.t...')
#14 C:\xampp\htdocs\TicketSystem\App\Controllers\TicketsController.php(51): Yee\Yee->render('tickets/doing.t...', Array)
#15 [internal function]: App\Controllers\TicketsController->doingIndex()
#16 C:\xampp\htdocs\TicketSystem\vendor\yeephp\yeephp\Yee\Managers\Controller\Controller.php(23): call_user_func_array(Array, Array)
#17 [internal function]: Yee\Managers\Controller\Controller::__callStatic('doingIndex', Array)
#18 C:\xampp\htdocs\TicketSystem\vendor\yeephp\yeephp\Yee\Route.php(468): call_user_func_array('\\App\\Controller...', Array)
#19 C:\xampp\htdocs\TicketSystem\vendor\yeephp\yeephp\Yee\Yee.php(1374): Yee\Route->dispatch()
#20 C:\xampp\htdocs\TicketSystem\vendor\yeephp\yeephp\Yee\Middleware\Flash.php(85): Yee\Yee->call()
#21 C:\xampp\htdocs\TicketSystem\vendor\yeephp\yeephp\Yee\Middleware\MethodOverride.php(92): Yee\Middleware\Flash->call()
#22 C:\xampp\htdocs\TicketSystem\vendor\yeephp\yeephp\Yee\Middleware\PrettyExceptions.php(67): Yee\Middleware\MethodOverride->call()
#23 C:\xampp\htdocs\TicketSystem\vendor\yeephp\yeephp\Yee\Yee.php(1282): Yee\Middleware\PrettyExceptions->call()
#24 C:\xampp\htdocs\TicketSystem\public\index.php(26): Yee\Yee->execute()
#25 {main}
ERROR - 2017-06-22 09:43:04 - Twig_Error_Syntax: Unexpected token "end of print statement" of value "". in C:\xampp\htdocs\TicketSystem\templates\layouts\layout.twig:38
Stack trace:
#0 C:\xampp\htdocs\TicketSystem\vendor\twig\twig\lib\Twig\ExpressionParser.php(102): Twig_ExpressionParser->parsePrimaryExpression()
#1 C:\xampp\htdocs\TicketSystem\vendor\twig\twig\lib\Twig\ExpressionParser.php(55): Twig_ExpressionParser->getPrimary()
#2 C:\xampp\htdocs\TicketSystem\vendor\twig\twig\lib\Twig\Parser.php(147): Twig_ExpressionParser->parseExpression()
#3 C:\xampp\htdocs\TicketSystem\vendor\twig\twig\lib\Twig\Parser.php(103): Twig_Parser->subparse(NULL, false)
#4 C:\xampp\htdocs\TicketSystem\vendor\twig\twig\lib\Twig\Environment.php(692): Twig_Parser->parse(Object(Twig_TokenStream))
#5 C:\xampp\htdocs\TicketSystem\vendor\twig\twig\lib\Twig\Environment.php(750): Twig_Environment->parse(Object(Twig_TokenStream))
#6 C:\xampp\htdocs\TicketSystem\vendor\twig\twig\lib\Twig\Environment.php(447): Twig_Environment->compileSource(Object(Twig_Source))
#7 C:\xampp\htdocs\TicketSystem\vendor\twig\twig\lib\Twig\Template.php(366): Twig_Environment->loadTemplate('layouts/layout....', NULL)
#8 C:\xampp\htdocs\TicketSystem\vendor\twig\twig\lib\Twig\Environment.php(462) : eval()'d code(11): Twig_Template->loadTemplate('layouts/layout....', 'tickets/doing.t...', 1)
#9 C:\xampp\htdocs\TicketSystem\vendor\twig\twig\lib\Twig\Environment.php(475): __TwigTemplate_cd53691b42316ba49fbf5b55b191b941707150521b67e2c6b43008b60f56c479->__construct(Object(Twig_Environment))
#10 C:\xampp\htdocs\TicketSystem\vendor\yeephp\yeephp\Yee\Views\Twig.php(87): Twig_Environment->loadTemplate('tickets/doing.t...')
#11 C:\xampp\htdocs\TicketSystem\vendor\yeephp\yeephp\Yee\View.php(255): Yee\Views\Twig->render('tickets/doing.t...', NULL)
#12 C:\xampp\htdocs\TicketSystem\vendor\yeephp\yeephp\Yee\View.php(243): Yee\View->fetch('tickets/doing.t...', NULL)
#13 C:\xampp\htdocs\TicketSystem\vendor\yeephp\yeephp\Yee\Yee.php(766): Yee\View->display('tickets/doing.t...')
#14 C:\xampp\htdocs\TicketSystem\App\Controllers\TicketsController.php(51): Yee\Yee->render('tickets/doing.t...', Array)
#15 [internal function]: App\Controllers\TicketsController->doingIndex()
#16 C:\xampp\htdocs\TicketSystem\vendor\yeephp\yeephp\Yee\Managers\Controller\Controller.php(23): call_user_func_array(Array, Array)
#17 [internal function]: Yee\Managers\Controller\Controller::__callStatic('doingIndex', Array)
#18 C:\xampp\htdocs\TicketSystem\vendor\yeephp\yeephp\Yee\Route.php(468): call_user_func_array('\\App\\Controller...', Array)
#19 C:\xampp\htdocs\TicketSystem\vendor\yeephp\yeephp\Yee\Yee.php(1374): Yee\Route->dispatch()
#20 C:\xampp\htdocs\TicketSystem\vendor\yeephp\yeephp\Yee\Middleware\Flash.php(85): Yee\Yee->call()
#21 C:\xampp\htdocs\TicketSystem\vendor\yeephp\yeephp\Yee\Middleware\MethodOverride.php(92): Yee\Middleware\Flash->call()
#22 C:\xampp\htdocs\TicketSystem\vendor\yeephp\yeephp\Yee\Middleware\PrettyExceptions.php(67): Yee\Middleware\MethodOverride->call()
#23 C:\xampp\htdocs\TicketSystem\vendor\yeephp\yeephp\Yee\Yee.php(1282): Yee\Middleware\PrettyExceptions->call()
#24 C:\xampp\htdocs\TicketSystem\public\index.php(26): Yee\Yee->execute()
#25 {main}
ERROR - 2017-06-22 09:43:05 - Twig_Error_Syntax: Unexpected token "end of print statement" of value "". in C:\xampp\htdocs\TicketSystem\templates\layouts\layout.twig:38
Stack trace:
#0 C:\xampp\htdocs\TicketSystem\vendor\twig\twig\lib\Twig\ExpressionParser.php(102): Twig_ExpressionParser->parsePrimaryExpression()
#1 C:\xampp\htdocs\TicketSystem\vendor\twig\twig\lib\Twig\ExpressionParser.php(55): Twig_ExpressionParser->getPrimary()
#2 C:\xampp\htdocs\TicketSystem\vendor\twig\twig\lib\Twig\Parser.php(147): Twig_ExpressionParser->parseExpression()
#3 C:\xampp\htdocs\TicketSystem\vendor\twig\twig\lib\Twig\Parser.php(103): Twig_Parser->subparse(NULL, false)
#4 C:\xampp\htdocs\TicketSystem\vendor\twig\twig\lib\Twig\Environment.php(692): Twig_Parser->parse(Object(Twig_TokenStream))
#5 C:\xampp\htdocs\TicketSystem\vendor\twig\twig\lib\Twig\Environment.php(750): Twig_Environment->parse(Object(Twig_TokenStream))
#6 C:\xampp\htdocs\TicketSystem\vendor\twig\twig\lib\Twig\Environment.php(447): Twig_Environment->compileSource(Object(Twig_Source))
#7 C:\xampp\htdocs\TicketSystem\vendor\twig\twig\lib\Twig\Template.php(366): Twig_Environment->loadTemplate('layouts/layout....', NULL)
#8 C:\xampp\htdocs\TicketSystem\vendor\twig\twig\lib\Twig\Environment.php(462) : eval()'d code(11): Twig_Template->loadTemplate('layouts/layout....', 'tickets/doing.t...', 1)
#9 C:\xampp\htdocs\TicketSystem\vendor\twig\twig\lib\Twig\Environment.php(475): __TwigTemplate_cd53691b42316ba49fbf5b55b191b941707150521b67e2c6b43008b60f56c479->__construct(Object(Twig_Environment))
#10 C:\xampp\htdocs\TicketSystem\vendor\yeephp\yeephp\Yee\Views\Twig.php(87): Twig_Environment->loadTemplate('tickets/doing.t...')
#11 C:\xampp\htdocs\TicketSystem\vendor\yeephp\yeephp\Yee\View.php(255): Yee\Views\Twig->render('tickets/doing.t...', NULL)
#12 C:\xampp\htdocs\TicketSystem\vendor\yeephp\yeephp\Yee\View.php(243): Yee\View->fetch('tickets/doing.t...', NULL)
#13 C:\xampp\htdocs\TicketSystem\vendor\yeephp\yeephp\Yee\Yee.php(766): Yee\View->display('tickets/doing.t...')
#14 C:\xampp\htdocs\TicketSystem\App\Controllers\TicketsController.php(51): Yee\Yee->render('tickets/doing.t...', Array)
#15 [internal function]: App\Controllers\TicketsController->doingIndex()
#16 C:\xampp\htdocs\TicketSystem\vendor\yeephp\yeephp\Yee\Managers\Controller\Controller.php(23): call_user_func_array(Array, Array)
#17 [internal function]: Yee\Managers\Controller\Controller::__callStatic('doingIndex', Array)
#18 C:\xampp\htdocs\TicketSystem\vendor\yeephp\yeephp\Yee\Route.php(468): call_user_func_array('\\App\\Controller...', Array)
#19 C:\xampp\htdocs\TicketSystem\vendor\yeephp\yeephp\Yee\Yee.php(1374): Yee\Route->dispatch()
#20 C:\xampp\htdocs\TicketSystem\vendor\yeephp\yeephp\Yee\Middleware\Flash.php(85): Yee\Yee->call()
#21 C:\xampp\htdocs\TicketSystem\vendor\yeephp\yeephp\Yee\Middleware\MethodOverride.php(92): Yee\Middleware\Flash->call()
#22 C:\xampp\htdocs\TicketSystem\vendor\yeephp\yeephp\Yee\Middleware\PrettyExceptions.php(67): Yee\Middleware\MethodOverride->call()
#23 C:\xampp\htdocs\TicketSystem\vendor\yeephp\yeephp\Yee\Yee.php(1282): Yee\Middleware\PrettyExceptions->call()
#24 C:\xampp\htdocs\TicketSystem\public\index.php(26): Yee\Yee->execute()
#25 {main}
ERROR - 2017-06-22 09:43:05 - Twig_Error_Syntax: Unexpected token "end of print statement" of value "". in C:\xampp\htdocs\TicketSystem\templates\layouts\layout.twig:38
Stack trace:
#0 C:\xampp\htdocs\TicketSystem\vendor\twig\twig\lib\Twig\ExpressionParser.php(102): Twig_ExpressionParser->parsePrimaryExpression()
#1 C:\xampp\htdocs\TicketSystem\vendor\twig\twig\lib\Twig\ExpressionParser.php(55): Twig_ExpressionParser->getPrimary()
#2 C:\xampp\htdocs\TicketSystem\vendor\twig\twig\lib\Twig\Parser.php(147): Twig_ExpressionParser->parseExpression()
#3 C:\xampp\htdocs\TicketSystem\vendor\twig\twig\lib\Twig\Parser.php(103): Twig_Parser->subparse(NULL, false)
#4 C:\xampp\htdocs\TicketSystem\vendor\twig\twig\lib\Twig\Environment.php(692): Twig_Parser->parse(Object(Twig_TokenStream))
#5 C:\xampp\htdocs\TicketSystem\vendor\twig\twig\lib\Twig\Environment.php(750): Twig_Environment->parse(Object(Twig_TokenStream))
#6 C:\xampp\htdocs\TicketSystem\vendor\twig\twig\lib\Twig\Environment.php(447): Twig_Environment->compileSource(Object(Twig_Source))
#7 C:\xampp\htdocs\TicketSystem\vendor\twig\twig\lib\Twig\Template.php(366): Twig_Environment->loadTemplate('layouts/layout....', NULL)
#8 C:\xampp\htdocs\TicketSystem\vendor\twig\twig\lib\Twig\Environment.php(462) : eval()'d code(11): Twig_Template->loadTemplate('layouts/layout....', 'tickets/doing.t...', 1)
#9 C:\xampp\htdocs\TicketSystem\vendor\twig\twig\lib\Twig\Environment.php(475): __TwigTemplate_cd53691b42316ba49fbf5b55b191b941707150521b67e2c6b43008b60f56c479->__construct(Object(Twig_Environment))
#10 C:\xampp\htdocs\TicketSystem\vendor\yeephp\yeephp\Yee\Views\Twig.php(87): Twig_Environment->loadTemplate('tickets/doing.t...')
#11 C:\xampp\htdocs\TicketSystem\vendor\yeephp\yeephp\Yee\View.php(255): Yee\Views\Twig->render('tickets/doing.t...', NULL)
#12 C:\xampp\htdocs\TicketSystem\vendor\yeephp\yeephp\Yee\View.php(243): Yee\View->fetch('tickets/doing.t...', NULL)
#13 C:\xampp\htdocs\TicketSystem\vendor\yeephp\yeephp\Yee\Yee.php(766): Yee\View->display('tickets/doing.t...')
#14 C:\xampp\htdocs\TicketSystem\App\Controllers\TicketsController.php(51): Yee\Yee->render('tickets/doing.t...', Array)
#15 [internal function]: App\Controllers\TicketsController->doingIndex()
#16 C:\xampp\htdocs\TicketSystem\vendor\yeephp\yeephp\Yee\Managers\Controller\Controller.php(23): call_user_func_array(Array, Array)
#17 [internal function]: Yee\Managers\Controller\Controller::__callStatic('doingIndex', Array)
#18 C:\xampp\htdocs\TicketSystem\vendor\yeephp\yeephp\Yee\Route.php(468): call_user_func_array('\\App\\Controller...', Array)
#19 C:\xampp\htdocs\TicketSystem\vendor\yeephp\yeephp\Yee\Yee.php(1374): Yee\Route->dispatch()
#20 C:\xampp\htdocs\TicketSystem\vendor\yeephp\yeephp\Yee\Middleware\Flash.php(85): Yee\Yee->call()
#21 C:\xampp\htdocs\TicketSystem\vendor\yeephp\yeephp\Yee\Middleware\MethodOverride.php(92): Yee\Middleware\Flash->call()
#22 C:\xampp\htdocs\TicketSystem\vendor\yeephp\yeephp\Yee\Middleware\PrettyExceptions.php(67): Yee\Middleware\MethodOverride->call()
#23 C:\xampp\htdocs\TicketSystem\vendor\yeephp\yeephp\Yee\Yee.php(1282): Yee\Middleware\PrettyExceptions->call()
#24 C:\xampp\htdocs\TicketSystem\public\index.php(26): Yee\Yee->execute()
#25 {main}
ERROR - 2017-06-22 09:43:13 - Twig_Error_Syntax: Unexpected token "end of print statement" of value "". in C:\xampp\htdocs\TicketSystem\templates\layouts\layout.twig:38
Stack trace:
#0 C:\xampp\htdocs\TicketSystem\vendor\twig\twig\lib\Twig\ExpressionParser.php(102): Twig_ExpressionParser->parsePrimaryExpression()
#1 C:\xampp\htdocs\TicketSystem\vendor\twig\twig\lib\Twig\ExpressionParser.php(55): Twig_ExpressionParser->getPrimary()
#2 C:\xampp\htdocs\TicketSystem\vendor\twig\twig\lib\Twig\Parser.php(147): Twig_ExpressionParser->parseExpression()
#3 C:\xampp\htdocs\TicketSystem\vendor\twig\twig\lib\Twig\Parser.php(103): Twig_Parser->subparse(NULL, false)
#4 C:\xampp\htdocs\TicketSystem\vendor\twig\twig\lib\Twig\Environment.php(692): Twig_Parser->parse(Object(Twig_TokenStream))
#5 C:\xampp\htdocs\TicketSystem\vendor\twig\twig\lib\Twig\Environment.php(750): Twig_Environment->parse(Object(Twig_TokenStream))
#6 C:\xampp\htdocs\TicketSystem\vendor\twig\twig\lib\Twig\Environment.php(447): Twig_Environment->compileSource(Object(Twig_Source))
#7 C:\xampp\htdocs\TicketSystem\vendor\twig\twig\lib\Twig\Template.php(366): Twig_Environment->loadTemplate('layouts/layout....', NULL)
#8 C:\xampp\htdocs\TicketSystem\vendor\twig\twig\lib\Twig\Environment.php(462) : eval()'d code(11): Twig_Template->loadTemplate('layouts/layout....', 'tickets/doing.t...', 1)
#9 C:\xampp\htdocs\TicketSystem\vendor\twig\twig\lib\Twig\Environment.php(475): __TwigTemplate_cd53691b42316ba49fbf5b55b191b941707150521b67e2c6b43008b60f56c479->__construct(Object(Twig_Environment))
#10 C:\xampp\htdocs\TicketSystem\vendor\yeephp\yeephp\Yee\Views\Twig.php(87): Twig_Environment->loadTemplate('tickets/doing.t...')
#11 C:\xampp\htdocs\TicketSystem\vendor\yeephp\yeephp\Yee\View.php(255): Yee\Views\Twig->render('tickets/doing.t...', NULL)
#12 C:\xampp\htdocs\TicketSystem\vendor\yeephp\yeephp\Yee\View.php(243): Yee\View->fetch('tickets/doing.t...', NULL)
#13 C:\xampp\htdocs\TicketSystem\vendor\yeephp\yeephp\Yee\Yee.php(766): Yee\View->display('tickets/doing.t...')
#14 C:\xampp\htdocs\TicketSystem\App\Controllers\TicketsController.php(51): Yee\Yee->render('tickets/doing.t...', Array)
#15 [internal function]: App\Controllers\TicketsController->doingIndex()
#16 C:\xampp\htdocs\TicketSystem\vendor\yeephp\yeephp\Yee\Managers\Controller\Controller.php(23): call_user_func_array(Array, Array)
#17 [internal function]: Yee\Managers\Controller\Controller::__callStatic('doingIndex', Array)
#18 C:\xampp\htdocs\TicketSystem\vendor\yeephp\yeephp\Yee\Route.php(468): call_user_func_array('\\App\\Controller...', Array)
#19 C:\xampp\htdocs\TicketSystem\vendor\yeephp\yeephp\Yee\Yee.php(1374): Yee\Route->dispatch()
#20 C:\xampp\htdocs\TicketSystem\vendor\yeephp\yeephp\Yee\Middleware\Flash.php(85): Yee\Yee->call()
#21 C:\xampp\htdocs\TicketSystem\vendor\yeephp\yeephp\Yee\Middleware\MethodOverride.php(92): Yee\Middleware\Flash->call()
#22 C:\xampp\htdocs\TicketSystem\vendor\yeephp\yeephp\Yee\Middleware\PrettyExceptions.php(67): Yee\Middleware\MethodOverride->call()
#23 C:\xampp\htdocs\TicketSystem\vendor\yeephp\yeephp\Yee\Yee.php(1282): Yee\Middleware\PrettyExceptions->call()
#24 C:\xampp\htdocs\TicketSystem\public\index.php(26): Yee\Yee->execute()
#25 {main}
ERROR - 2017-06-22 09:43:14 - Twig_Error_Syntax: Unexpected token "end of print statement" of value "". in C:\xampp\htdocs\TicketSystem\templates\layouts\layout.twig:38
Stack trace:
#0 C:\xampp\htdocs\TicketSystem\vendor\twig\twig\lib\Twig\ExpressionParser.php(102): Twig_ExpressionParser->parsePrimaryExpression()
#1 C:\xampp\htdocs\TicketSystem\vendor\twig\twig\lib\Twig\ExpressionParser.php(55): Twig_ExpressionParser->getPrimary()
#2 C:\xampp\htdocs\TicketSystem\vendor\twig\twig\lib\Twig\Parser.php(147): Twig_ExpressionParser->parseExpression()
#3 C:\xampp\htdocs\TicketSystem\vendor\twig\twig\lib\Twig\Parser.php(103): Twig_Parser->subparse(NULL, false)
#4 C:\xampp\htdocs\TicketSystem\vendor\twig\twig\lib\Twig\Environment.php(692): Twig_Parser->parse(Object(Twig_TokenStream))
#5 C:\xampp\htdocs\TicketSystem\vendor\twig\twig\lib\Twig\Environment.php(750): Twig_Environment->parse(Object(Twig_TokenStream))
#6 C:\xampp\htdocs\TicketSystem\vendor\twig\twig\lib\Twig\Environment.php(447): Twig_Environment->compileSource(Object(Twig_Source))
#7 C:\xampp\htdocs\TicketSystem\vendor\twig\twig\lib\Twig\Template.php(366): Twig_Environment->loadTemplate('layouts/layout....', NULL)
#8 C:\xampp\htdocs\TicketSystem\vendor\twig\twig\lib\Twig\Environment.php(462) : eval()'d code(11): Twig_Template->loadTemplate('layouts/layout....', 'tickets/doing.t...', 1)
#9 C:\xampp\htdocs\TicketSystem\vendor\twig\twig\lib\Twig\Environment.php(475): __TwigTemplate_cd53691b42316ba49fbf5b55b191b941707150521b67e2c6b43008b60f56c479->__construct(Object(Twig_Environment))
#10 C:\xampp\htdocs\TicketSystem\vendor\yeephp\yeephp\Yee\Views\Twig.php(87): Twig_Environment->loadTemplate('tickets/doing.t...')
#11 C:\xampp\htdocs\TicketSystem\vendor\yeephp\yeephp\Yee\View.php(255): Yee\Views\Twig->render('tickets/doing.t...', NULL)
#12 C:\xampp\htdocs\TicketSystem\vendor\yeephp\yeephp\Yee\View.php(243): Yee\View->fetch('tickets/doing.t...', NULL)
#13 C:\xampp\htdocs\TicketSystem\vendor\yeephp\yeephp\Yee\Yee.php(766): Yee\View->display('tickets/doing.t...')
#14 C:\xampp\htdocs\TicketSystem\App\Controllers\TicketsController.php(51): Yee\Yee->render('tickets/doing.t...', Array)
#15 [internal function]: App\Controllers\TicketsController->doingIndex()
#16 C:\xampp\htdocs\TicketSystem\vendor\yeephp\yeephp\Yee\Managers\Controller\Controller.php(23): call_user_func_array(Array, Array)
#17 [internal function]: Yee\Managers\Controller\Controller::__callStatic('doingIndex', Array)
#18 C:\xampp\htdocs\TicketSystem\vendor\yeephp\yeephp\Yee\Route.php(468): call_user_func_array('\\App\\Controller...', Array)
#19 C:\xampp\htdocs\TicketSystem\vendor\yeephp\yeephp\Yee\Yee.php(1374): Yee\Route->dispatch()
#20 C:\xampp\htdocs\TicketSystem\vendor\yeephp\yeephp\Yee\Middleware\Flash.php(85): Yee\Yee->call()
#21 C:\xampp\htdocs\TicketSystem\vendor\yeephp\yeephp\Yee\Middleware\MethodOverride.php(92): Yee\Middleware\Flash->call()
#22 C:\xampp\htdocs\TicketSystem\vendor\yeephp\yeephp\Yee\Middleware\PrettyExceptions.php(67): Yee\Middleware\MethodOverride->call()
#23 C:\xampp\htdocs\TicketSystem\vendor\yeephp\yeephp\Yee\Yee.php(1282): Yee\Middleware\PrettyExceptions->call()
#24 C:\xampp\htdocs\TicketSystem\public\index.php(26): Yee\Yee->execute()
#25 {main}
ERROR - 2017-06-22 09:43:14 - Twig_Error_Syntax: Unexpected token "end of print statement" of value "". in C:\xampp\htdocs\TicketSystem\templates\layouts\layout.twig:38
Stack trace:
#0 C:\xampp\htdocs\TicketSystem\vendor\twig\twig\lib\Twig\ExpressionParser.php(102): Twig_ExpressionParser->parsePrimaryExpression()
#1 C:\xampp\htdocs\TicketSystem\vendor\twig\twig\lib\Twig\ExpressionParser.php(55): Twig_ExpressionParser->getPrimary()
#2 C:\xampp\htdocs\TicketSystem\vendor\twig\twig\lib\Twig\Parser.php(147): Twig_ExpressionParser->parseExpression()
#3 C:\xampp\htdocs\TicketSystem\vendor\twig\twig\lib\Twig\Parser.php(103): Twig_Parser->subparse(NULL, false)
#4 C:\xampp\htdocs\TicketSystem\vendor\twig\twig\lib\Twig\Environment.php(692): Twig_Parser->parse(Object(Twig_TokenStream))
#5 C:\xampp\htdocs\TicketSystem\vendor\twig\twig\lib\Twig\Environment.php(750): Twig_Environment->parse(Object(Twig_TokenStream))
#6 C:\xampp\htdocs\TicketSystem\vendor\twig\twig\lib\Twig\Environment.php(447): Twig_Environment->compileSource(Object(Twig_Source))
#7 C:\xampp\htdocs\TicketSystem\vendor\twig\twig\lib\Twig\Template.php(366): Twig_Environment->loadTemplate('layouts/layout....', NULL)
#8 C:\xampp\htdocs\TicketSystem\vendor\twig\twig\lib\Twig\Environment.php(462) : eval()'d code(11): Twig_Template->loadTemplate('layouts/layout....', 'tickets/doing.t...', 1)
#9 C:\xampp\htdocs\TicketSystem\vendor\twig\twig\lib\Twig\Environment.php(475): __TwigTemplate_cd53691b42316ba49fbf5b55b191b941707150521b67e2c6b43008b60f56c479->__construct(Object(Twig_Environment))
#10 C:\xampp\htdocs\TicketSystem\vendor\yeephp\yeephp\Yee\Views\Twig.php(87): Twig_Environment->loadTemplate('tickets/doing.t...')
#11 C:\xampp\htdocs\TicketSystem\vendor\yeephp\yeephp\Yee\View.php(255): Yee\Views\Twig->render('tickets/doing.t...', NULL)
#12 C:\xampp\htdocs\TicketSystem\vendor\yeephp\yeephp\Yee\View.php(243): Yee\View->fetch('tickets/doing.t...', NULL)
#13 C:\xampp\htdocs\TicketSystem\vendor\yeephp\yeephp\Yee\Yee.php(766): Yee\View->display('tickets/doing.t...')
#14 C:\xampp\htdocs\TicketSystem\App\Controllers\TicketsController.php(51): Yee\Yee->render('tickets/doing.t...', Array)
#15 [internal function]: App\Controllers\TicketsController->doingIndex()
#16 C:\xampp\htdocs\TicketSystem\vendor\yeephp\yeephp\Yee\Managers\Controller\Controller.php(23): call_user_func_array(Array, Array)
#17 [internal function]: Yee\Managers\Controller\Controller::__callStatic('doingIndex', Array)
#18 C:\xampp\htdocs\TicketSystem\vendor\yeephp\yeephp\Yee\Route.php(468): call_user_func_array('\\App\\Controller...', Array)
#19 C:\xampp\htdocs\TicketSystem\vendor\yeephp\yeephp\Yee\Yee.php(1374): Yee\Route->dispatch()
#20 C:\xampp\htdocs\TicketSystem\vendor\yeephp\yeephp\Yee\Middleware\Flash.php(85): Yee\Yee->call()
#21 C:\xampp\htdocs\TicketSystem\vendor\yeephp\yeephp\Yee\Middleware\MethodOverride.php(92): Yee\Middleware\Flash->call()
#22 C:\xampp\htdocs\TicketSystem\vendor\yeephp\yeephp\Yee\Middleware\PrettyExceptions.php(67): Yee\Middleware\MethodOverride->call()
#23 C:\xampp\htdocs\TicketSystem\vendor\yeephp\yeephp\Yee\Yee.php(1282): Yee\Middleware\PrettyExceptions->call()
#24 C:\xampp\htdocs\TicketSystem\public\index.php(26): Yee\Yee->execute()
#25 {main}
ERROR - 2017-06-22 09:43:14 - Twig_Error_Syntax: Unexpected token "end of print statement" of value "". in C:\xampp\htdocs\TicketSystem\templates\layouts\layout.twig:38
Stack trace:
#0 C:\xampp\htdocs\TicketSystem\vendor\twig\twig\lib\Twig\ExpressionParser.php(102): Twig_ExpressionParser->parsePrimaryExpression()
#1 C:\xampp\htdocs\TicketSystem\vendor\twig\twig\lib\Twig\ExpressionParser.php(55): Twig_ExpressionParser->getPrimary()
#2 C:\xampp\htdocs\TicketSystem\vendor\twig\twig\lib\Twig\Parser.php(147): Twig_ExpressionParser->parseExpression()
#3 C:\xampp\htdocs\TicketSystem\vendor\twig\twig\lib\Twig\Parser.php(103): Twig_Parser->subparse(NULL, false)
#4 C:\xampp\htdocs\TicketSystem\vendor\twig\twig\lib\Twig\Environment.php(692): Twig_Parser->parse(Object(Twig_TokenStream))
#5 C:\xampp\htdocs\TicketSystem\vendor\twig\twig\lib\Twig\Environment.php(750): Twig_Environment->parse(Object(Twig_TokenStream))
#6 C:\xampp\htdocs\TicketSystem\vendor\twig\twig\lib\Twig\Environment.php(447): Twig_Environment->compileSource(Object(Twig_Source))
#7 C:\xampp\htdocs\TicketSystem\vendor\twig\twig\lib\Twig\Template.php(366): Twig_Environment->loadTemplate('layouts/layout....', NULL)
#8 C:\xampp\htdocs\TicketSystem\vendor\twig\twig\lib\Twig\Environment.php(462) : eval()'d code(11): Twig_Template->loadTemplate('layouts/layout....', 'tickets/doing.t...', 1)
#9 C:\xampp\htdocs\TicketSystem\vendor\twig\twig\lib\Twig\Environment.php(475): __TwigTemplate_cd53691b42316ba49fbf5b55b191b941707150521b67e2c6b43008b60f56c479->__construct(Object(Twig_Environment))
#10 C:\xampp\htdocs\TicketSystem\vendor\yeephp\yeephp\Yee\Views\Twig.php(87): Twig_Environment->loadTemplate('tickets/doing.t...')
#11 C:\xampp\htdocs\TicketSystem\vendor\yeephp\yeephp\Yee\View.php(255): Yee\Views\Twig->render('tickets/doing.t...', NULL)
#12 C:\xampp\htdocs\TicketSystem\vendor\yeephp\yeephp\Yee\View.php(243): Yee\View->fetch('tickets/doing.t...', NULL)
#13 C:\xampp\htdocs\TicketSystem\vendor\yeephp\yeephp\Yee\Yee.php(766): Yee\View->display('tickets/doing.t...')
#14 C:\xampp\htdocs\TicketSystem\App\Controllers\TicketsController.php(51): Yee\Yee->render('tickets/doing.t...', Array)
#15 [internal function]: App\Controllers\TicketsController->doingIndex()
#16 C:\xampp\htdocs\TicketSystem\vendor\yeephp\yeephp\Yee\Managers\Controller\Controller.php(23): call_user_func_array(Array, Array)
#17 [internal function]: Yee\Managers\Controller\Controller::__callStatic('doingIndex', Array)
#18 C:\xampp\htdocs\TicketSystem\vendor\yeephp\yeephp\Yee\Route.php(468): call_user_func_array('\\App\\Controller...', Array)
#19 C:\xampp\htdocs\TicketSystem\vendor\yeephp\yeephp\Yee\Yee.php(1374): Yee\Route->dispatch()
#20 C:\xampp\htdocs\TicketSystem\vendor\yeephp\yeephp\Yee\Middleware\Flash.php(85): Yee\Yee->call()
#21 C:\xampp\htdocs\TicketSystem\vendor\yeephp\yeephp\Yee\Middleware\MethodOverride.php(92): Yee\Middleware\Flash->call()
#22 C:\xampp\htdocs\TicketSystem\vendor\yeephp\yeephp\Yee\Middleware\PrettyExceptions.php(67): Yee\Middleware\MethodOverride->call()
#23 C:\xampp\htdocs\TicketSystem\vendor\yeephp\yeephp\Yee\Yee.php(1282): Yee\Middleware\PrettyExceptions->call()
#24 C:\xampp\htdocs\TicketSystem\public\index.php(26): Yee\Yee->execute()
#25 {main}
ERROR - 2017-06-22 09:43:14 - Twig_Error_Syntax: Unexpected token "end of print statement" of value "". in C:\xampp\htdocs\TicketSystem\templates\layouts\layout.twig:38
Stack trace:
#0 C:\xampp\htdocs\TicketSystem\vendor\twig\twig\lib\Twig\ExpressionParser.php(102): Twig_ExpressionParser->parsePrimaryExpression()
#1 C:\xampp\htdocs\TicketSystem\vendor\twig\twig\lib\Twig\ExpressionParser.php(55): Twig_ExpressionParser->getPrimary()
#2 C:\xampp\htdocs\TicketSystem\vendor\twig\twig\lib\Twig\Parser.php(147): Twig_ExpressionParser->parseExpression()
#3 C:\xampp\htdocs\TicketSystem\vendor\twig\twig\lib\Twig\Parser.php(103): Twig_Parser->subparse(NULL, false)
#4 C:\xampp\htdocs\TicketSystem\vendor\twig\twig\lib\Twig\Environment.php(692): Twig_Parser->parse(Object(Twig_TokenStream))
#5 C:\xampp\htdocs\TicketSystem\vendor\twig\twig\lib\Twig\Environment.php(750): Twig_Environment->parse(Object(Twig_TokenStream))
#6 C:\xampp\htdocs\TicketSystem\vendor\twig\twig\lib\Twig\Environment.php(447): Twig_Environment->compileSource(Object(Twig_Source))
#7 C:\xampp\htdocs\TicketSystem\vendor\twig\twig\lib\Twig\Template.php(366): Twig_Environment->loadTemplate('layouts/layout....', NULL)
#8 C:\xampp\htdocs\TicketSystem\vendor\twig\twig\lib\Twig\Environment.php(462) : eval()'d code(11): Twig_Template->loadTemplate('layouts/layout....', 'tickets/doing.t...', 1)
#9 C:\xampp\htdocs\TicketSystem\vendor\twig\twig\lib\Twig\Environment.php(475): __TwigTemplate_cd53691b42316ba49fbf5b55b191b941707150521b67e2c6b43008b60f56c479->__construct(Object(Twig_Environment))
#10 C:\xampp\htdocs\TicketSystem\vendor\yeephp\yeephp\Yee\Views\Twig.php(87): Twig_Environment->loadTemplate('tickets/doing.t...')
#11 C:\xampp\htdocs\TicketSystem\vendor\yeephp\yeephp\Yee\View.php(255): Yee\Views\Twig->render('tickets/doing.t...', NULL)
#12 C:\xampp\htdocs\TicketSystem\vendor\yeephp\yeephp\Yee\View.php(243): Yee\View->fetch('tickets/doing.t...', NULL)
#13 C:\xampp\htdocs\TicketSystem\vendor\yeephp\yeephp\Yee\Yee.php(766): Yee\View->display('tickets/doing.t...')
#14 C:\xampp\htdocs\TicketSystem\App\Controllers\TicketsController.php(51): Yee\Yee->render('tickets/doing.t...', Array)
#15 [internal function]: App\Controllers\TicketsController->doingIndex()
#16 C:\xampp\htdocs\TicketSystem\vendor\yeephp\yeephp\Yee\Managers\Controller\Controller.php(23): call_user_func_array(Array, Array)
#17 [internal function]: Yee\Managers\Controller\Controller::__callStatic('doingIndex', Array)
#18 C:\xampp\htdocs\TicketSystem\vendor\yeephp\yeephp\Yee\Route.php(468): call_user_func_array('\\App\\Controller...', Array)
#19 C:\xampp\htdocs\TicketSystem\vendor\yeephp\yeephp\Yee\Yee.php(1374): Yee\Route->dispatch()
#20 C:\xampp\htdocs\TicketSystem\vendor\yeephp\yeephp\Yee\Middleware\Flash.php(85): Yee\Yee->call()
#21 C:\xampp\htdocs\TicketSystem\vendor\yeephp\yeephp\Yee\Middleware\MethodOverride.php(92): Yee\Middleware\Flash->call()
#22 C:\xampp\htdocs\TicketSystem\vendor\yeephp\yeephp\Yee\Middleware\PrettyExceptions.php(67): Yee\Middleware\MethodOverride->call()
#23 C:\xampp\htdocs\TicketSystem\vendor\yeephp\yeephp\Yee\Yee.php(1282): Yee\Middleware\PrettyExceptions->call()
#24 C:\xampp\htdocs\TicketSystem\public\index.php(26): Yee\Yee->execute()
#25 {main}
ERROR - 2017-06-22 09:43:33 - Twig_Error_Syntax: Unexpected token "end of print statement" of value "". in C:\xampp\htdocs\TicketSystem\templates\layouts\layout.twig:38
Stack trace:
#0 C:\xampp\htdocs\TicketSystem\vendor\twig\twig\lib\Twig\ExpressionParser.php(102): Twig_ExpressionParser->parsePrimaryExpression()
#1 C:\xampp\htdocs\TicketSystem\vendor\twig\twig\lib\Twig\ExpressionParser.php(55): Twig_ExpressionParser->getPrimary()
#2 C:\xampp\htdocs\TicketSystem\vendor\twig\twig\lib\Twig\Parser.php(147): Twig_ExpressionParser->parseExpression()
#3 C:\xampp\htdocs\TicketSystem\vendor\twig\twig\lib\Twig\Parser.php(103): Twig_Parser->subparse(NULL, false)
#4 C:\xampp\htdocs\TicketSystem\vendor\twig\twig\lib\Twig\Environment.php(692): Twig_Parser->parse(Object(Twig_TokenStream))
#5 C:\xampp\htdocs\TicketSystem\vendor\twig\twig\lib\Twig\Environment.php(750): Twig_Environment->parse(Object(Twig_TokenStream))
#6 C:\xampp\htdocs\TicketSystem\vendor\twig\twig\lib\Twig\Environment.php(447): Twig_Environment->compileSource(Object(Twig_Source))
#7 C:\xampp\htdocs\TicketSystem\vendor\twig\twig\lib\Twig\Template.php(366): Twig_Environment->loadTemplate('layouts/layout....', NULL)
#8 C:\xampp\htdocs\TicketSystem\vendor\twig\twig\lib\Twig\Environment.php(462) : eval()'d code(11): Twig_Template->loadTemplate('layouts/layout....', 'dashboard.twig', 1)
#9 C:\xampp\htdocs\TicketSystem\vendor\twig\twig\lib\Twig\Environment.php(475): __TwigTemplate_b10b1a537906263cf3f16f83192720b1496cfa49de0d45c31cc7065f3a67ba10->__construct(Object(Twig_Environment))
#10 C:\xampp\htdocs\TicketSystem\vendor\yeephp\yeephp\Yee\Views\Twig.php(87): Twig_Environment->loadTemplate('dashboard.twig')
#11 C:\xampp\htdocs\TicketSystem\vendor\yeephp\yeephp\Yee\View.php(255): Yee\Views\Twig->render('dashboard.twig', NULL)
#12 C:\xampp\htdocs\TicketSystem\vendor\yeephp\yeephp\Yee\View.php(243): Yee\View->fetch('dashboard.twig', NULL)
#13 C:\xampp\htdocs\TicketSystem\vendor\yeephp\yeephp\Yee\Yee.php(766): Yee\View->display('dashboard.twig')
#14 C:\xampp\htdocs\TicketSystem\App\Controllers\DashboardController.php(21): Yee\Yee->render('dashboard.twig')
#15 [internal function]: App\Controllers\DashboardController->dashboard()
#16 C:\xampp\htdocs\TicketSystem\vendor\yeephp\yeephp\Yee\Managers\Controller\Controller.php(23): call_user_func_array(Array, Array)
#17 [internal function]: Yee\Managers\Controller\Controller::__callStatic('dashboard', Array)
#18 C:\xampp\htdocs\TicketSystem\vendor\yeephp\yeephp\Yee\Route.php(468): call_user_func_array('\\App\\Controller...', Array)
#19 C:\xampp\htdocs\TicketSystem\vendor\yeephp\yeephp\Yee\Yee.php(1374): Yee\Route->dispatch()
#20 C:\xampp\htdocs\TicketSystem\vendor\yeephp\yeephp\Yee\Middleware\Flash.php(85): Yee\Yee->call()
#21 C:\xampp\htdocs\TicketSystem\vendor\yeephp\yeephp\Yee\Middleware\MethodOverride.php(92): Yee\Middleware\Flash->call()
#22 C:\xampp\htdocs\TicketSystem\vendor\yeephp\yeephp\Yee\Middleware\PrettyExceptions.php(67): Yee\Middleware\MethodOverride->call()
#23 C:\xampp\htdocs\TicketSystem\vendor\yeephp\yeephp\Yee\Yee.php(1282): Yee\Middleware\PrettyExceptions->call()
#24 C:\xampp\htdocs\TicketSystem\public\index.php(26): Yee\Yee->execute()
#25 {main}
ERROR - 2017-06-22 11:05:38 - Twig_Error_Loader: Unable to find template "layout.twig" (looked into: C:\xampp\htdocs\TicketSystem/templates). in C:\xampp\htdocs\TicketSystem\vendor\twig\twig\lib\Twig\Loader\Filesystem.php:232
Stack trace:
#0 C:\xampp\htdocs\TicketSystem\vendor\twig\twig\lib\Twig\Loader\Filesystem.php(150): Twig_Loader_Filesystem->findTemplate('layout.twig')
#1 C:\xampp\htdocs\TicketSystem\vendor\twig\twig\lib\Twig\Environment.php(329): Twig_Loader_Filesystem->getCacheKey('layout.twig')
#2 C:\xampp\htdocs\TicketSystem\vendor\twig\twig\lib\Twig\Environment.php(419): Twig_Environment->getTemplateClass('layout.twig')
#3 C:\xampp\htdocs\TicketSystem\vendor\yeephp\yeephp\Yee\Views\Twig.php(87): Twig_Environment->loadTemplate('layout.twig')
#4 C:\xampp\htdocs\TicketSystem\vendor\yeephp\yeephp\Yee\View.php(255): Yee\Views\Twig->render('layout.twig', NULL)
#5 C:\xampp\htdocs\TicketSystem\vendor\yeephp\yeephp\Yee\View.php(243): Yee\View->fetch('layout.twig', NULL)
#6 C:\xampp\htdocs\TicketSystem\vendor\yeephp\yeephp\Yee\Yee.php(766): Yee\View->display('layout.twig')
#7 C:\xampp\htdocs\TicketSystem\App\Controllers\InternController.php(28): Yee\Yee->render('layout.twig')
#8 [internal function]: App\Controllers\InternController->layout()
#9 C:\xampp\htdocs\TicketSystem\vendor\yeephp\yeephp\Yee\Managers\Controller\Controller.php(23): call_user_func_array(Array, Array)
#10 [internal function]: Yee\Managers\Controller\Controller::__callStatic('layout', Array)
#11 C:\xampp\htdocs\TicketSystem\vendor\yeephp\yeephp\Yee\Route.php(468): call_user_func_array('\\App\\Controller...', Array)
#12 C:\xampp\htdocs\TicketSystem\vendor\yeephp\yeephp\Yee\Yee.php(1374): Yee\Route->dispatch()
#13 C:\xampp\htdocs\TicketSystem\vendor\yeephp\yeephp\Yee\Middleware\Flash.php(85): Yee\Yee->call()
#14 C:\xampp\htdocs\TicketSystem\vendor\yeephp\yeephp\Yee\Middleware\MethodOverride.php(92): Yee\Middleware\Flash->call()
#15 C:\xampp\htdocs\TicketSystem\vendor\yeephp\yeephp\Yee\Middleware\PrettyExceptions.php(67): Yee\Middleware\MethodOverride->call()
#16 C:\xampp\htdocs\TicketSystem\vendor\yeephp\yeephp\Yee\Yee.php(1282): Yee\Middleware\PrettyExceptions->call()
#17 C:\xampp\htdocs\TicketSystem\public\index.php(26): Yee\Yee->execute()
#18 {main}
