ERROR - 2017-06-20 10:07:24 - ErrorException: Undefined variable: validateSuccsessful in C:\xampp\htdocs\TicketSystem\App\Controllers\RegisterController.php:42
Stack trace:
#0 C:\xampp\htdocs\TicketSystem\App\Controllers\RegisterController.php(42): Yee\Yee::handleErrors(8, 'Undefined varia...', 'C:\\xampp\\htdocs...', 42, Array)
#1 [internal function]: App\Controllers\RegisterController->registerPost()
#2 C:\xampp\htdocs\TicketSystem\vendor\yeephp\yeephp\Yee\Managers\Controller\Controller.php(23): call_user_func_array(Array, Array)
#3 [internal function]: Yee\Managers\Controller\Controller::__callStatic('registerPost', Array)
#4 C:\xampp\htdocs\TicketSystem\vendor\yeephp\yeephp\Yee\Route.php(468): call_user_func_array('\\App\\Controller...', Array)
#5 C:\xampp\htdocs\TicketSystem\vendor\yeephp\yeephp\Yee\Yee.php(1374): Yee\Route->dispatch()
#6 C:\xampp\htdocs\TicketSystem\vendor\yeephp\yeephp\Yee\Middleware\Flash.php(85): Yee\Yee->call()
#7 C:\xampp\htdocs\TicketSystem\vendor\yeephp\yeephp\Yee\Middleware\MethodOverride.php(92): Yee\Middleware\Flash->call()
#8 C:\xampp\htdocs\TicketSystem\vendor\yeephp\yeephp\Yee\Middleware\PrettyExceptions.php(67): Yee\Middleware\MethodOverride->call()
#9 C:\xampp\htdocs\TicketSystem\vendor\yeephp\yeephp\Yee\Yee.php(1282): Yee\Middleware\PrettyExceptions->call()
#10 C:\xampp\htdocs\TicketSystem\public\index.php(26): Yee\Yee->execute()
#11 {main}
ERROR - 2017-06-20 10:08:29 - ErrorException: Undefined variable: validateSuccsessful in C:\xampp\htdocs\TicketSystem\App\Controllers\RegisterController.php:42
Stack trace:
#0 C:\xampp\htdocs\TicketSystem\App\Controllers\RegisterController.php(42): Yee\Yee::handleErrors(8, 'Undefined varia...', 'C:\\xampp\\htdocs...', 42, Array)
#1 [internal function]: App\Controllers\RegisterController->registerPost()
#2 C:\xampp\htdocs\TicketSystem\vendor\yeephp\yeephp\Yee\Managers\Controller\Controller.php(23): call_user_func_array(Array, Array)
#3 [internal function]: Yee\Managers\Controller\Controller::__callStatic('registerPost', Array)
#4 C:\xampp\htdocs\TicketSystem\vendor\yeephp\yeephp\Yee\Route.php(468): call_user_func_array('\\App\\Controller...', Array)
#5 C:\xampp\htdocs\TicketSystem\vendor\yeephp\yeephp\Yee\Yee.php(1374): Yee\Route->dispatch()
#6 C:\xampp\htdocs\TicketSystem\vendor\yeephp\yeephp\Yee\Middleware\Flash.php(85): Yee\Yee->call()
#7 C:\xampp\htdocs\TicketSystem\vendor\yeephp\yeephp\Yee\Middleware\MethodOverride.php(92): Yee\Middleware\Flash->call()
#8 C:\xampp\htdocs\TicketSystem\vendor\yeephp\yeephp\Yee\Middleware\PrettyExceptions.php(67): Yee\Middleware\MethodOverride->call()
#9 C:\xampp\htdocs\TicketSystem\vendor\yeephp\yeephp\Yee\Yee.php(1282): Yee\Middleware\PrettyExceptions->call()
#10 C:\xampp\htdocs\TicketSystem\public\index.php(26): Yee\Yee->execute()
#11 {main}
ERROR - 2017-06-20 10:08:57 - ErrorException: Undefined property: App\Controllers\RegisterController::$validateSuccsessful in C:\xampp\htdocs\TicketSystem\App\Controllers\RegisterController.php:42
Stack trace:
#0 C:\xampp\htdocs\TicketSystem\App\Controllers\RegisterController.php(42): Yee\Yee::handleErrors(8, 'Undefined prope...', 'C:\\xampp\\htdocs...', 42, Array)
#1 [internal function]: App\Controllers\RegisterController->registerPost()
#2 C:\xampp\htdocs\TicketSystem\vendor\yeephp\yeephp\Yee\Managers\Controller\Controller.php(23): call_user_func_array(Array, Array)
#3 [internal function]: Yee\Managers\Controller\Controller::__callStatic('registerPost', Array)
#4 C:\xampp\htdocs\TicketSystem\vendor\yeephp\yeephp\Yee\Route.php(468): call_user_func_array('\\App\\Controller...', Array)
#5 C:\xampp\htdocs\TicketSystem\vendor\yeephp\yeephp\Yee\Yee.php(1374): Yee\Route->dispatch()
#6 C:\xampp\htdocs\TicketSystem\vendor\yeephp\yeephp\Yee\Middleware\Flash.php(85): Yee\Yee->call()
#7 C:\xampp\htdocs\TicketSystem\vendor\yeephp\yeephp\Yee\Middleware\MethodOverride.php(92): Yee\Middleware\Flash->call()
#8 C:\xampp\htdocs\TicketSystem\vendor\yeephp\yeephp\Yee\Middleware\PrettyExceptions.php(67): Yee\Middleware\MethodOverride->call()
#9 C:\xampp\htdocs\TicketSystem\vendor\yeephp\yeephp\Yee\Yee.php(1282): Yee\Middleware\PrettyExceptions->call()
#10 C:\xampp\htdocs\TicketSystem\public\index.php(26): Yee\Yee->execute()
#11 {main}
ERROR - 2017-06-20 10:09:03 - ErrorException: Undefined property: App\Controllers\RegisterController::$validateSuccsessful in C:\xampp\htdocs\TicketSystem\App\Controllers\RegisterController.php:42
Stack trace:
#0 C:\xampp\htdocs\TicketSystem\App\Controllers\RegisterController.php(42): Yee\Yee::handleErrors(8, 'Undefined prope...', 'C:\\xampp\\htdocs...', 42, Array)
#1 [internal function]: App\Controllers\RegisterController->registerPost()
#2 C:\xampp\htdocs\TicketSystem\vendor\yeephp\yeephp\Yee\Managers\Controller\Controller.php(23): call_user_func_array(Array, Array)
#3 [internal function]: Yee\Managers\Controller\Controller::__callStatic('registerPost', Array)
#4 C:\xampp\htdocs\TicketSystem\vendor\yeephp\yeephp\Yee\Route.php(468): call_user_func_array('\\App\\Controller...', Array)
#5 C:\xampp\htdocs\TicketSystem\vendor\yeephp\yeephp\Yee\Yee.php(1374): Yee\Route->dispatch()
#6 C:\xampp\htdocs\TicketSystem\vendor\yeephp\yeephp\Yee\Middleware\Flash.php(85): Yee\Yee->call()
#7 C:\xampp\htdocs\TicketSystem\vendor\yeephp\yeephp\Yee\Middleware\MethodOverride.php(92): Yee\Middleware\Flash->call()
#8 C:\xampp\htdocs\TicketSystem\vendor\yeephp\yeephp\Yee\Middleware\PrettyExceptions.php(67): Yee\Middleware\MethodOverride->call()
#9 C:\xampp\htdocs\TicketSystem\vendor\yeephp\yeephp\Yee\Yee.php(1282): Yee\Middleware\PrettyExceptions->call()
#10 C:\xampp\htdocs\TicketSystem\public\index.php(26): Yee\Yee->execute()
#11 {main}
ERROR - 2017-06-20 10:09:07 - ErrorException: Undefined property: App\Controllers\RegisterController::$validateSuccsessful in C:\xampp\htdocs\TicketSystem\App\Controllers\RegisterController.php:42
Stack trace:
#0 C:\xampp\htdocs\TicketSystem\App\Controllers\RegisterController.php(42): Yee\Yee::handleErrors(8, 'Undefined prope...', 'C:\\xampp\\htdocs...', 42, Array)
#1 [internal function]: App\Controllers\RegisterController->registerPost()
#2 C:\xampp\htdocs\TicketSystem\vendor\yeephp\yeephp\Yee\Managers\Controller\Controller.php(23): call_user_func_array(Array, Array)
#3 [internal function]: Yee\Managers\Controller\Controller::__callStatic('registerPost', Array)
#4 C:\xampp\htdocs\TicketSystem\vendor\yeephp\yeephp\Yee\Route.php(468): call_user_func_array('\\App\\Controller...', Array)
#5 C:\xampp\htdocs\TicketSystem\vendor\yeephp\yeephp\Yee\Yee.php(1374): Yee\Route->dispatch()
#6 C:\xampp\htdocs\TicketSystem\vendor\yeephp\yeephp\Yee\Middleware\Flash.php(85): Yee\Yee->call()
#7 C:\xampp\htdocs\TicketSystem\vendor\yeephp\yeephp\Yee\Middleware\MethodOverride.php(92): Yee\Middleware\Flash->call()
#8 C:\xampp\htdocs\TicketSystem\vendor\yeephp\yeephp\Yee\Middleware\PrettyExceptions.php(67): Yee\Middleware\MethodOverride->call()
#9 C:\xampp\htdocs\TicketSystem\vendor\yeephp\yeephp\Yee\Yee.php(1282): Yee\Middleware\PrettyExceptions->call()
#10 C:\xampp\htdocs\TicketSystem\public\index.php(26): Yee\Yee->execute()
#11 {main}
ERROR - 2017-06-20 10:09:28 - ErrorException: Undefined variable: validateSuccsessful in C:\xampp\htdocs\TicketSystem\App\Controllers\RegisterController.php:42
Stack trace:
#0 C:\xampp\htdocs\TicketSystem\App\Controllers\RegisterController.php(42): Yee\Yee::handleErrors(8, 'Undefined varia...', 'C:\\xampp\\htdocs...', 42, Array)
#1 [internal function]: App\Controllers\RegisterController->registerPost()
#2 C:\xampp\htdocs\TicketSystem\vendor\yeephp\yeephp\Yee\Managers\Controller\Controller.php(23): call_user_func_array(Array, Array)
#3 [internal function]: Yee\Managers\Controller\Controller::__callStatic('registerPost', Array)
#4 C:\xampp\htdocs\TicketSystem\vendor\yeephp\yeephp\Yee\Route.php(468): call_user_func_array('\\App\\Controller...', Array)
#5 C:\xampp\htdocs\TicketSystem\vendor\yeephp\yeephp\Yee\Yee.php(1374): Yee\Route->dispatch()
#6 C:\xampp\htdocs\TicketSystem\vendor\yeephp\yeephp\Yee\Middleware\Flash.php(85): Yee\Yee->call()
#7 C:\xampp\htdocs\TicketSystem\vendor\yeephp\yeephp\Yee\Middleware\MethodOverride.php(92): Yee\Middleware\Flash->call()
#8 C:\xampp\htdocs\TicketSystem\vendor\yeephp\yeephp\Yee\Middleware\PrettyExceptions.php(67): Yee\Middleware\MethodOverride->call()
#9 C:\xampp\htdocs\TicketSystem\vendor\yeephp\yeephp\Yee\Yee.php(1282): Yee\Middleware\PrettyExceptions->call()
#10 C:\xampp\htdocs\TicketSystem\public\index.php(26): Yee\Yee->execute()
#11 {main}
ERROR - 2017-06-20 10:09:36 - ErrorException: Undefined variable: validateSuccsessful in C:\xampp\htdocs\TicketSystem\App\Controllers\RegisterController.php:42
Stack trace:
#0 C:\xampp\htdocs\TicketSystem\App\Controllers\RegisterController.php(42): Yee\Yee::handleErrors(8, 'Undefined varia...', 'C:\\xampp\\htdocs...', 42, Array)
#1 [internal function]: App\Controllers\RegisterController->registerPost()
#2 C:\xampp\htdocs\TicketSystem\vendor\yeephp\yeephp\Yee\Managers\Controller\Controller.php(23): call_user_func_array(Array, Array)
#3 [internal function]: Yee\Managers\Controller\Controller::__callStatic('registerPost', Array)
#4 C:\xampp\htdocs\TicketSystem\vendor\yeephp\yeephp\Yee\Route.php(468): call_user_func_array('\\App\\Controller...', Array)
#5 C:\xampp\htdocs\TicketSystem\vendor\yeephp\yeephp\Yee\Yee.php(1374): Yee\Route->dispatch()
#6 C:\xampp\htdocs\TicketSystem\vendor\yeephp\yeephp\Yee\Middleware\Flash.php(85): Yee\Yee->call()
#7 C:\xampp\htdocs\TicketSystem\vendor\yeephp\yeephp\Yee\Middleware\MethodOverride.php(92): Yee\Middleware\Flash->call()
#8 C:\xampp\htdocs\TicketSystem\vendor\yeephp\yeephp\Yee\Middleware\PrettyExceptions.php(67): Yee\Middleware\MethodOverride->call()
#9 C:\xampp\htdocs\TicketSystem\vendor\yeephp\yeephp\Yee\Yee.php(1282): Yee\Middleware\PrettyExceptions->call()
#10 C:\xampp\htdocs\TicketSystem\public\index.php(26): Yee\Yee->execute()
#11 {main}
ERROR - 2017-06-20 09:00:29 - ErrorException: Undefined variable: data in C:\wamp64\www\TicketSystem-master\App\Models\RegisteUserModel.php:61
Stack trace:
#0 C:\wamp64\www\TicketSystem-master\App\Models\RegisteUserModel.php(61): Yee\Yee::handleErrors(8, 'Undefined varia...', 'C:\\wamp64\\www\\T...', 61, Array)
#1 C:\wamp64\www\TicketSystem-master\App\Controllers\RegisterController.php(40): App\Models\RegisteUserModel->validateUser()
#2 [internal function]: App\Controllers\RegisterController->registerPost()
#3 C:\wamp64\www\TicketSystem-master\vendor\yeephp\yeephp\Yee\Managers\Controller\Controller.php(23): call_user_func_array(Array, Array)
#4 [internal function]: Yee\Managers\Controller\Controller::__callStatic('registerPost', Array)
#5 C:\wamp64\www\TicketSystem-master\vendor\yeephp\yeephp\Yee\Route.php(468): call_user_func_array('\\App\\Controller...', Array)
#6 C:\wamp64\www\TicketSystem-master\vendor\yeephp\yeephp\Yee\Yee.php(1374): Yee\Route->dispatch()
#7 C:\wamp64\www\TicketSystem-master\vendor\yeephp\yeephp\Yee\Middleware\Flash.php(85): Yee\Yee->call()
#8 C:\wamp64\www\TicketSystem-master\vendor\yeephp\yeephp\Yee\Middleware\MethodOverride.php(92): Yee\Middleware\Flash->call()
#9 C:\wamp64\www\TicketSystem-master\vendor\yeephp\yeephp\Yee\Middleware\PrettyExceptions.php(67): Yee\Middleware\MethodOverride->call()
#10 C:\wamp64\www\TicketSystem-master\vendor\yeephp\yeephp\Yee\Yee.php(1282): Yee\Middleware\PrettyExceptions->call()
#11 C:\wamp64\www\TicketSystem-master\public\index.php(26): Yee\Yee->execute()
#12 {main}
ERROR - 2017-06-20 09:00:52 - ErrorException: Undefined variable: data in C:\wamp64\www\TicketSystem-master\App\Models\RegisteUserModel.php:61
Stack trace:
#0 C:\wamp64\www\TicketSystem-master\App\Models\RegisteUserModel.php(61): Yee\Yee::handleErrors(8, 'Undefined varia...', 'C:\\wamp64\\www\\T...', 61, Array)
#1 C:\wamp64\www\TicketSystem-master\App\Controllers\RegisterController.php(40): App\Models\RegisteUserModel->validateUser()
#2 [internal function]: App\Controllers\RegisterController->registerPost()
#3 C:\wamp64\www\TicketSystem-master\vendor\yeephp\yeephp\Yee\Managers\Controller\Controller.php(23): call_user_func_array(Array, Array)
#4 [internal function]: Yee\Managers\Controller\Controller::__callStatic('registerPost', Array)
#5 C:\wamp64\www\TicketSystem-master\vendor\yeephp\yeephp\Yee\Route.php(468): call_user_func_array('\\App\\Controller...', Array)
#6 C:\wamp64\www\TicketSystem-master\vendor\yeephp\yeephp\Yee\Yee.php(1374): Yee\Route->dispatch()
#7 C:\wamp64\www\TicketSystem-master\vendor\yeephp\yeephp\Yee\Middleware\Flash.php(85): Yee\Yee->call()
#8 C:\wamp64\www\TicketSystem-master\vendor\yeephp\yeephp\Yee\Middleware\MethodOverride.php(92): Yee\Middleware\Flash->call()
#9 C:\wamp64\www\TicketSystem-master\vendor\yeephp\yeephp\Yee\Middleware\PrettyExceptions.php(67): Yee\Middleware\MethodOverride->call()
#10 C:\wamp64\www\TicketSystem-master\vendor\yeephp\yeephp\Yee\Yee.php(1282): Yee\Middleware\PrettyExceptions->call()
#11 C:\wamp64\www\TicketSystem-master\public\index.php(26): Yee\Yee->execute()
#12 {main}
ERROR - 2017-06-20 09:31:02 - ErrorException: Problem preparing query (INSERT into users(`id`, `first_name`, `second_name`, `username`, `password`, `user_ip`, `date`) VALUES(?, ?, ?, ?, ?, ?, ?)) Table 'ticket_system.users' doesn't exist in C:\wamp64\www\TicketSystem-master\vendor\yeephp\yeephp\Yee\Libraries\Database\MysqliDB.php:909
Stack trace:
#0 [internal function]: Yee\Yee::handleErrors(256, 'Problem prepari...', 'C:\\wamp64\\www\\T...', 909, Array)
#1 C:\wamp64\www\TicketSystem-master\vendor\yeephp\yeephp\Yee\Libraries\Database\MysqliDB.php(909): trigger_error('Problem prepari...', 256)
#2 C:\wamp64\www\TicketSystem-master\vendor\yeephp\yeephp\Yee\Libraries\Database\MysqliDB.php(648): Yee\Libraries\Database\MysqliDB->_prepareQuery()
#3 C:\wamp64\www\TicketSystem-master\vendor\yeephp\yeephp\Yee\Libraries\Database\MysqliDB.php(324): Yee\Libraries\Database\MysqliDB->_buildQuery(NULL, Array)
#4 C:\wamp64\www\TicketSystem-master\App\Models\RegisteUserModel.php(80): Yee\Libraries\Database\MysqliDB->insert('users', Array)
#5 C:\wamp64\www\TicketSystem-master\App\Controllers\RegisterController.php(40): App\Models\RegisteUserModel->insertUsers()
#6 [internal function]: App\Controllers\RegisterController->registerPost()
#7 C:\wamp64\www\TicketSystem-master\vendor\yeephp\yeephp\Yee\Managers\Controller\Controller.php(23): call_user_func_array(Array, Array)
#8 [internal function]: Yee\Managers\Controller\Controller::__callStatic('registerPost', Array)
#9 C:\wamp64\www\TicketSystem-master\vendor\yeephp\yeephp\Yee\Route.php(468): call_user_func_array('\\App\\Controller...', Array)
#10 C:\wamp64\www\TicketSystem-master\vendor\yeephp\yeephp\Yee\Yee.php(1374): Yee\Route->dispatch()
#11 C:\wamp64\www\TicketSystem-master\vendor\yeephp\yeephp\Yee\Middleware\Flash.php(85): Yee\Yee->call()
#12 C:\wamp64\www\TicketSystem-master\vendor\yeephp\yeephp\Yee\Middleware\MethodOverride.php(92): Yee\Middleware\Flash->call()
#13 C:\wamp64\www\TicketSystem-master\vendor\yeephp\yeephp\Yee\Middleware\PrettyExceptions.php(67): Yee\Middleware\MethodOverride->call()
#14 C:\wamp64\www\TicketSystem-master\vendor\yeephp\yeephp\Yee\Yee.php(1282): Yee\Middleware\PrettyExceptions->call()
#15 C:\wamp64\www\TicketSystem-master\public\index.php(26): Yee\Yee->execute()
#16 {main}
ERROR - 2017-06-20 09:35:46 - ErrorException: Problem preparing query (INSERT into users(`id`, `first_name`, `second_name`, `username`, `password`, `user_ip`, `date`) VALUES(?, ?, ?, ?, ?, ?, ?)) Table 'ticket_system.users' doesn't exist in C:\wamp64\www\TicketSystem-master\vendor\yeephp\yeephp\Yee\Libraries\Database\MysqliDB.php:909
Stack trace:
#0 [internal function]: Yee\Yee::handleErrors(256, 'Problem prepari...', 'C:\\wamp64\\www\\T...', 909, Array)
#1 C:\wamp64\www\TicketSystem-master\vendor\yeephp\yeephp\Yee\Libraries\Database\MysqliDB.php(909): trigger_error('Problem prepari...', 256)
#2 C:\wamp64\www\TicketSystem-master\vendor\yeephp\yeephp\Yee\Libraries\Database\MysqliDB.php(648): Yee\Libraries\Database\MysqliDB->_prepareQuery()
#3 C:\wamp64\www\TicketSystem-master\vendor\yeephp\yeephp\Yee\Libraries\Database\MysqliDB.php(324): Yee\Libraries\Database\MysqliDB->_buildQuery(NULL, Array)
#4 C:\wamp64\www\TicketSystem-master\App\Models\RegisteUserModel.php(80): Yee\Libraries\Database\MysqliDB->insert('users', Array)
#5 C:\wamp64\www\TicketSystem-master\App\Controllers\RegisterController.php(40): App\Models\RegisteUserModel->insertUsers()
#6 [internal function]: App\Controllers\RegisterController->registerPost()
#7 C:\wamp64\www\TicketSystem-master\vendor\yeephp\yeephp\Yee\Managers\Controller\Controller.php(23): call_user_func_array(Array, Array)
#8 [internal function]: Yee\Managers\Controller\Controller::__callStatic('registerPost', Array)
#9 C:\wamp64\www\TicketSystem-master\vendor\yeephp\yeephp\Yee\Route.php(468): call_user_func_array('\\App\\Controller...', Array)
#10 C:\wamp64\www\TicketSystem-master\vendor\yeephp\yeephp\Yee\Yee.php(1374): Yee\Route->dispatch()
#11 C:\wamp64\www\TicketSystem-master\vendor\yeephp\yeephp\Yee\Middleware\Flash.php(85): Yee\Yee->call()
#12 C:\wamp64\www\TicketSystem-master\vendor\yeephp\yeephp\Yee\Middleware\MethodOverride.php(92): Yee\Middleware\Flash->call()
#13 C:\wamp64\www\TicketSystem-master\vendor\yeephp\yeephp\Yee\Middleware\PrettyExceptions.php(67): Yee\Middleware\MethodOverride->call()
#14 C:\wamp64\www\TicketSystem-master\vendor\yeephp\yeephp\Yee\Yee.php(1282): Yee\Middleware\PrettyExceptions->call()
#15 C:\wamp64\www\TicketSystem-master\public\index.php(26): Yee\Yee->execute()
#16 {main}
ERROR - 2017-06-20 09:35:58 - ErrorException: Problem preparing query (INSERT into users(`id`, `first_name`, `second_name`, `username`, `password`, `user_ip`, `date`) VALUES(?, ?, ?, ?, ?, ?, ?)) Table 'ticket_system.users' doesn't exist in C:\wamp64\www\TicketSystem-master\vendor\yeephp\yeephp\Yee\Libraries\Database\MysqliDB.php:909
Stack trace:
#0 [internal function]: Yee\Yee::handleErrors(256, 'Problem prepari...', 'C:\\wamp64\\www\\T...', 909, Array)
#1 C:\wamp64\www\TicketSystem-master\vendor\yeephp\yeephp\Yee\Libraries\Database\MysqliDB.php(909): trigger_error('Problem prepari...', 256)
#2 C:\wamp64\www\TicketSystem-master\vendor\yeephp\yeephp\Yee\Libraries\Database\MysqliDB.php(648): Yee\Libraries\Database\MysqliDB->_prepareQuery()
#3 C:\wamp64\www\TicketSystem-master\vendor\yeephp\yeephp\Yee\Libraries\Database\MysqliDB.php(324): Yee\Libraries\Database\MysqliDB->_buildQuery(NULL, Array)
#4 C:\wamp64\www\TicketSystem-master\App\Models\RegisteUserModel.php(80): Yee\Libraries\Database\MysqliDB->insert('users', Array)
#5 C:\wamp64\www\TicketSystem-master\App\Controllers\RegisterController.php(40): App\Models\RegisteUserModel->insertUsers()
#6 [internal function]: App\Controllers\RegisterController->registerPost()
#7 C:\wamp64\www\TicketSystem-master\vendor\yeephp\yeephp\Yee\Managers\Controller\Controller.php(23): call_user_func_array(Array, Array)
#8 [internal function]: Yee\Managers\Controller\Controller::__callStatic('registerPost', Array)
#9 C:\wamp64\www\TicketSystem-master\vendor\yeephp\yeephp\Yee\Route.php(468): call_user_func_array('\\App\\Controller...', Array)
#10 C:\wamp64\www\TicketSystem-master\vendor\yeephp\yeephp\Yee\Yee.php(1374): Yee\Route->dispatch()
#11 C:\wamp64\www\TicketSystem-master\vendor\yeephp\yeephp\Yee\Middleware\Flash.php(85): Yee\Yee->call()
#12 C:\wamp64\www\TicketSystem-master\vendor\yeephp\yeephp\Yee\Middleware\MethodOverride.php(92): Yee\Middleware\Flash->call()
#13 C:\wamp64\www\TicketSystem-master\vendor\yeephp\yeephp\Yee\Middleware\PrettyExceptions.php(67): Yee\Middleware\MethodOverride->call()
#14 C:\wamp64\www\TicketSystem-master\vendor\yeephp\yeephp\Yee\Yee.php(1282): Yee\Middleware\PrettyExceptions->call()
#15 C:\wamp64\www\TicketSystem-master\public\index.php(26): Yee\Yee->execute()
#16 {main}
ERROR - 2017-06-20 09:36:05 - ErrorException: Problem preparing query (INSERT into users(`id`, `first_name`, `second_name`, `username`, `password`, `user_ip`, `date`) VALUES(?, ?, ?, ?, ?, ?, ?)) Table 'ticket_system.users' doesn't exist in C:\wamp64\www\TicketSystem-master\vendor\yeephp\yeephp\Yee\Libraries\Database\MysqliDB.php:909
Stack trace:
#0 [internal function]: Yee\Yee::handleErrors(256, 'Problem prepari...', 'C:\\wamp64\\www\\T...', 909, Array)
#1 C:\wamp64\www\TicketSystem-master\vendor\yeephp\yeephp\Yee\Libraries\Database\MysqliDB.php(909): trigger_error('Problem prepari...', 256)
#2 C:\wamp64\www\TicketSystem-master\vendor\yeephp\yeephp\Yee\Libraries\Database\MysqliDB.php(648): Yee\Libraries\Database\MysqliDB->_prepareQuery()
#3 C:\wamp64\www\TicketSystem-master\vendor\yeephp\yeephp\Yee\Libraries\Database\MysqliDB.php(324): Yee\Libraries\Database\MysqliDB->_buildQuery(NULL, Array)
#4 C:\wamp64\www\TicketSystem-master\App\Models\RegisteUserModel.php(80): Yee\Libraries\Database\MysqliDB->insert('users', Array)
#5 C:\wamp64\www\TicketSystem-master\App\Controllers\RegisterController.php(40): App\Models\RegisteUserModel->insertUsers()
#6 [internal function]: App\Controllers\RegisterController->registerPost()
#7 C:\wamp64\www\TicketSystem-master\vendor\yeephp\yeephp\Yee\Managers\Controller\Controller.php(23): call_user_func_array(Array, Array)
#8 [internal function]: Yee\Managers\Controller\Controller::__callStatic('registerPost', Array)
#9 C:\wamp64\www\TicketSystem-master\vendor\yeephp\yeephp\Yee\Route.php(468): call_user_func_array('\\App\\Controller...', Array)
#10 C:\wamp64\www\TicketSystem-master\vendor\yeephp\yeephp\Yee\Yee.php(1374): Yee\Route->dispatch()
#11 C:\wamp64\www\TicketSystem-master\vendor\yeephp\yeephp\Yee\Middleware\Flash.php(85): Yee\Yee->call()
#12 C:\wamp64\www\TicketSystem-master\vendor\yeephp\yeephp\Yee\Middleware\MethodOverride.php(92): Yee\Middleware\Flash->call()
#13 C:\wamp64\www\TicketSystem-master\vendor\yeephp\yeephp\Yee\Middleware\PrettyExceptions.php(67): Yee\Middleware\MethodOverride->call()
#14 C:\wamp64\www\TicketSystem-master\vendor\yeephp\yeephp\Yee\Yee.php(1282): Yee\Middleware\PrettyExceptions->call()
#15 C:\wamp64\www\TicketSystem-master\public\index.php(26): Yee\Yee->execute()
#16 {main}
ERROR - 2017-06-20 09:36:23 - ErrorException: Problem preparing query (INSERT into users(`id`, `first_name`, `second_name`, `username`, `password`, `user_ip`, `date`) VALUES(?, ?, ?, ?, ?, ?, ?)) Table 'ticket_system.users' doesn't exist in C:\wamp64\www\TicketSystem-master\vendor\yeephp\yeephp\Yee\Libraries\Database\MysqliDB.php:909
Stack trace:
#0 [internal function]: Yee\Yee::handleErrors(256, 'Problem prepari...', 'C:\\wamp64\\www\\T...', 909, Array)
#1 C:\wamp64\www\TicketSystem-master\vendor\yeephp\yeephp\Yee\Libraries\Database\MysqliDB.php(909): trigger_error('Problem prepari...', 256)
#2 C:\wamp64\www\TicketSystem-master\vendor\yeephp\yeephp\Yee\Libraries\Database\MysqliDB.php(648): Yee\Libraries\Database\MysqliDB->_prepareQuery()
#3 C:\wamp64\www\TicketSystem-master\vendor\yeephp\yeephp\Yee\Libraries\Database\MysqliDB.php(324): Yee\Libraries\Database\MysqliDB->_buildQuery(NULL, Array)
#4 C:\wamp64\www\TicketSystem-master\App\Models\RegisteUserModel.php(80): Yee\Libraries\Database\MysqliDB->insert('users', Array)
#5 C:\wamp64\www\TicketSystem-master\App\Controllers\RegisterController.php(40): App\Models\RegisteUserModel->insertUsers()
#6 [internal function]: App\Controllers\RegisterController->registerPost()
#7 C:\wamp64\www\TicketSystem-master\vendor\yeephp\yeephp\Yee\Managers\Controller\Controller.php(23): call_user_func_array(Array, Array)
#8 [internal function]: Yee\Managers\Controller\Controller::__callStatic('registerPost', Array)
#9 C:\wamp64\www\TicketSystem-master\vendor\yeephp\yeephp\Yee\Route.php(468): call_user_func_array('\\App\\Controller...', Array)
#10 C:\wamp64\www\TicketSystem-master\vendor\yeephp\yeephp\Yee\Yee.php(1374): Yee\Route->dispatch()
#11 C:\wamp64\www\TicketSystem-master\vendor\yeephp\yeephp\Yee\Middleware\Flash.php(85): Yee\Yee->call()
#12 C:\wamp64\www\TicketSystem-master\vendor\yeephp\yeephp\Yee\Middleware\MethodOverride.php(92): Yee\Middleware\Flash->call()
#13 C:\wamp64\www\TicketSystem-master\vendor\yeephp\yeephp\Yee\Middleware\PrettyExceptions.php(67): Yee\Middleware\MethodOverride->call()
#14 C:\wamp64\www\TicketSystem-master\vendor\yeephp\yeephp\Yee\Yee.php(1282): Yee\Middleware\PrettyExceptions->call()
#15 C:\wamp64\www\TicketSystem-master\public\index.php(26): Yee\Yee->execute()
#16 {main}
ERROR - 2017-06-20 09:37:02 - ErrorException: Problem preparing query (INSERT into users(`id`, `first_name`, `second_name`, `username`, `password`, `user_ip`, `date`) VALUES(?, ?, ?, ?, ?, ?, ?)) Table 'ticket_system.users' doesn't exist in C:\wamp64\www\TicketSystem-master\vendor\yeephp\yeephp\Yee\Libraries\Database\MysqliDB.php:909
Stack trace:
#0 [internal function]: Yee\Yee::handleErrors(256, 'Problem prepari...', 'C:\\wamp64\\www\\T...', 909, Array)
#1 C:\wamp64\www\TicketSystem-master\vendor\yeephp\yeephp\Yee\Libraries\Database\MysqliDB.php(909): trigger_error('Problem prepari...', 256)
#2 C:\wamp64\www\TicketSystem-master\vendor\yeephp\yeephp\Yee\Libraries\Database\MysqliDB.php(648): Yee\Libraries\Database\MysqliDB->_prepareQuery()
#3 C:\wamp64\www\TicketSystem-master\vendor\yeephp\yeephp\Yee\Libraries\Database\MysqliDB.php(324): Yee\Libraries\Database\MysqliDB->_buildQuery(NULL, Array)
#4 C:\wamp64\www\TicketSystem-master\App\Models\RegisteUserModel.php(80): Yee\Libraries\Database\MysqliDB->insert('users', Array)
#5 C:\wamp64\www\TicketSystem-master\App\Controllers\RegisterController.php(40): App\Models\RegisteUserModel->insertUsers()
#6 [internal function]: App\Controllers\RegisterController->registerPost()
#7 C:\wamp64\www\TicketSystem-master\vendor\yeephp\yeephp\Yee\Managers\Controller\Controller.php(23): call_user_func_array(Array, Array)
#8 [internal function]: Yee\Managers\Controller\Controller::__callStatic('registerPost', Array)
#9 C:\wamp64\www\TicketSystem-master\vendor\yeephp\yeephp\Yee\Route.php(468): call_user_func_array('\\App\\Controller...', Array)
#10 C:\wamp64\www\TicketSystem-master\vendor\yeephp\yeephp\Yee\Yee.php(1374): Yee\Route->dispatch()
#11 C:\wamp64\www\TicketSystem-master\vendor\yeephp\yeephp\Yee\Middleware\Flash.php(85): Yee\Yee->call()
#12 C:\wamp64\www\TicketSystem-master\vendor\yeephp\yeephp\Yee\Middleware\MethodOverride.php(92): Yee\Middleware\Flash->call()
#13 C:\wamp64\www\TicketSystem-master\vendor\yeephp\yeephp\Yee\Middleware\PrettyExceptions.php(67): Yee\Middleware\MethodOverride->call()
#14 C:\wamp64\www\TicketSystem-master\vendor\yeephp\yeephp\Yee\Yee.php(1282): Yee\Middleware\PrettyExceptions->call()
#15 C:\wamp64\www\TicketSystem-master\public\index.php(26): Yee\Yee->execute()
#16 {main}
