ERROR - 2017-06-16 12:12:35 - ErrorException: Undefined variable: email in C:\xampp\htdocs\TicketSystem\App\Models\UserModel.php:23
Stack trace:
#0 C:\xampp\htdocs\TicketSystem\App\Models\UserModel.php(23): Yee\Yee::handleErrors(8, 'Undefined varia...', 'C:\\xampp\\htdocs...', 23, Array)
#1 C:\xampp\htdocs\TicketSystem\App\Controllers\LoginController.php(37): App\Models\UserModel->getUsers()
#2 [internal function]: App\Controllers\LoginController->loginPost()
#3 C:\xampp\htdocs\TicketSystem\vendor\yeephp\yeephp\Yee\Managers\Controller\Controller.php(23): call_user_func_array(Array, Array)
#4 [internal function]: Yee\Managers\Controller\Controller::__callStatic('loginPost', Array)
#5 C:\xampp\htdocs\TicketSystem\vendor\yeephp\yeephp\Yee\Route.php(468): call_user_func_array('\\App\\Controller...', Array)
#6 C:\xampp\htdocs\TicketSystem\vendor\yeephp\yeephp\Yee\Yee.php(1374): Yee\Route->dispatch()
#7 C:\xampp\htdocs\TicketSystem\vendor\yeephp\yeephp\Yee\Middleware\Flash.php(85): Yee\Yee->call()
#8 C:\xampp\htdocs\TicketSystem\vendor\yeephp\yeephp\Yee\Middleware\MethodOverride.php(92): Yee\Middleware\Flash->call()
#9 C:\xampp\htdocs\TicketSystem\vendor\yeephp\yeephp\Yee\Middleware\PrettyExceptions.php(67): Yee\Middleware\MethodOverride->call()
#10 C:\xampp\htdocs\TicketSystem\vendor\yeephp\yeephp\Yee\Yee.php(1282): Yee\Middleware\PrettyExceptions->call()
#11 C:\xampp\htdocs\TicketSystem\public\index.php(26): Yee\Yee->execute()
#12 {main}
ERROR - 2017-06-16 12:13:28 - ErrorException: Problem preparing query (SELECT * FROM users WHERE   id = ? ) Table 'ticket_system.users' doesn't exist in C:\xampp\htdocs\TicketSystem\vendor\yeephp\yeephp\Yee\Libraries\Database\MysqliDB.php:909
Stack trace:
#0 [internal function]: Yee\Yee::handleErrors(256, 'Problem prepari...', 'C:\\xampp\\htdocs...', 909, Array)
#1 C:\xampp\htdocs\TicketSystem\vendor\yeephp\yeephp\Yee\Libraries\Database\MysqliDB.php(909): trigger_error('Problem prepari...', 256)
#2 C:\xampp\htdocs\TicketSystem\vendor\yeephp\yeephp\Yee\Libraries\Database\MysqliDB.php(648): Yee\Libraries\Database\MysqliDB->_prepareQuery()
#3 C:\xampp\htdocs\TicketSystem\vendor\yeephp\yeephp\Yee\Libraries\Database\MysqliDB.php(273): Yee\Libraries\Database\MysqliDB->_buildQuery(NULL)
#4 C:\xampp\htdocs\TicketSystem\App\Models\UserModel.php(23): Yee\Libraries\Database\MysqliDB->get('users')
#5 C:\xampp\htdocs\TicketSystem\App\Controllers\LoginController.php(37): App\Models\UserModel->getUsers()
#6 [internal function]: App\Controllers\LoginController->loginPost()
#7 C:\xampp\htdocs\TicketSystem\vendor\yeephp\yeephp\Yee\Managers\Controller\Controller.php(23): call_user_func_array(Array, Array)
#8 [internal function]: Yee\Managers\Controller\Controller::__callStatic('loginPost', Array)
#9 C:\xampp\htdocs\TicketSystem\vendor\yeephp\yeephp\Yee\Route.php(468): call_user_func_array('\\App\\Controller...', Array)
#10 C:\xampp\htdocs\TicketSystem\vendor\yeephp\yeephp\Yee\Yee.php(1374): Yee\Route->dispatch()
#11 C:\xampp\htdocs\TicketSystem\vendor\yeephp\yeephp\Yee\Middleware\Flash.php(85): Yee\Yee->call()
#12 C:\xampp\htdocs\TicketSystem\vendor\yeephp\yeephp\Yee\Middleware\MethodOverride.php(92): Yee\Middleware\Flash->call()
#13 C:\xampp\htdocs\TicketSystem\vendor\yeephp\yeephp\Yee\Middleware\PrettyExceptions.php(67): Yee\Middleware\MethodOverride->call()
#14 C:\xampp\htdocs\TicketSystem\vendor\yeephp\yeephp\Yee\Yee.php(1282): Yee\Middleware\PrettyExceptions->call()
#15 C:\xampp\htdocs\TicketSystem\public\index.php(26): Yee\Yee->execute()
#16 {main}
ERROR - 2017-06-16 13:09:22 - ErrorException: Undefined index: password in C:\xampp\htdocs\TicketSystem\App\Models\UserModel.php:34
Stack trace:
#0 C:\xampp\htdocs\TicketSystem\App\Models\UserModel.php(34): Yee\Yee::handleErrors(8, 'Undefined index...', 'C:\\xampp\\htdocs...', 34, Array)
#1 C:\xampp\htdocs\TicketSystem\App\Controllers\LoginController.php(38): App\Models\UserModel->validateUser()
#2 [internal function]: App\Controllers\LoginController->loginPost()
#3 C:\xampp\htdocs\TicketSystem\vendor\yeephp\yeephp\Yee\Managers\Controller\Controller.php(23): call_user_func_array(Array, Array)
#4 [internal function]: Yee\Managers\Controller\Controller::__callStatic('loginPost', Array)
#5 C:\xampp\htdocs\TicketSystem\vendor\yeephp\yeephp\Yee\Route.php(468): call_user_func_array('\\App\\Controller...', Array)
#6 C:\xampp\htdocs\TicketSystem\vendor\yeephp\yeephp\Yee\Yee.php(1374): Yee\Route->dispatch()
#7 C:\xampp\htdocs\TicketSystem\vendor\yeephp\yeephp\Yee\Middleware\Flash.php(85): Yee\Yee->call()
#8 C:\xampp\htdocs\TicketSystem\vendor\yeephp\yeephp\Yee\Middleware\MethodOverride.php(92): Yee\Middleware\Flash->call()
#9 C:\xampp\htdocs\TicketSystem\vendor\yeephp\yeephp\Yee\Middleware\PrettyExceptions.php(67): Yee\Middleware\MethodOverride->call()
#10 C:\xampp\htdocs\TicketSystem\vendor\yeephp\yeephp\Yee\Yee.php(1282): Yee\Middleware\PrettyExceptions->call()
#11 C:\xampp\htdocs\TicketSystem\public\index.php(26): Yee\Yee->execute()
#12 {main}
ERROR - 2017-06-16 13:13:59 - ErrorException: Undefined index: password in C:\xampp\htdocs\TicketSystem\App\Models\UserModel.php:35
Stack trace:
#0 C:\xampp\htdocs\TicketSystem\App\Models\UserModel.php(35): Yee\Yee::handleErrors(8, 'Undefined index...', 'C:\\xampp\\htdocs...', 35, Array)
#1 C:\xampp\htdocs\TicketSystem\App\Controllers\LoginController.php(38): App\Models\UserModel->validateUser()
#2 [internal function]: App\Controllers\LoginController->loginPost()
#3 C:\xampp\htdocs\TicketSystem\vendor\yeephp\yeephp\Yee\Managers\Controller\Controller.php(23): call_user_func_array(Array, Array)
#4 [internal function]: Yee\Managers\Controller\Controller::__callStatic('loginPost', Array)
#5 C:\xampp\htdocs\TicketSystem\vendor\yeephp\yeephp\Yee\Route.php(468): call_user_func_array('\\App\\Controller...', Array)
#6 C:\xampp\htdocs\TicketSystem\vendor\yeephp\yeephp\Yee\Yee.php(1374): Yee\Route->dispatch()
#7 C:\xampp\htdocs\TicketSystem\vendor\yeephp\yeephp\Yee\Middleware\Flash.php(85): Yee\Yee->call()
#8 C:\xampp\htdocs\TicketSystem\vendor\yeephp\yeephp\Yee\Middleware\MethodOverride.php(92): Yee\Middleware\Flash->call()
#9 C:\xampp\htdocs\TicketSystem\vendor\yeephp\yeephp\Yee\Middleware\PrettyExceptions.php(67): Yee\Middleware\MethodOverride->call()
#10 C:\xampp\htdocs\TicketSystem\vendor\yeephp\yeephp\Yee\Yee.php(1282): Yee\Middleware\PrettyExceptions->call()
#11 C:\xampp\htdocs\TicketSystem\public\index.php(26): Yee\Yee->execute()
#12 {main}
ERROR - 2017-06-16 13:15:22 - ErrorException: Undefined offset: 0 in C:\xampp\htdocs\TicketSystem\App\Models\UserModel.php:35
Stack trace:
#0 C:\xampp\htdocs\TicketSystem\App\Models\UserModel.php(35): Yee\Yee::handleErrors(8, 'Undefined offse...', 'C:\\xampp\\htdocs...', 35, Array)
#1 C:\xampp\htdocs\TicketSystem\App\Controllers\LoginController.php(38): App\Models\UserModel->validateUser()
#2 [internal function]: App\Controllers\LoginController->loginPost()
#3 C:\xampp\htdocs\TicketSystem\vendor\yeephp\yeephp\Yee\Managers\Controller\Controller.php(23): call_user_func_array(Array, Array)
#4 [internal function]: Yee\Managers\Controller\Controller::__callStatic('loginPost', Array)
#5 C:\xampp\htdocs\TicketSystem\vendor\yeephp\yeephp\Yee\Route.php(468): call_user_func_array('\\App\\Controller...', Array)
#6 C:\xampp\htdocs\TicketSystem\vendor\yeephp\yeephp\Yee\Yee.php(1374): Yee\Route->dispatch()
#7 C:\xampp\htdocs\TicketSystem\vendor\yeephp\yeephp\Yee\Middleware\Flash.php(85): Yee\Yee->call()
#8 C:\xampp\htdocs\TicketSystem\vendor\yeephp\yeephp\Yee\Middleware\MethodOverride.php(92): Yee\Middleware\Flash->call()
#9 C:\xampp\htdocs\TicketSystem\vendor\yeephp\yeephp\Yee\Middleware\PrettyExceptions.php(67): Yee\Middleware\MethodOverride->call()
#10 C:\xampp\htdocs\TicketSystem\vendor\yeephp\yeephp\Yee\Yee.php(1282): Yee\Middleware\PrettyExceptions->call()
#11 C:\xampp\htdocs\TicketSystem\public\index.php(26): Yee\Yee->execute()
#12 {main}
ERROR - 2017-06-16 15:01:02 - ErrorException: Undefined variable: firstName in C:\xampp\htdocs\TicketSystem\App\Models\UserModel.php:22
Stack trace:
#0 C:\xampp\htdocs\TicketSystem\App\Models\UserModel.php(22): Yee\Yee::handleErrors(8, 'Undefined varia...', 'C:\\xampp\\htdocs...', 22, Array)
#1 C:\xampp\htdocs\TicketSystem\App\Controllers\RegisterController.php(36): App\Models\UserModel->__construct('litka_k@abv.bg', '4567890-', 'bastet2', 'Mitkov', 'Mitko')
#2 [internal function]: App\Controllers\RegisterController->registerPost()
#3 C:\xampp\htdocs\TicketSystem\vendor\yeephp\yeephp\Yee\Managers\Controller\Controller.php(23): call_user_func_array(Array, Array)
#4 [internal function]: Yee\Managers\Controller\Controller::__callStatic('registerPost', Array)
#5 C:\xampp\htdocs\TicketSystem\vendor\yeephp\yeephp\Yee\Route.php(468): call_user_func_array('\\App\\Controller...', Array)
#6 C:\xampp\htdocs\TicketSystem\vendor\yeephp\yeephp\Yee\Yee.php(1374): Yee\Route->dispatch()
#7 C:\xampp\htdocs\TicketSystem\vendor\yeephp\yeephp\Yee\Middleware\Flash.php(85): Yee\Yee->call()
#8 C:\xampp\htdocs\TicketSystem\vendor\yeephp\yeephp\Yee\Middleware\MethodOverride.php(92): Yee\Middleware\Flash->call()
#9 C:\xampp\htdocs\TicketSystem\vendor\yeephp\yeephp\Yee\Middleware\PrettyExceptions.php(67): Yee\Middleware\MethodOverride->call()
#10 C:\xampp\htdocs\TicketSystem\vendor\yeephp\yeephp\Yee\Yee.php(1282): Yee\Middleware\PrettyExceptions->call()
#11 C:\xampp\htdocs\TicketSystem\public\index.php(26): Yee\Yee->execute()
#12 {main}
ERROR - 2017-06-16 15:03:45 - ErrorException: Undefined variable: firstname in C:\xampp\htdocs\TicketSystem\App\Models\UserModel.php:22
Stack trace:
#0 C:\xampp\htdocs\TicketSystem\App\Models\UserModel.php(22): Yee\Yee::handleErrors(8, 'Undefined varia...', 'C:\\xampp\\htdocs...', 22, Array)
#1 C:\xampp\htdocs\TicketSystem\App\Controllers\RegisterController.php(36): App\Models\UserModel->__construct('aleks4o_94@abv....', '12412', 'bastet2', 'Mitkov', 'Mitko')
#2 [internal function]: App\Controllers\RegisterController->registerPost()
#3 C:\xampp\htdocs\TicketSystem\vendor\yeephp\yeephp\Yee\Managers\Controller\Controller.php(23): call_user_func_array(Array, Array)
#4 [internal function]: Yee\Managers\Controller\Controller::__callStatic('registerPost', Array)
#5 C:\xampp\htdocs\TicketSystem\vendor\yeephp\yeephp\Yee\Route.php(468): call_user_func_array('\\App\\Controller...', Array)
#6 C:\xampp\htdocs\TicketSystem\vendor\yeephp\yeephp\Yee\Yee.php(1374): Yee\Route->dispatch()
#7 C:\xampp\htdocs\TicketSystem\vendor\yeephp\yeephp\Yee\Middleware\Flash.php(85): Yee\Yee->call()
#8 C:\xampp\htdocs\TicketSystem\vendor\yeephp\yeephp\Yee\Middleware\MethodOverride.php(92): Yee\Middleware\Flash->call()
#9 C:\xampp\htdocs\TicketSystem\vendor\yeephp\yeephp\Yee\Middleware\PrettyExceptions.php(67): Yee\Middleware\MethodOverride->call()
#10 C:\xampp\htdocs\TicketSystem\vendor\yeephp\yeephp\Yee\Yee.php(1282): Yee\Middleware\PrettyExceptions->call()
#11 C:\xampp\htdocs\TicketSystem\public\index.php(26): Yee\Yee->execute()
#12 {main}
ERROR - 2017-06-16 15:04:08 - ErrorException: Undefined variable: firstName in C:\xampp\htdocs\TicketSystem\App\Models\UserModel.php:22
Stack trace:
#0 C:\xampp\htdocs\TicketSystem\App\Models\UserModel.php(22): Yee\Yee::handleErrors(8, 'Undefined varia...', 'C:\\xampp\\htdocs...', 22, Array)
#1 C:\xampp\htdocs\TicketSystem\App\Controllers\RegisterController.php(36): App\Models\UserModel->__construct('aleks4o_94@abv....', '12412', 'bastet2', 'Mitkov', 'Mitko')
#2 [internal function]: App\Controllers\RegisterController->registerPost()
#3 C:\xampp\htdocs\TicketSystem\vendor\yeephp\yeephp\Yee\Managers\Controller\Controller.php(23): call_user_func_array(Array, Array)
#4 [internal function]: Yee\Managers\Controller\Controller::__callStatic('registerPost', Array)
#5 C:\xampp\htdocs\TicketSystem\vendor\yeephp\yeephp\Yee\Route.php(468): call_user_func_array('\\App\\Controller...', Array)
#6 C:\xampp\htdocs\TicketSystem\vendor\yeephp\yeephp\Yee\Yee.php(1374): Yee\Route->dispatch()
#7 C:\xampp\htdocs\TicketSystem\vendor\yeephp\yeephp\Yee\Middleware\Flash.php(85): Yee\Yee->call()
#8 C:\xampp\htdocs\TicketSystem\vendor\yeephp\yeephp\Yee\Middleware\MethodOverride.php(92): Yee\Middleware\Flash->call()
#9 C:\xampp\htdocs\TicketSystem\vendor\yeephp\yeephp\Yee\Middleware\PrettyExceptions.php(67): Yee\Middleware\MethodOverride->call()
#10 C:\xampp\htdocs\TicketSystem\vendor\yeephp\yeephp\Yee\Yee.php(1282): Yee\Middleware\PrettyExceptions->call()
#11 C:\xampp\htdocs\TicketSystem\public\index.php(26): Yee\Yee->execute()
#12 {main}
ERROR - 2017-06-16 15:04:49 - ErrorException: Undefined variable: firstName in C:\xampp\htdocs\TicketSystem\App\Models\UserModel.php:22
Stack trace:
#0 C:\xampp\htdocs\TicketSystem\App\Models\UserModel.php(22): Yee\Yee::handleErrors(8, 'Undefined varia...', 'C:\\xampp\\htdocs...', 22, Array)
#1 C:\xampp\htdocs\TicketSystem\App\Controllers\RegisterController.php(36): App\Models\UserModel->__construct('aleks4o_94@abv....', '12412', 'bastet2', 'Mitkov', 'Mitko')
#2 [internal function]: App\Controllers\RegisterController->registerPost()
#3 C:\xampp\htdocs\TicketSystem\vendor\yeephp\yeephp\Yee\Managers\Controller\Controller.php(23): call_user_func_array(Array, Array)
#4 [internal function]: Yee\Managers\Controller\Controller::__callStatic('registerPost', Array)
#5 C:\xampp\htdocs\TicketSystem\vendor\yeephp\yeephp\Yee\Route.php(468): call_user_func_array('\\App\\Controller...', Array)
#6 C:\xampp\htdocs\TicketSystem\vendor\yeephp\yeephp\Yee\Yee.php(1374): Yee\Route->dispatch()
#7 C:\xampp\htdocs\TicketSystem\vendor\yeephp\yeephp\Yee\Middleware\Flash.php(85): Yee\Yee->call()
#8 C:\xampp\htdocs\TicketSystem\vendor\yeephp\yeephp\Yee\Middleware\MethodOverride.php(92): Yee\Middleware\Flash->call()
#9 C:\xampp\htdocs\TicketSystem\vendor\yeephp\yeephp\Yee\Middleware\PrettyExceptions.php(67): Yee\Middleware\MethodOverride->call()
#10 C:\xampp\htdocs\TicketSystem\vendor\yeephp\yeephp\Yee\Yee.php(1282): Yee\Middleware\PrettyExceptions->call()
#11 C:\xampp\htdocs\TicketSystem\public\index.php(26): Yee\Yee->execute()
#12 {main}
ERROR - 2017-06-16 15:05:02 - ErrorException: Undefined variable: firstName in C:\xampp\htdocs\TicketSystem\App\Models\UserModel.php:22
Stack trace:
#0 C:\xampp\htdocs\TicketSystem\App\Models\UserModel.php(22): Yee\Yee::handleErrors(8, 'Undefined varia...', 'C:\\xampp\\htdocs...', 22, Array)
#1 C:\xampp\htdocs\TicketSystem\App\Controllers\RegisterController.php(36): App\Models\UserModel->__construct('aleks4o_94@abv....', '123423t4y5', 'bastet2', 'Mitkov', 'Mitko')
#2 [internal function]: App\Controllers\RegisterController->registerPost()
#3 C:\xampp\htdocs\TicketSystem\vendor\yeephp\yeephp\Yee\Managers\Controller\Controller.php(23): call_user_func_array(Array, Array)
#4 [internal function]: Yee\Managers\Controller\Controller::__callStatic('registerPost', Array)
#5 C:\xampp\htdocs\TicketSystem\vendor\yeephp\yeephp\Yee\Route.php(468): call_user_func_array('\\App\\Controller...', Array)
#6 C:\xampp\htdocs\TicketSystem\vendor\yeephp\yeephp\Yee\Yee.php(1374): Yee\Route->dispatch()
#7 C:\xampp\htdocs\TicketSystem\vendor\yeephp\yeephp\Yee\Middleware\Flash.php(85): Yee\Yee->call()
#8 C:\xampp\htdocs\TicketSystem\vendor\yeephp\yeephp\Yee\Middleware\MethodOverride.php(92): Yee\Middleware\Flash->call()
#9 C:\xampp\htdocs\TicketSystem\vendor\yeephp\yeephp\Yee\Middleware\PrettyExceptions.php(67): Yee\Middleware\MethodOverride->call()
#10 C:\xampp\htdocs\TicketSystem\vendor\yeephp\yeephp\Yee\Yee.php(1282): Yee\Middleware\PrettyExceptions->call()
#11 C:\xampp\htdocs\TicketSystem\public\index.php(26): Yee\Yee->execute()
#12 {main}
ERROR - 2017-06-16 15:13:37 - ErrorException: Undefined variable: email in C:\xampp\htdocs\TicketSystem\App\Models\UserModel.php:35
Stack trace:
#0 C:\xampp\htdocs\TicketSystem\App\Models\UserModel.php(35): Yee\Yee::handleErrors(8, 'Undefined varia...', 'C:\\xampp\\htdocs...', 35, Array)
#1 C:\xampp\htdocs\TicketSystem\App\Controllers\RegisterController.php(38): App\Models\UserModel->insertUsers()
#2 [internal function]: App\Controllers\RegisterController->registerPost()
#3 C:\xampp\htdocs\TicketSystem\vendor\yeephp\yeephp\Yee\Managers\Controller\Controller.php(23): call_user_func_array(Array, Array)
#4 [internal function]: Yee\Managers\Controller\Controller::__callStatic('registerPost', Array)
#5 C:\xampp\htdocs\TicketSystem\vendor\yeephp\yeephp\Yee\Route.php(468): call_user_func_array('\\App\\Controller...', Array)
#6 C:\xampp\htdocs\TicketSystem\vendor\yeephp\yeephp\Yee\Yee.php(1374): Yee\Route->dispatch()
#7 C:\xampp\htdocs\TicketSystem\vendor\yeephp\yeephp\Yee\Middleware\Flash.php(85): Yee\Yee->call()
#8 C:\xampp\htdocs\TicketSystem\vendor\yeephp\yeephp\Yee\Middleware\MethodOverride.php(92): Yee\Middleware\Flash->call()
#9 C:\xampp\htdocs\TicketSystem\vendor\yeephp\yeephp\Yee\Middleware\PrettyExceptions.php(67): Yee\Middleware\MethodOverride->call()
#10 C:\xampp\htdocs\TicketSystem\vendor\yeephp\yeephp\Yee\Yee.php(1282): Yee\Middleware\PrettyExceptions->call()
#11 C:\xampp\htdocs\TicketSystem\public\index.php(26): Yee\Yee->execute()
#12 {main}
ERROR - 2017-06-16 15:16:59 - ErrorException: Undefined variable: app in C:\xampp\htdocs\TicketSystem\App\Models\UserModel.php:44
Stack trace:
#0 C:\xampp\htdocs\TicketSystem\App\Models\UserModel.php(44): Yee\Yee::handleErrors(8, 'Undefined varia...', 'C:\\xampp\\htdocs...', 44, Array)
#1 C:\xampp\htdocs\TicketSystem\App\Controllers\RegisterController.php(38): App\Models\UserModel->insertUsers()
#2 [internal function]: App\Controllers\RegisterController->registerPost()
#3 C:\xampp\htdocs\TicketSystem\vendor\yeephp\yeephp\Yee\Managers\Controller\Controller.php(23): call_user_func_array(Array, Array)
#4 [internal function]: Yee\Managers\Controller\Controller::__callStatic('registerPost', Array)
#5 C:\xampp\htdocs\TicketSystem\vendor\yeephp\yeephp\Yee\Route.php(468): call_user_func_array('\\App\\Controller...', Array)
#6 C:\xampp\htdocs\TicketSystem\vendor\yeephp\yeephp\Yee\Yee.php(1374): Yee\Route->dispatch()
#7 C:\xampp\htdocs\TicketSystem\vendor\yeephp\yeephp\Yee\Middleware\Flash.php(85): Yee\Yee->call()
#8 C:\xampp\htdocs\TicketSystem\vendor\yeephp\yeephp\Yee\Middleware\MethodOverride.php(92): Yee\Middleware\Flash->call()
#9 C:\xampp\htdocs\TicketSystem\vendor\yeephp\yeephp\Yee\Middleware\PrettyExceptions.php(67): Yee\Middleware\MethodOverride->call()
#10 C:\xampp\htdocs\TicketSystem\vendor\yeephp\yeephp\Yee\Yee.php(1282): Yee\Middleware\PrettyExceptions->call()
#11 C:\xampp\htdocs\TicketSystem\public\index.php(26): Yee\Yee->execute()
#12 {main}
ERROR - 2017-06-16 15:20:11 - ErrorException: Undefined variable: app in C:\xampp\htdocs\TicketSystem\App\Models\UserModel.php:44
Stack trace:
#0 C:\xampp\htdocs\TicketSystem\App\Models\UserModel.php(44): Yee\Yee::handleErrors(8, 'Undefined varia...', 'C:\\xampp\\htdocs...', 44, Array)
#1 C:\xampp\htdocs\TicketSystem\App\Controllers\RegisterController.php(38): App\Models\UserModel->insertUsers()
#2 [internal function]: App\Controllers\RegisterController->registerPost()
#3 C:\xampp\htdocs\TicketSystem\vendor\yeephp\yeephp\Yee\Managers\Controller\Controller.php(23): call_user_func_array(Array, Array)
#4 [internal function]: Yee\Managers\Controller\Controller::__callStatic('registerPost', Array)
#5 C:\xampp\htdocs\TicketSystem\vendor\yeephp\yeephp\Yee\Route.php(468): call_user_func_array('\\App\\Controller...', Array)
#6 C:\xampp\htdocs\TicketSystem\vendor\yeephp\yeephp\Yee\Yee.php(1374): Yee\Route->dispatch()
#7 C:\xampp\htdocs\TicketSystem\vendor\yeephp\yeephp\Yee\Middleware\Flash.php(85): Yee\Yee->call()
#8 C:\xampp\htdocs\TicketSystem\vendor\yeephp\yeephp\Yee\Middleware\MethodOverride.php(92): Yee\Middleware\Flash->call()
#9 C:\xampp\htdocs\TicketSystem\vendor\yeephp\yeephp\Yee\Middleware\PrettyExceptions.php(67): Yee\Middleware\MethodOverride->call()
#10 C:\xampp\htdocs\TicketSystem\vendor\yeephp\yeephp\Yee\Yee.php(1282): Yee\Middleware\PrettyExceptions->call()
#11 C:\xampp\htdocs\TicketSystem\public\index.php(26): Yee\Yee->execute()
#12 {main}
ERROR - 2017-06-16 15:25:49 - ErrorException: Problem preparing query (INSERT into users(`id`, `first_name`, `last_name`, `username`, `password`, `user_ip`, `date`) VALUES(?, ?, ?, ?, ?, ?, ?)) Table 'ticket_system.users' doesn't exist in C:\xampp\htdocs\TicketSystem\vendor\yeephp\yeephp\Yee\Libraries\Database\MysqliDB.php:909
Stack trace:
#0 [internal function]: Yee\Yee::handleErrors(256, 'Problem prepari...', 'C:\\xampp\\htdocs...', 909, Array)
#1 C:\xampp\htdocs\TicketSystem\vendor\yeephp\yeephp\Yee\Libraries\Database\MysqliDB.php(909): trigger_error('Problem prepari...', 256)
#2 C:\xampp\htdocs\TicketSystem\vendor\yeephp\yeephp\Yee\Libraries\Database\MysqliDB.php(648): Yee\Libraries\Database\MysqliDB->_prepareQuery()
#3 C:\xampp\htdocs\TicketSystem\vendor\yeephp\yeephp\Yee\Libraries\Database\MysqliDB.php(324): Yee\Libraries\Database\MysqliDB->_buildQuery(NULL, Array)
#4 C:\xampp\htdocs\TicketSystem\App\Models\UserModel.php(44): Yee\Libraries\Database\MysqliDB->insert('users', Array)
#5 C:\xampp\htdocs\TicketSystem\App\Controllers\RegisterController.php(38): App\Models\UserModel->insertUsers()
#6 [internal function]: App\Controllers\RegisterController->registerPost()
#7 C:\xampp\htdocs\TicketSystem\vendor\yeephp\yeephp\Yee\Managers\Controller\Controller.php(23): call_user_func_array(Array, Array)
#8 [internal function]: Yee\Managers\Controller\Controller::__callStatic('registerPost', Array)
#9 C:\xampp\htdocs\TicketSystem\vendor\yeephp\yeephp\Yee\Route.php(468): call_user_func_array('\\App\\Controller...', Array)
#10 C:\xampp\htdocs\TicketSystem\vendor\yeephp\yeephp\Yee\Yee.php(1374): Yee\Route->dispatch()
#11 C:\xampp\htdocs\TicketSystem\vendor\yeephp\yeephp\Yee\Middleware\Flash.php(85): Yee\Yee->call()
#12 C:\xampp\htdocs\TicketSystem\vendor\yeephp\yeephp\Yee\Middleware\MethodOverride.php(92): Yee\Middleware\Flash->call()
#13 C:\xampp\htdocs\TicketSystem\vendor\yeephp\yeephp\Yee\Middleware\PrettyExceptions.php(67): Yee\Middleware\MethodOverride->call()
#14 C:\xampp\htdocs\TicketSystem\vendor\yeephp\yeephp\Yee\Yee.php(1282): Yee\Middleware\PrettyExceptions->call()
#15 C:\xampp\htdocs\TicketSystem\public\index.php(26): Yee\Yee->execute()
#16 {main}
ERROR - 2017-06-16 15:27:05 - ErrorException: Problem preparing query (INSERT into user(`id`, `first_name`, `last_name`, `username`, `password`, `user_ip`, `date`) VALUES(?, ?, ?, ?, ?, ?, ?)) Unknown column 'last_name' in 'field list' in C:\xampp\htdocs\TicketSystem\vendor\yeephp\yeephp\Yee\Libraries\Database\MysqliDB.php:909
Stack trace:
#0 [internal function]: Yee\Yee::handleErrors(256, 'Problem prepari...', 'C:\\xampp\\htdocs...', 909, Array)
#1 C:\xampp\htdocs\TicketSystem\vendor\yeephp\yeephp\Yee\Libraries\Database\MysqliDB.php(909): trigger_error('Problem prepari...', 256)
#2 C:\xampp\htdocs\TicketSystem\vendor\yeephp\yeephp\Yee\Libraries\Database\MysqliDB.php(648): Yee\Libraries\Database\MysqliDB->_prepareQuery()
#3 C:\xampp\htdocs\TicketSystem\vendor\yeephp\yeephp\Yee\Libraries\Database\MysqliDB.php(324): Yee\Libraries\Database\MysqliDB->_buildQuery(NULL, Array)
#4 C:\xampp\htdocs\TicketSystem\App\Models\UserModel.php(44): Yee\Libraries\Database\MysqliDB->insert('user', Array)
#5 C:\xampp\htdocs\TicketSystem\App\Controllers\RegisterController.php(38): App\Models\UserModel->insertUsers()
#6 [internal function]: App\Controllers\RegisterController->registerPost()
#7 C:\xampp\htdocs\TicketSystem\vendor\yeephp\yeephp\Yee\Managers\Controller\Controller.php(23): call_user_func_array(Array, Array)
#8 [internal function]: Yee\Managers\Controller\Controller::__callStatic('registerPost', Array)
#9 C:\xampp\htdocs\TicketSystem\vendor\yeephp\yeephp\Yee\Route.php(468): call_user_func_array('\\App\\Controller...', Array)
#10 C:\xampp\htdocs\TicketSystem\vendor\yeephp\yeephp\Yee\Yee.php(1374): Yee\Route->dispatch()
#11 C:\xampp\htdocs\TicketSystem\vendor\yeephp\yeephp\Yee\Middleware\Flash.php(85): Yee\Yee->call()
#12 C:\xampp\htdocs\TicketSystem\vendor\yeephp\yeephp\Yee\Middleware\MethodOverride.php(92): Yee\Middleware\Flash->call()
#13 C:\xampp\htdocs\TicketSystem\vendor\yeephp\yeephp\Yee\Middleware\PrettyExceptions.php(67): Yee\Middleware\MethodOverride->call()
#14 C:\xampp\htdocs\TicketSystem\vendor\yeephp\yeephp\Yee\Yee.php(1282): Yee\Middleware\PrettyExceptions->call()
#15 C:\xampp\htdocs\TicketSystem\public\index.php(26): Yee\Yee->execute()
#16 {main}
ERROR - 2017-06-16 16:13:47 - Twig_Error_Loader: Unable to find template "common.header.twig" (looked into: C:\xampp\htdocs\TicketSystem/templates) in "welcome.twig" at line 2. in C:\xampp\htdocs\TicketSystem\vendor\twig\twig\lib\Twig\Loader\Filesystem.php:232
Stack trace:
#0 C:\xampp\htdocs\TicketSystem\vendor\twig\twig\lib\Twig\Loader\Filesystem.php(150): Twig_Loader_Filesystem->findTemplate('common.header.t...')
#1 C:\xampp\htdocs\TicketSystem\vendor\twig\twig\lib\Twig\Environment.php(329): Twig_Loader_Filesystem->getCacheKey('common.header.t...')
#2 C:\xampp\htdocs\TicketSystem\vendor\twig\twig\lib\Twig\Environment.php(419): Twig_Environment->getTemplateClass('common.header.t...')
#3 C:\xampp\htdocs\TicketSystem\vendor\twig\twig\lib\Twig\Template.php(366): Twig_Environment->loadTemplate('common.header.t...', NULL)
#4 C:\xampp\htdocs\TicketSystem\vendor\twig\twig\lib\Twig\Environment.php(462) : eval()'d code(22): Twig_Template->loadTemplate('common.header.t...', 'welcome.twig', 2)
#5 C:\xampp\htdocs\TicketSystem\vendor\twig\twig\lib\Twig\Template.php(432): __TwigTemplate_3d5616feaa4b91a7a97f17dcc26bf1d9082338cc332de698bd62ad819f655faa->doDisplay(Array, Array)
#6 C:\xampp\htdocs\TicketSystem\vendor\twig\twig\lib\Twig\Template.php(403): Twig_Template->displayWithErrorHandling(Array, Array)
#7 C:\xampp\htdocs\TicketSystem\vendor\twig\twig\lib\Twig\Template.php(411): Twig_Template->display(Array)
#8 C:\xampp\htdocs\TicketSystem\vendor\yeephp\yeephp\Yee\Views\Twig.php(91): Twig_Template->render(Array)
#9 C:\xampp\htdocs\TicketSystem\vendor\yeephp\yeephp\Yee\View.php(255): Yee\Views\Twig->render('welcome.twig', Array)
#10 C:\xampp\htdocs\TicketSystem\vendor\yeephp\yeephp\Yee\View.php(243): Yee\View->fetch('welcome.twig', NULL)
#11 C:\xampp\htdocs\TicketSystem\vendor\yeephp\yeephp\Yee\Yee.php(766): Yee\View->display('welcome.twig')
#12 C:\xampp\htdocs\TicketSystem\App\Controllers\RegisterController.php(39): Yee\Yee->render('welcome.twig')
#13 [internal function]: App\Controllers\RegisterController->registerPost()
#14 C:\xampp\htdocs\TicketSystem\vendor\yeephp\yeephp\Yee\Managers\Controller\Controller.php(23): call_user_func_array(Array, Array)
#15 [internal function]: Yee\Managers\Controller\Controller::__callStatic('registerPost', Array)
#16 C:\xampp\htdocs\TicketSystem\vendor\yeephp\yeephp\Yee\Route.php(468): call_user_func_array('\\App\\Controller...', Array)
#17 C:\xampp\htdocs\TicketSystem\vendor\yeephp\yeephp\Yee\Yee.php(1374): Yee\Route->dispatch()
#18 C:\xampp\htdocs\TicketSystem\vendor\yeephp\yeephp\Yee\Middleware\Flash.php(85): Yee\Yee->call()
#19 C:\xampp\htdocs\TicketSystem\vendor\yeephp\yeephp\Yee\Middleware\MethodOverride.php(92): Yee\Middleware\Flash->call()
#20 C:\xampp\htdocs\TicketSystem\vendor\yeephp\yeephp\Yee\Middleware\PrettyExceptions.php(67): Yee\Middleware\MethodOverride->call()
#21 C:\xampp\htdocs\TicketSystem\vendor\yeephp\yeephp\Yee\Yee.php(1282): Yee\Middleware\PrettyExceptions->call()
#22 C:\xampp\htdocs\TicketSystem\public\index.php(26): Yee\Yee->execute()
#23 {main}
ERROR - 2017-06-16 16:14:59 - Twig_Error_Loader: Unable to find template "commonheader.twig" (looked into: C:\xampp\htdocs\TicketSystem/templates) in "welcome.twig" at line 2. in C:\xampp\htdocs\TicketSystem\vendor\twig\twig\lib\Twig\Loader\Filesystem.php:232
Stack trace:
#0 C:\xampp\htdocs\TicketSystem\vendor\twig\twig\lib\Twig\Loader\Filesystem.php(150): Twig_Loader_Filesystem->findTemplate('commonheader.tw...')
#1 C:\xampp\htdocs\TicketSystem\vendor\twig\twig\lib\Twig\Environment.php(329): Twig_Loader_Filesystem->getCacheKey('commonheader.tw...')
#2 C:\xampp\htdocs\TicketSystem\vendor\twig\twig\lib\Twig\Environment.php(419): Twig_Environment->getTemplateClass('commonheader.tw...')
#3 C:\xampp\htdocs\TicketSystem\vendor\twig\twig\lib\Twig\Template.php(366): Twig_Environment->loadTemplate('commonheader.tw...', NULL)
#4 C:\xampp\htdocs\TicketSystem\vendor\twig\twig\lib\Twig\Environment.php(462) : eval()'d code(22): Twig_Template->loadTemplate('commonheader.tw...', 'welcome.twig', 2)
#5 C:\xampp\htdocs\TicketSystem\vendor\twig\twig\lib\Twig\Template.php(432): __TwigTemplate_3d5616feaa4b91a7a97f17dcc26bf1d9082338cc332de698bd62ad819f655faa->doDisplay(Array, Array)
#6 C:\xampp\htdocs\TicketSystem\vendor\twig\twig\lib\Twig\Template.php(403): Twig_Template->displayWithErrorHandling(Array, Array)
#7 C:\xampp\htdocs\TicketSystem\vendor\twig\twig\lib\Twig\Template.php(411): Twig_Template->display(Array)
#8 C:\xampp\htdocs\TicketSystem\vendor\yeephp\yeephp\Yee\Views\Twig.php(91): Twig_Template->render(Array)
#9 C:\xampp\htdocs\TicketSystem\vendor\yeephp\yeephp\Yee\View.php(255): Yee\Views\Twig->render('welcome.twig', Array)
#10 C:\xampp\htdocs\TicketSystem\vendor\yeephp\yeephp\Yee\View.php(243): Yee\View->fetch('welcome.twig', NULL)
#11 C:\xampp\htdocs\TicketSystem\vendor\yeephp\yeephp\Yee\Yee.php(766): Yee\View->display('welcome.twig')
#12 C:\xampp\htdocs\TicketSystem\App\Controllers\RegisterController.php(39): Yee\Yee->render('welcome.twig')
#13 [internal function]: App\Controllers\RegisterController->registerPost()
#14 C:\xampp\htdocs\TicketSystem\vendor\yeephp\yeephp\Yee\Managers\Controller\Controller.php(23): call_user_func_array(Array, Array)
#15 [internal function]: Yee\Managers\Controller\Controller::__callStatic('registerPost', Array)
#16 C:\xampp\htdocs\TicketSystem\vendor\yeephp\yeephp\Yee\Route.php(468): call_user_func_array('\\App\\Controller...', Array)
#17 C:\xampp\htdocs\TicketSystem\vendor\yeephp\yeephp\Yee\Yee.php(1374): Yee\Route->dispatch()
#18 C:\xampp\htdocs\TicketSystem\vendor\yeephp\yeephp\Yee\Middleware\Flash.php(85): Yee\Yee->call()
#19 C:\xampp\htdocs\TicketSystem\vendor\yeephp\yeephp\Yee\Middleware\MethodOverride.php(92): Yee\Middleware\Flash->call()
#20 C:\xampp\htdocs\TicketSystem\vendor\yeephp\yeephp\Yee\Middleware\PrettyExceptions.php(67): Yee\Middleware\MethodOverride->call()
#21 C:\xampp\htdocs\TicketSystem\vendor\yeephp\yeephp\Yee\Yee.php(1282): Yee\Middleware\PrettyExceptions->call()
#22 C:\xampp\htdocs\TicketSystem\public\index.php(26): Yee\Yee->execute()
#23 {main}
ERROR - 2017-06-16 16:15:08 - Twig_Error_Loader: Unable to find template "commonheader.twig" (looked into: C:\xampp\htdocs\TicketSystem/templates) in "welcome.twig" at line 2. in C:\xampp\htdocs\TicketSystem\vendor\twig\twig\lib\Twig\Loader\Filesystem.php:232
Stack trace:
#0 C:\xampp\htdocs\TicketSystem\vendor\twig\twig\lib\Twig\Loader\Filesystem.php(150): Twig_Loader_Filesystem->findTemplate('commonheader.tw...')
#1 C:\xampp\htdocs\TicketSystem\vendor\twig\twig\lib\Twig\Environment.php(329): Twig_Loader_Filesystem->getCacheKey('commonheader.tw...')
#2 C:\xampp\htdocs\TicketSystem\vendor\twig\twig\lib\Twig\Environment.php(419): Twig_Environment->getTemplateClass('commonheader.tw...')
#3 C:\xampp\htdocs\TicketSystem\vendor\twig\twig\lib\Twig\Template.php(366): Twig_Environment->loadTemplate('commonheader.tw...', NULL)
#4 C:\xampp\htdocs\TicketSystem\vendor\twig\twig\lib\Twig\Environment.php(462) : eval()'d code(22): Twig_Template->loadTemplate('commonheader.tw...', 'welcome.twig', 2)
#5 C:\xampp\htdocs\TicketSystem\vendor\twig\twig\lib\Twig\Template.php(432): __TwigTemplate_3d5616feaa4b91a7a97f17dcc26bf1d9082338cc332de698bd62ad819f655faa->doDisplay(Array, Array)
#6 C:\xampp\htdocs\TicketSystem\vendor\twig\twig\lib\Twig\Template.php(403): Twig_Template->displayWithErrorHandling(Array, Array)
#7 C:\xampp\htdocs\TicketSystem\vendor\twig\twig\lib\Twig\Template.php(411): Twig_Template->display(Array)
#8 C:\xampp\htdocs\TicketSystem\vendor\yeephp\yeephp\Yee\Views\Twig.php(91): Twig_Template->render(Array)
#9 C:\xampp\htdocs\TicketSystem\vendor\yeephp\yeephp\Yee\View.php(255): Yee\Views\Twig->render('welcome.twig', Array)
#10 C:\xampp\htdocs\TicketSystem\vendor\yeephp\yeephp\Yee\View.php(243): Yee\View->fetch('welcome.twig', NULL)
#11 C:\xampp\htdocs\TicketSystem\vendor\yeephp\yeephp\Yee\Yee.php(766): Yee\View->display('welcome.twig')
#12 C:\xampp\htdocs\TicketSystem\App\Controllers\InternController.php(43): Yee\Yee->render('welcome.twig')
#13 [internal function]: App\Controllers\InternController->welcome()
#14 C:\xampp\htdocs\TicketSystem\vendor\yeephp\yeephp\Yee\Managers\Controller\Controller.php(23): call_user_func_array(Array, Array)
#15 [internal function]: Yee\Managers\Controller\Controller::__callStatic('welcome', Array)
#16 C:\xampp\htdocs\TicketSystem\vendor\yeephp\yeephp\Yee\Route.php(468): call_user_func_array('\\App\\Controller...', Array)
#17 C:\xampp\htdocs\TicketSystem\vendor\yeephp\yeephp\Yee\Yee.php(1374): Yee\Route->dispatch()
#18 C:\xampp\htdocs\TicketSystem\vendor\yeephp\yeephp\Yee\Middleware\Flash.php(85): Yee\Yee->call()
#19 C:\xampp\htdocs\TicketSystem\vendor\yeephp\yeephp\Yee\Middleware\MethodOverride.php(92): Yee\Middleware\Flash->call()
#20 C:\xampp\htdocs\TicketSystem\vendor\yeephp\yeephp\Yee\Middleware\PrettyExceptions.php(67): Yee\Middleware\MethodOverride->call()
#21 C:\xampp\htdocs\TicketSystem\vendor\yeephp\yeephp\Yee\Yee.php(1282): Yee\Middleware\PrettyExceptions->call()
#22 C:\xampp\htdocs\TicketSystem\public\index.php(26): Yee\Yee->execute()
#23 {main}
