ERROR - 2017-06-21 06:39:02 - Twig_Error_Syntax: Unexpected character "$". in C:\wamp64\www\TicketSystem-master\templates\dashboard.twig:55
Stack trace:
#0 C:\wamp64\www\TicketSystem-master\vendor\twig\twig\lib\Twig\Lexer.php(216): Twig_Lexer->lexExpression()
#1 C:\wamp64\www\TicketSystem-master\vendor\twig\twig\lib\Twig\Lexer.php(122): Twig_Lexer->lexBlock()
#2 C:\wamp64\www\TicketSystem-master\vendor\twig\twig\lib\Twig\Environment.php(653): Twig_Lexer->tokenize(Object(Twig_Source))
#3 C:\wamp64\www\TicketSystem-master\vendor\twig\twig\lib\Twig\Environment.php(750): Twig_Environment->tokenize(Object(Twig_Source))
#4 C:\wamp64\www\TicketSystem-master\vendor\twig\twig\lib\Twig\Environment.php(447): Twig_Environment->compileSource(Object(Twig_Source))
#5 C:\wamp64\www\TicketSystem-master\vendor\yeephp\yeephp\Yee\Views\Twig.php(87): Twig_Environment->loadTemplate('dashboard.twig')
#6 C:\wamp64\www\TicketSystem-master\vendor\yeephp\yeephp\Yee\View.php(255): Yee\Views\Twig->render('dashboard.twig', NULL)
#7 C:\wamp64\www\TicketSystem-master\vendor\yeephp\yeephp\Yee\View.php(243): Yee\View->fetch('dashboard.twig', NULL)
#8 C:\wamp64\www\TicketSystem-master\vendor\yeephp\yeephp\Yee\Yee.php(766): Yee\View->display('dashboard.twig')
#9 C:\wamp64\www\TicketSystem-master\App\Controllers\InternController.php(56): Yee\Yee->render('dashboard.twig', Array)
#10 [internal function]: App\Controllers\InternController->dashboard()
#11 C:\wamp64\www\TicketSystem-master\vendor\yeephp\yeephp\Yee\Managers\Controller\Controller.php(23): call_user_func_array(Array, Array)
#12 [internal function]: Yee\Managers\Controller\Controller::__callStatic('dashboard', Array)
#13 C:\wamp64\www\TicketSystem-master\vendor\yeephp\yeephp\Yee\Route.php(468): call_user_func_array('\\App\\Controller...', Array)
#14 C:\wamp64\www\TicketSystem-master\vendor\yeephp\yeephp\Yee\Yee.php(1374): Yee\Route->dispatch()
#15 C:\wamp64\www\TicketSystem-master\vendor\yeephp\yeephp\Yee\Middleware\Flash.php(85): Yee\Yee->call()
#16 C:\wamp64\www\TicketSystem-master\vendor\yeephp\yeephp\Yee\Middleware\MethodOverride.php(92): Yee\Middleware\Flash->call()
#17 C:\wamp64\www\TicketSystem-master\vendor\yeephp\yeephp\Yee\Middleware\PrettyExceptions.php(67): Yee\Middleware\MethodOverride->call()
#18 C:\wamp64\www\TicketSystem-master\vendor\yeephp\yeephp\Yee\Yee.php(1282): Yee\Middleware\PrettyExceptions->call()
#19 C:\wamp64\www\TicketSystem-master\public\index.php(26): Yee\Yee->execute()
#20 {main}
ERROR - 2017-06-21 06:39:49 - Twig_Error_Syntax: Unexpected character ";". in C:\wamp64\www\TicketSystem-master\templates\dashboard.twig:56
Stack trace:
#0 C:\wamp64\www\TicketSystem-master\vendor\twig\twig\lib\Twig\Lexer.php(216): Twig_Lexer->lexExpression()
#1 C:\wamp64\www\TicketSystem-master\vendor\twig\twig\lib\Twig\Lexer.php(122): Twig_Lexer->lexBlock()
#2 C:\wamp64\www\TicketSystem-master\vendor\twig\twig\lib\Twig\Environment.php(653): Twig_Lexer->tokenize(Object(Twig_Source))
#3 C:\wamp64\www\TicketSystem-master\vendor\twig\twig\lib\Twig\Environment.php(750): Twig_Environment->tokenize(Object(Twig_Source))
#4 C:\wamp64\www\TicketSystem-master\vendor\twig\twig\lib\Twig\Environment.php(447): Twig_Environment->compileSource(Object(Twig_Source))
#5 C:\wamp64\www\TicketSystem-master\vendor\yeephp\yeephp\Yee\Views\Twig.php(87): Twig_Environment->loadTemplate('dashboard.twig')
#6 C:\wamp64\www\TicketSystem-master\vendor\yeephp\yeephp\Yee\View.php(255): Yee\Views\Twig->render('dashboard.twig', NULL)
#7 C:\wamp64\www\TicketSystem-master\vendor\yeephp\yeephp\Yee\View.php(243): Yee\View->fetch('dashboard.twig', NULL)
#8 C:\wamp64\www\TicketSystem-master\vendor\yeephp\yeephp\Yee\Yee.php(766): Yee\View->display('dashboard.twig')
#9 C:\wamp64\www\TicketSystem-master\App\Controllers\InternController.php(56): Yee\Yee->render('dashboard.twig', Array)
#10 [internal function]: App\Controllers\InternController->dashboard()
#11 C:\wamp64\www\TicketSystem-master\vendor\yeephp\yeephp\Yee\Managers\Controller\Controller.php(23): call_user_func_array(Array, Array)
#12 [internal function]: Yee\Managers\Controller\Controller::__callStatic('dashboard', Array)
#13 C:\wamp64\www\TicketSystem-master\vendor\yeephp\yeephp\Yee\Route.php(468): call_user_func_array('\\App\\Controller...', Array)
#14 C:\wamp64\www\TicketSystem-master\vendor\yeephp\yeephp\Yee\Yee.php(1374): Yee\Route->dispatch()
#15 C:\wamp64\www\TicketSystem-master\vendor\yeephp\yeephp\Yee\Middleware\Flash.php(85): Yee\Yee->call()
#16 C:\wamp64\www\TicketSystem-master\vendor\yeephp\yeephp\Yee\Middleware\MethodOverride.php(92): Yee\Middleware\Flash->call()
#17 C:\wamp64\www\TicketSystem-master\vendor\yeephp\yeephp\Yee\Middleware\PrettyExceptions.php(67): Yee\Middleware\MethodOverride->call()
#18 C:\wamp64\www\TicketSystem-master\vendor\yeephp\yeephp\Yee\Yee.php(1282): Yee\Middleware\PrettyExceptions->call()
#19 C:\wamp64\www\TicketSystem-master\public\index.php(26): Yee\Yee->execute()
#20 {main}
ERROR - 2017-06-21 06:39:50 - Twig_Error_Syntax: Unexpected character ";". in C:\wamp64\www\TicketSystem-master\templates\dashboard.twig:56
Stack trace:
#0 C:\wamp64\www\TicketSystem-master\vendor\twig\twig\lib\Twig\Lexer.php(216): Twig_Lexer->lexExpression()
#1 C:\wamp64\www\TicketSystem-master\vendor\twig\twig\lib\Twig\Lexer.php(122): Twig_Lexer->lexBlock()
#2 C:\wamp64\www\TicketSystem-master\vendor\twig\twig\lib\Twig\Environment.php(653): Twig_Lexer->tokenize(Object(Twig_Source))
#3 C:\wamp64\www\TicketSystem-master\vendor\twig\twig\lib\Twig\Environment.php(750): Twig_Environment->tokenize(Object(Twig_Source))
#4 C:\wamp64\www\TicketSystem-master\vendor\twig\twig\lib\Twig\Environment.php(447): Twig_Environment->compileSource(Object(Twig_Source))
#5 C:\wamp64\www\TicketSystem-master\vendor\yeephp\yeephp\Yee\Views\Twig.php(87): Twig_Environment->loadTemplate('dashboard.twig')
#6 C:\wamp64\www\TicketSystem-master\vendor\yeephp\yeephp\Yee\View.php(255): Yee\Views\Twig->render('dashboard.twig', NULL)
#7 C:\wamp64\www\TicketSystem-master\vendor\yeephp\yeephp\Yee\View.php(243): Yee\View->fetch('dashboard.twig', NULL)
#8 C:\wamp64\www\TicketSystem-master\vendor\yeephp\yeephp\Yee\Yee.php(766): Yee\View->display('dashboard.twig')
#9 C:\wamp64\www\TicketSystem-master\App\Controllers\InternController.php(56): Yee\Yee->render('dashboard.twig', Array)
#10 [internal function]: App\Controllers\InternController->dashboard()
#11 C:\wamp64\www\TicketSystem-master\vendor\yeephp\yeephp\Yee\Managers\Controller\Controller.php(23): call_user_func_array(Array, Array)
#12 [internal function]: Yee\Managers\Controller\Controller::__callStatic('dashboard', Array)
#13 C:\wamp64\www\TicketSystem-master\vendor\yeephp\yeephp\Yee\Route.php(468): call_user_func_array('\\App\\Controller...', Array)
#14 C:\wamp64\www\TicketSystem-master\vendor\yeephp\yeephp\Yee\Yee.php(1374): Yee\Route->dispatch()
#15 C:\wamp64\www\TicketSystem-master\vendor\yeephp\yeephp\Yee\Middleware\Flash.php(85): Yee\Yee->call()
#16 C:\wamp64\www\TicketSystem-master\vendor\yeephp\yeephp\Yee\Middleware\MethodOverride.php(92): Yee\Middleware\Flash->call()
#17 C:\wamp64\www\TicketSystem-master\vendor\yeephp\yeephp\Yee\Middleware\PrettyExceptions.php(67): Yee\Middleware\MethodOverride->call()
#18 C:\wamp64\www\TicketSystem-master\vendor\yeephp\yeephp\Yee\Yee.php(1282): Yee\Middleware\PrettyExceptions->call()
#19 C:\wamp64\www\TicketSystem-master\public\index.php(26): Yee\Yee->execute()
#20 {main}
ERROR - 2017-06-21 06:39:52 - Twig_Error_Syntax: Unexpected character ";". in C:\wamp64\www\TicketSystem-master\templates\dashboard.twig:56
Stack trace:
#0 C:\wamp64\www\TicketSystem-master\vendor\twig\twig\lib\Twig\Lexer.php(216): Twig_Lexer->lexExpression()
#1 C:\wamp64\www\TicketSystem-master\vendor\twig\twig\lib\Twig\Lexer.php(122): Twig_Lexer->lexBlock()
#2 C:\wamp64\www\TicketSystem-master\vendor\twig\twig\lib\Twig\Environment.php(653): Twig_Lexer->tokenize(Object(Twig_Source))
#3 C:\wamp64\www\TicketSystem-master\vendor\twig\twig\lib\Twig\Environment.php(750): Twig_Environment->tokenize(Object(Twig_Source))
#4 C:\wamp64\www\TicketSystem-master\vendor\twig\twig\lib\Twig\Environment.php(447): Twig_Environment->compileSource(Object(Twig_Source))
#5 C:\wamp64\www\TicketSystem-master\vendor\yeephp\yeephp\Yee\Views\Twig.php(87): Twig_Environment->loadTemplate('dashboard.twig')
#6 C:\wamp64\www\TicketSystem-master\vendor\yeephp\yeephp\Yee\View.php(255): Yee\Views\Twig->render('dashboard.twig', NULL)
#7 C:\wamp64\www\TicketSystem-master\vendor\yeephp\yeephp\Yee\View.php(243): Yee\View->fetch('dashboard.twig', NULL)
#8 C:\wamp64\www\TicketSystem-master\vendor\yeephp\yeephp\Yee\Yee.php(766): Yee\View->display('dashboard.twig')
#9 C:\wamp64\www\TicketSystem-master\App\Controllers\InternController.php(56): Yee\Yee->render('dashboard.twig', Array)
#10 [internal function]: App\Controllers\InternController->dashboard()
#11 C:\wamp64\www\TicketSystem-master\vendor\yeephp\yeephp\Yee\Managers\Controller\Controller.php(23): call_user_func_array(Array, Array)
#12 [internal function]: Yee\Managers\Controller\Controller::__callStatic('dashboard', Array)
#13 C:\wamp64\www\TicketSystem-master\vendor\yeephp\yeephp\Yee\Route.php(468): call_user_func_array('\\App\\Controller...', Array)
#14 C:\wamp64\www\TicketSystem-master\vendor\yeephp\yeephp\Yee\Yee.php(1374): Yee\Route->dispatch()
#15 C:\wamp64\www\TicketSystem-master\vendor\yeephp\yeephp\Yee\Middleware\Flash.php(85): Yee\Yee->call()
#16 C:\wamp64\www\TicketSystem-master\vendor\yeephp\yeephp\Yee\Middleware\MethodOverride.php(92): Yee\Middleware\Flash->call()
#17 C:\wamp64\www\TicketSystem-master\vendor\yeephp\yeephp\Yee\Middleware\PrettyExceptions.php(67): Yee\Middleware\MethodOverride->call()
#18 C:\wamp64\www\TicketSystem-master\vendor\yeephp\yeephp\Yee\Yee.php(1282): Yee\Middleware\PrettyExceptions->call()
#19 C:\wamp64\www\TicketSystem-master\public\index.php(26): Yee\Yee->execute()
#20 {main}
ERROR - 2017-06-21 06:40:16 - Twig_Error_Syntax: Unexpected character "$". in C:\wamp64\www\TicketSystem-master\templates\dashboard.twig:55
Stack trace:
#0 C:\wamp64\www\TicketSystem-master\vendor\twig\twig\lib\Twig\Lexer.php(216): Twig_Lexer->lexExpression()
#1 C:\wamp64\www\TicketSystem-master\vendor\twig\twig\lib\Twig\Lexer.php(122): Twig_Lexer->lexBlock()
#2 C:\wamp64\www\TicketSystem-master\vendor\twig\twig\lib\Twig\Environment.php(653): Twig_Lexer->tokenize(Object(Twig_Source))
#3 C:\wamp64\www\TicketSystem-master\vendor\twig\twig\lib\Twig\Environment.php(750): Twig_Environment->tokenize(Object(Twig_Source))
#4 C:\wamp64\www\TicketSystem-master\vendor\twig\twig\lib\Twig\Environment.php(447): Twig_Environment->compileSource(Object(Twig_Source))
#5 C:\wamp64\www\TicketSystem-master\vendor\yeephp\yeephp\Yee\Views\Twig.php(87): Twig_Environment->loadTemplate('dashboard.twig')
#6 C:\wamp64\www\TicketSystem-master\vendor\yeephp\yeephp\Yee\View.php(255): Yee\Views\Twig->render('dashboard.twig', NULL)
#7 C:\wamp64\www\TicketSystem-master\vendor\yeephp\yeephp\Yee\View.php(243): Yee\View->fetch('dashboard.twig', NULL)
#8 C:\wamp64\www\TicketSystem-master\vendor\yeephp\yeephp\Yee\Yee.php(766): Yee\View->display('dashboard.twig')
#9 C:\wamp64\www\TicketSystem-master\App\Controllers\InternController.php(56): Yee\Yee->render('dashboard.twig', Array)
#10 [internal function]: App\Controllers\InternController->dashboard()
#11 C:\wamp64\www\TicketSystem-master\vendor\yeephp\yeephp\Yee\Managers\Controller\Controller.php(23): call_user_func_array(Array, Array)
#12 [internal function]: Yee\Managers\Controller\Controller::__callStatic('dashboard', Array)
#13 C:\wamp64\www\TicketSystem-master\vendor\yeephp\yeephp\Yee\Route.php(468): call_user_func_array('\\App\\Controller...', Array)
#14 C:\wamp64\www\TicketSystem-master\vendor\yeephp\yeephp\Yee\Yee.php(1374): Yee\Route->dispatch()
#15 C:\wamp64\www\TicketSystem-master\vendor\yeephp\yeephp\Yee\Middleware\Flash.php(85): Yee\Yee->call()
#16 C:\wamp64\www\TicketSystem-master\vendor\yeephp\yeephp\Yee\Middleware\MethodOverride.php(92): Yee\Middleware\Flash->call()
#17 C:\wamp64\www\TicketSystem-master\vendor\yeephp\yeephp\Yee\Middleware\PrettyExceptions.php(67): Yee\Middleware\MethodOverride->call()
#18 C:\wamp64\www\TicketSystem-master\vendor\yeephp\yeephp\Yee\Yee.php(1282): Yee\Middleware\PrettyExceptions->call()
#19 C:\wamp64\www\TicketSystem-master\public\index.php(26): Yee\Yee->execute()
#20 {main}
ERROR - 2017-06-21 06:40:17 - Twig_Error_Syntax: Unexpected character "$". in C:\wamp64\www\TicketSystem-master\templates\dashboard.twig:55
Stack trace:
#0 C:\wamp64\www\TicketSystem-master\vendor\twig\twig\lib\Twig\Lexer.php(216): Twig_Lexer->lexExpression()
#1 C:\wamp64\www\TicketSystem-master\vendor\twig\twig\lib\Twig\Lexer.php(122): Twig_Lexer->lexBlock()
#2 C:\wamp64\www\TicketSystem-master\vendor\twig\twig\lib\Twig\Environment.php(653): Twig_Lexer->tokenize(Object(Twig_Source))
#3 C:\wamp64\www\TicketSystem-master\vendor\twig\twig\lib\Twig\Environment.php(750): Twig_Environment->tokenize(Object(Twig_Source))
#4 C:\wamp64\www\TicketSystem-master\vendor\twig\twig\lib\Twig\Environment.php(447): Twig_Environment->compileSource(Object(Twig_Source))
#5 C:\wamp64\www\TicketSystem-master\vendor\yeephp\yeephp\Yee\Views\Twig.php(87): Twig_Environment->loadTemplate('dashboard.twig')
#6 C:\wamp64\www\TicketSystem-master\vendor\yeephp\yeephp\Yee\View.php(255): Yee\Views\Twig->render('dashboard.twig', NULL)
#7 C:\wamp64\www\TicketSystem-master\vendor\yeephp\yeephp\Yee\View.php(243): Yee\View->fetch('dashboard.twig', NULL)
#8 C:\wamp64\www\TicketSystem-master\vendor\yeephp\yeephp\Yee\Yee.php(766): Yee\View->display('dashboard.twig')
#9 C:\wamp64\www\TicketSystem-master\App\Controllers\InternController.php(56): Yee\Yee->render('dashboard.twig', Array)
#10 [internal function]: App\Controllers\InternController->dashboard()
#11 C:\wamp64\www\TicketSystem-master\vendor\yeephp\yeephp\Yee\Managers\Controller\Controller.php(23): call_user_func_array(Array, Array)
#12 [internal function]: Yee\Managers\Controller\Controller::__callStatic('dashboard', Array)
#13 C:\wamp64\www\TicketSystem-master\vendor\yeephp\yeephp\Yee\Route.php(468): call_user_func_array('\\App\\Controller...', Array)
#14 C:\wamp64\www\TicketSystem-master\vendor\yeephp\yeephp\Yee\Yee.php(1374): Yee\Route->dispatch()
#15 C:\wamp64\www\TicketSystem-master\vendor\yeephp\yeephp\Yee\Middleware\Flash.php(85): Yee\Yee->call()
#16 C:\wamp64\www\TicketSystem-master\vendor\yeephp\yeephp\Yee\Middleware\MethodOverride.php(92): Yee\Middleware\Flash->call()
#17 C:\wamp64\www\TicketSystem-master\vendor\yeephp\yeephp\Yee\Middleware\PrettyExceptions.php(67): Yee\Middleware\MethodOverride->call()
#18 C:\wamp64\www\TicketSystem-master\vendor\yeephp\yeephp\Yee\Yee.php(1282): Yee\Middleware\PrettyExceptions->call()
#19 C:\wamp64\www\TicketSystem-master\public\index.php(26): Yee\Yee->execute()
#20 {main}
ERROR - 2017-06-21 06:40:41 - Twig_Error_Syntax: Unexpected character ";". in C:\wamp64\www\TicketSystem-master\templates\dashboard.twig:56
Stack trace:
#0 C:\wamp64\www\TicketSystem-master\vendor\twig\twig\lib\Twig\Lexer.php(216): Twig_Lexer->lexExpression()
#1 C:\wamp64\www\TicketSystem-master\vendor\twig\twig\lib\Twig\Lexer.php(122): Twig_Lexer->lexBlock()
#2 C:\wamp64\www\TicketSystem-master\vendor\twig\twig\lib\Twig\Environment.php(653): Twig_Lexer->tokenize(Object(Twig_Source))
#3 C:\wamp64\www\TicketSystem-master\vendor\twig\twig\lib\Twig\Environment.php(750): Twig_Environment->tokenize(Object(Twig_Source))
#4 C:\wamp64\www\TicketSystem-master\vendor\twig\twig\lib\Twig\Environment.php(447): Twig_Environment->compileSource(Object(Twig_Source))
#5 C:\wamp64\www\TicketSystem-master\vendor\yeephp\yeephp\Yee\Views\Twig.php(87): Twig_Environment->loadTemplate('dashboard.twig')
#6 C:\wamp64\www\TicketSystem-master\vendor\yeephp\yeephp\Yee\View.php(255): Yee\Views\Twig->render('dashboard.twig', NULL)
#7 C:\wamp64\www\TicketSystem-master\vendor\yeephp\yeephp\Yee\View.php(243): Yee\View->fetch('dashboard.twig', NULL)
#8 C:\wamp64\www\TicketSystem-master\vendor\yeephp\yeephp\Yee\Yee.php(766): Yee\View->display('dashboard.twig')
#9 C:\wamp64\www\TicketSystem-master\App\Controllers\InternController.php(56): Yee\Yee->render('dashboard.twig', Array)
#10 [internal function]: App\Controllers\InternController->dashboard()
#11 C:\wamp64\www\TicketSystem-master\vendor\yeephp\yeephp\Yee\Managers\Controller\Controller.php(23): call_user_func_array(Array, Array)
#12 [internal function]: Yee\Managers\Controller\Controller::__callStatic('dashboard', Array)
#13 C:\wamp64\www\TicketSystem-master\vendor\yeephp\yeephp\Yee\Route.php(468): call_user_func_array('\\App\\Controller...', Array)
#14 C:\wamp64\www\TicketSystem-master\vendor\yeephp\yeephp\Yee\Yee.php(1374): Yee\Route->dispatch()
#15 C:\wamp64\www\TicketSystem-master\vendor\yeephp\yeephp\Yee\Middleware\Flash.php(85): Yee\Yee->call()
#16 C:\wamp64\www\TicketSystem-master\vendor\yeephp\yeephp\Yee\Middleware\MethodOverride.php(92): Yee\Middleware\Flash->call()
#17 C:\wamp64\www\TicketSystem-master\vendor\yeephp\yeephp\Yee\Middleware\PrettyExceptions.php(67): Yee\Middleware\MethodOverride->call()
#18 C:\wamp64\www\TicketSystem-master\vendor\yeephp\yeephp\Yee\Yee.php(1282): Yee\Middleware\PrettyExceptions->call()
#19 C:\wamp64\www\TicketSystem-master\public\index.php(26): Yee\Yee->execute()
#20 {main}
ERROR - 2017-06-21 06:40:42 - Twig_Error_Syntax: Unexpected character ";". in C:\wamp64\www\TicketSystem-master\templates\dashboard.twig:56
Stack trace:
#0 C:\wamp64\www\TicketSystem-master\vendor\twig\twig\lib\Twig\Lexer.php(216): Twig_Lexer->lexExpression()
#1 C:\wamp64\www\TicketSystem-master\vendor\twig\twig\lib\Twig\Lexer.php(122): Twig_Lexer->lexBlock()
#2 C:\wamp64\www\TicketSystem-master\vendor\twig\twig\lib\Twig\Environment.php(653): Twig_Lexer->tokenize(Object(Twig_Source))
#3 C:\wamp64\www\TicketSystem-master\vendor\twig\twig\lib\Twig\Environment.php(750): Twig_Environment->tokenize(Object(Twig_Source))
#4 C:\wamp64\www\TicketSystem-master\vendor\twig\twig\lib\Twig\Environment.php(447): Twig_Environment->compileSource(Object(Twig_Source))
#5 C:\wamp64\www\TicketSystem-master\vendor\yeephp\yeephp\Yee\Views\Twig.php(87): Twig_Environment->loadTemplate('dashboard.twig')
#6 C:\wamp64\www\TicketSystem-master\vendor\yeephp\yeephp\Yee\View.php(255): Yee\Views\Twig->render('dashboard.twig', NULL)
#7 C:\wamp64\www\TicketSystem-master\vendor\yeephp\yeephp\Yee\View.php(243): Yee\View->fetch('dashboard.twig', NULL)
#8 C:\wamp64\www\TicketSystem-master\vendor\yeephp\yeephp\Yee\Yee.php(766): Yee\View->display('dashboard.twig')
#9 C:\wamp64\www\TicketSystem-master\App\Controllers\InternController.php(56): Yee\Yee->render('dashboard.twig', Array)
#10 [internal function]: App\Controllers\InternController->dashboard()
#11 C:\wamp64\www\TicketSystem-master\vendor\yeephp\yeephp\Yee\Managers\Controller\Controller.php(23): call_user_func_array(Array, Array)
#12 [internal function]: Yee\Managers\Controller\Controller::__callStatic('dashboard', Array)
#13 C:\wamp64\www\TicketSystem-master\vendor\yeephp\yeephp\Yee\Route.php(468): call_user_func_array('\\App\\Controller...', Array)
#14 C:\wamp64\www\TicketSystem-master\vendor\yeephp\yeephp\Yee\Yee.php(1374): Yee\Route->dispatch()
#15 C:\wamp64\www\TicketSystem-master\vendor\yeephp\yeephp\Yee\Middleware\Flash.php(85): Yee\Yee->call()
#16 C:\wamp64\www\TicketSystem-master\vendor\yeephp\yeephp\Yee\Middleware\MethodOverride.php(92): Yee\Middleware\Flash->call()
#17 C:\wamp64\www\TicketSystem-master\vendor\yeephp\yeephp\Yee\Middleware\PrettyExceptions.php(67): Yee\Middleware\MethodOverride->call()
#18 C:\wamp64\www\TicketSystem-master\vendor\yeephp\yeephp\Yee\Yee.php(1282): Yee\Middleware\PrettyExceptions->call()
#19 C:\wamp64\www\TicketSystem-master\public\index.php(26): Yee\Yee->execute()
#20 {main}
ERROR - 2017-06-21 06:40:46 - Twig_Error_Syntax: Unexpected character ";". in C:\wamp64\www\TicketSystem-master\templates\dashboard.twig:56
Stack trace:
#0 C:\wamp64\www\TicketSystem-master\vendor\twig\twig\lib\Twig\Lexer.php(216): Twig_Lexer->lexExpression()
#1 C:\wamp64\www\TicketSystem-master\vendor\twig\twig\lib\Twig\Lexer.php(122): Twig_Lexer->lexBlock()
#2 C:\wamp64\www\TicketSystem-master\vendor\twig\twig\lib\Twig\Environment.php(653): Twig_Lexer->tokenize(Object(Twig_Source))
#3 C:\wamp64\www\TicketSystem-master\vendor\twig\twig\lib\Twig\Environment.php(750): Twig_Environment->tokenize(Object(Twig_Source))
#4 C:\wamp64\www\TicketSystem-master\vendor\twig\twig\lib\Twig\Environment.php(447): Twig_Environment->compileSource(Object(Twig_Source))
#5 C:\wamp64\www\TicketSystem-master\vendor\yeephp\yeephp\Yee\Views\Twig.php(87): Twig_Environment->loadTemplate('dashboard.twig')
#6 C:\wamp64\www\TicketSystem-master\vendor\yeephp\yeephp\Yee\View.php(255): Yee\Views\Twig->render('dashboard.twig', NULL)
#7 C:\wamp64\www\TicketSystem-master\vendor\yeephp\yeephp\Yee\View.php(243): Yee\View->fetch('dashboard.twig', NULL)
#8 C:\wamp64\www\TicketSystem-master\vendor\yeephp\yeephp\Yee\Yee.php(766): Yee\View->display('dashboard.twig')
#9 C:\wamp64\www\TicketSystem-master\App\Controllers\InternController.php(56): Yee\Yee->render('dashboard.twig', Array)
#10 [internal function]: App\Controllers\InternController->dashboard()
#11 C:\wamp64\www\TicketSystem-master\vendor\yeephp\yeephp\Yee\Managers\Controller\Controller.php(23): call_user_func_array(Array, Array)
#12 [internal function]: Yee\Managers\Controller\Controller::__callStatic('dashboard', Array)
#13 C:\wamp64\www\TicketSystem-master\vendor\yeephp\yeephp\Yee\Route.php(468): call_user_func_array('\\App\\Controller...', Array)
#14 C:\wamp64\www\TicketSystem-master\vendor\yeephp\yeephp\Yee\Yee.php(1374): Yee\Route->dispatch()
#15 C:\wamp64\www\TicketSystem-master\vendor\yeephp\yeephp\Yee\Middleware\Flash.php(85): Yee\Yee->call()
#16 C:\wamp64\www\TicketSystem-master\vendor\yeephp\yeephp\Yee\Middleware\MethodOverride.php(92): Yee\Middleware\Flash->call()
#17 C:\wamp64\www\TicketSystem-master\vendor\yeephp\yeephp\Yee\Middleware\PrettyExceptions.php(67): Yee\Middleware\MethodOverride->call()
#18 C:\wamp64\www\TicketSystem-master\vendor\yeephp\yeephp\Yee\Yee.php(1282): Yee\Middleware\PrettyExceptions->call()
#19 C:\wamp64\www\TicketSystem-master\public\index.php(26): Yee\Yee->execute()
#20 {main}
ERROR - 2017-06-21 06:40:47 - Twig_Error_Syntax: Unexpected character ";". in C:\wamp64\www\TicketSystem-master\templates\dashboard.twig:56
Stack trace:
#0 C:\wamp64\www\TicketSystem-master\vendor\twig\twig\lib\Twig\Lexer.php(216): Twig_Lexer->lexExpression()
#1 C:\wamp64\www\TicketSystem-master\vendor\twig\twig\lib\Twig\Lexer.php(122): Twig_Lexer->lexBlock()
#2 C:\wamp64\www\TicketSystem-master\vendor\twig\twig\lib\Twig\Environment.php(653): Twig_Lexer->tokenize(Object(Twig_Source))
#3 C:\wamp64\www\TicketSystem-master\vendor\twig\twig\lib\Twig\Environment.php(750): Twig_Environment->tokenize(Object(Twig_Source))
#4 C:\wamp64\www\TicketSystem-master\vendor\twig\twig\lib\Twig\Environment.php(447): Twig_Environment->compileSource(Object(Twig_Source))
#5 C:\wamp64\www\TicketSystem-master\vendor\yeephp\yeephp\Yee\Views\Twig.php(87): Twig_Environment->loadTemplate('dashboard.twig')
#6 C:\wamp64\www\TicketSystem-master\vendor\yeephp\yeephp\Yee\View.php(255): Yee\Views\Twig->render('dashboard.twig', NULL)
#7 C:\wamp64\www\TicketSystem-master\vendor\yeephp\yeephp\Yee\View.php(243): Yee\View->fetch('dashboard.twig', NULL)
#8 C:\wamp64\www\TicketSystem-master\vendor\yeephp\yeephp\Yee\Yee.php(766): Yee\View->display('dashboard.twig')
#9 C:\wamp64\www\TicketSystem-master\App\Controllers\InternController.php(56): Yee\Yee->render('dashboard.twig', Array)
#10 [internal function]: App\Controllers\InternController->dashboard()
#11 C:\wamp64\www\TicketSystem-master\vendor\yeephp\yeephp\Yee\Managers\Controller\Controller.php(23): call_user_func_array(Array, Array)
#12 [internal function]: Yee\Managers\Controller\Controller::__callStatic('dashboard', Array)
#13 C:\wamp64\www\TicketSystem-master\vendor\yeephp\yeephp\Yee\Route.php(468): call_user_func_array('\\App\\Controller...', Array)
#14 C:\wamp64\www\TicketSystem-master\vendor\yeephp\yeephp\Yee\Yee.php(1374): Yee\Route->dispatch()
#15 C:\wamp64\www\TicketSystem-master\vendor\yeephp\yeephp\Yee\Middleware\Flash.php(85): Yee\Yee->call()
#16 C:\wamp64\www\TicketSystem-master\vendor\yeephp\yeephp\Yee\Middleware\MethodOverride.php(92): Yee\Middleware\Flash->call()
#17 C:\wamp64\www\TicketSystem-master\vendor\yeephp\yeephp\Yee\Middleware\PrettyExceptions.php(67): Yee\Middleware\MethodOverride->call()
#18 C:\wamp64\www\TicketSystem-master\vendor\yeephp\yeephp\Yee\Yee.php(1282): Yee\Middleware\PrettyExceptions->call()
#19 C:\wamp64\www\TicketSystem-master\public\index.php(26): Yee\Yee->execute()
#20 {main}
ERROR - 2017-06-21 06:40:48 - Twig_Error_Syntax: Unexpected character ";". in C:\wamp64\www\TicketSystem-master\templates\dashboard.twig:56
Stack trace:
#0 C:\wamp64\www\TicketSystem-master\vendor\twig\twig\lib\Twig\Lexer.php(216): Twig_Lexer->lexExpression()
#1 C:\wamp64\www\TicketSystem-master\vendor\twig\twig\lib\Twig\Lexer.php(122): Twig_Lexer->lexBlock()
#2 C:\wamp64\www\TicketSystem-master\vendor\twig\twig\lib\Twig\Environment.php(653): Twig_Lexer->tokenize(Object(Twig_Source))
#3 C:\wamp64\www\TicketSystem-master\vendor\twig\twig\lib\Twig\Environment.php(750): Twig_Environment->tokenize(Object(Twig_Source))
#4 C:\wamp64\www\TicketSystem-master\vendor\twig\twig\lib\Twig\Environment.php(447): Twig_Environment->compileSource(Object(Twig_Source))
#5 C:\wamp64\www\TicketSystem-master\vendor\yeephp\yeephp\Yee\Views\Twig.php(87): Twig_Environment->loadTemplate('dashboard.twig')
#6 C:\wamp64\www\TicketSystem-master\vendor\yeephp\yeephp\Yee\View.php(255): Yee\Views\Twig->render('dashboard.twig', NULL)
#7 C:\wamp64\www\TicketSystem-master\vendor\yeephp\yeephp\Yee\View.php(243): Yee\View->fetch('dashboard.twig', NULL)
#8 C:\wamp64\www\TicketSystem-master\vendor\yeephp\yeephp\Yee\Yee.php(766): Yee\View->display('dashboard.twig')
#9 C:\wamp64\www\TicketSystem-master\App\Controllers\InternController.php(56): Yee\Yee->render('dashboard.twig', Array)
#10 [internal function]: App\Controllers\InternController->dashboard()
#11 C:\wamp64\www\TicketSystem-master\vendor\yeephp\yeephp\Yee\Managers\Controller\Controller.php(23): call_user_func_array(Array, Array)
#12 [internal function]: Yee\Managers\Controller\Controller::__callStatic('dashboard', Array)
#13 C:\wamp64\www\TicketSystem-master\vendor\yeephp\yeephp\Yee\Route.php(468): call_user_func_array('\\App\\Controller...', Array)
#14 C:\wamp64\www\TicketSystem-master\vendor\yeephp\yeephp\Yee\Yee.php(1374): Yee\Route->dispatch()
#15 C:\wamp64\www\TicketSystem-master\vendor\yeephp\yeephp\Yee\Middleware\Flash.php(85): Yee\Yee->call()
#16 C:\wamp64\www\TicketSystem-master\vendor\yeephp\yeephp\Yee\Middleware\MethodOverride.php(92): Yee\Middleware\Flash->call()
#17 C:\wamp64\www\TicketSystem-master\vendor\yeephp\yeephp\Yee\Middleware\PrettyExceptions.php(67): Yee\Middleware\MethodOverride->call()
#18 C:\wamp64\www\TicketSystem-master\vendor\yeephp\yeephp\Yee\Yee.php(1282): Yee\Middleware\PrettyExceptions->call()
#19 C:\wamp64\www\TicketSystem-master\public\index.php(26): Yee\Yee->execute()
#20 {main}
ERROR - 2017-06-21 06:40:52 - Twig_Error_Syntax: Unexpected character ";". in C:\wamp64\www\TicketSystem-master\templates\dashboard.twig:56
Stack trace:
#0 C:\wamp64\www\TicketSystem-master\vendor\twig\twig\lib\Twig\Lexer.php(216): Twig_Lexer->lexExpression()
#1 C:\wamp64\www\TicketSystem-master\vendor\twig\twig\lib\Twig\Lexer.php(122): Twig_Lexer->lexBlock()
#2 C:\wamp64\www\TicketSystem-master\vendor\twig\twig\lib\Twig\Environment.php(653): Twig_Lexer->tokenize(Object(Twig_Source))
#3 C:\wamp64\www\TicketSystem-master\vendor\twig\twig\lib\Twig\Environment.php(750): Twig_Environment->tokenize(Object(Twig_Source))
#4 C:\wamp64\www\TicketSystem-master\vendor\twig\twig\lib\Twig\Environment.php(447): Twig_Environment->compileSource(Object(Twig_Source))
#5 C:\wamp64\www\TicketSystem-master\vendor\yeephp\yeephp\Yee\Views\Twig.php(87): Twig_Environment->loadTemplate('dashboard.twig')
#6 C:\wamp64\www\TicketSystem-master\vendor\yeephp\yeephp\Yee\View.php(255): Yee\Views\Twig->render('dashboard.twig', NULL)
#7 C:\wamp64\www\TicketSystem-master\vendor\yeephp\yeephp\Yee\View.php(243): Yee\View->fetch('dashboard.twig', NULL)
#8 C:\wamp64\www\TicketSystem-master\vendor\yeephp\yeephp\Yee\Yee.php(766): Yee\View->display('dashboard.twig')
#9 C:\wamp64\www\TicketSystem-master\App\Controllers\InternController.php(56): Yee\Yee->render('dashboard.twig', Array)
#10 [internal function]: App\Controllers\InternController->dashboard()
#11 C:\wamp64\www\TicketSystem-master\vendor\yeephp\yeephp\Yee\Managers\Controller\Controller.php(23): call_user_func_array(Array, Array)
#12 [internal function]: Yee\Managers\Controller\Controller::__callStatic('dashboard', Array)
#13 C:\wamp64\www\TicketSystem-master\vendor\yeephp\yeephp\Yee\Route.php(468): call_user_func_array('\\App\\Controller...', Array)
#14 C:\wamp64\www\TicketSystem-master\vendor\yeephp\yeephp\Yee\Yee.php(1374): Yee\Route->dispatch()
#15 C:\wamp64\www\TicketSystem-master\vendor\yeephp\yeephp\Yee\Middleware\Flash.php(85): Yee\Yee->call()
#16 C:\wamp64\www\TicketSystem-master\vendor\yeephp\yeephp\Yee\Middleware\MethodOverride.php(92): Yee\Middleware\Flash->call()
#17 C:\wamp64\www\TicketSystem-master\vendor\yeephp\yeephp\Yee\Middleware\PrettyExceptions.php(67): Yee\Middleware\MethodOverride->call()
#18 C:\wamp64\www\TicketSystem-master\vendor\yeephp\yeephp\Yee\Yee.php(1282): Yee\Middleware\PrettyExceptions->call()
#19 C:\wamp64\www\TicketSystem-master\public\index.php(26): Yee\Yee->execute()
#20 {main}
ERROR - 2017-06-21 06:41:07 - Twig_Error_Syntax: Unexpected character "$". in C:\wamp64\www\TicketSystem-master\templates\dashboard.twig:55
Stack trace:
#0 C:\wamp64\www\TicketSystem-master\vendor\twig\twig\lib\Twig\Lexer.php(216): Twig_Lexer->lexExpression()
#1 C:\wamp64\www\TicketSystem-master\vendor\twig\twig\lib\Twig\Lexer.php(122): Twig_Lexer->lexBlock()
#2 C:\wamp64\www\TicketSystem-master\vendor\twig\twig\lib\Twig\Environment.php(653): Twig_Lexer->tokenize(Object(Twig_Source))
#3 C:\wamp64\www\TicketSystem-master\vendor\twig\twig\lib\Twig\Environment.php(750): Twig_Environment->tokenize(Object(Twig_Source))
#4 C:\wamp64\www\TicketSystem-master\vendor\twig\twig\lib\Twig\Environment.php(447): Twig_Environment->compileSource(Object(Twig_Source))
#5 C:\wamp64\www\TicketSystem-master\vendor\yeephp\yeephp\Yee\Views\Twig.php(87): Twig_Environment->loadTemplate('dashboard.twig')
#6 C:\wamp64\www\TicketSystem-master\vendor\yeephp\yeephp\Yee\View.php(255): Yee\Views\Twig->render('dashboard.twig', NULL)
#7 C:\wamp64\www\TicketSystem-master\vendor\yeephp\yeephp\Yee\View.php(243): Yee\View->fetch('dashboard.twig', NULL)
#8 C:\wamp64\www\TicketSystem-master\vendor\yeephp\yeephp\Yee\Yee.php(766): Yee\View->display('dashboard.twig')
#9 C:\wamp64\www\TicketSystem-master\App\Controllers\InternController.php(56): Yee\Yee->render('dashboard.twig', Array)
#10 [internal function]: App\Controllers\InternController->dashboard()
#11 C:\wamp64\www\TicketSystem-master\vendor\yeephp\yeephp\Yee\Managers\Controller\Controller.php(23): call_user_func_array(Array, Array)
#12 [internal function]: Yee\Managers\Controller\Controller::__callStatic('dashboard', Array)
#13 C:\wamp64\www\TicketSystem-master\vendor\yeephp\yeephp\Yee\Route.php(468): call_user_func_array('\\App\\Controller...', Array)
#14 C:\wamp64\www\TicketSystem-master\vendor\yeephp\yeephp\Yee\Yee.php(1374): Yee\Route->dispatch()
#15 C:\wamp64\www\TicketSystem-master\vendor\yeephp\yeephp\Yee\Middleware\Flash.php(85): Yee\Yee->call()
#16 C:\wamp64\www\TicketSystem-master\vendor\yeephp\yeephp\Yee\Middleware\MethodOverride.php(92): Yee\Middleware\Flash->call()
#17 C:\wamp64\www\TicketSystem-master\vendor\yeephp\yeephp\Yee\Middleware\PrettyExceptions.php(67): Yee\Middleware\MethodOverride->call()
#18 C:\wamp64\www\TicketSystem-master\vendor\yeephp\yeephp\Yee\Yee.php(1282): Yee\Middleware\PrettyExceptions->call()
#19 C:\wamp64\www\TicketSystem-master\public\index.php(26): Yee\Yee->execute()
#20 {main}
ERROR - 2017-06-21 06:41:57 - Twig_Error_Syntax: Unexpected character "$". in C:\wamp64\www\TicketSystem-master\templates\dashboard.twig:55
Stack trace:
#0 C:\wamp64\www\TicketSystem-master\vendor\twig\twig\lib\Twig\Lexer.php(216): Twig_Lexer->lexExpression()
#1 C:\wamp64\www\TicketSystem-master\vendor\twig\twig\lib\Twig\Lexer.php(122): Twig_Lexer->lexBlock()
#2 C:\wamp64\www\TicketSystem-master\vendor\twig\twig\lib\Twig\Environment.php(653): Twig_Lexer->tokenize(Object(Twig_Source))
#3 C:\wamp64\www\TicketSystem-master\vendor\twig\twig\lib\Twig\Environment.php(750): Twig_Environment->tokenize(Object(Twig_Source))
#4 C:\wamp64\www\TicketSystem-master\vendor\twig\twig\lib\Twig\Environment.php(447): Twig_Environment->compileSource(Object(Twig_Source))
#5 C:\wamp64\www\TicketSystem-master\vendor\yeephp\yeephp\Yee\Views\Twig.php(87): Twig_Environment->loadTemplate('dashboard.twig')
#6 C:\wamp64\www\TicketSystem-master\vendor\yeephp\yeephp\Yee\View.php(255): Yee\Views\Twig->render('dashboard.twig', NULL)
#7 C:\wamp64\www\TicketSystem-master\vendor\yeephp\yeephp\Yee\View.php(243): Yee\View->fetch('dashboard.twig', NULL)
#8 C:\wamp64\www\TicketSystem-master\vendor\yeephp\yeephp\Yee\Yee.php(766): Yee\View->display('dashboard.twig')
#9 C:\wamp64\www\TicketSystem-master\App\Controllers\InternController.php(56): Yee\Yee->render('dashboard.twig', Array)
#10 [internal function]: App\Controllers\InternController->dashboard()
#11 C:\wamp64\www\TicketSystem-master\vendor\yeephp\yeephp\Yee\Managers\Controller\Controller.php(23): call_user_func_array(Array, Array)
#12 [internal function]: Yee\Managers\Controller\Controller::__callStatic('dashboard', Array)
#13 C:\wamp64\www\TicketSystem-master\vendor\yeephp\yeephp\Yee\Route.php(468): call_user_func_array('\\App\\Controller...', Array)
#14 C:\wamp64\www\TicketSystem-master\vendor\yeephp\yeephp\Yee\Yee.php(1374): Yee\Route->dispatch()
#15 C:\wamp64\www\TicketSystem-master\vendor\yeephp\yeephp\Yee\Middleware\Flash.php(85): Yee\Yee->call()
#16 C:\wamp64\www\TicketSystem-master\vendor\yeephp\yeephp\Yee\Middleware\MethodOverride.php(92): Yee\Middleware\Flash->call()
#17 C:\wamp64\www\TicketSystem-master\vendor\yeephp\yeephp\Yee\Middleware\PrettyExceptions.php(67): Yee\Middleware\MethodOverride->call()
#18 C:\wamp64\www\TicketSystem-master\vendor\yeephp\yeephp\Yee\Yee.php(1282): Yee\Middleware\PrettyExceptions->call()
#19 C:\wamp64\www\TicketSystem-master\public\index.php(26): Yee\Yee->execute()
#20 {main}
ERROR - 2017-06-21 06:41:57 - Twig_Error_Syntax: Unexpected character "$". in C:\wamp64\www\TicketSystem-master\templates\dashboard.twig:55
Stack trace:
#0 C:\wamp64\www\TicketSystem-master\vendor\twig\twig\lib\Twig\Lexer.php(216): Twig_Lexer->lexExpression()
#1 C:\wamp64\www\TicketSystem-master\vendor\twig\twig\lib\Twig\Lexer.php(122): Twig_Lexer->lexBlock()
#2 C:\wamp64\www\TicketSystem-master\vendor\twig\twig\lib\Twig\Environment.php(653): Twig_Lexer->tokenize(Object(Twig_Source))
#3 C:\wamp64\www\TicketSystem-master\vendor\twig\twig\lib\Twig\Environment.php(750): Twig_Environment->tokenize(Object(Twig_Source))
#4 C:\wamp64\www\TicketSystem-master\vendor\twig\twig\lib\Twig\Environment.php(447): Twig_Environment->compileSource(Object(Twig_Source))
#5 C:\wamp64\www\TicketSystem-master\vendor\yeephp\yeephp\Yee\Views\Twig.php(87): Twig_Environment->loadTemplate('dashboard.twig')
#6 C:\wamp64\www\TicketSystem-master\vendor\yeephp\yeephp\Yee\View.php(255): Yee\Views\Twig->render('dashboard.twig', NULL)
#7 C:\wamp64\www\TicketSystem-master\vendor\yeephp\yeephp\Yee\View.php(243): Yee\View->fetch('dashboard.twig', NULL)
#8 C:\wamp64\www\TicketSystem-master\vendor\yeephp\yeephp\Yee\Yee.php(766): Yee\View->display('dashboard.twig')
#9 C:\wamp64\www\TicketSystem-master\App\Controllers\InternController.php(56): Yee\Yee->render('dashboard.twig', Array)
#10 [internal function]: App\Controllers\InternController->dashboard()
#11 C:\wamp64\www\TicketSystem-master\vendor\yeephp\yeephp\Yee\Managers\Controller\Controller.php(23): call_user_func_array(Array, Array)
#12 [internal function]: Yee\Managers\Controller\Controller::__callStatic('dashboard', Array)
#13 C:\wamp64\www\TicketSystem-master\vendor\yeephp\yeephp\Yee\Route.php(468): call_user_func_array('\\App\\Controller...', Array)
#14 C:\wamp64\www\TicketSystem-master\vendor\yeephp\yeephp\Yee\Yee.php(1374): Yee\Route->dispatch()
#15 C:\wamp64\www\TicketSystem-master\vendor\yeephp\yeephp\Yee\Middleware\Flash.php(85): Yee\Yee->call()
#16 C:\wamp64\www\TicketSystem-master\vendor\yeephp\yeephp\Yee\Middleware\MethodOverride.php(92): Yee\Middleware\Flash->call()
#17 C:\wamp64\www\TicketSystem-master\vendor\yeephp\yeephp\Yee\Middleware\PrettyExceptions.php(67): Yee\Middleware\MethodOverride->call()
#18 C:\wamp64\www\TicketSystem-master\vendor\yeephp\yeephp\Yee\Yee.php(1282): Yee\Middleware\PrettyExceptions->call()
#19 C:\wamp64\www\TicketSystem-master\public\index.php(26): Yee\Yee->execute()
#20 {main}
ERROR - 2017-06-21 06:47:20 - Twig_Error_Syntax: Unexpected character "$". in C:\wamp64\www\TicketSystem-master\templates\dashboard.twig:55
Stack trace:
#0 C:\wamp64\www\TicketSystem-master\vendor\twig\twig\lib\Twig\Lexer.php(216): Twig_Lexer->lexExpression()
#1 C:\wamp64\www\TicketSystem-master\vendor\twig\twig\lib\Twig\Lexer.php(122): Twig_Lexer->lexBlock()
#2 C:\wamp64\www\TicketSystem-master\vendor\twig\twig\lib\Twig\Environment.php(653): Twig_Lexer->tokenize(Object(Twig_Source))
#3 C:\wamp64\www\TicketSystem-master\vendor\twig\twig\lib\Twig\Environment.php(750): Twig_Environment->tokenize(Object(Twig_Source))
#4 C:\wamp64\www\TicketSystem-master\vendor\twig\twig\lib\Twig\Environment.php(447): Twig_Environment->compileSource(Object(Twig_Source))
#5 C:\wamp64\www\TicketSystem-master\vendor\yeephp\yeephp\Yee\Views\Twig.php(87): Twig_Environment->loadTemplate('dashboard.twig')
#6 C:\wamp64\www\TicketSystem-master\vendor\yeephp\yeephp\Yee\View.php(255): Yee\Views\Twig->render('dashboard.twig', NULL)
#7 C:\wamp64\www\TicketSystem-master\vendor\yeephp\yeephp\Yee\View.php(243): Yee\View->fetch('dashboard.twig', NULL)
#8 C:\wamp64\www\TicketSystem-master\vendor\yeephp\yeephp\Yee\Yee.php(766): Yee\View->display('dashboard.twig')
#9 C:\wamp64\www\TicketSystem-master\App\Controllers\InternController.php(56): Yee\Yee->render('dashboard.twig', Array)
#10 [internal function]: App\Controllers\InternController->dashboard()
#11 C:\wamp64\www\TicketSystem-master\vendor\yeephp\yeephp\Yee\Managers\Controller\Controller.php(23): call_user_func_array(Array, Array)
#12 [internal function]: Yee\Managers\Controller\Controller::__callStatic('dashboard', Array)
#13 C:\wamp64\www\TicketSystem-master\vendor\yeephp\yeephp\Yee\Route.php(468): call_user_func_array('\\App\\Controller...', Array)
#14 C:\wamp64\www\TicketSystem-master\vendor\yeephp\yeephp\Yee\Yee.php(1374): Yee\Route->dispatch()
#15 C:\wamp64\www\TicketSystem-master\vendor\yeephp\yeephp\Yee\Middleware\Flash.php(85): Yee\Yee->call()
#16 C:\wamp64\www\TicketSystem-master\vendor\yeephp\yeephp\Yee\Middleware\MethodOverride.php(92): Yee\Middleware\Flash->call()
#17 C:\wamp64\www\TicketSystem-master\vendor\yeephp\yeephp\Yee\Middleware\PrettyExceptions.php(67): Yee\Middleware\MethodOverride->call()
#18 C:\wamp64\www\TicketSystem-master\vendor\yeephp\yeephp\Yee\Yee.php(1282): Yee\Middleware\PrettyExceptions->call()
#19 C:\wamp64\www\TicketSystem-master\public\index.php(26): Yee\Yee->execute()
#20 {main}
ERROR - 2017-06-21 06:47:35 - Twig_Error_Syntax: Unexpected character "$". in C:\wamp64\www\TicketSystem-master\templates\dashboard.twig:55
Stack trace:
#0 C:\wamp64\www\TicketSystem-master\vendor\twig\twig\lib\Twig\Lexer.php(216): Twig_Lexer->lexExpression()
#1 C:\wamp64\www\TicketSystem-master\vendor\twig\twig\lib\Twig\Lexer.php(122): Twig_Lexer->lexBlock()
#2 C:\wamp64\www\TicketSystem-master\vendor\twig\twig\lib\Twig\Environment.php(653): Twig_Lexer->tokenize(Object(Twig_Source))
#3 C:\wamp64\www\TicketSystem-master\vendor\twig\twig\lib\Twig\Environment.php(750): Twig_Environment->tokenize(Object(Twig_Source))
#4 C:\wamp64\www\TicketSystem-master\vendor\twig\twig\lib\Twig\Environment.php(447): Twig_Environment->compileSource(Object(Twig_Source))
#5 C:\wamp64\www\TicketSystem-master\vendor\yeephp\yeephp\Yee\Views\Twig.php(87): Twig_Environment->loadTemplate('dashboard.twig')
#6 C:\wamp64\www\TicketSystem-master\vendor\yeephp\yeephp\Yee\View.php(255): Yee\Views\Twig->render('dashboard.twig', NULL)
#7 C:\wamp64\www\TicketSystem-master\vendor\yeephp\yeephp\Yee\View.php(243): Yee\View->fetch('dashboard.twig', NULL)
#8 C:\wamp64\www\TicketSystem-master\vendor\yeephp\yeephp\Yee\Yee.php(766): Yee\View->display('dashboard.twig')
#9 C:\wamp64\www\TicketSystem-master\App\Controllers\InternController.php(56): Yee\Yee->render('dashboard.twig', Array)
#10 [internal function]: App\Controllers\InternController->dashboard()
#11 C:\wamp64\www\TicketSystem-master\vendor\yeephp\yeephp\Yee\Managers\Controller\Controller.php(23): call_user_func_array(Array, Array)
#12 [internal function]: Yee\Managers\Controller\Controller::__callStatic('dashboard', Array)
#13 C:\wamp64\www\TicketSystem-master\vendor\yeephp\yeephp\Yee\Route.php(468): call_user_func_array('\\App\\Controller...', Array)
#14 C:\wamp64\www\TicketSystem-master\vendor\yeephp\yeephp\Yee\Yee.php(1374): Yee\Route->dispatch()
#15 C:\wamp64\www\TicketSystem-master\vendor\yeephp\yeephp\Yee\Middleware\Flash.php(85): Yee\Yee->call()
#16 C:\wamp64\www\TicketSystem-master\vendor\yeephp\yeephp\Yee\Middleware\MethodOverride.php(92): Yee\Middleware\Flash->call()
#17 C:\wamp64\www\TicketSystem-master\vendor\yeephp\yeephp\Yee\Middleware\PrettyExceptions.php(67): Yee\Middleware\MethodOverride->call()
#18 C:\wamp64\www\TicketSystem-master\vendor\yeephp\yeephp\Yee\Yee.php(1282): Yee\Middleware\PrettyExceptions->call()
#19 C:\wamp64\www\TicketSystem-master\public\index.php(26): Yee\Yee->execute()
#20 {main}
ERROR - 2017-06-21 06:49:07 - ErrorException: Problem preparing query (INSERT into users(`id`, `first_name`, `second_name`, `username`, `password`, `user_ip`, `date`) VALUES(?, ?, ?, ?, ?, ?, ?)) Table 'ticket_system.users' doesn't exist in C:\wamp64\www\TicketSystem-master\vendor\yeephp\yeephp\Yee\Libraries\Database\MysqliDB.php:909
Stack trace:
#0 [internal function]: Yee\Yee::handleErrors(256, 'Problem prepari...', 'C:\\wamp64\\www\\T...', 909, Array)
#1 C:\wamp64\www\TicketSystem-master\vendor\yeephp\yeephp\Yee\Libraries\Database\MysqliDB.php(909): trigger_error('Problem prepari...', 256)
#2 C:\wamp64\www\TicketSystem-master\vendor\yeephp\yeephp\Yee\Libraries\Database\MysqliDB.php(648): Yee\Libraries\Database\MysqliDB->_prepareQuery()
#3 C:\wamp64\www\TicketSystem-master\vendor\yeephp\yeephp\Yee\Libraries\Database\MysqliDB.php(324): Yee\Libraries\Database\MysqliDB->_buildQuery(NULL, Array)
#4 C:\wamp64\www\TicketSystem-master\App\Models\RegisteUserModel.php(80): Yee\Libraries\Database\MysqliDB->insert('users', Array)
#5 C:\wamp64\www\TicketSystem-master\App\Controllers\RegisterController.php(40): App\Models\RegisteUserModel->insertUsers()
#6 [internal function]: App\Controllers\RegisterController->registerPost()
#7 C:\wamp64\www\TicketSystem-master\vendor\yeephp\yeephp\Yee\Managers\Controller\Controller.php(23): call_user_func_array(Array, Array)
#8 [internal function]: Yee\Managers\Controller\Controller::__callStatic('registerPost', Array)
#9 C:\wamp64\www\TicketSystem-master\vendor\yeephp\yeephp\Yee\Route.php(468): call_user_func_array('\\App\\Controller...', Array)
#10 C:\wamp64\www\TicketSystem-master\vendor\yeephp\yeephp\Yee\Yee.php(1374): Yee\Route->dispatch()
#11 C:\wamp64\www\TicketSystem-master\vendor\yeephp\yeephp\Yee\Middleware\Flash.php(85): Yee\Yee->call()
#12 C:\wamp64\www\TicketSystem-master\vendor\yeephp\yeephp\Yee\Middleware\MethodOverride.php(92): Yee\Middleware\Flash->call()
#13 C:\wamp64\www\TicketSystem-master\vendor\yeephp\yeephp\Yee\Middleware\PrettyExceptions.php(67): Yee\Middleware\MethodOverride->call()
#14 C:\wamp64\www\TicketSystem-master\vendor\yeephp\yeephp\Yee\Yee.php(1282): Yee\Middleware\PrettyExceptions->call()
#15 C:\wamp64\www\TicketSystem-master\public\index.php(26): Yee\Yee->execute()
#16 {main}
ERROR - 2017-06-21 07:34:20 - Twig_Error_Syntax: Unexpected character "$". in C:\wamp64\www\TicketSystem\templates\dashboard.twig:55
Stack trace:
#0 C:\wamp64\www\TicketSystem\vendor\twig\twig\lib\Twig\Lexer.php(227): Twig_Lexer->lexExpression()
#1 C:\wamp64\www\TicketSystem\vendor\twig\twig\lib\Twig\Lexer.php(126): Twig_Lexer->lexVar()
#2 C:\wamp64\www\TicketSystem\vendor\twig\twig\lib\Twig\Environment.php(653): Twig_Lexer->tokenize(Object(Twig_Source))
#3 C:\wamp64\www\TicketSystem\vendor\twig\twig\lib\Twig\Environment.php(750): Twig_Environment->tokenize(Object(Twig_Source))
#4 C:\wamp64\www\TicketSystem\vendor\twig\twig\lib\Twig\Environment.php(447): Twig_Environment->compileSource(Object(Twig_Source))
#5 C:\wamp64\www\TicketSystem\vendor\yeephp\yeephp\Yee\Views\Twig.php(87): Twig_Environment->loadTemplate('dashboard.twig')
#6 C:\wamp64\www\TicketSystem\vendor\yeephp\yeephp\Yee\View.php(255): Yee\Views\Twig->render('dashboard.twig', NULL)
#7 C:\wamp64\www\TicketSystem\vendor\yeephp\yeephp\Yee\View.php(243): Yee\View->fetch('dashboard.twig', NULL)
#8 C:\wamp64\www\TicketSystem\vendor\yeephp\yeephp\Yee\Yee.php(766): Yee\View->display('dashboard.twig')
#9 C:\wamp64\www\TicketSystem\App\Controllers\InternController.php(56): Yee\Yee->render('dashboard.twig', Array)
#10 [internal function]: App\Controllers\InternController->dashboard()
#11 C:\wamp64\www\TicketSystem\vendor\yeephp\yeephp\Yee\Managers\Controller\Controller.php(23): call_user_func_array(Array, Array)
#12 [internal function]: Yee\Managers\Controller\Controller::__callStatic('dashboard', Array)
#13 C:\wamp64\www\TicketSystem\vendor\yeephp\yeephp\Yee\Route.php(468): call_user_func_array('\\App\\Controller...', Array)
#14 C:\wamp64\www\TicketSystem\vendor\yeephp\yeephp\Yee\Yee.php(1374): Yee\Route->dispatch()
#15 C:\wamp64\www\TicketSystem\vendor\yeephp\yeephp\Yee\Middleware\Flash.php(85): Yee\Yee->call()
#16 C:\wamp64\www\TicketSystem\vendor\yeephp\yeephp\Yee\Middleware\MethodOverride.php(92): Yee\Middleware\Flash->call()
#17 C:\wamp64\www\TicketSystem\vendor\yeephp\yeephp\Yee\Middleware\PrettyExceptions.php(67): Yee\Middleware\MethodOverride->call()
#18 C:\wamp64\www\TicketSystem\vendor\yeephp\yeephp\Yee\Yee.php(1282): Yee\Middleware\PrettyExceptions->call()
#19 C:\wamp64\www\TicketSystem\public\index.php(26): Yee\Yee->execute()
#20 {main}
ERROR - 2017-06-21 07:34:23 - Twig_Error_Syntax: Unexpected character "$". in C:\wamp64\www\TicketSystem\templates\dashboard.twig:55
Stack trace:
#0 C:\wamp64\www\TicketSystem\vendor\twig\twig\lib\Twig\Lexer.php(227): Twig_Lexer->lexExpression()
#1 C:\wamp64\www\TicketSystem\vendor\twig\twig\lib\Twig\Lexer.php(126): Twig_Lexer->lexVar()
#2 C:\wamp64\www\TicketSystem\vendor\twig\twig\lib\Twig\Environment.php(653): Twig_Lexer->tokenize(Object(Twig_Source))
#3 C:\wamp64\www\TicketSystem\vendor\twig\twig\lib\Twig\Environment.php(750): Twig_Environment->tokenize(Object(Twig_Source))
#4 C:\wamp64\www\TicketSystem\vendor\twig\twig\lib\Twig\Environment.php(447): Twig_Environment->compileSource(Object(Twig_Source))
#5 C:\wamp64\www\TicketSystem\vendor\yeephp\yeephp\Yee\Views\Twig.php(87): Twig_Environment->loadTemplate('dashboard.twig')
#6 C:\wamp64\www\TicketSystem\vendor\yeephp\yeephp\Yee\View.php(255): Yee\Views\Twig->render('dashboard.twig', NULL)
#7 C:\wamp64\www\TicketSystem\vendor\yeephp\yeephp\Yee\View.php(243): Yee\View->fetch('dashboard.twig', NULL)
#8 C:\wamp64\www\TicketSystem\vendor\yeephp\yeephp\Yee\Yee.php(766): Yee\View->display('dashboard.twig')
#9 C:\wamp64\www\TicketSystem\App\Controllers\InternController.php(56): Yee\Yee->render('dashboard.twig', Array)
#10 [internal function]: App\Controllers\InternController->dashboard()
#11 C:\wamp64\www\TicketSystem\vendor\yeephp\yeephp\Yee\Managers\Controller\Controller.php(23): call_user_func_array(Array, Array)
#12 [internal function]: Yee\Managers\Controller\Controller::__callStatic('dashboard', Array)
#13 C:\wamp64\www\TicketSystem\vendor\yeephp\yeephp\Yee\Route.php(468): call_user_func_array('\\App\\Controller...', Array)
#14 C:\wamp64\www\TicketSystem\vendor\yeephp\yeephp\Yee\Yee.php(1374): Yee\Route->dispatch()
#15 C:\wamp64\www\TicketSystem\vendor\yeephp\yeephp\Yee\Middleware\Flash.php(85): Yee\Yee->call()
#16 C:\wamp64\www\TicketSystem\vendor\yeephp\yeephp\Yee\Middleware\MethodOverride.php(92): Yee\Middleware\Flash->call()
#17 C:\wamp64\www\TicketSystem\vendor\yeephp\yeephp\Yee\Middleware\PrettyExceptions.php(67): Yee\Middleware\MethodOverride->call()
#18 C:\wamp64\www\TicketSystem\vendor\yeephp\yeephp\Yee\Yee.php(1282): Yee\Middleware\PrettyExceptions->call()
#19 C:\wamp64\www\TicketSystem\public\index.php(26): Yee\Yee->execute()
#20 {main}
ERROR - 2017-06-21 08:15:22 - ErrorException: Undefined variable: app in C:\wamp64\www\TicketSystem\App\Models\TicketsModel.php:11
Stack trace:
#0 C:\wamp64\www\TicketSystem\App\Models\TicketsModel.php(11): Yee\Yee::handleErrors(8, 'Undefined varia...', 'C:\\wamp64\\www\\T...', 11, Array)
#1 C:\wamp64\www\TicketSystem\App\Controllers\InternController.php(63): App\Models\TicketsModel->GetAll()
#2 [internal function]: App\Controllers\InternController->dashboard()
#3 C:\wamp64\www\TicketSystem\vendor\yeephp\yeephp\Yee\Managers\Controller\Controller.php(23): call_user_func_array(Array, Array)
#4 [internal function]: Yee\Managers\Controller\Controller::__callStatic('dashboard', Array)
#5 C:\wamp64\www\TicketSystem\vendor\yeephp\yeephp\Yee\Route.php(468): call_user_func_array('\\App\\Controller...', Array)
#6 C:\wamp64\www\TicketSystem\vendor\yeephp\yeephp\Yee\Yee.php(1374): Yee\Route->dispatch()
#7 C:\wamp64\www\TicketSystem\vendor\yeephp\yeephp\Yee\Middleware\Flash.php(85): Yee\Yee->call()
#8 C:\wamp64\www\TicketSystem\vendor\yeephp\yeephp\Yee\Middleware\MethodOverride.php(92): Yee\Middleware\Flash->call()
#9 C:\wamp64\www\TicketSystem\vendor\yeephp\yeephp\Yee\Middleware\PrettyExceptions.php(67): Yee\Middleware\MethodOverride->call()
#10 C:\wamp64\www\TicketSystem\vendor\yeephp\yeephp\Yee\Yee.php(1282): Yee\Middleware\PrettyExceptions->call()
#11 C:\wamp64\www\TicketSystem\public\index.php(26): Yee\Yee->execute()
#12 {main}
ERROR - 2017-06-21 08:16:08 - ErrorException: Use of undefined constant connection - assumed 'connection' in C:\wamp64\www\TicketSystem\App\Models\TicketsModel.php:11
Stack trace:
#0 C:\wamp64\www\TicketSystem\App\Models\TicketsModel.php(11): Yee\Yee::handleErrors(8, 'Use of undefine...', 'C:\\wamp64\\www\\T...', 11, Array)
#1 C:\wamp64\www\TicketSystem\App\Controllers\InternController.php(63): App\Models\TicketsModel->GetAll()
#2 [internal function]: App\Controllers\InternController->dashboard()
#3 C:\wamp64\www\TicketSystem\vendor\yeephp\yeephp\Yee\Managers\Controller\Controller.php(23): call_user_func_array(Array, Array)
#4 [internal function]: Yee\Managers\Controller\Controller::__callStatic('dashboard', Array)
#5 C:\wamp64\www\TicketSystem\vendor\yeephp\yeephp\Yee\Route.php(468): call_user_func_array('\\App\\Controller...', Array)
#6 C:\wamp64\www\TicketSystem\vendor\yeephp\yeephp\Yee\Yee.php(1374): Yee\Route->dispatch()
#7 C:\wamp64\www\TicketSystem\vendor\yeephp\yeephp\Yee\Middleware\Flash.php(85): Yee\Yee->call()
#8 C:\wamp64\www\TicketSystem\vendor\yeephp\yeephp\Yee\Middleware\MethodOverride.php(92): Yee\Middleware\Flash->call()
#9 C:\wamp64\www\TicketSystem\vendor\yeephp\yeephp\Yee\Middleware\PrettyExceptions.php(67): Yee\Middleware\MethodOverride->call()
#10 C:\wamp64\www\TicketSystem\vendor\yeephp\yeephp\Yee\Yee.php(1282): Yee\Middleware\PrettyExceptions->call()
#11 C:\wamp64\www\TicketSystem\public\index.php(26): Yee\Yee->execute()
#12 {main}
ERROR - 2017-06-21 13:52:10 - Twig_Error_Syntax: Unknown "endblock" tag. in C:\xampp\htdocs\TicketSystemVelko\templates\layout.twig:10
Stack trace:
#0 C:\xampp\htdocs\TicketSystemVelko\vendor\twig\twig\lib\Twig\Parser.php(103): Twig_Parser->subparse(NULL, false)
#1 C:\xampp\htdocs\TicketSystemVelko\vendor\twig\twig\lib\Twig\Environment.php(692): Twig_Parser->parse(Object(Twig_TokenStream))
#2 C:\xampp\htdocs\TicketSystemVelko\vendor\twig\twig\lib\Twig\Environment.php(750): Twig_Environment->parse(Object(Twig_TokenStream))
#3 C:\xampp\htdocs\TicketSystemVelko\vendor\twig\twig\lib\Twig\Environment.php(447): Twig_Environment->compileSource(Object(Twig_Source))
#4 C:\xampp\htdocs\TicketSystemVelko\vendor\yeephp\yeephp\Yee\Views\Twig.php(87): Twig_Environment->loadTemplate('layout.twig')
#5 C:\xampp\htdocs\TicketSystemVelko\vendor\yeephp\yeephp\Yee\View.php(255): Yee\Views\Twig->render('layout.twig', NULL)
#6 C:\xampp\htdocs\TicketSystemVelko\vendor\yeephp\yeephp\Yee\View.php(243): Yee\View->fetch('layout.twig', NULL)
#7 C:\xampp\htdocs\TicketSystemVelko\vendor\yeephp\yeephp\Yee\Yee.php(766): Yee\View->display('layout.twig')
#8 C:\xampp\htdocs\TicketSystemVelko\App\Controllers\InternController.php(28): Yee\Yee->render('layout.twig')
#9 [internal function]: App\Controllers\InternController->layout()
#10 C:\xampp\htdocs\TicketSystemVelko\vendor\yeephp\yeephp\Yee\Managers\Controller\Controller.php(23): call_user_func_array(Array, Array)
#11 [internal function]: Yee\Managers\Controller\Controller::__callStatic('layout', Array)
#12 C:\xampp\htdocs\TicketSystemVelko\vendor\yeephp\yeephp\Yee\Route.php(468): call_user_func_array('\\App\\Controller...', Array)
#13 C:\xampp\htdocs\TicketSystemVelko\vendor\yeephp\yeephp\Yee\Yee.php(1374): Yee\Route->dispatch()
#14 C:\xampp\htdocs\TicketSystemVelko\vendor\yeephp\yeephp\Yee\Middleware\Flash.php(85): Yee\Yee->call()
#15 C:\xampp\htdocs\TicketSystemVelko\vendor\yeephp\yeephp\Yee\Middleware\MethodOverride.php(92): Yee\Middleware\Flash->call()
#16 C:\xampp\htdocs\TicketSystemVelko\vendor\yeephp\yeephp\Yee\Middleware\PrettyExceptions.php(67): Yee\Middleware\MethodOverride->call()
#17 C:\xampp\htdocs\TicketSystemVelko\vendor\yeephp\yeephp\Yee\Yee.php(1282): Yee\Middleware\PrettyExceptions->call()
#18 C:\xampp\htdocs\TicketSystemVelko\public\index.php(26): Yee\Yee->execute()
#19 {main}
ERROR - 2017-06-21 13:54:55 - Twig_Error_Syntax: Unknown "endblock" tag. in C:\xampp\htdocs\TicketSystemVelko\templates\layout.twig:10
Stack trace:
#0 C:\xampp\htdocs\TicketSystemVelko\vendor\twig\twig\lib\Twig\Parser.php(103): Twig_Parser->subparse(NULL, false)
#1 C:\xampp\htdocs\TicketSystemVelko\vendor\twig\twig\lib\Twig\Environment.php(692): Twig_Parser->parse(Object(Twig_TokenStream))
#2 C:\xampp\htdocs\TicketSystemVelko\vendor\twig\twig\lib\Twig\Environment.php(750): Twig_Environment->parse(Object(Twig_TokenStream))
#3 C:\xampp\htdocs\TicketSystemVelko\vendor\twig\twig\lib\Twig\Environment.php(447): Twig_Environment->compileSource(Object(Twig_Source))
#4 C:\xampp\htdocs\TicketSystemVelko\vendor\yeephp\yeephp\Yee\Views\Twig.php(87): Twig_Environment->loadTemplate('layout.twig')
#5 C:\xampp\htdocs\TicketSystemVelko\vendor\yeephp\yeephp\Yee\View.php(255): Yee\Views\Twig->render('layout.twig', NULL)
#6 C:\xampp\htdocs\TicketSystemVelko\vendor\yeephp\yeephp\Yee\View.php(243): Yee\View->fetch('layout.twig', NULL)
#7 C:\xampp\htdocs\TicketSystemVelko\vendor\yeephp\yeephp\Yee\Yee.php(766): Yee\View->display('layout.twig')
#8 C:\xampp\htdocs\TicketSystemVelko\App\Controllers\InternController.php(28): Yee\Yee->render('layout.twig')
#9 [internal function]: App\Controllers\InternController->layout()
#10 C:\xampp\htdocs\TicketSystemVelko\vendor\yeephp\yeephp\Yee\Managers\Controller\Controller.php(23): call_user_func_array(Array, Array)
#11 [internal function]: Yee\Managers\Controller\Controller::__callStatic('layout', Array)
#12 C:\xampp\htdocs\TicketSystemVelko\vendor\yeephp\yeephp\Yee\Route.php(468): call_user_func_array('\\App\\Controller...', Array)
#13 C:\xampp\htdocs\TicketSystemVelko\vendor\yeephp\yeephp\Yee\Yee.php(1374): Yee\Route->dispatch()
#14 C:\xampp\htdocs\TicketSystemVelko\vendor\yeephp\yeephp\Yee\Middleware\Flash.php(85): Yee\Yee->call()
#15 C:\xampp\htdocs\TicketSystemVelko\vendor\yeephp\yeephp\Yee\Middleware\MethodOverride.php(92): Yee\Middleware\Flash->call()
#16 C:\xampp\htdocs\TicketSystemVelko\vendor\yeephp\yeephp\Yee\Middleware\PrettyExceptions.php(67): Yee\Middleware\MethodOverride->call()
#17 C:\xampp\htdocs\TicketSystemVelko\vendor\yeephp\yeephp\Yee\Yee.php(1282): Yee\Middleware\PrettyExceptions->call()
#18 C:\xampp\htdocs\TicketSystemVelko\public\index.php(26): Yee\Yee->execute()
#19 {main}
ERROR - 2017-06-21 13:55:03 - Twig_Error_Syntax: Unknown "endblock" tag. in C:\xampp\htdocs\TicketSystemVelko\templates\layout.twig:10
Stack trace:
#0 C:\xampp\htdocs\TicketSystemVelko\vendor\twig\twig\lib\Twig\Parser.php(103): Twig_Parser->subparse(NULL, false)
#1 C:\xampp\htdocs\TicketSystemVelko\vendor\twig\twig\lib\Twig\Environment.php(692): Twig_Parser->parse(Object(Twig_TokenStream))
#2 C:\xampp\htdocs\TicketSystemVelko\vendor\twig\twig\lib\Twig\Environment.php(750): Twig_Environment->parse(Object(Twig_TokenStream))
#3 C:\xampp\htdocs\TicketSystemVelko\vendor\twig\twig\lib\Twig\Environment.php(447): Twig_Environment->compileSource(Object(Twig_Source))
#4 C:\xampp\htdocs\TicketSystemVelko\vendor\yeephp\yeephp\Yee\Views\Twig.php(87): Twig_Environment->loadTemplate('layout.twig')
#5 C:\xampp\htdocs\TicketSystemVelko\vendor\yeephp\yeephp\Yee\View.php(255): Yee\Views\Twig->render('layout.twig', NULL)
#6 C:\xampp\htdocs\TicketSystemVelko\vendor\yeephp\yeephp\Yee\View.php(243): Yee\View->fetch('layout.twig', NULL)
#7 C:\xampp\htdocs\TicketSystemVelko\vendor\yeephp\yeephp\Yee\Yee.php(766): Yee\View->display('layout.twig')
#8 C:\xampp\htdocs\TicketSystemVelko\App\Controllers\InternController.php(28): Yee\Yee->render('layout.twig')
#9 [internal function]: App\Controllers\InternController->layout()
#10 C:\xampp\htdocs\TicketSystemVelko\vendor\yeephp\yeephp\Yee\Managers\Controller\Controller.php(23): call_user_func_array(Array, Array)
#11 [internal function]: Yee\Managers\Controller\Controller::__callStatic('layout', Array)
#12 C:\xampp\htdocs\TicketSystemVelko\vendor\yeephp\yeephp\Yee\Route.php(468): call_user_func_array('\\App\\Controller...', Array)
#13 C:\xampp\htdocs\TicketSystemVelko\vendor\yeephp\yeephp\Yee\Yee.php(1374): Yee\Route->dispatch()
#14 C:\xampp\htdocs\TicketSystemVelko\vendor\yeephp\yeephp\Yee\Middleware\Flash.php(85): Yee\Yee->call()
#15 C:\xampp\htdocs\TicketSystemVelko\vendor\yeephp\yeephp\Yee\Middleware\MethodOverride.php(92): Yee\Middleware\Flash->call()
#16 C:\xampp\htdocs\TicketSystemVelko\vendor\yeephp\yeephp\Yee\Middleware\PrettyExceptions.php(67): Yee\Middleware\MethodOverride->call()
#17 C:\xampp\htdocs\TicketSystemVelko\vendor\yeephp\yeephp\Yee\Yee.php(1282): Yee\Middleware\PrettyExceptions->call()
#18 C:\xampp\htdocs\TicketSystemVelko\public\index.php(26): Yee\Yee->execute()
#19 {main}
ERROR - 2017-06-21 13:55:05 - Twig_Error_Syntax: Unknown "endblock" tag. in C:\xampp\htdocs\TicketSystemVelko\templates\layout.twig:10
Stack trace:
#0 C:\xampp\htdocs\TicketSystemVelko\vendor\twig\twig\lib\Twig\Parser.php(103): Twig_Parser->subparse(NULL, false)
#1 C:\xampp\htdocs\TicketSystemVelko\vendor\twig\twig\lib\Twig\Environment.php(692): Twig_Parser->parse(Object(Twig_TokenStream))
#2 C:\xampp\htdocs\TicketSystemVelko\vendor\twig\twig\lib\Twig\Environment.php(750): Twig_Environment->parse(Object(Twig_TokenStream))
#3 C:\xampp\htdocs\TicketSystemVelko\vendor\twig\twig\lib\Twig\Environment.php(447): Twig_Environment->compileSource(Object(Twig_Source))
#4 C:\xampp\htdocs\TicketSystemVelko\vendor\yeephp\yeephp\Yee\Views\Twig.php(87): Twig_Environment->loadTemplate('layout.twig')
#5 C:\xampp\htdocs\TicketSystemVelko\vendor\yeephp\yeephp\Yee\View.php(255): Yee\Views\Twig->render('layout.twig', NULL)
#6 C:\xampp\htdocs\TicketSystemVelko\vendor\yeephp\yeephp\Yee\View.php(243): Yee\View->fetch('layout.twig', NULL)
#7 C:\xampp\htdocs\TicketSystemVelko\vendor\yeephp\yeephp\Yee\Yee.php(766): Yee\View->display('layout.twig')
#8 C:\xampp\htdocs\TicketSystemVelko\App\Controllers\InternController.php(28): Yee\Yee->render('layout.twig')
#9 [internal function]: App\Controllers\InternController->layout()
#10 C:\xampp\htdocs\TicketSystemVelko\vendor\yeephp\yeephp\Yee\Managers\Controller\Controller.php(23): call_user_func_array(Array, Array)
#11 [internal function]: Yee\Managers\Controller\Controller::__callStatic('layout', Array)
#12 C:\xampp\htdocs\TicketSystemVelko\vendor\yeephp\yeephp\Yee\Route.php(468): call_user_func_array('\\App\\Controller...', Array)
#13 C:\xampp\htdocs\TicketSystemVelko\vendor\yeephp\yeephp\Yee\Yee.php(1374): Yee\Route->dispatch()
#14 C:\xampp\htdocs\TicketSystemVelko\vendor\yeephp\yeephp\Yee\Middleware\Flash.php(85): Yee\Yee->call()
#15 C:\xampp\htdocs\TicketSystemVelko\vendor\yeephp\yeephp\Yee\Middleware\MethodOverride.php(92): Yee\Middleware\Flash->call()
#16 C:\xampp\htdocs\TicketSystemVelko\vendor\yeephp\yeephp\Yee\Middleware\PrettyExceptions.php(67): Yee\Middleware\MethodOverride->call()
#17 C:\xampp\htdocs\TicketSystemVelko\vendor\yeephp\yeephp\Yee\Yee.php(1282): Yee\Middleware\PrettyExceptions->call()
#18 C:\xampp\htdocs\TicketSystemVelko\public\index.php(26): Yee\Yee->execute()
#19 {main}
ERROR - 2017-06-21 13:55:06 - Twig_Error_Syntax: Unknown "endblock" tag. in C:\xampp\htdocs\TicketSystemVelko\templates\layout.twig:10
Stack trace:
#0 C:\xampp\htdocs\TicketSystemVelko\vendor\twig\twig\lib\Twig\Parser.php(103): Twig_Parser->subparse(NULL, false)
#1 C:\xampp\htdocs\TicketSystemVelko\vendor\twig\twig\lib\Twig\Environment.php(692): Twig_Parser->parse(Object(Twig_TokenStream))
#2 C:\xampp\htdocs\TicketSystemVelko\vendor\twig\twig\lib\Twig\Environment.php(750): Twig_Environment->parse(Object(Twig_TokenStream))
#3 C:\xampp\htdocs\TicketSystemVelko\vendor\twig\twig\lib\Twig\Environment.php(447): Twig_Environment->compileSource(Object(Twig_Source))
#4 C:\xampp\htdocs\TicketSystemVelko\vendor\yeephp\yeephp\Yee\Views\Twig.php(87): Twig_Environment->loadTemplate('layout.twig')
#5 C:\xampp\htdocs\TicketSystemVelko\vendor\yeephp\yeephp\Yee\View.php(255): Yee\Views\Twig->render('layout.twig', NULL)
#6 C:\xampp\htdocs\TicketSystemVelko\vendor\yeephp\yeephp\Yee\View.php(243): Yee\View->fetch('layout.twig', NULL)
#7 C:\xampp\htdocs\TicketSystemVelko\vendor\yeephp\yeephp\Yee\Yee.php(766): Yee\View->display('layout.twig')
#8 C:\xampp\htdocs\TicketSystemVelko\App\Controllers\InternController.php(28): Yee\Yee->render('layout.twig')
#9 [internal function]: App\Controllers\InternController->layout()
#10 C:\xampp\htdocs\TicketSystemVelko\vendor\yeephp\yeephp\Yee\Managers\Controller\Controller.php(23): call_user_func_array(Array, Array)
#11 [internal function]: Yee\Managers\Controller\Controller::__callStatic('layout', Array)
#12 C:\xampp\htdocs\TicketSystemVelko\vendor\yeephp\yeephp\Yee\Route.php(468): call_user_func_array('\\App\\Controller...', Array)
#13 C:\xampp\htdocs\TicketSystemVelko\vendor\yeephp\yeephp\Yee\Yee.php(1374): Yee\Route->dispatch()
#14 C:\xampp\htdocs\TicketSystemVelko\vendor\yeephp\yeephp\Yee\Middleware\Flash.php(85): Yee\Yee->call()
#15 C:\xampp\htdocs\TicketSystemVelko\vendor\yeephp\yeephp\Yee\Middleware\MethodOverride.php(92): Yee\Middleware\Flash->call()
#16 C:\xampp\htdocs\TicketSystemVelko\vendor\yeephp\yeephp\Yee\Middleware\PrettyExceptions.php(67): Yee\Middleware\MethodOverride->call()
#17 C:\xampp\htdocs\TicketSystemVelko\vendor\yeephp\yeephp\Yee\Yee.php(1282): Yee\Middleware\PrettyExceptions->call()
#18 C:\xampp\htdocs\TicketSystemVelko\public\index.php(26): Yee\Yee->execute()
#19 {main}
ERROR - 2017-06-21 13:55:06 - Twig_Error_Syntax: Unknown "endblock" tag. in C:\xampp\htdocs\TicketSystemVelko\templates\layout.twig:10
Stack trace:
#0 C:\xampp\htdocs\TicketSystemVelko\vendor\twig\twig\lib\Twig\Parser.php(103): Twig_Parser->subparse(NULL, false)
#1 C:\xampp\htdocs\TicketSystemVelko\vendor\twig\twig\lib\Twig\Environment.php(692): Twig_Parser->parse(Object(Twig_TokenStream))
#2 C:\xampp\htdocs\TicketSystemVelko\vendor\twig\twig\lib\Twig\Environment.php(750): Twig_Environment->parse(Object(Twig_TokenStream))
#3 C:\xampp\htdocs\TicketSystemVelko\vendor\twig\twig\lib\Twig\Environment.php(447): Twig_Environment->compileSource(Object(Twig_Source))
#4 C:\xampp\htdocs\TicketSystemVelko\vendor\yeephp\yeephp\Yee\Views\Twig.php(87): Twig_Environment->loadTemplate('layout.twig')
#5 C:\xampp\htdocs\TicketSystemVelko\vendor\yeephp\yeephp\Yee\View.php(255): Yee\Views\Twig->render('layout.twig', NULL)
#6 C:\xampp\htdocs\TicketSystemVelko\vendor\yeephp\yeephp\Yee\View.php(243): Yee\View->fetch('layout.twig', NULL)
#7 C:\xampp\htdocs\TicketSystemVelko\vendor\yeephp\yeephp\Yee\Yee.php(766): Yee\View->display('layout.twig')
#8 C:\xampp\htdocs\TicketSystemVelko\App\Controllers\InternController.php(28): Yee\Yee->render('layout.twig')
#9 [internal function]: App\Controllers\InternController->layout()
#10 C:\xampp\htdocs\TicketSystemVelko\vendor\yeephp\yeephp\Yee\Managers\Controller\Controller.php(23): call_user_func_array(Array, Array)
#11 [internal function]: Yee\Managers\Controller\Controller::__callStatic('layout', Array)
#12 C:\xampp\htdocs\TicketSystemVelko\vendor\yeephp\yeephp\Yee\Route.php(468): call_user_func_array('\\App\\Controller...', Array)
#13 C:\xampp\htdocs\TicketSystemVelko\vendor\yeephp\yeephp\Yee\Yee.php(1374): Yee\Route->dispatch()
#14 C:\xampp\htdocs\TicketSystemVelko\vendor\yeephp\yeephp\Yee\Middleware\Flash.php(85): Yee\Yee->call()
#15 C:\xampp\htdocs\TicketSystemVelko\vendor\yeephp\yeephp\Yee\Middleware\MethodOverride.php(92): Yee\Middleware\Flash->call()
#16 C:\xampp\htdocs\TicketSystemVelko\vendor\yeephp\yeephp\Yee\Middleware\PrettyExceptions.php(67): Yee\Middleware\MethodOverride->call()
#17 C:\xampp\htdocs\TicketSystemVelko\vendor\yeephp\yeephp\Yee\Yee.php(1282): Yee\Middleware\PrettyExceptions->call()
#18 C:\xampp\htdocs\TicketSystemVelko\public\index.php(26): Yee\Yee->execute()
#19 {main}
ERROR - 2017-06-21 13:55:06 - Twig_Error_Syntax: Unknown "endblock" tag. in C:\xampp\htdocs\TicketSystemVelko\templates\layout.twig:10
Stack trace:
#0 C:\xampp\htdocs\TicketSystemVelko\vendor\twig\twig\lib\Twig\Parser.php(103): Twig_Parser->subparse(NULL, false)
#1 C:\xampp\htdocs\TicketSystemVelko\vendor\twig\twig\lib\Twig\Environment.php(692): Twig_Parser->parse(Object(Twig_TokenStream))
#2 C:\xampp\htdocs\TicketSystemVelko\vendor\twig\twig\lib\Twig\Environment.php(750): Twig_Environment->parse(Object(Twig_TokenStream))
#3 C:\xampp\htdocs\TicketSystemVelko\vendor\twig\twig\lib\Twig\Environment.php(447): Twig_Environment->compileSource(Object(Twig_Source))
#4 C:\xampp\htdocs\TicketSystemVelko\vendor\yeephp\yeephp\Yee\Views\Twig.php(87): Twig_Environment->loadTemplate('layout.twig')
#5 C:\xampp\htdocs\TicketSystemVelko\vendor\yeephp\yeephp\Yee\View.php(255): Yee\Views\Twig->render('layout.twig', NULL)
#6 C:\xampp\htdocs\TicketSystemVelko\vendor\yeephp\yeephp\Yee\View.php(243): Yee\View->fetch('layout.twig', NULL)
#7 C:\xampp\htdocs\TicketSystemVelko\vendor\yeephp\yeephp\Yee\Yee.php(766): Yee\View->display('layout.twig')
#8 C:\xampp\htdocs\TicketSystemVelko\App\Controllers\InternController.php(28): Yee\Yee->render('layout.twig')
#9 [internal function]: App\Controllers\InternController->layout()
#10 C:\xampp\htdocs\TicketSystemVelko\vendor\yeephp\yeephp\Yee\Managers\Controller\Controller.php(23): call_user_func_array(Array, Array)
#11 [internal function]: Yee\Managers\Controller\Controller::__callStatic('layout', Array)
#12 C:\xampp\htdocs\TicketSystemVelko\vendor\yeephp\yeephp\Yee\Route.php(468): call_user_func_array('\\App\\Controller...', Array)
#13 C:\xampp\htdocs\TicketSystemVelko\vendor\yeephp\yeephp\Yee\Yee.php(1374): Yee\Route->dispatch()
#14 C:\xampp\htdocs\TicketSystemVelko\vendor\yeephp\yeephp\Yee\Middleware\Flash.php(85): Yee\Yee->call()
#15 C:\xampp\htdocs\TicketSystemVelko\vendor\yeephp\yeephp\Yee\Middleware\MethodOverride.php(92): Yee\Middleware\Flash->call()
#16 C:\xampp\htdocs\TicketSystemVelko\vendor\yeephp\yeephp\Yee\Middleware\PrettyExceptions.php(67): Yee\Middleware\MethodOverride->call()
#17 C:\xampp\htdocs\TicketSystemVelko\vendor\yeephp\yeephp\Yee\Yee.php(1282): Yee\Middleware\PrettyExceptions->call()
#18 C:\xampp\htdocs\TicketSystemVelko\public\index.php(26): Yee\Yee->execute()
#19 {main}
ERROR - 2017-06-21 13:58:31 - Twig_Error_Syntax: Unknown "endblock" tag. in C:\xampp\htdocs\TicketSystemVelko\templates\layout.twig:42
Stack trace:
#0 C:\xampp\htdocs\TicketSystemVelko\vendor\twig\twig\lib\Twig\Parser.php(103): Twig_Parser->subparse(NULL, false)
#1 C:\xampp\htdocs\TicketSystemVelko\vendor\twig\twig\lib\Twig\Environment.php(692): Twig_Parser->parse(Object(Twig_TokenStream))
#2 C:\xampp\htdocs\TicketSystemVelko\vendor\twig\twig\lib\Twig\Environment.php(750): Twig_Environment->parse(Object(Twig_TokenStream))
#3 C:\xampp\htdocs\TicketSystemVelko\vendor\twig\twig\lib\Twig\Environment.php(447): Twig_Environment->compileSource(Object(Twig_Source))
#4 C:\xampp\htdocs\TicketSystemVelko\vendor\yeephp\yeephp\Yee\Views\Twig.php(87): Twig_Environment->loadTemplate('layout.twig')
#5 C:\xampp\htdocs\TicketSystemVelko\vendor\yeephp\yeephp\Yee\View.php(255): Yee\Views\Twig->render('layout.twig', NULL)
#6 C:\xampp\htdocs\TicketSystemVelko\vendor\yeephp\yeephp\Yee\View.php(243): Yee\View->fetch('layout.twig', NULL)
#7 C:\xampp\htdocs\TicketSystemVelko\vendor\yeephp\yeephp\Yee\Yee.php(766): Yee\View->display('layout.twig')
#8 C:\xampp\htdocs\TicketSystemVelko\App\Controllers\InternController.php(28): Yee\Yee->render('layout.twig')
#9 [internal function]: App\Controllers\InternController->layout()
#10 C:\xampp\htdocs\TicketSystemVelko\vendor\yeephp\yeephp\Yee\Managers\Controller\Controller.php(23): call_user_func_array(Array, Array)
#11 [internal function]: Yee\Managers\Controller\Controller::__callStatic('layout', Array)
#12 C:\xampp\htdocs\TicketSystemVelko\vendor\yeephp\yeephp\Yee\Route.php(468): call_user_func_array('\\App\\Controller...', Array)
#13 C:\xampp\htdocs\TicketSystemVelko\vendor\yeephp\yeephp\Yee\Yee.php(1374): Yee\Route->dispatch()
#14 C:\xampp\htdocs\TicketSystemVelko\vendor\yeephp\yeephp\Yee\Middleware\Flash.php(85): Yee\Yee->call()
#15 C:\xampp\htdocs\TicketSystemVelko\vendor\yeephp\yeephp\Yee\Middleware\MethodOverride.php(92): Yee\Middleware\Flash->call()
#16 C:\xampp\htdocs\TicketSystemVelko\vendor\yeephp\yeephp\Yee\Middleware\PrettyExceptions.php(67): Yee\Middleware\MethodOverride->call()
#17 C:\xampp\htdocs\TicketSystemVelko\vendor\yeephp\yeephp\Yee\Yee.php(1282): Yee\Middleware\PrettyExceptions->call()
#18 C:\xampp\htdocs\TicketSystemVelko\public\index.php(26): Yee\Yee->execute()
#19 {main}
ERROR - 2017-06-21 14:50:02 - ErrorException: Undefined variable: data in C:\xampp\htdocs\TicketSystemVelko\App\Controllers\TicketsController.php:33
Stack trace:
#0 C:\xampp\htdocs\TicketSystemVelko\App\Controllers\TicketsController.php(33): Yee\Yee::handleErrors(8, 'Undefined varia...', 'C:\\xampp\\htdocs...', 33, Array)
#1 [internal function]: App\Controllers\TicketsController->todoIndex()
#2 C:\xampp\htdocs\TicketSystemVelko\vendor\yeephp\yeephp\Yee\Managers\Controller\Controller.php(23): call_user_func_array(Array, Array)
#3 [internal function]: Yee\Managers\Controller\Controller::__callStatic('todoIndex', Array)
#4 C:\xampp\htdocs\TicketSystemVelko\vendor\yeephp\yeephp\Yee\Route.php(468): call_user_func_array('\\App\\Controller...', Array)
#5 C:\xampp\htdocs\TicketSystemVelko\vendor\yeephp\yeephp\Yee\Yee.php(1374): Yee\Route->dispatch()
#6 C:\xampp\htdocs\TicketSystemVelko\vendor\yeephp\yeephp\Yee\Middleware\Flash.php(85): Yee\Yee->call()
#7 C:\xampp\htdocs\TicketSystemVelko\vendor\yeephp\yeephp\Yee\Middleware\MethodOverride.php(92): Yee\Middleware\Flash->call()
#8 C:\xampp\htdocs\TicketSystemVelko\vendor\yeephp\yeephp\Yee\Middleware\PrettyExceptions.php(67): Yee\Middleware\MethodOverride->call()
#9 C:\xampp\htdocs\TicketSystemVelko\vendor\yeephp\yeephp\Yee\Yee.php(1282): Yee\Middleware\PrettyExceptions->call()
#10 C:\xampp\htdocs\TicketSystemVelko\public\index.php(26): Yee\Yee->execute()
#11 {main}
ERROR - 2017-06-21 14:50:03 - ErrorException: Undefined variable: data in C:\xampp\htdocs\TicketSystemVelko\App\Controllers\TicketsController.php:33
Stack trace:
#0 C:\xampp\htdocs\TicketSystemVelko\App\Controllers\TicketsController.php(33): Yee\Yee::handleErrors(8, 'Undefined varia...', 'C:\\xampp\\htdocs...', 33, Array)
#1 [internal function]: App\Controllers\TicketsController->todoIndex()
#2 C:\xampp\htdocs\TicketSystemVelko\vendor\yeephp\yeephp\Yee\Managers\Controller\Controller.php(23): call_user_func_array(Array, Array)
#3 [internal function]: Yee\Managers\Controller\Controller::__callStatic('todoIndex', Array)
#4 C:\xampp\htdocs\TicketSystemVelko\vendor\yeephp\yeephp\Yee\Route.php(468): call_user_func_array('\\App\\Controller...', Array)
#5 C:\xampp\htdocs\TicketSystemVelko\vendor\yeephp\yeephp\Yee\Yee.php(1374): Yee\Route->dispatch()
#6 C:\xampp\htdocs\TicketSystemVelko\vendor\yeephp\yeephp\Yee\Middleware\Flash.php(85): Yee\Yee->call()
#7 C:\xampp\htdocs\TicketSystemVelko\vendor\yeephp\yeephp\Yee\Middleware\MethodOverride.php(92): Yee\Middleware\Flash->call()
#8 C:\xampp\htdocs\TicketSystemVelko\vendor\yeephp\yeephp\Yee\Middleware\PrettyExceptions.php(67): Yee\Middleware\MethodOverride->call()
#9 C:\xampp\htdocs\TicketSystemVelko\vendor\yeephp\yeephp\Yee\Yee.php(1282): Yee\Middleware\PrettyExceptions->call()
#10 C:\xampp\htdocs\TicketSystemVelko\public\index.php(26): Yee\Yee->execute()
#11 {main}
