ERROR - 2017-06-26 07:55:27 - ErrorException: Missing argument 1 for App\Models\TicketsModel::__construct(), called in C:\wamp64\www\TicketSystem\App\Controllers\TicketsController.php on line 22 and defined in C:\wamp64\www\TicketSystem\App\Models\TicketsModel.php:17
Stack trace:
#0 C:\wamp64\www\TicketSystem\App\Models\TicketsModel.php(17): Yee\Yee::handleErrors(2, 'Missing argumen...', 'C:\\wamp64\\www\\T...', 17, Array)
#1 C:\wamp64\www\TicketSystem\App\Controllers\TicketsController.php(22): App\Models\TicketsModel->__construct()
#2 [internal function]: App\Controllers\TicketsController->todoIndex()
#3 C:\wamp64\www\TicketSystem\vendor\yeephp\yeephp\Yee\Managers\Controller\Controller.php(23): call_user_func_array(Array, Array)
#4 [internal function]: Yee\Managers\Controller\Controller::__callStatic('todoIndex', Array)
#5 C:\wamp64\www\TicketSystem\vendor\yeephp\yeephp\Yee\Route.php(468): call_user_func_array('\\App\\Controller...', Array)
#6 C:\wamp64\www\TicketSystem\vendor\yeephp\yeephp\Yee\Yee.php(1374): Yee\Route->dispatch()
#7 C:\wamp64\www\TicketSystem\vendor\yeephp\yeephp\Yee\Middleware\Flash.php(85): Yee\Yee->call()
#8 C:\wamp64\www\TicketSystem\vendor\yeephp\yeephp\Yee\Middleware\MethodOverride.php(92): Yee\Middleware\Flash->call()
#9 C:\wamp64\www\TicketSystem\vendor\yeephp\yeephp\Yee\Middleware\PrettyExceptions.php(67): Yee\Middleware\MethodOverride->call()
#10 C:\wamp64\www\TicketSystem\vendor\yeephp\yeephp\Yee\Yee.php(1282): Yee\Middleware\PrettyExceptions->call()
#11 C:\wamp64\www\TicketSystem\public\index.php(26): Yee\Yee->execute()
#12 {main}
ERROR - 2017-06-26 07:55:28 - ErrorException: Missing argument 1 for App\Models\TicketsModel::__construct(), called in C:\wamp64\www\TicketSystem\App\Controllers\TicketsController.php on line 22 and defined in C:\wamp64\www\TicketSystem\App\Models\TicketsModel.php:17
Stack trace:
#0 C:\wamp64\www\TicketSystem\App\Models\TicketsModel.php(17): Yee\Yee::handleErrors(2, 'Missing argumen...', 'C:\\wamp64\\www\\T...', 17, Array)
#1 C:\wamp64\www\TicketSystem\App\Controllers\TicketsController.php(22): App\Models\TicketsModel->__construct()
#2 [internal function]: App\Controllers\TicketsController->todoIndex()
#3 C:\wamp64\www\TicketSystem\vendor\yeephp\yeephp\Yee\Managers\Controller\Controller.php(23): call_user_func_array(Array, Array)
#4 [internal function]: Yee\Managers\Controller\Controller::__callStatic('todoIndex', Array)
#5 C:\wamp64\www\TicketSystem\vendor\yeephp\yeephp\Yee\Route.php(468): call_user_func_array('\\App\\Controller...', Array)
#6 C:\wamp64\www\TicketSystem\vendor\yeephp\yeephp\Yee\Yee.php(1374): Yee\Route->dispatch()
#7 C:\wamp64\www\TicketSystem\vendor\yeephp\yeephp\Yee\Middleware\Flash.php(85): Yee\Yee->call()
#8 C:\wamp64\www\TicketSystem\vendor\yeephp\yeephp\Yee\Middleware\MethodOverride.php(92): Yee\Middleware\Flash->call()
#9 C:\wamp64\www\TicketSystem\vendor\yeephp\yeephp\Yee\Middleware\PrettyExceptions.php(67): Yee\Middleware\MethodOverride->call()
#10 C:\wamp64\www\TicketSystem\vendor\yeephp\yeephp\Yee\Yee.php(1282): Yee\Middleware\PrettyExceptions->call()
#11 C:\wamp64\www\TicketSystem\public\index.php(26): Yee\Yee->execute()
#12 {main}
ERROR - 2017-06-26 07:56:56 - ErrorException: Missing argument 1 for App\Models\TicketsModel::__construct(), called in C:\wamp64\www\TicketSystem\App\Controllers\TicketsController.php on line 22 and defined in C:\wamp64\www\TicketSystem\App\Models\TicketsModel.php:17
Stack trace:
#0 C:\wamp64\www\TicketSystem\App\Models\TicketsModel.php(17): Yee\Yee::handleErrors(2, 'Missing argumen...', 'C:\\wamp64\\www\\T...', 17, Array)
#1 C:\wamp64\www\TicketSystem\App\Controllers\TicketsController.php(22): App\Models\TicketsModel->__construct()
#2 [internal function]: App\Controllers\TicketsController->todoIndex()
#3 C:\wamp64\www\TicketSystem\vendor\yeephp\yeephp\Yee\Managers\Controller\Controller.php(23): call_user_func_array(Array, Array)
#4 [internal function]: Yee\Managers\Controller\Controller::__callStatic('todoIndex', Array)
#5 C:\wamp64\www\TicketSystem\vendor\yeephp\yeephp\Yee\Route.php(468): call_user_func_array('\\App\\Controller...', Array)
#6 C:\wamp64\www\TicketSystem\vendor\yeephp\yeephp\Yee\Yee.php(1374): Yee\Route->dispatch()
#7 C:\wamp64\www\TicketSystem\vendor\yeephp\yeephp\Yee\Middleware\Flash.php(85): Yee\Yee->call()
#8 C:\wamp64\www\TicketSystem\vendor\yeephp\yeephp\Yee\Middleware\MethodOverride.php(92): Yee\Middleware\Flash->call()
#9 C:\wamp64\www\TicketSystem\vendor\yeephp\yeephp\Yee\Middleware\PrettyExceptions.php(67): Yee\Middleware\MethodOverride->call()
#10 C:\wamp64\www\TicketSystem\vendor\yeephp\yeephp\Yee\Yee.php(1282): Yee\Middleware\PrettyExceptions->call()
#11 C:\wamp64\www\TicketSystem\public\index.php(26): Yee\Yee->execute()
#12 {main}
ERROR - 2017-06-26 07:58:10 - ErrorException: Missing argument 3 for App\Models\TicketsModel::__construct(), called in C:\wamp64\www\TicketSystem\App\Controllers\TicketsController.php on line 22 and defined in C:\wamp64\www\TicketSystem\App\Models\TicketsModel.php:17
Stack trace:
#0 C:\wamp64\www\TicketSystem\App\Models\TicketsModel.php(17): Yee\Yee::handleErrors(2, 'Missing argumen...', 'C:\\wamp64\\www\\T...', 17, Array)
#1 C:\wamp64\www\TicketSystem\App\Controllers\TicketsController.php(22): App\Models\TicketsModel->__construct()
#2 [internal function]: App\Controllers\TicketsController->todoIndex()
#3 C:\wamp64\www\TicketSystem\vendor\yeephp\yeephp\Yee\Managers\Controller\Controller.php(23): call_user_func_array(Array, Array)
#4 [internal function]: Yee\Managers\Controller\Controller::__callStatic('todoIndex', Array)
#5 C:\wamp64\www\TicketSystem\vendor\yeephp\yeephp\Yee\Route.php(468): call_user_func_array('\\App\\Controller...', Array)
#6 C:\wamp64\www\TicketSystem\vendor\yeephp\yeephp\Yee\Yee.php(1374): Yee\Route->dispatch()
#7 C:\wamp64\www\TicketSystem\vendor\yeephp\yeephp\Yee\Middleware\Flash.php(85): Yee\Yee->call()
#8 C:\wamp64\www\TicketSystem\vendor\yeephp\yeephp\Yee\Middleware\MethodOverride.php(92): Yee\Middleware\Flash->call()
#9 C:\wamp64\www\TicketSystem\vendor\yeephp\yeephp\Yee\Middleware\PrettyExceptions.php(67): Yee\Middleware\MethodOverride->call()
#10 C:\wamp64\www\TicketSystem\vendor\yeephp\yeephp\Yee\Yee.php(1282): Yee\Middleware\PrettyExceptions->call()
#11 C:\wamp64\www\TicketSystem\public\index.php(26): Yee\Yee->execute()
#12 {main}
ERROR - 2017-06-26 07:58:12 - ErrorException: Missing argument 3 for App\Models\TicketsModel::__construct(), called in C:\wamp64\www\TicketSystem\App\Controllers\TicketsController.php on line 22 and defined in C:\wamp64\www\TicketSystem\App\Models\TicketsModel.php:17
Stack trace:
#0 C:\wamp64\www\TicketSystem\App\Models\TicketsModel.php(17): Yee\Yee::handleErrors(2, 'Missing argumen...', 'C:\\wamp64\\www\\T...', 17, Array)
#1 C:\wamp64\www\TicketSystem\App\Controllers\TicketsController.php(22): App\Models\TicketsModel->__construct()
#2 [internal function]: App\Controllers\TicketsController->todoIndex()
#3 C:\wamp64\www\TicketSystem\vendor\yeephp\yeephp\Yee\Managers\Controller\Controller.php(23): call_user_func_array(Array, Array)
#4 [internal function]: Yee\Managers\Controller\Controller::__callStatic('todoIndex', Array)
#5 C:\wamp64\www\TicketSystem\vendor\yeephp\yeephp\Yee\Route.php(468): call_user_func_array('\\App\\Controller...', Array)
#6 C:\wamp64\www\TicketSystem\vendor\yeephp\yeephp\Yee\Yee.php(1374): Yee\Route->dispatch()
#7 C:\wamp64\www\TicketSystem\vendor\yeephp\yeephp\Yee\Middleware\Flash.php(85): Yee\Yee->call()
#8 C:\wamp64\www\TicketSystem\vendor\yeephp\yeephp\Yee\Middleware\MethodOverride.php(92): Yee\Middleware\Flash->call()
#9 C:\wamp64\www\TicketSystem\vendor\yeephp\yeephp\Yee\Middleware\PrettyExceptions.php(67): Yee\Middleware\MethodOverride->call()
#10 C:\wamp64\www\TicketSystem\vendor\yeephp\yeephp\Yee\Yee.php(1282): Yee\Middleware\PrettyExceptions->call()
#11 C:\wamp64\www\TicketSystem\public\index.php(26): Yee\Yee->execute()
#12 {main}
ERROR - 2017-06-26 07:58:14 - ErrorException: Missing argument 3 for App\Models\TicketsModel::__construct(), called in C:\wamp64\www\TicketSystem\App\Controllers\TicketsController.php on line 22 and defined in C:\wamp64\www\TicketSystem\App\Models\TicketsModel.php:17
Stack trace:
#0 C:\wamp64\www\TicketSystem\App\Models\TicketsModel.php(17): Yee\Yee::handleErrors(2, 'Missing argumen...', 'C:\\wamp64\\www\\T...', 17, Array)
#1 C:\wamp64\www\TicketSystem\App\Controllers\TicketsController.php(22): App\Models\TicketsModel->__construct()
#2 [internal function]: App\Controllers\TicketsController->todoIndex()
#3 C:\wamp64\www\TicketSystem\vendor\yeephp\yeephp\Yee\Managers\Controller\Controller.php(23): call_user_func_array(Array, Array)
#4 [internal function]: Yee\Managers\Controller\Controller::__callStatic('todoIndex', Array)
#5 C:\wamp64\www\TicketSystem\vendor\yeephp\yeephp\Yee\Route.php(468): call_user_func_array('\\App\\Controller...', Array)
#6 C:\wamp64\www\TicketSystem\vendor\yeephp\yeephp\Yee\Yee.php(1374): Yee\Route->dispatch()
#7 C:\wamp64\www\TicketSystem\vendor\yeephp\yeephp\Yee\Middleware\Flash.php(85): Yee\Yee->call()
#8 C:\wamp64\www\TicketSystem\vendor\yeephp\yeephp\Yee\Middleware\MethodOverride.php(92): Yee\Middleware\Flash->call()
#9 C:\wamp64\www\TicketSystem\vendor\yeephp\yeephp\Yee\Middleware\PrettyExceptions.php(67): Yee\Middleware\MethodOverride->call()
#10 C:\wamp64\www\TicketSystem\vendor\yeephp\yeephp\Yee\Yee.php(1282): Yee\Middleware\PrettyExceptions->call()
#11 C:\wamp64\www\TicketSystem\public\index.php(26): Yee\Yee->execute()
#12 {main}
ERROR - 2017-06-26 07:58:52 - ErrorException: Missing argument 1 for App\Models\TicketsModel::__construct(), called in C:\wamp64\www\TicketSystem\App\Controllers\TicketsController.php on line 22 and defined in C:\wamp64\www\TicketSystem\App\Models\TicketsModel.php:17
Stack trace:
#0 C:\wamp64\www\TicketSystem\App\Models\TicketsModel.php(17): Yee\Yee::handleErrors(2, 'Missing argumen...', 'C:\\wamp64\\www\\T...', 17, Array)
#1 C:\wamp64\www\TicketSystem\App\Controllers\TicketsController.php(22): App\Models\TicketsModel->__construct()
#2 [internal function]: App\Controllers\TicketsController->todoIndex()
#3 C:\wamp64\www\TicketSystem\vendor\yeephp\yeephp\Yee\Managers\Controller\Controller.php(23): call_user_func_array(Array, Array)
#4 [internal function]: Yee\Managers\Controller\Controller::__callStatic('todoIndex', Array)
#5 C:\wamp64\www\TicketSystem\vendor\yeephp\yeephp\Yee\Route.php(468): call_user_func_array('\\App\\Controller...', Array)
#6 C:\wamp64\www\TicketSystem\vendor\yeephp\yeephp\Yee\Yee.php(1374): Yee\Route->dispatch()
#7 C:\wamp64\www\TicketSystem\vendor\yeephp\yeephp\Yee\Middleware\Flash.php(85): Yee\Yee->call()
#8 C:\wamp64\www\TicketSystem\vendor\yeephp\yeephp\Yee\Middleware\MethodOverride.php(92): Yee\Middleware\Flash->call()
#9 C:\wamp64\www\TicketSystem\vendor\yeephp\yeephp\Yee\Middleware\PrettyExceptions.php(67): Yee\Middleware\MethodOverride->call()
#10 C:\wamp64\www\TicketSystem\vendor\yeephp\yeephp\Yee\Yee.php(1282): Yee\Middleware\PrettyExceptions->call()
#11 C:\wamp64\www\TicketSystem\public\index.php(26): Yee\Yee->execute()
#12 {main}
ERROR - 2017-06-26 07:58:55 - ErrorException: Missing argument 1 for App\Models\TicketsModel::__construct(), called in C:\wamp64\www\TicketSystem\App\Controllers\TicketsController.php on line 22 and defined in C:\wamp64\www\TicketSystem\App\Models\TicketsModel.php:17
Stack trace:
#0 C:\wamp64\www\TicketSystem\App\Models\TicketsModel.php(17): Yee\Yee::handleErrors(2, 'Missing argumen...', 'C:\\wamp64\\www\\T...', 17, Array)
#1 C:\wamp64\www\TicketSystem\App\Controllers\TicketsController.php(22): App\Models\TicketsModel->__construct()
#2 [internal function]: App\Controllers\TicketsController->todoIndex()
#3 C:\wamp64\www\TicketSystem\vendor\yeephp\yeephp\Yee\Managers\Controller\Controller.php(23): call_user_func_array(Array, Array)
#4 [internal function]: Yee\Managers\Controller\Controller::__callStatic('todoIndex', Array)
#5 C:\wamp64\www\TicketSystem\vendor\yeephp\yeephp\Yee\Route.php(468): call_user_func_array('\\App\\Controller...', Array)
#6 C:\wamp64\www\TicketSystem\vendor\yeephp\yeephp\Yee\Yee.php(1374): Yee\Route->dispatch()
#7 C:\wamp64\www\TicketSystem\vendor\yeephp\yeephp\Yee\Middleware\Flash.php(85): Yee\Yee->call()
#8 C:\wamp64\www\TicketSystem\vendor\yeephp\yeephp\Yee\Middleware\MethodOverride.php(92): Yee\Middleware\Flash->call()
#9 C:\wamp64\www\TicketSystem\vendor\yeephp\yeephp\Yee\Middleware\PrettyExceptions.php(67): Yee\Middleware\MethodOverride->call()
#10 C:\wamp64\www\TicketSystem\vendor\yeephp\yeephp\Yee\Yee.php(1282): Yee\Middleware\PrettyExceptions->call()
#11 C:\wamp64\www\TicketSystem\public\index.php(26): Yee\Yee->execute()
#12 {main}
ERROR - 2017-06-26 07:58:56 - ErrorException: Missing argument 1 for App\Models\TicketsModel::__construct(), called in C:\wamp64\www\TicketSystem\App\Controllers\TicketsController.php on line 22 and defined in C:\wamp64\www\TicketSystem\App\Models\TicketsModel.php:17
Stack trace:
#0 C:\wamp64\www\TicketSystem\App\Models\TicketsModel.php(17): Yee\Yee::handleErrors(2, 'Missing argumen...', 'C:\\wamp64\\www\\T...', 17, Array)
#1 C:\wamp64\www\TicketSystem\App\Controllers\TicketsController.php(22): App\Models\TicketsModel->__construct()
#2 [internal function]: App\Controllers\TicketsController->todoIndex()
#3 C:\wamp64\www\TicketSystem\vendor\yeephp\yeephp\Yee\Managers\Controller\Controller.php(23): call_user_func_array(Array, Array)
#4 [internal function]: Yee\Managers\Controller\Controller::__callStatic('todoIndex', Array)
#5 C:\wamp64\www\TicketSystem\vendor\yeephp\yeephp\Yee\Route.php(468): call_user_func_array('\\App\\Controller...', Array)
#6 C:\wamp64\www\TicketSystem\vendor\yeephp\yeephp\Yee\Yee.php(1374): Yee\Route->dispatch()
#7 C:\wamp64\www\TicketSystem\vendor\yeephp\yeephp\Yee\Middleware\Flash.php(85): Yee\Yee->call()
#8 C:\wamp64\www\TicketSystem\vendor\yeephp\yeephp\Yee\Middleware\MethodOverride.php(92): Yee\Middleware\Flash->call()
#9 C:\wamp64\www\TicketSystem\vendor\yeephp\yeephp\Yee\Middleware\PrettyExceptions.php(67): Yee\Middleware\MethodOverride->call()
#10 C:\wamp64\www\TicketSystem\vendor\yeephp\yeephp\Yee\Yee.php(1282): Yee\Middleware\PrettyExceptions->call()
#11 C:\wamp64\www\TicketSystem\public\index.php(26): Yee\Yee->execute()
#12 {main}
ERROR - 2017-06-26 07:58:57 - ErrorException: Missing argument 1 for App\Models\TicketsModel::__construct(), called in C:\wamp64\www\TicketSystem\App\Controllers\TicketsController.php on line 22 and defined in C:\wamp64\www\TicketSystem\App\Models\TicketsModel.php:17
Stack trace:
#0 C:\wamp64\www\TicketSystem\App\Models\TicketsModel.php(17): Yee\Yee::handleErrors(2, 'Missing argumen...', 'C:\\wamp64\\www\\T...', 17, Array)
#1 C:\wamp64\www\TicketSystem\App\Controllers\TicketsController.php(22): App\Models\TicketsModel->__construct()
#2 [internal function]: App\Controllers\TicketsController->todoIndex()
#3 C:\wamp64\www\TicketSystem\vendor\yeephp\yeephp\Yee\Managers\Controller\Controller.php(23): call_user_func_array(Array, Array)
#4 [internal function]: Yee\Managers\Controller\Controller::__callStatic('todoIndex', Array)
#5 C:\wamp64\www\TicketSystem\vendor\yeephp\yeephp\Yee\Route.php(468): call_user_func_array('\\App\\Controller...', Array)
#6 C:\wamp64\www\TicketSystem\vendor\yeephp\yeephp\Yee\Yee.php(1374): Yee\Route->dispatch()
#7 C:\wamp64\www\TicketSystem\vendor\yeephp\yeephp\Yee\Middleware\Flash.php(85): Yee\Yee->call()
#8 C:\wamp64\www\TicketSystem\vendor\yeephp\yeephp\Yee\Middleware\MethodOverride.php(92): Yee\Middleware\Flash->call()
#9 C:\wamp64\www\TicketSystem\vendor\yeephp\yeephp\Yee\Middleware\PrettyExceptions.php(67): Yee\Middleware\MethodOverride->call()
#10 C:\wamp64\www\TicketSystem\vendor\yeephp\yeephp\Yee\Yee.php(1282): Yee\Middleware\PrettyExceptions->call()
#11 C:\wamp64\www\TicketSystem\public\index.php(26): Yee\Yee->execute()
#12 {main}
ERROR - 2017-06-26 07:58:57 - ErrorException: Missing argument 1 for App\Models\TicketsModel::__construct(), called in C:\wamp64\www\TicketSystem\App\Controllers\TicketsController.php on line 22 and defined in C:\wamp64\www\TicketSystem\App\Models\TicketsModel.php:17
Stack trace:
#0 C:\wamp64\www\TicketSystem\App\Models\TicketsModel.php(17): Yee\Yee::handleErrors(2, 'Missing argumen...', 'C:\\wamp64\\www\\T...', 17, Array)
#1 C:\wamp64\www\TicketSystem\App\Controllers\TicketsController.php(22): App\Models\TicketsModel->__construct()
#2 [internal function]: App\Controllers\TicketsController->todoIndex()
#3 C:\wamp64\www\TicketSystem\vendor\yeephp\yeephp\Yee\Managers\Controller\Controller.php(23): call_user_func_array(Array, Array)
#4 [internal function]: Yee\Managers\Controller\Controller::__callStatic('todoIndex', Array)
#5 C:\wamp64\www\TicketSystem\vendor\yeephp\yeephp\Yee\Route.php(468): call_user_func_array('\\App\\Controller...', Array)
#6 C:\wamp64\www\TicketSystem\vendor\yeephp\yeephp\Yee\Yee.php(1374): Yee\Route->dispatch()
#7 C:\wamp64\www\TicketSystem\vendor\yeephp\yeephp\Yee\Middleware\Flash.php(85): Yee\Yee->call()
#8 C:\wamp64\www\TicketSystem\vendor\yeephp\yeephp\Yee\Middleware\MethodOverride.php(92): Yee\Middleware\Flash->call()
#9 C:\wamp64\www\TicketSystem\vendor\yeephp\yeephp\Yee\Middleware\PrettyExceptions.php(67): Yee\Middleware\MethodOverride->call()
#10 C:\wamp64\www\TicketSystem\vendor\yeephp\yeephp\Yee\Yee.php(1282): Yee\Middleware\PrettyExceptions->call()
#11 C:\wamp64\www\TicketSystem\public\index.php(26): Yee\Yee->execute()
#12 {main}
ERROR - 2017-06-26 07:58:57 - ErrorException: Missing argument 1 for App\Models\TicketsModel::__construct(), called in C:\wamp64\www\TicketSystem\App\Controllers\TicketsController.php on line 22 and defined in C:\wamp64\www\TicketSystem\App\Models\TicketsModel.php:17
Stack trace:
#0 C:\wamp64\www\TicketSystem\App\Models\TicketsModel.php(17): Yee\Yee::handleErrors(2, 'Missing argumen...', 'C:\\wamp64\\www\\T...', 17, Array)
#1 C:\wamp64\www\TicketSystem\App\Controllers\TicketsController.php(22): App\Models\TicketsModel->__construct()
#2 [internal function]: App\Controllers\TicketsController->todoIndex()
#3 C:\wamp64\www\TicketSystem\vendor\yeephp\yeephp\Yee\Managers\Controller\Controller.php(23): call_user_func_array(Array, Array)
#4 [internal function]: Yee\Managers\Controller\Controller::__callStatic('todoIndex', Array)
#5 C:\wamp64\www\TicketSystem\vendor\yeephp\yeephp\Yee\Route.php(468): call_user_func_array('\\App\\Controller...', Array)
#6 C:\wamp64\www\TicketSystem\vendor\yeephp\yeephp\Yee\Yee.php(1374): Yee\Route->dispatch()
#7 C:\wamp64\www\TicketSystem\vendor\yeephp\yeephp\Yee\Middleware\Flash.php(85): Yee\Yee->call()
#8 C:\wamp64\www\TicketSystem\vendor\yeephp\yeephp\Yee\Middleware\MethodOverride.php(92): Yee\Middleware\Flash->call()
#9 C:\wamp64\www\TicketSystem\vendor\yeephp\yeephp\Yee\Middleware\PrettyExceptions.php(67): Yee\Middleware\MethodOverride->call()
#10 C:\wamp64\www\TicketSystem\vendor\yeephp\yeephp\Yee\Yee.php(1282): Yee\Middleware\PrettyExceptions->call()
#11 C:\wamp64\www\TicketSystem\public\index.php(26): Yee\Yee->execute()
#12 {main}
ERROR - 2017-06-26 08:08:47 - ErrorException: Missing argument 1 for App\Models\TicketsModel::__construct(), called in C:\wamp64\www\TicketSystem\App\Controllers\TicketsController.php on line 22 and defined in C:\wamp64\www\TicketSystem\App\Models\TicketsModel.php:17
Stack trace:
#0 C:\wamp64\www\TicketSystem\App\Models\TicketsModel.php(17): Yee\Yee::handleErrors(2, 'Missing argumen...', 'C:\\wamp64\\www\\T...', 17, Array)
#1 C:\wamp64\www\TicketSystem\App\Controllers\TicketsController.php(22): App\Models\TicketsModel->__construct()
#2 [internal function]: App\Controllers\TicketsController->todoIndex()
#3 C:\wamp64\www\TicketSystem\vendor\yeephp\yeephp\Yee\Managers\Controller\Controller.php(23): call_user_func_array(Array, Array)
#4 [internal function]: Yee\Managers\Controller\Controller::__callStatic('todoIndex', Array)
#5 C:\wamp64\www\TicketSystem\vendor\yeephp\yeephp\Yee\Route.php(468): call_user_func_array('\\App\\Controller...', Array)
#6 C:\wamp64\www\TicketSystem\vendor\yeephp\yeephp\Yee\Yee.php(1374): Yee\Route->dispatch()
#7 C:\wamp64\www\TicketSystem\vendor\yeephp\yeephp\Yee\Middleware\Flash.php(85): Yee\Yee->call()
#8 C:\wamp64\www\TicketSystem\vendor\yeephp\yeephp\Yee\Middleware\MethodOverride.php(92): Yee\Middleware\Flash->call()
#9 C:\wamp64\www\TicketSystem\vendor\yeephp\yeephp\Yee\Middleware\PrettyExceptions.php(67): Yee\Middleware\MethodOverride->call()
#10 C:\wamp64\www\TicketSystem\vendor\yeephp\yeephp\Yee\Yee.php(1282): Yee\Middleware\PrettyExceptions->call()
#11 C:\wamp64\www\TicketSystem\public\index.php(26): Yee\Yee->execute()
#12 {main}
ERROR - 2017-06-26 08:12:16 - ErrorException: Missing argument 1 for App\Models\TicketsModel::__construct(), called in C:\wamp64\www\TicketSystem\App\Controllers\TicketsController.php on line 22 and defined in C:\wamp64\www\TicketSystem\App\Models\TicketsModel.php:17
Stack trace:
#0 C:\wamp64\www\TicketSystem\App\Models\TicketsModel.php(17): Yee\Yee::handleErrors(2, 'Missing argumen...', 'C:\\wamp64\\www\\T...', 17, Array)
#1 C:\wamp64\www\TicketSystem\App\Controllers\TicketsController.php(22): App\Models\TicketsModel->__construct()
#2 [internal function]: App\Controllers\TicketsController->todoIndex()
#3 C:\wamp64\www\TicketSystem\vendor\yeephp\yeephp\Yee\Managers\Controller\Controller.php(23): call_user_func_array(Array, Array)
#4 [internal function]: Yee\Managers\Controller\Controller::__callStatic('todoIndex', Array)
#5 C:\wamp64\www\TicketSystem\vendor\yeephp\yeephp\Yee\Route.php(468): call_user_func_array('\\App\\Controller...', Array)
#6 C:\wamp64\www\TicketSystem\vendor\yeephp\yeephp\Yee\Yee.php(1374): Yee\Route->dispatch()
#7 C:\wamp64\www\TicketSystem\vendor\yeephp\yeephp\Yee\Middleware\Flash.php(85): Yee\Yee->call()
#8 C:\wamp64\www\TicketSystem\vendor\yeephp\yeephp\Yee\Middleware\MethodOverride.php(92): Yee\Middleware\Flash->call()
#9 C:\wamp64\www\TicketSystem\vendor\yeephp\yeephp\Yee\Middleware\PrettyExceptions.php(67): Yee\Middleware\MethodOverride->call()
#10 C:\wamp64\www\TicketSystem\vendor\yeephp\yeephp\Yee\Yee.php(1282): Yee\Middleware\PrettyExceptions->call()
#11 C:\wamp64\www\TicketSystem\public\index.php(26): Yee\Yee->execute()
#12 {main}
ERROR - 2017-06-26 08:12:19 - ErrorException: Missing argument 1 for App\Models\TicketsModel::__construct(), called in C:\wamp64\www\TicketSystem\App\Controllers\TicketsController.php on line 22 and defined in C:\wamp64\www\TicketSystem\App\Models\TicketsModel.php:17
Stack trace:
#0 C:\wamp64\www\TicketSystem\App\Models\TicketsModel.php(17): Yee\Yee::handleErrors(2, 'Missing argumen...', 'C:\\wamp64\\www\\T...', 17, Array)
#1 C:\wamp64\www\TicketSystem\App\Controllers\TicketsController.php(22): App\Models\TicketsModel->__construct()
#2 [internal function]: App\Controllers\TicketsController->todoIndex()
#3 C:\wamp64\www\TicketSystem\vendor\yeephp\yeephp\Yee\Managers\Controller\Controller.php(23): call_user_func_array(Array, Array)
#4 [internal function]: Yee\Managers\Controller\Controller::__callStatic('todoIndex', Array)
#5 C:\wamp64\www\TicketSystem\vendor\yeephp\yeephp\Yee\Route.php(468): call_user_func_array('\\App\\Controller...', Array)
#6 C:\wamp64\www\TicketSystem\vendor\yeephp\yeephp\Yee\Yee.php(1374): Yee\Route->dispatch()
#7 C:\wamp64\www\TicketSystem\vendor\yeephp\yeephp\Yee\Middleware\Flash.php(85): Yee\Yee->call()
#8 C:\wamp64\www\TicketSystem\vendor\yeephp\yeephp\Yee\Middleware\MethodOverride.php(92): Yee\Middleware\Flash->call()
#9 C:\wamp64\www\TicketSystem\vendor\yeephp\yeephp\Yee\Middleware\PrettyExceptions.php(67): Yee\Middleware\MethodOverride->call()
#10 C:\wamp64\www\TicketSystem\vendor\yeephp\yeephp\Yee\Yee.php(1282): Yee\Middleware\PrettyExceptions->call()
#11 C:\wamp64\www\TicketSystem\public\index.php(26): Yee\Yee->execute()
#12 {main}
ERROR - 2017-06-26 08:15:04 - ErrorException: Undefined variable: name in C:\wamp64\www\TicketSystem\App\Controllers\TicketsController.php:21
Stack trace:
#0 C:\wamp64\www\TicketSystem\App\Controllers\TicketsController.php(21): Yee\Yee::handleErrors(8, 'Undefined varia...', 'C:\\wamp64\\www\\T...', 21, Array)
#1 [internal function]: App\Controllers\TicketsController->todoIndex()
#2 C:\wamp64\www\TicketSystem\vendor\yeephp\yeephp\Yee\Managers\Controller\Controller.php(23): call_user_func_array(Array, Array)
#3 [internal function]: Yee\Managers\Controller\Controller::__callStatic('todoIndex', Array)
#4 C:\wamp64\www\TicketSystem\vendor\yeephp\yeephp\Yee\Route.php(468): call_user_func_array('\\App\\Controller...', Array)
#5 C:\wamp64\www\TicketSystem\vendor\yeephp\yeephp\Yee\Yee.php(1374): Yee\Route->dispatch()
#6 C:\wamp64\www\TicketSystem\vendor\yeephp\yeephp\Yee\Middleware\Flash.php(85): Yee\Yee->call()
#7 C:\wamp64\www\TicketSystem\vendor\yeephp\yeephp\Yee\Middleware\MethodOverride.php(92): Yee\Middleware\Flash->call()
#8 C:\wamp64\www\TicketSystem\vendor\yeephp\yeephp\Yee\Middleware\PrettyExceptions.php(67): Yee\Middleware\MethodOverride->call()
#9 C:\wamp64\www\TicketSystem\vendor\yeephp\yeephp\Yee\Yee.php(1282): Yee\Middleware\PrettyExceptions->call()
#10 C:\wamp64\www\TicketSystem\public\index.php(26): Yee\Yee->execute()
#11 {main}
ERROR - 2017-06-26 08:15:39 - ErrorException: Undefined variable: name in C:\wamp64\www\TicketSystem\App\Controllers\TicketsController.php:21
Stack trace:
#0 C:\wamp64\www\TicketSystem\App\Controllers\TicketsController.php(21): Yee\Yee::handleErrors(8, 'Undefined varia...', 'C:\\wamp64\\www\\T...', 21, Array)
#1 [internal function]: App\Controllers\TicketsController->todoIndex()
#2 C:\wamp64\www\TicketSystem\vendor\yeephp\yeephp\Yee\Managers\Controller\Controller.php(23): call_user_func_array(Array, Array)
#3 [internal function]: Yee\Managers\Controller\Controller::__callStatic('todoIndex', Array)
#4 C:\wamp64\www\TicketSystem\vendor\yeephp\yeephp\Yee\Route.php(468): call_user_func_array('\\App\\Controller...', Array)
#5 C:\wamp64\www\TicketSystem\vendor\yeephp\yeephp\Yee\Yee.php(1374): Yee\Route->dispatch()
#6 C:\wamp64\www\TicketSystem\vendor\yeephp\yeephp\Yee\Middleware\Flash.php(85): Yee\Yee->call()
#7 C:\wamp64\www\TicketSystem\vendor\yeephp\yeephp\Yee\Middleware\MethodOverride.php(92): Yee\Middleware\Flash->call()
#8 C:\wamp64\www\TicketSystem\vendor\yeephp\yeephp\Yee\Middleware\PrettyExceptions.php(67): Yee\Middleware\MethodOverride->call()
#9 C:\wamp64\www\TicketSystem\vendor\yeephp\yeephp\Yee\Yee.php(1282): Yee\Middleware\PrettyExceptions->call()
#10 C:\wamp64\www\TicketSystem\public\index.php(26): Yee\Yee->execute()
#11 {main}
ERROR - 2017-06-26 08:15:40 - ErrorException: Undefined variable: name in C:\wamp64\www\TicketSystem\App\Controllers\TicketsController.php:21
Stack trace:
#0 C:\wamp64\www\TicketSystem\App\Controllers\TicketsController.php(21): Yee\Yee::handleErrors(8, 'Undefined varia...', 'C:\\wamp64\\www\\T...', 21, Array)
#1 [internal function]: App\Controllers\TicketsController->todoIndex()
#2 C:\wamp64\www\TicketSystem\vendor\yeephp\yeephp\Yee\Managers\Controller\Controller.php(23): call_user_func_array(Array, Array)
#3 [internal function]: Yee\Managers\Controller\Controller::__callStatic('todoIndex', Array)
#4 C:\wamp64\www\TicketSystem\vendor\yeephp\yeephp\Yee\Route.php(468): call_user_func_array('\\App\\Controller...', Array)
#5 C:\wamp64\www\TicketSystem\vendor\yeephp\yeephp\Yee\Yee.php(1374): Yee\Route->dispatch()
#6 C:\wamp64\www\TicketSystem\vendor\yeephp\yeephp\Yee\Middleware\Flash.php(85): Yee\Yee->call()
#7 C:\wamp64\www\TicketSystem\vendor\yeephp\yeephp\Yee\Middleware\MethodOverride.php(92): Yee\Middleware\Flash->call()
#8 C:\wamp64\www\TicketSystem\vendor\yeephp\yeephp\Yee\Middleware\PrettyExceptions.php(67): Yee\Middleware\MethodOverride->call()
#9 C:\wamp64\www\TicketSystem\vendor\yeephp\yeephp\Yee\Yee.php(1282): Yee\Middleware\PrettyExceptions->call()
#10 C:\wamp64\www\TicketSystem\public\index.php(26): Yee\Yee->execute()
#11 {main}
ERROR - 2017-06-26 08:16:45 - ErrorException: Undefined variable: name in C:\wamp64\www\TicketSystem\App\Controllers\TicketsController.php:21
Stack trace:
#0 C:\wamp64\www\TicketSystem\App\Controllers\TicketsController.php(21): Yee\Yee::handleErrors(8, 'Undefined varia...', 'C:\\wamp64\\www\\T...', 21, Array)
#1 [internal function]: App\Controllers\TicketsController->todoIndex()
#2 C:\wamp64\www\TicketSystem\vendor\yeephp\yeephp\Yee\Managers\Controller\Controller.php(23): call_user_func_array(Array, Array)
#3 [internal function]: Yee\Managers\Controller\Controller::__callStatic('todoIndex', Array)
#4 C:\wamp64\www\TicketSystem\vendor\yeephp\yeephp\Yee\Route.php(468): call_user_func_array('\\App\\Controller...', Array)
#5 C:\wamp64\www\TicketSystem\vendor\yeephp\yeephp\Yee\Yee.php(1374): Yee\Route->dispatch()
#6 C:\wamp64\www\TicketSystem\vendor\yeephp\yeephp\Yee\Middleware\Flash.php(85): Yee\Yee->call()
#7 C:\wamp64\www\TicketSystem\vendor\yeephp\yeephp\Yee\Middleware\MethodOverride.php(92): Yee\Middleware\Flash->call()
#8 C:\wamp64\www\TicketSystem\vendor\yeephp\yeephp\Yee\Middleware\PrettyExceptions.php(67): Yee\Middleware\MethodOverride->call()
#9 C:\wamp64\www\TicketSystem\vendor\yeephp\yeephp\Yee\Yee.php(1282): Yee\Middleware\PrettyExceptions->call()
#10 C:\wamp64\www\TicketSystem\public\index.php(26): Yee\Yee->execute()
#11 {main}
ERROR - 2017-06-26 08:16:47 - ErrorException: Undefined variable: name in C:\wamp64\www\TicketSystem\App\Controllers\TicketsController.php:21
Stack trace:
#0 C:\wamp64\www\TicketSystem\App\Controllers\TicketsController.php(21): Yee\Yee::handleErrors(8, 'Undefined varia...', 'C:\\wamp64\\www\\T...', 21, Array)
#1 [internal function]: App\Controllers\TicketsController->todoIndex()
#2 C:\wamp64\www\TicketSystem\vendor\yeephp\yeephp\Yee\Managers\Controller\Controller.php(23): call_user_func_array(Array, Array)
#3 [internal function]: Yee\Managers\Controller\Controller::__callStatic('todoIndex', Array)
#4 C:\wamp64\www\TicketSystem\vendor\yeephp\yeephp\Yee\Route.php(468): call_user_func_array('\\App\\Controller...', Array)
#5 C:\wamp64\www\TicketSystem\vendor\yeephp\yeephp\Yee\Yee.php(1374): Yee\Route->dispatch()
#6 C:\wamp64\www\TicketSystem\vendor\yeephp\yeephp\Yee\Middleware\Flash.php(85): Yee\Yee->call()
#7 C:\wamp64\www\TicketSystem\vendor\yeephp\yeephp\Yee\Middleware\MethodOverride.php(92): Yee\Middleware\Flash->call()
#8 C:\wamp64\www\TicketSystem\vendor\yeephp\yeephp\Yee\Middleware\PrettyExceptions.php(67): Yee\Middleware\MethodOverride->call()
#9 C:\wamp64\www\TicketSystem\vendor\yeephp\yeephp\Yee\Yee.php(1282): Yee\Middleware\PrettyExceptions->call()
#10 C:\wamp64\www\TicketSystem\public\index.php(26): Yee\Yee->execute()
#11 {main}
ERROR - 2017-06-26 08:16:49 - ErrorException: Undefined variable: name in C:\wamp64\www\TicketSystem\App\Controllers\TicketsController.php:21
Stack trace:
#0 C:\wamp64\www\TicketSystem\App\Controllers\TicketsController.php(21): Yee\Yee::handleErrors(8, 'Undefined varia...', 'C:\\wamp64\\www\\T...', 21, Array)
#1 [internal function]: App\Controllers\TicketsController->todoIndex()
#2 C:\wamp64\www\TicketSystem\vendor\yeephp\yeephp\Yee\Managers\Controller\Controller.php(23): call_user_func_array(Array, Array)
#3 [internal function]: Yee\Managers\Controller\Controller::__callStatic('todoIndex', Array)
#4 C:\wamp64\www\TicketSystem\vendor\yeephp\yeephp\Yee\Route.php(468): call_user_func_array('\\App\\Controller...', Array)
#5 C:\wamp64\www\TicketSystem\vendor\yeephp\yeephp\Yee\Yee.php(1374): Yee\Route->dispatch()
#6 C:\wamp64\www\TicketSystem\vendor\yeephp\yeephp\Yee\Middleware\Flash.php(85): Yee\Yee->call()
#7 C:\wamp64\www\TicketSystem\vendor\yeephp\yeephp\Yee\Middleware\MethodOverride.php(92): Yee\Middleware\Flash->call()
#8 C:\wamp64\www\TicketSystem\vendor\yeephp\yeephp\Yee\Middleware\PrettyExceptions.php(67): Yee\Middleware\MethodOverride->call()
#9 C:\wamp64\www\TicketSystem\vendor\yeephp\yeephp\Yee\Yee.php(1282): Yee\Middleware\PrettyExceptions->call()
#10 C:\wamp64\www\TicketSystem\public\index.php(26): Yee\Yee->execute()
#11 {main}
ERROR - 2017-06-26 08:26:27 - ErrorException: Missing argument 1 for App\Models\TicketsModel::__construct(), called in C:\wamp64\www\TicketSystem\App\Controllers\TicketsController.php on line 23 and defined in C:\wamp64\www\TicketSystem\App\Models\TicketsModel.php:17
Stack trace:
#0 C:\wamp64\www\TicketSystem\App\Models\TicketsModel.php(17): Yee\Yee::handleErrors(2, 'Missing argumen...', 'C:\\wamp64\\www\\T...', 17, Array)
#1 C:\wamp64\www\TicketSystem\App\Controllers\TicketsController.php(23): App\Models\TicketsModel->__construct()
#2 [internal function]: App\Controllers\TicketsController->todoIndex()
#3 C:\wamp64\www\TicketSystem\vendor\yeephp\yeephp\Yee\Managers\Controller\Controller.php(23): call_user_func_array(Array, Array)
#4 [internal function]: Yee\Managers\Controller\Controller::__callStatic('todoIndex', Array)
#5 C:\wamp64\www\TicketSystem\vendor\yeephp\yeephp\Yee\Route.php(468): call_user_func_array('\\App\\Controller...', Array)
#6 C:\wamp64\www\TicketSystem\vendor\yeephp\yeephp\Yee\Yee.php(1374): Yee\Route->dispatch()
#7 C:\wamp64\www\TicketSystem\vendor\yeephp\yeephp\Yee\Middleware\Flash.php(85): Yee\Yee->call()
#8 C:\wamp64\www\TicketSystem\vendor\yeephp\yeephp\Yee\Middleware\MethodOverride.php(92): Yee\Middleware\Flash->call()
#9 C:\wamp64\www\TicketSystem\vendor\yeephp\yeephp\Yee\Middleware\PrettyExceptions.php(67): Yee\Middleware\MethodOverride->call()
#10 C:\wamp64\www\TicketSystem\vendor\yeephp\yeephp\Yee\Yee.php(1282): Yee\Middleware\PrettyExceptions->call()
#11 C:\wamp64\www\TicketSystem\public\index.php(26): Yee\Yee->execute()
#12 {main}
ERROR - 2017-06-26 08:26:29 - ErrorException: Missing argument 1 for App\Models\TicketsModel::__construct(), called in C:\wamp64\www\TicketSystem\App\Controllers\TicketsController.php on line 23 and defined in C:\wamp64\www\TicketSystem\App\Models\TicketsModel.php:17
Stack trace:
#0 C:\wamp64\www\TicketSystem\App\Models\TicketsModel.php(17): Yee\Yee::handleErrors(2, 'Missing argumen...', 'C:\\wamp64\\www\\T...', 17, Array)
#1 C:\wamp64\www\TicketSystem\App\Controllers\TicketsController.php(23): App\Models\TicketsModel->__construct()
#2 [internal function]: App\Controllers\TicketsController->todoIndex()
#3 C:\wamp64\www\TicketSystem\vendor\yeephp\yeephp\Yee\Managers\Controller\Controller.php(23): call_user_func_array(Array, Array)
#4 [internal function]: Yee\Managers\Controller\Controller::__callStatic('todoIndex', Array)
#5 C:\wamp64\www\TicketSystem\vendor\yeephp\yeephp\Yee\Route.php(468): call_user_func_array('\\App\\Controller...', Array)
#6 C:\wamp64\www\TicketSystem\vendor\yeephp\yeephp\Yee\Yee.php(1374): Yee\Route->dispatch()
#7 C:\wamp64\www\TicketSystem\vendor\yeephp\yeephp\Yee\Middleware\Flash.php(85): Yee\Yee->call()
#8 C:\wamp64\www\TicketSystem\vendor\yeephp\yeephp\Yee\Middleware\MethodOverride.php(92): Yee\Middleware\Flash->call()
#9 C:\wamp64\www\TicketSystem\vendor\yeephp\yeephp\Yee\Middleware\PrettyExceptions.php(67): Yee\Middleware\MethodOverride->call()
#10 C:\wamp64\www\TicketSystem\vendor\yeephp\yeephp\Yee\Yee.php(1282): Yee\Middleware\PrettyExceptions->call()
#11 C:\wamp64\www\TicketSystem\public\index.php(26): Yee\Yee->execute()
#12 {main}
ERROR - 2017-06-26 08:28:25 - ErrorException: Missing argument 1 for App\Models\TicketsModel::__construct(), called in C:\wamp64\www\TicketSystem\App\Controllers\TicketsController.php on line 50 and defined in C:\wamp64\www\TicketSystem\App\Models\TicketsModel.php:17
Stack trace:
#0 C:\wamp64\www\TicketSystem\App\Models\TicketsModel.php(17): Yee\Yee::handleErrors(2, 'Missing argumen...', 'C:\\wamp64\\www\\T...', 17, Array)
#1 C:\wamp64\www\TicketSystem\App\Controllers\TicketsController.php(50): App\Models\TicketsModel->__construct()
#2 [internal function]: App\Controllers\TicketsController->doingIndex()
#3 C:\wamp64\www\TicketSystem\vendor\yeephp\yeephp\Yee\Managers\Controller\Controller.php(23): call_user_func_array(Array, Array)
#4 [internal function]: Yee\Managers\Controller\Controller::__callStatic('doingIndex', Array)
#5 C:\wamp64\www\TicketSystem\vendor\yeephp\yeephp\Yee\Route.php(468): call_user_func_array('\\App\\Controller...', Array)
#6 C:\wamp64\www\TicketSystem\vendor\yeephp\yeephp\Yee\Yee.php(1374): Yee\Route->dispatch()
#7 C:\wamp64\www\TicketSystem\vendor\yeephp\yeephp\Yee\Middleware\Flash.php(85): Yee\Yee->call()
#8 C:\wamp64\www\TicketSystem\vendor\yeephp\yeephp\Yee\Middleware\MethodOverride.php(92): Yee\Middleware\Flash->call()
#9 C:\wamp64\www\TicketSystem\vendor\yeephp\yeephp\Yee\Middleware\PrettyExceptions.php(67): Yee\Middleware\MethodOverride->call()
#10 C:\wamp64\www\TicketSystem\vendor\yeephp\yeephp\Yee\Yee.php(1282): Yee\Middleware\PrettyExceptions->call()
#11 C:\wamp64\www\TicketSystem\public\index.php(26): Yee\Yee->execute()
#12 {main}
ERROR - 2017-06-26 09:19:49 - ErrorException: Problem preparing query (INSERT into ticket(`name`, `description`, `priority`, `startDate`, `endDate`, `userAssing`) VALUES(?, ?, ?, ?, ?, ?)) Unknown column 'priority' in 'field list' in C:\wamp64\www\TicketSystem\vendor\yeephp\yeephp\Yee\Libraries\Database\MysqliDB.php:909
Stack trace:
#0 [internal function]: Yee\Yee::handleErrors(256, 'Problem prepari...', 'C:\\wamp64\\www\\T...', 909, Array)
#1 C:\wamp64\www\TicketSystem\vendor\yeephp\yeephp\Yee\Libraries\Database\MysqliDB.php(909): trigger_error('Problem prepari...', 256)
#2 C:\wamp64\www\TicketSystem\vendor\yeephp\yeephp\Yee\Libraries\Database\MysqliDB.php(648): Yee\Libraries\Database\MysqliDB->_prepareQuery()
#3 C:\wamp64\www\TicketSystem\vendor\yeephp\yeephp\Yee\Libraries\Database\MysqliDB.php(324): Yee\Libraries\Database\MysqliDB->_buildQuery(NULL, Array)
#4 C:\wamp64\www\TicketSystem\App\Models\TicketsModel.php(74): Yee\Libraries\Database\MysqliDB->insert('ticket', Array)
#5 C:\wamp64\www\TicketSystem\App\Controllers\TicketsController.php(117): App\Models\TicketsModel->InsertTicket()
#6 [internal function]: App\Controllers\TicketsController->newIndex()
#7 C:\wamp64\www\TicketSystem\vendor\yeephp\yeephp\Yee\Managers\Controller\Controller.php(23): call_user_func_array(Array, Array)
#8 [internal function]: Yee\Managers\Controller\Controller::__callStatic('newIndex', Array)
#9 C:\wamp64\www\TicketSystem\vendor\yeephp\yeephp\Yee\Route.php(468): call_user_func_array('\\App\\Controller...', Array)
#10 C:\wamp64\www\TicketSystem\vendor\yeephp\yeephp\Yee\Yee.php(1374): Yee\Route->dispatch()
#11 C:\wamp64\www\TicketSystem\vendor\yeephp\yeephp\Yee\Middleware\Flash.php(85): Yee\Yee->call()
#12 C:\wamp64\www\TicketSystem\vendor\yeephp\yeephp\Yee\Middleware\MethodOverride.php(92): Yee\Middleware\Flash->call()
#13 C:\wamp64\www\TicketSystem\vendor\yeephp\yeephp\Yee\Middleware\PrettyExceptions.php(67): Yee\Middleware\MethodOverride->call()
#14 C:\wamp64\www\TicketSystem\vendor\yeephp\yeephp\Yee\Yee.php(1282): Yee\Middleware\PrettyExceptions->call()
#15 C:\wamp64\www\TicketSystem\public\index.php(26): Yee\Yee->execute()
#16 {main}
ERROR - 2017-06-26 09:21:45 - Twig_Error_Loader: Unable to find template "tickets/dashboard.twig" (looked into: C:\wamp64\www\TicketSystem/templates). in C:\wamp64\www\TicketSystem\vendor\twig\twig\lib\Twig\Loader\Filesystem.php:232
Stack trace:
#0 C:\wamp64\www\TicketSystem\vendor\twig\twig\lib\Twig\Loader\Filesystem.php(150): Twig_Loader_Filesystem->findTemplate('tickets/dashboa...')
#1 C:\wamp64\www\TicketSystem\vendor\twig\twig\lib\Twig\Environment.php(329): Twig_Loader_Filesystem->getCacheKey('tickets/dashboa...')
#2 C:\wamp64\www\TicketSystem\vendor\twig\twig\lib\Twig\Environment.php(419): Twig_Environment->getTemplateClass('tickets/dashboa...')
#3 C:\wamp64\www\TicketSystem\vendor\yeephp\yeephp\Yee\Views\Twig.php(87): Twig_Environment->loadTemplate('tickets/dashboa...')
#4 C:\wamp64\www\TicketSystem\vendor\yeephp\yeephp\Yee\View.php(255): Yee\Views\Twig->render('tickets/dashboa...', NULL)
#5 C:\wamp64\www\TicketSystem\vendor\yeephp\yeephp\Yee\View.php(243): Yee\View->fetch('tickets/dashboa...', NULL)
#6 C:\wamp64\www\TicketSystem\vendor\yeephp\yeephp\Yee\Yee.php(766): Yee\View->display('tickets/dashboa...')
#7 C:\wamp64\www\TicketSystem\App\Controllers\TicketsController.php(122): Yee\Yee->render('tickets/dashboa...')
#8 [internal function]: App\Controllers\TicketsController->newIndex()
#9 C:\wamp64\www\TicketSystem\vendor\yeephp\yeephp\Yee\Managers\Controller\Controller.php(23): call_user_func_array(Array, Array)
#10 [internal function]: Yee\Managers\Controller\Controller::__callStatic('newIndex', Array)
#11 C:\wamp64\www\TicketSystem\vendor\yeephp\yeephp\Yee\Route.php(468): call_user_func_array('\\App\\Controller...', Array)
#12 C:\wamp64\www\TicketSystem\vendor\yeephp\yeephp\Yee\Yee.php(1374): Yee\Route->dispatch()
#13 C:\wamp64\www\TicketSystem\vendor\yeephp\yeephp\Yee\Middleware\Flash.php(85): Yee\Yee->call()
#14 C:\wamp64\www\TicketSystem\vendor\yeephp\yeephp\Yee\Middleware\MethodOverride.php(92): Yee\Middleware\Flash->call()
#15 C:\wamp64\www\TicketSystem\vendor\yeephp\yeephp\Yee\Middleware\PrettyExceptions.php(67): Yee\Middleware\MethodOverride->call()
#16 C:\wamp64\www\TicketSystem\vendor\yeephp\yeephp\Yee\Yee.php(1282): Yee\Middleware\PrettyExceptions->call()
#17 C:\wamp64\www\TicketSystem\public\index.php(26): Yee\Yee->execute()
#18 {main}
ERROR - 2017-06-26 09:22:31 - Twig_Error_Loader: Unable to find template "templates/dashboard.twig" (looked into: C:\wamp64\www\TicketSystem/templates). in C:\wamp64\www\TicketSystem\vendor\twig\twig\lib\Twig\Loader\Filesystem.php:232
Stack trace:
#0 C:\wamp64\www\TicketSystem\vendor\twig\twig\lib\Twig\Loader\Filesystem.php(150): Twig_Loader_Filesystem->findTemplate('templates/dashb...')
#1 C:\wamp64\www\TicketSystem\vendor\twig\twig\lib\Twig\Environment.php(329): Twig_Loader_Filesystem->getCacheKey('templates/dashb...')
#2 C:\wamp64\www\TicketSystem\vendor\twig\twig\lib\Twig\Environment.php(419): Twig_Environment->getTemplateClass('templates/dashb...')
#3 C:\wamp64\www\TicketSystem\vendor\yeephp\yeephp\Yee\Views\Twig.php(87): Twig_Environment->loadTemplate('templates/dashb...')
#4 C:\wamp64\www\TicketSystem\vendor\yeephp\yeephp\Yee\View.php(255): Yee\Views\Twig->render('templates/dashb...', NULL)
#5 C:\wamp64\www\TicketSystem\vendor\yeephp\yeephp\Yee\View.php(243): Yee\View->fetch('templates/dashb...', NULL)
#6 C:\wamp64\www\TicketSystem\vendor\yeephp\yeephp\Yee\Yee.php(766): Yee\View->display('templates/dashb...')
#7 C:\wamp64\www\TicketSystem\App\Controllers\TicketsController.php(122): Yee\Yee->render('templates/dashb...')
#8 [internal function]: App\Controllers\TicketsController->newIndex()
#9 C:\wamp64\www\TicketSystem\vendor\yeephp\yeephp\Yee\Managers\Controller\Controller.php(23): call_user_func_array(Array, Array)
#10 [internal function]: Yee\Managers\Controller\Controller::__callStatic('newIndex', Array)
#11 C:\wamp64\www\TicketSystem\vendor\yeephp\yeephp\Yee\Route.php(468): call_user_func_array('\\App\\Controller...', Array)
#12 C:\wamp64\www\TicketSystem\vendor\yeephp\yeephp\Yee\Yee.php(1374): Yee\Route->dispatch()
#13 C:\wamp64\www\TicketSystem\vendor\yeephp\yeephp\Yee\Middleware\Flash.php(85): Yee\Yee->call()
#14 C:\wamp64\www\TicketSystem\vendor\yeephp\yeephp\Yee\Middleware\MethodOverride.php(92): Yee\Middleware\Flash->call()
#15 C:\wamp64\www\TicketSystem\vendor\yeephp\yeephp\Yee\Middleware\PrettyExceptions.php(67): Yee\Middleware\MethodOverride->call()
#16 C:\wamp64\www\TicketSystem\vendor\yeephp\yeephp\Yee\Yee.php(1282): Yee\Middleware\PrettyExceptions->call()
#17 C:\wamp64\www\TicketSystem\public\index.php(26): Yee\Yee->execute()
#18 {main}
ERROR - 2017-06-26 09:25:42 - ErrorException: Wrong parameter count for var_dump() in C:\wamp64\www\TicketSystem\App\Controllers\TicketsController.php:119
Stack trace:
#0 [internal function]: Yee\Yee::handleErrors(2, 'Wrong parameter...', 'C:\\wamp64\\www\\T...', 119, Array)
#1 C:\wamp64\www\TicketSystem\App\Controllers\TicketsController.php(119): var_dump()
#2 [internal function]: App\Controllers\TicketsController->newIndex()
#3 C:\wamp64\www\TicketSystem\vendor\yeephp\yeephp\Yee\Managers\Controller\Controller.php(23): call_user_func_array(Array, Array)
#4 [internal function]: Yee\Managers\Controller\Controller::__callStatic('newIndex', Array)
#5 C:\wamp64\www\TicketSystem\vendor\yeephp\yeephp\Yee\Route.php(468): call_user_func_array('\\App\\Controller...', Array)
#6 C:\wamp64\www\TicketSystem\vendor\yeephp\yeephp\Yee\Yee.php(1374): Yee\Route->dispatch()
#7 C:\wamp64\www\TicketSystem\vendor\yeephp\yeephp\Yee\Middleware\Flash.php(85): Yee\Yee->call()
#8 C:\wamp64\www\TicketSystem\vendor\yeephp\yeephp\Yee\Middleware\MethodOverride.php(92): Yee\Middleware\Flash->call()
#9 C:\wamp64\www\TicketSystem\vendor\yeephp\yeephp\Yee\Middleware\PrettyExceptions.php(67): Yee\Middleware\MethodOverride->call()
#10 C:\wamp64\www\TicketSystem\vendor\yeephp\yeephp\Yee\Yee.php(1282): Yee\Middleware\PrettyExceptions->call()
#11 C:\wamp64\www\TicketSystem\public\index.php(26): Yee\Yee->execute()
#12 {main}
ERROR - 2017-06-26 11:15:14 - ErrorException: Missing argument 7 for App\Models\TicketsModel::__construct(), called in C:\wamp64\www\TicketSystem\App\Controllers\TicketsController.php on line 29 and defined in C:\wamp64\www\TicketSystem\App\Models\TicketsModel.php:18
Stack trace:
#0 C:\wamp64\www\TicketSystem\App\Models\TicketsModel.php(18): Yee\Yee::handleErrors(2, 'Missing argumen...', 'C:\\wamp64\\www\\T...', 18, Array)
#1 C:\wamp64\www\TicketSystem\App\Controllers\TicketsController.php(29): App\Models\TicketsModel->__construct(NULL, NULL, NULL, NULL, NULL, NULL)
#2 [internal function]: App\Controllers\TicketsController->todoIndex()
#3 C:\wamp64\www\TicketSystem\vendor\yeephp\yeephp\Yee\Managers\Controller\Controller.php(23): call_user_func_array(Array, Array)
#4 [internal function]: Yee\Managers\Controller\Controller::__callStatic('todoIndex', Array)
#5 C:\wamp64\www\TicketSystem\vendor\yeephp\yeephp\Yee\Route.php(468): call_user_func_array('\\App\\Controller...', Array)
#6 C:\wamp64\www\TicketSystem\vendor\yeephp\yeephp\Yee\Yee.php(1374): Yee\Route->dispatch()
#7 C:\wamp64\www\TicketSystem\vendor\yeephp\yeephp\Yee\Middleware\Flash.php(85): Yee\Yee->call()
#8 C:\wamp64\www\TicketSystem\vendor\yeephp\yeephp\Yee\Middleware\MethodOverride.php(92): Yee\Middleware\Flash->call()
#9 C:\wamp64\www\TicketSystem\vendor\yeephp\yeephp\Yee\Middleware\PrettyExceptions.php(67): Yee\Middleware\MethodOverride->call()
#10 C:\wamp64\www\TicketSystem\vendor\yeephp\yeephp\Yee\Yee.php(1282): Yee\Middleware\PrettyExceptions->call()
#11 C:\wamp64\www\TicketSystem\public\index.php(26): Yee\Yee->execute()
#12 {main}
